-------------------------------------------------------------------------------
Test set: tests.PolicyTest
-------------------------------------------------------------------------------
Tests run: 5, Failures: 0, Errors: 5, Skipped: 0, Time elapsed: 0.049 s <<< FAILURE! -- in tests.PolicyTest
tests.PolicyTest.test1 -- Time elapsed: 0.006 s <<< ERROR!
java.lang.StackOverflowError
	at claims@1.0-SNAPSHOT/claims.models.Policy.toString(Policy.java:166)
	at java.base/java.lang.String.valueOf(String.java:4465)
	at java.base/java.lang.StringBuilder.append(StringBuilder.java:173)
	at javafx.base@21.0.2/javafx.beans.property.IntegerPropertyBase.toString(IntegerPropertyBase.java:228)
	at java.base/java.lang.String.valueOf(String.java:4465)
	at claims@1.0-SNAPSHOT/claims.models.Policy.toString(Policy.java:166)
	at java.base/java.lang.String.valueOf(String.java:4465)
	at java.base/java.lang.StringBuilder.append(StringBuilder.java:173)
	at javafx.base@21.0.2/javafx.beans.property.IntegerPropertyBase.toString(IntegerPropertyBase.java:228)
	at java.base/java.lang.String.valueOf(String.java:4465)
	at claims@1.0-SNAPSHOT/claims.models.Policy.toString(Policy.java:166)
	at java.base/java.lang.String.valueOf(String.java:4465)
	at java.base/java.lang.StringBuilder.append(StringBuilder.java:173)
	at javafx.base@21.0.2/javafx.beans.property.IntegerPropertyBase.toString(IntegerPropertyBase.java:228)
	at java.base/java.lang.String.valueOf(String.java:4465)
	at claims@1.0-SNAPSHOT/claims.models.Policy.toString(Policy.java:166)
	at java.base/java.lang.String.valueOf(String.java:4465)
	at java.base/java.lang.StringBuilder.append(StringBuilder.java:173)
	at javafx.base@21.0.2/javafx.beans.property.IntegerPropertyBase.toString(IntegerPropertyBase.java:228)
	at java.base/java.lang.String.valueOf(String.java:4465)
	at claims@1.0-SNAPSHOT/claims.models.Policy.toString(Policy.java:166)
	at java.base/java.lang.String.valueOf(String.java:4465)
	at java.base/java.lang.StringBuilder.append(StringBuilder.java:173)
	at javafx.base@21.0.2/javafx.beans.property.IntegerPropertyBase.toString(IntegerPropertyBase.java:228)
	at java.base/java.lang.String.valueOf(String.java:4465)
	at claims@1.0-SNAPSHOT/claims.models.Policy.toString(Policy.java:166)
	at java.base/java.lang.String.valueOf(String.java:4465)
	at java.base/java.lang.StringBuilder.append(StringBuilder.java:173)
	at javafx.base@21.0.2/javafx.beans.property.IntegerPropertyBase.toString(IntegerPropertyBase.java:228)
	at java.base/java.lang.String.valueOf(String.java:4465)
	at claims@1.0-SNAPSHOT/claims.models.Policy.toString(Policy.java:166)
	at java.base/java.lang.String.valueOf(String.java:4465)
	at java.base/java.lang.StringBuilder.append(StringBuilder.java:173)
	at javafx.base@21.0.2/javafx.beans.property.IntegerPropertyBase.toString(IntegerPropertyBase.java:228)
	at java.base/java.lang.String.valueOf(String.java:4465)
	at claims@1.0-SNAPSHOT/claims.models.Policy.toString(Policy.java:166)
	at java.base/java.lang.String.valueOf(String.java:4465)
	at java.base/java.lang.StringBuilder.append(StringBuilder.java:173)
	at javafx.base@21.0.2/javafx.beans.property.IntegerPropertyBase.toString(IntegerPropertyBase.java:228)
	at java.base/java.lang.String.valueOf(String.java:4465)
	at claims@1.0-SNAPSHOT/claims.models.Policy.toString(Policy.java:166)
	at java.base/java.lang.String.valueOf(String.java:4465)
	at java.base/java.lang.StringBuilder.append(StringBuilder.java:173)
	at javafx.base@21.0.2/javafx.beans.property.IntegerPropertyBase.toString(IntegerPropertyBase.java:228)
	at java.base/java.lang.String.valueOf(String.java:4465)
	at claims@1.0-SNAPSHOT/claims.models.Policy.toString(Policy.java:166)
	at java.base/java.lang.String.valueOf(String.java:4465)
	at java.base/java.lang.StringBuilder.append(StringBuilder.java:173)
	at javafx.base@21.0.2/javafx.beans.property.IntegerPropertyBase.toString(IntegerPropertyBase.java:228)
	at java.base/java.lang.String.valueOf(String.java:4465)
	at claims@1.0-SNAPSHOT/claims.models.Policy.toString(Policy.java:166)
	at java.base/java.lang.String.valueOf(String.java:4465)
	at java.base/java.lang.StringBuilder.append(StringBuilder.java:173)
	at javafx.base@21.0.2/javafx.beans.property.IntegerPropertyBase.toString(IntegerPropertyBase.java:228)
	at java.base/java.lang.String.valueOf(String.java:4465)
	at claims@1.0-SNAPSHOT/claims.models.Policy.toString(Policy.java:166)
	at java.base/java.lang.String.valueOf(String.java:4465)
	at java.base/java.lang.StringBuilder.append(StringBuilder.java:173)
	at javafx.base@21.0.2/javafx.beans.property.IntegerPropertyBase.toString(IntegerPropertyBase.java:228)
	at java.base/java.lang.String.valueOf(String.java:4465)
	at claims@1.0-SNAPSHOT/claims.models.Policy.toString(Policy.java:166)
	at java.base/java.lang.String.valueOf(String.java:4465)
	at java.base/java.lang.StringBuilder.append(StringBuilder.java:173)
	at javafx.base@21.0.2/javafx.beans.property.IntegerPropertyBase.toString(IntegerPropertyBase.java:228)
	at java.base/java.lang.String.valueOf(String.java:4465)
	at claims@1.0-SNAPSHOT/claims.models.Policy.toString(Policy.java:166)
	at java.base/java.lang.String.valueOf(String.java:4465)
	at java.base/java.lang.StringBuilder.append(StringBuilder.java:173)
	at javafx.base@21.0.2/javafx.beans.property.IntegerPropertyBase.toString(IntegerPropertyBase.java:228)
	at java.base/java.lang.String.valueOf(String.java:4465)
	at claims@1.0-SNAPSHOT/claims.models.Policy.toString(Policy.java:166)
	at java.base/java.lang.String.valueOf(String.java:4465)
	at java.base/java.lang.StringBuilder.append(StringBuilder.java:173)
	at javafx.base@21.0.2/javafx.beans.property.IntegerPropertyBase.toString(IntegerPropertyBase.java:228)
	at java.base/java.lang.String.valueOf(String.java:4465)
	at claims@1.0-SNAPSHOT/claims.models.Policy.toString(Policy.java:166)
	at java.base/java.lang.String.valueOf(String.java:4465)
	at java.base/java.lang.StringBuilder.append(StringBuilder.java:173)
	at javafx.base@21.0.2/javafx.beans.property.IntegerPropertyBase.toString(IntegerPropertyBase.java:228)
	at java.base/java.lang.String.valueOf(String.java:4465)
	at claims@1.0-SNAPSHOT/claims.models.Policy.toString(Policy.java:166)
	at java.base/java.lang.String.valueOf(String.java:4465)
	at java.base/java.lang.StringBuilder.append(StringBuilder.java:173)
	at javafx.base@21.0.2/javafx.beans.property.IntegerPropertyBase.toString(IntegerPropertyBase.java:228)
	at java.base/java.lang.String.valueOf(String.java:4465)
	at claims@1.0-SNAPSHOT/claims.models.Policy.toString(Policy.java:166)
	at java.base/java.lang.String.valueOf(String.java:4465)
	at java.base/java.lang.StringBuilder.append(StringBuilder.java:173)
	at javafx.base@21.0.2/javafx.beans.property.IntegerPropertyBase.toString(IntegerPropertyBase.java:228)
	at java.base/java.lang.String.valueOf(String.java:4465)
	at claims@1.0-SNAPSHOT/claims.models.Policy.toString(Policy.java:166)
	at java.base/java.lang.String.valueOf(String.java:4465)
	at java.base/java.lang.StringBuilder.append(StringBuilder.java:173)
	at javafx.base@21.0.2/javafx.beans.property.IntegerPropertyBase.toString(IntegerPropertyBase.java:228)
	at java.base/java.lang.String.valueOf(String.java:4465)
	at claims@1.0-SNAPSHOT/claims.models.Policy.toString(Policy.java:166)
	at java.base/java.lang.String.valueOf(String.java:4465)
	at java.base/java.lang.StringBuilder.append(StringBuilder.java:173)
	at javafx.base@21.0.2/javafx.beans.property.IntegerPropertyBase.toString(IntegerPropertyBase.java:228)
	at java.base/java.lang.String.valueOf(String.java:4465)
	at claims@1.0-SNAPSHOT/claims.models.Policy.toString(Policy.java:166)
	at java.base/java.lang.String.valueOf(String.java:4465)
	at java.base/java.lang.StringBuilder.append(StringBuilder.java:173)
	at javafx.base@21.0.2/javafx.beans.property.IntegerPropertyBase.toString(IntegerPropertyBase.java:228)
	at java.base/java.lang.String.valueOf(String.java:4465)
	at claims@1.0-SNAPSHOT/claims.models.Policy.toString(Policy.java:166)
	at java.base/java.lang.String.valueOf(String.java:4465)
	at java.base/java.lang.StringBuilder.append(StringBuilder.java:173)
	at javafx.base@21.0.2/javafx.beans.property.IntegerPropertyBase.toString(IntegerPropertyBase.java:228)
	at java.base/java.lang.String.valueOf(String.java:4465)
	at claims@1.0-SNAPSHOT/claims.models.Policy.toString(Policy.java:166)
	at java.base/java.lang.String.valueOf(String.java:4465)
	at java.base/java.lang.StringBuilder.append(StringBuilder.java:173)
	at javafx.base@21.0.2/javafx.beans.property.IntegerPropertyBase.toString(IntegerPropertyBase.java:228)
	at java.base/java.lang.String.valueOf(String.java:4465)
	at claims@1.0-SNAPSHOT/claims.models.Policy.toString(Policy.java:166)
	at java.base/java.lang.String.valueOf(String.java:4465)
	at java.base/java.lang.StringBuilder.append(StringBuilder.java:173)
	at javafx.base@21.0.2/javafx.beans.property.IntegerPropertyBase.toString(IntegerPropertyBase.java:228)
	at java.base/java.lang.String.valueOf(String.java:4465)
	at claims@1.0-SNAPSHOT/claims.models.Policy.toString(Policy.java:166)
	at java.base/java.lang.String.valueOf(String.java:4465)
	at java.base/java.lang.StringBuilder.append(StringBuilder.java:173)
	at javafx.base@21.0.2/javafx.beans.property.IntegerPropertyBase.toString(IntegerPropertyBase.java:228)
	at java.base/java.lang.String.valueOf(String.java:4465)
	at claims@1.0-SNAPSHOT/claims.models.Policy.toString(Policy.java:166)
	at java.base/java.lang.String.valueOf(String.java:4465)
	at java.base/java.lang.StringBuilder.append(StringBuilder.java:173)
	at javafx.base@21.0.2/javafx.beans.property.IntegerPropertyBase.toString(IntegerPropertyBase.java:228)
	at java.base/java.lang.String.valueOf(String.java:4465)
	at claims@1.0-SNAPSHOT/claims.models.Policy.toString(Policy.java:166)
	at java.base/java.lang.String.valueOf(String.java:4465)
	at java.base/java.lang.StringBuilder.append(StringBuilder.java:173)
	at javafx.base@21.0.2/javafx.beans.property.IntegerPropertyBase.toString(IntegerPropertyBase.java:228)
	at java.base/java.lang.String.valueOf(String.java:4465)
	at claims@1.0-SNAPSHOT/claims.models.Policy.toString(Policy.java:166)
	at java.base/java.lang.String.valueOf(String.java:4465)
	at java.base/java.lang.StringBuilder.append(StringBuilder.java:173)
	at javafx.base@21.0.2/javafx.beans.property.IntegerPropertyBase.toString(IntegerPropertyBase.java:228)
	at java.base/java.lang.String.valueOf(String.java:4465)
	at claims@1.0-SNAPSHOT/claims.models.Policy.toString(Policy.java:166)
	at java.base/java.lang.String.valueOf(String.java:4465)
	at java.base/java.lang.StringBuilder.append(StringBuilder.java:173)
	at javafx.base@21.0.2/javafx.beans.property.IntegerPropertyBase.toString(IntegerPropertyBase.java:228)
	at java.base/java.lang.String.valueOf(String.java:4465)
	at claims@1.0-SNAPSHOT/claims.models.Policy.toString(Policy.java:166)
	at java.base/java.lang.String.valueOf(String.java:4465)
	at java.base/java.lang.StringBuilder.append(StringBuilder.java:173)
	at javafx.base@21.0.2/javafx.beans.property.IntegerPropertyBase.toString(IntegerPropertyBase.java:228)
	at java.base/java.lang.String.valueOf(String.java:4465)
	at claims@1.0-SNAPSHOT/claims.models.Policy.toString(Policy.java:166)
	at java.base/java.lang.String.valueOf(String.java:4465)
	at java.base/java.lang.StringBuilder.append(StringBuilder.java:173)
	at javafx.base@21.0.2/javafx.beans.property.IntegerPropertyBase.toString(IntegerPropertyBase.java:228)
	at java.base/java.lang.String.valueOf(String.java:4465)
	at claims@1.0-SNAPSHOT/claims.models.Policy.toString(Policy.java:166)
	at java.base/java.lang.String.valueOf(String.java:4465)
	at java.base/java.lang.StringBuilder.append(StringBuilder.java:173)
	at javafx.base@21.0.2/javafx.beans.property.IntegerPropertyBase.toString(IntegerPropertyBase.java:228)
	at java.base/java.lang.String.valueOf(String.java:4465)
	at claims@1.0-SNAPSHOT/claims.models.Policy.toString(Policy.java:166)
	at java.base/java.lang.String.valueOf(String.java:4465)
	at java.base/java.lang.StringBuilder.append(StringBuilder.java:173)
	at javafx.base@21.0.2/javafx.beans.property.IntegerPropertyBase.toString(IntegerPropertyBase.java:228)
	at java.base/java.lang.String.valueOf(String.java:4465)
	at claims@1.0-SNAPSHOT/claims.models.Policy.toString(Policy.java:166)
	at java.base/java.lang.String.valueOf(String.java:4465)
	at java.base/java.lang.StringBuilder.append(StringBuilder.java:173)
	at javafx.base@21.0.2/javafx.beans.property.IntegerPropertyBase.toString(IntegerPropertyBase.java:228)
	at java.base/java.lang.String.valueOf(String.java:4465)
	at claims@1.0-SNAPSHOT/claims.models.Policy.toString(Policy.java:166)
	at java.base/java.lang.String.valueOf(String.java:4465)
	at java.base/java.lang.StringBuilder.append(StringBuilder.java:173)
	at javafx.base@21.0.2/javafx.beans.property.IntegerPropertyBase.toString(IntegerPropertyBase.java:228)
	at java.base/java.lang.String.valueOf(String.java:4465)
	at claims@1.0-SNAPSHOT/claims.models.Policy.toString(Policy.java:166)
	at java.base/java.lang.String.valueOf(String.java:4465)
	at java.base/java.lang.StringBuilder.append(StringBuilder.java:173)
	at javafx.base@21.0.2/javafx.beans.property.IntegerPropertyBase.toString(IntegerPropertyBase.java:228)
	at java.base/java.lang.String.valueOf(String.java:4465)
	at claims@1.0-SNAPSHOT/claims.models.Policy.toString(Policy.java:166)
	at java.base/java.lang.String.valueOf(String.java:4465)
	at java.base/java.lang.StringBuilder.append(StringBuilder.java:173)
	at javafx.base@21.0.2/javafx.beans.property.IntegerPropertyBase.toString(IntegerPropertyBase.java:228)
	at java.base/java.lang.String.valueOf(String.java:4465)
	at claims@1.0-SNAPSHOT/claims.models.Policy.toString(Policy.java:166)
	at java.base/java.lang.String.valueOf(String.java:4465)
	at java.base/java.lang.StringBuilder.append(StringBuilder.java:173)
	at javafx.base@21.0.2/javafx.beans.property.IntegerPropertyBase.toString(IntegerPropertyBase.java:228)
	at java.base/java.lang.String.valueOf(String.java:4465)
	at claims@1.0-SNAPSHOT/claims.models.Policy.toString(Policy.java:166)
	at java.base/java.lang.String.valueOf(String.java:4465)
	at java.base/java.lang.StringBuilder.append(StringBuilder.java:173)
	at javafx.base@21.0.2/javafx.beans.property.IntegerPropertyBase.toString(IntegerPropertyBase.java:228)
	at java.base/java.lang.String.valueOf(String.java:4465)
	at claims@1.0-SNAPSHOT/claims.models.Policy.toString(Policy.java:166)
	at java.base/java.lang.String.valueOf(String.java:4465)
	at java.base/java.lang.StringBuilder.append(StringBuilder.java:173)
	at javafx.base@21.0.2/javafx.beans.property.IntegerPropertyBase.toString(IntegerPropertyBase.java:228)
	at java.base/java.lang.String.valueOf(String.java:4465)
	at claims@1.0-SNAPSHOT/claims.models.Policy.toString(Policy.java:166)
	at java.base/java.lang.String.valueOf(String.java:4465)
	at java.base/java.lang.StringBuilder.append(StringBuilder.java:173)
	at javafx.base@21.0.2/javafx.beans.property.IntegerPropertyBase.toString(IntegerPropertyBase.java:228)
	at java.base/java.lang.String.valueOf(String.java:4465)
	at claims@1.0-SNAPSHOT/claims.models.Policy.toString(Policy.java:166)
	at java.base/java.lang.String.valueOf(String.java:4465)
	at java.base/java.lang.StringBuilder.append(StringBuilder.java:173)
	at javafx.base@21.0.2/javafx.beans.property.IntegerPropertyBase.toString(IntegerPropertyBase.java:228)
	at java.base/java.lang.String.valueOf(String.java:4465)
	at claims@1.0-SNAPSHOT/claims.models.Policy.toString(Policy.java:166)
	at java.base/java.lang.String.valueOf(String.java:4465)
	at java.base/java.lang.StringBuilder.append(StringBuilder.java:173)
	at javafx.base@21.0.2/javafx.beans.property.IntegerPropertyBase.toString(IntegerPropertyBase.java:228)
	at java.base/java.lang.String.valueOf(String.java:4465)
	at claims@1.0-SNAPSHOT/claims.models.Policy.toString(Policy.java:166)
	at java.base/java.lang.String.valueOf(String.java:4465)
	at java.base/java.lang.StringBuilder.append(StringBuilder.java:173)
	at javafx.base@21.0.2/javafx.beans.property.IntegerPropertyBase.toString(IntegerPropertyBase.java:228)
	at java.base/java.lang.String.valueOf(String.java:4465)
	at claims@1.0-SNAPSHOT/claims.models.Policy.toString(Policy.java:166)
	at java.base/java.lang.String.valueOf(String.java:4465)
	at java.base/java.lang.StringBuilder.append(StringBuilder.java:173)
	at javafx.base@21.0.2/javafx.beans.property.IntegerPropertyBase.toString(IntegerPropertyBase.java:228)
	at java.base/java.lang.String.valueOf(String.java:4465)
	at claims@1.0-SNAPSHOT/claims.models.Policy.toString(Policy.java:166)
	at java.base/java.lang.String.valueOf(String.java:4465)
	at java.base/java.lang.StringBuilder.append(StringBuilder.java:173)
	at javafx.base@21.0.2/javafx.beans.property.IntegerPropertyBase.toString(IntegerPropertyBase.java:228)
	at java.base/java.lang.String.valueOf(String.java:4465)
	at claims@1.0-SNAPSHOT/claims.models.Policy.toString(Policy.java:166)
	at java.base/java.lang.String.valueOf(String.java:4465)
	at java.base/java.lang.StringBuilder.append(StringBuilder.java:173)
	at javafx.base@21.0.2/javafx.beans.property.IntegerPropertyBase.toString(IntegerPropertyBase.java:228)
	at java.base/java.lang.String.valueOf(String.java:4465)
	at claims@1.0-SNAPSHOT/claims.models.Policy.toString(Policy.java:166)
	at java.base/java.lang.String.valueOf(String.java:4465)
	at java.base/java.lang.StringBuilder.append(StringBuilder.java:173)
	at javafx.base@21.0.2/javafx.beans.property.IntegerPropertyBase.toString(IntegerPropertyBase.java:228)
	at java.base/java.lang.String.valueOf(String.java:4465)
	at claims@1.0-SNAPSHOT/claims.models.Policy.toString(Policy.java:166)
	at java.base/java.lang.String.valueOf(String.java:4465)
	at java.base/java.lang.StringBuilder.append(StringBuilder.java:173)
	at javafx.base@21.0.2/javafx.beans.property.IntegerPropertyBase.toString(IntegerPropertyBase.java:228)
	at java.base/java.lang.String.valueOf(String.java:4465)
	at claims@1.0-SNAPSHOT/claims.models.Policy.toString(Policy.java:166)
	at java.base/java.lang.String.valueOf(String.java:4465)
	at java.base/java.lang.StringBuilder.append(StringBuilder.java:173)
	at javafx.base@21.0.2/javafx.beans.property.IntegerPropertyBase.toString(IntegerPropertyBase.java:228)
	at java.base/java.lang.String.valueOf(String.java:4465)
	at claims@1.0-SNAPSHOT/claims.models.Policy.toString(Policy.java:166)
	at java.base/java.lang.String.valueOf(String.java:4465)
	at java.base/java.lang.StringBuilder.append(StringBuilder.java:173)
	at javafx.base@21.0.2/javafx.beans.property.IntegerPropertyBase.toString(IntegerPropertyBase.java:228)
	at java.base/java.lang.String.valueOf(String.java:4465)
	at claims@1.0-SNAPSHOT/claims.models.Policy.toString(Policy.java:166)
	at java.base/java.lang.String.valueOf(String.java:4465)
	at java.base/java.lang.StringBuilder.append(StringBuilder.java:173)
	at javafx.base@21.0.2/javafx.beans.property.IntegerPropertyBase.toString(IntegerPropertyBase.java:228)
	at java.base/java.lang.String.valueOf(String.java:4465)
	at claims@1.0-SNAPSHOT/claims.models.Policy.toString(Policy.java:166)
	at java.base/java.lang.String.valueOf(String.java:4465)
	at java.base/java.lang.StringBuilder.append(StringBuilder.java:173)
	at javafx.base@21.0.2/javafx.beans.property.IntegerPropertyBase.toString(IntegerPropertyBase.java:228)
	at java.base/java.lang.String.valueOf(String.java:4465)
	at claims@1.0-SNAPSHOT/claims.models.Policy.toString(Policy.java:166)
	at java.base/java.lang.String.valueOf(String.java:4465)
	at java.base/java.lang.StringBuilder.append(StringBuilder.java:173)
	at javafx.base@21.0.2/javafx.beans.property.IntegerPropertyBase.toString(IntegerPropertyBase.java:228)
	at java.base/java.lang.String.valueOf(String.java:4465)
	at claims@1.0-SNAPSHOT/claims.models.Policy.toString(Policy.java:166)
	at java.base/java.lang.String.valueOf(String.java:4465)
	at java.base/java.lang.StringBuilder.append(StringBuilder.java:173)
	at javafx.base@21.0.2/javafx.beans.property.IntegerPropertyBase.toString(IntegerPropertyBase.java:228)
	at java.base/java.lang.String.valueOf(String.java:4465)
	at claims@1.0-SNAPSHOT/claims.models.Policy.toString(Policy.java:166)
	at java.base/java.lang.String.valueOf(String.java:4465)
	at java.base/java.lang.StringBuilder.append(StringBuilder.java:173)
	at javafx.base@21.0.2/javafx.beans.property.IntegerPropertyBase.toString(IntegerPropertyBase.java:228)
	at java.base/java.lang.String.valueOf(String.java:4465)
	at claims@1.0-SNAPSHOT/claims.models.Policy.toString(Policy.java:166)
	at java.base/java.lang.String.valueOf(String.java:4465)
	at java.base/java.lang.StringBuilder.append(StringBuilder.java:173)
	at javafx.base@21.0.2/javafx.beans.property.IntegerPropertyBase.toString(IntegerPropertyBase.java:228)
	at java.base/java.lang.String.valueOf(String.java:4465)
	at claims@1.0-SNAPSHOT/claims.models.Policy.toString(Policy.java:166)
	at java.base/java.lang.String.valueOf(String.java:4465)
	at java.base/java.lang.StringBuilder.append(StringBuilder.java:173)
	at javafx.base@21.0.2/javafx.beans.property.IntegerPropertyBase.toString(IntegerPropertyBase.java:228)
	at java.base/java.lang.String.valueOf(String.java:4465)
	at claims@1.0-SNAPSHOT/claims.models.Policy.toString(Policy.java:166)
	at java.base/java.lang.String.valueOf(String.java:4465)
	at java.base/java.lang.StringBuilder.append(StringBuilder.java:173)
	at javafx.base@21.0.2/javafx.beans.property.IntegerPropertyBase.toString(IntegerPropertyBase.java:228)
	at java.base/java.lang.String.valueOf(String.java:4465)
	at claims@1.0-SNAPSHOT/claims.models.Policy.toString(Policy.java:166)
	at java.base/java.lang.String.valueOf(String.java:4465)
	at java.base/java.lang.StringBuilder.append(StringBuilder.java:173)
	at javafx.base@21.0.2/javafx.beans.property.IntegerPropertyBase.toString(IntegerPropertyBase.java:228)
	at java.base/java.lang.String.valueOf(String.java:4465)
	at claims@1.0-SNAPSHOT/claims.models.Policy.toString(Policy.java:166)
	at java.base/java.lang.String.valueOf(String.java:4465)
	at java.base/java.lang.StringBuilder.append(StringBuilder.java:173)
	at javafx.base@21.0.2/javafx.beans.property.IntegerPropertyBase.toString(IntegerPropertyBase.java:228)
	at java.base/java.lang.String.valueOf(String.java:4465)
	at claims@1.0-SNAPSHOT/claims.models.Policy.toString(Policy.java:166)
	at java.base/java.lang.String.valueOf(String.java:4465)
	at java.base/java.lang.StringBuilder.append(StringBuilder.java:173)
	at javafx.base@21.0.2/javafx.beans.property.IntegerPropertyBase.toString(IntegerPropertyBase.java:228)
	at java.base/java.lang.String.valueOf(String.java:4465)
	at claims@1.0-SNAPSHOT/claims.models.Policy.toString(Policy.java:166)
	at java.base/java.lang.String.valueOf(String.java:4465)
	at java.base/java.lang.StringBuilder.append(StringBuilder.java:173)
	at javafx.base@21.0.2/javafx.beans.property.IntegerPropertyBase.toString(IntegerPropertyBase.java:228)
	at java.base/java.lang.String.valueOf(String.java:4465)
	at claims@1.0-SNAPSHOT/claims.models.Policy.toString(Policy.java:166)
	at java.base/java.lang.String.valueOf(String.java:4465)
	at java.base/java.lang.StringBuilder.append(StringBuilder.java:173)
	at javafx.base@21.0.2/javafx.beans.property.IntegerPropertyBase.toString(IntegerPropertyBase.java:228)
	at java.base/java.lang.String.valueOf(String.java:4465)
	at claims@1.0-SNAPSHOT/claims.models.Policy.toString(Policy.java:166)
	at java.base/java.lang.String.valueOf(String.java:4465)
	at java.base/java.lang.StringBuilder.append(StringBuilder.java:173)
	at javafx.base@21.0.2/javafx.beans.property.IntegerPropertyBase.toString(IntegerPropertyBase.java:228)
	at java.base/java.lang.String.valueOf(String.java:4465)
	at claims@1.0-SNAPSHOT/claims.models.Policy.toString(Policy.java:166)
	at java.base/java.lang.String.valueOf(String.java:4465)
	at java.base/java.lang.StringBuilder.append(StringBuilder.java:173)
	at javafx.base@21.0.2/javafx.beans.property.IntegerPropertyBase.toString(IntegerPropertyBase.java:228)
	at java.base/java.lang.String.valueOf(String.java:4465)
	at claims@1.0-SNAPSHOT/claims.models.Policy.toString(Policy.java:166)
	at java.base/java.lang.String.valueOf(String.java:4465)
	at java.base/java.lang.StringBuilder.append(StringBuilder.java:173)
	at javafx.base@21.0.2/javafx.beans.property.IntegerPropertyBase.toString(IntegerPropertyBase.java:228)
	at java.base/java.lang.String.valueOf(String.java:4465)
	at claims@1.0-SNAPSHOT/claims.models.Policy.toString(Policy.java:166)
	at java.base/java.lang.String.valueOf(String.java:4465)
	at java.base/java.lang.StringBuilder.append(StringBuilder.java:173)
	at javafx.base@21.0.2/javafx.beans.property.IntegerPropertyBase.toString(IntegerPropertyBase.java:228)
	at java.base/java.lang.String.valueOf(String.java:4465)
	at claims@1.0-SNAPSHOT/claims.models.Policy.toString(Policy.java:166)
	at java.base/java.lang.String.valueOf(String.java:4465)
	at java.base/java.lang.StringBuilder.append(StringBuilder.java:173)
	at javafx.base@21.0.2/javafx.beans.property.IntegerPropertyBase.toString(IntegerPropertyBase.java:228)
	at java.base/java.lang.String.valueOf(String.java:4465)
	at claims@1.0-SNAPSHOT/claims.models.Policy.toString(Policy.java:166)
	at java.base/java.lang.String.valueOf(String.java:4465)
	at java.base/java.lang.StringBuilder.append(StringBuilder.java:173)
	at javafx.base@21.0.2/javafx.beans.property.IntegerPropertyBase.toString(IntegerPropertyBase.java:228)
	at java.base/java.lang.String.valueOf(String.java:4465)
	at claims@1.0-SNAPSHOT/claims.models.Policy.toString(Policy.java:166)
	at java.base/java.lang.String.valueOf(String.java:4465)
	at java.base/java.lang.StringBuilder.append(StringBuilder.java:173)
	at javafx.base@21.0.2/javafx.beans.property.IntegerPropertyBase.toString(IntegerPropertyBase.java:228)
	at java.base/java.lang.String.valueOf(String.java:4465)
	at claims@1.0-SNAPSHOT/claims.models.Policy.toString(Policy.java:166)
	at java.base/java.lang.String.valueOf(String.java:4465)
	at java.base/java.lang.StringBuilder.append(StringBuilder.java:173)
	at javafx.base@21.0.2/javafx.beans.property.IntegerPropertyBase.toString(IntegerPropertyBase.java:228)
	at java.base/java.lang.String.valueOf(String.java:4465)
	at claims@1.0-SNAPSHOT/claims.models.Policy.toString(Policy.java:166)
	at java.base/java.lang.String.valueOf(String.java:4465)
	at java.base/java.lang.StringBuilder.append(StringBuilder.java:173)
	at javafx.base@21.0.2/javafx.beans.property.IntegerPropertyBase.toString(IntegerPropertyBase.java:228)
	at java.base/java.lang.String.valueOf(String.java:4465)
	at claims@1.0-SNAPSHOT/claims.models.Policy.toString(Policy.java:166)
	at java.base/java.lang.String.valueOf(String.java:4465)
	at java.base/java.lang.StringBuilder.append(StringBuilder.java:173)
	at javafx.base@21.0.2/javafx.beans.property.IntegerPropertyBase.toString(IntegerPropertyBase.java:228)
	at java.base/java.lang.String.valueOf(String.java:4465)
	at claims@1.0-SNAPSHOT/claims.models.Policy.toString(Policy.java:166)
	at java.base/java.lang.String.valueOf(String.java:4465)
	at java.base/java.lang.StringBuilder.append(StringBuilder.java:173)
	at javafx.base@21.0.2/javafx.beans.property.IntegerPropertyBase.toString(IntegerPropertyBase.java:228)
	at java.base/java.lang.String.valueOf(String.java:4465)
	at claims@1.0-SNAPSHOT/claims.models.Policy.toString(Policy.java:166)
	at java.base/java.lang.String.valueOf(String.java:4465)
	at java.base/java.lang.StringBuilder.append(StringBuilder.java:173)
	at javafx.base@21.0.2/javafx.beans.property.IntegerPropertyBase.toString(IntegerPropertyBase.java:228)
	at java.base/java.lang.String.valueOf(String.java:4465)
	at claims@1.0-SNAPSHOT/claims.models.Policy.toString(Policy.java:166)
	at java.base/java.lang.String.valueOf(String.java:4465)
	at java.base/java.lang.StringBuilder.append(StringBuilder.java:173)
	at javafx.base@21.0.2/javafx.beans.property.IntegerPropertyBase.toString(IntegerPropertyBase.java:228)
	at java.base/java.lang.String.valueOf(String.java:4465)
	at claims@1.0-SNAPSHOT/claims.models.Policy.toString(Policy.java:166)
	at java.base/java.lang.String.valueOf(String.java:4465)
	at java.base/java.lang.StringBuilder.append(StringBuilder.java:173)
	at javafx.base@21.0.2/javafx.beans.property.IntegerPropertyBase.toString(IntegerPropertyBase.java:228)
	at java.base/java.lang.String.valueOf(String.java:4465)
	at claims@1.0-SNAPSHOT/claims.models.Policy.toString(Policy.java:166)
	at java.base/java.lang.String.valueOf(String.java:4465)
	at java.base/java.lang.StringBuilder.append(StringBuilder.java:173)
	at javafx.base@21.0.2/javafx.beans.property.IntegerPropertyBase.toString(IntegerPropertyBase.java:228)
	at java.base/java.lang.String.valueOf(String.java:4465)
	at claims@1.0-SNAPSHOT/claims.models.Policy.toString(Policy.java:166)
	at java.base/java.lang.String.valueOf(String.java:4465)
	at java.base/java.lang.StringBuilder.append(StringBuilder.java:173)
	at javafx.base@21.0.2/javafx.beans.property.IntegerPropertyBase.toString(IntegerPropertyBase.java:228)
	at java.base/java.lang.String.valueOf(String.java:4465)
	at claims@1.0-SNAPSHOT/claims.models.Policy.toString(Policy.java:166)
	at java.base/java.lang.String.valueOf(String.java:4465)
	at java.base/java.lang.StringBuilder.append(StringBuilder.java:173)
	at javafx.base@21.0.2/javafx.beans.property.IntegerPropertyBase.toString(IntegerPropertyBase.java:228)
	at java.base/java.lang.String.valueOf(String.java:4465)
	at claims@1.0-SNAPSHOT/claims.models.Policy.toString(Policy.java:166)
	at java.base/java.lang.String.valueOf(String.java:4465)
	at java.base/java.lang.StringBuilder.append(StringBuilder.java:173)
	at javafx.base@21.0.2/javafx.beans.property.IntegerPropertyBase.toString(IntegerPropertyBase.java:228)
	at java.base/java.lang.String.valueOf(String.java:4465)
	at claims@1.0-SNAPSHOT/claims.models.Policy.toString(Policy.java:166)
	at java.base/java.lang.String.valueOf(String.java:4465)
	at java.base/java.lang.StringBuilder.append(StringBuilder.java:173)
	at javafx.base@21.0.2/javafx.beans.property.IntegerPropertyBase.toString(IntegerPropertyBase.java:228)
	at java.base/java.lang.String.valueOf(String.java:4465)
	at claims@1.0-SNAPSHOT/claims.models.Policy.toString(Policy.java:166)
	at java.base/java.lang.String.valueOf(String.java:4465)
	at java.base/java.lang.StringBuilder.append(StringBuilder.java:173)
	at javafx.base@21.0.2/javafx.beans.property.IntegerPropertyBase.toString(IntegerPropertyBase.java:228)
	at java.base/java.lang.String.valueOf(String.java:4465)
	at claims@1.0-SNAPSHOT/claims.models.Policy.toString(Policy.java:166)
	at java.base/java.lang.String.valueOf(String.java:4465)
	at java.base/java.lang.StringBuilder.append(StringBuilder.java:173)
	at javafx.base@21.0.2/javafx.beans.property.IntegerPropertyBase.toString(IntegerPropertyBase.java:228)
	at java.base/java.lang.String.valueOf(String.java:4465)
	at claims@1.0-SNAPSHOT/claims.models.Policy.toString(Policy.java:166)
	at java.base/java.lang.String.valueOf(String.java:4465)
	at java.base/java.lang.StringBuilder.append(StringBuilder.java:173)
	at javafx.base@21.0.2/javafx.beans.property.IntegerPropertyBase.toString(IntegerPropertyBase.java:228)
	at java.base/java.lang.String.valueOf(String.java:4465)
	at claims@1.0-SNAPSHOT/claims.models.Policy.toString(Policy.java:166)
	at java.base/java.lang.String.valueOf(String.java:4465)
	at java.base/java.lang.StringBuilder.append(StringBuilder.java:173)
	at javafx.base@21.0.2/javafx.beans.property.IntegerPropertyBase.toString(IntegerPropertyBase.java:228)
	at java.base/java.lang.String.valueOf(String.java:4465)
	at claims@1.0-SNAPSHOT/claims.models.Policy.toString(Policy.java:166)
	at java.base/java.lang.String.valueOf(String.java:4465)
	at java.base/java.lang.StringBuilder.append(StringBuilder.java:173)
	at javafx.base@21.0.2/javafx.beans.property.IntegerPropertyBase.toString(IntegerPropertyBase.java:228)
	at java.base/java.lang.String.valueOf(String.java:4465)
	at claims@1.0-SNAPSHOT/claims.models.Policy.toString(Policy.java:166)
	at java.base/java.lang.String.valueOf(String.java:4465)
	at java.base/java.lang.StringBuilder.append(StringBuilder.java:173)
	at javafx.base@21.0.2/javafx.beans.property.IntegerPropertyBase.toString(IntegerPropertyBase.java:228)
	at java.base/java.lang.String.valueOf(String.java:4465)
	at claims@1.0-SNAPSHOT/claims.models.Policy.toString(Policy.java:166)
	at java.base/java.lang.String.valueOf(String.java:4465)
	at java.base/java.lang.StringBuilder.append(StringBuilder.java:173)
	at javafx.base@21.0.2/javafx.beans.property.IntegerPropertyBase.toString(IntegerPropertyBase.java:228)
	at java.base/java.lang.String.valueOf(String.java:4465)
	at claims@1.0-SNAPSHOT/claims.models.Policy.toString(Policy.java:166)
	at java.base/java.lang.String.valueOf(String.java:4465)
	at java.base/java.lang.StringBuilder.append(StringBuilder.java:173)
	at javafx.base@21.0.2/javafx.beans.property.IntegerPropertyBase.toString(IntegerPropertyBase.java:228)
	at java.base/java.lang.String.valueOf(String.java:4465)
	at claims@1.0-SNAPSHOT/claims.models.Policy.toString(Policy.java:166)
	at java.base/java.lang.String.valueOf(String.java:4465)
	at java.base/java.lang.StringBuilder.append(StringBuilder.java:173)
	at javafx.base@21.0.2/javafx.beans.property.IntegerPropertyBase.toString(IntegerPropertyBase.java:228)
	at java.base/java.lang.String.valueOf(String.java:4465)
	at claims@1.0-SNAPSHOT/claims.models.Policy.toString(Policy.java:166)
	at java.base/java.lang.String.valueOf(String.java:4465)
	at java.base/java.lang.StringBuilder.append(StringBuilder.java:173)
	at javafx.base@21.0.2/javafx.beans.property.IntegerPropertyBase.toString(IntegerPropertyBase.java:228)
	at java.base/java.lang.String.valueOf(String.java:4465)
	at claims@1.0-SNAPSHOT/claims.models.Policy.toString(Policy.java:166)
	at java.base/java.lang.String.valueOf(String.java:4465)
	at java.base/java.lang.StringBuilder.append(StringBuilder.java:173)
	at javafx.base@21.0.2/javafx.beans.property.IntegerPropertyBase.toString(IntegerPropertyBase.java:228)
	at java.base/java.lang.String.valueOf(String.java:4465)
	at claims@1.0-SNAPSHOT/claims.models.Policy.toString(Policy.java:166)
	at java.base/java.lang.String.valueOf(String.java:4465)
	at java.base/java.lang.StringBuilder.append(StringBuilder.java:173)
	at javafx.base@21.0.2/javafx.beans.property.IntegerPropertyBase.toString(IntegerPropertyBase.java:228)
	at java.base/java.lang.String.valueOf(String.java:4465)
	at claims@1.0-SNAPSHOT/claims.models.Policy.toString(Policy.java:166)
	at java.base/java.lang.String.valueOf(String.java:4465)
	at java.base/java.lang.StringBuilder.append(StringBuilder.java:173)
	at javafx.base@21.0.2/javafx.beans.property.IntegerPropertyBase.toString(IntegerPropertyBase.java:228)
	at java.base/java.lang.String.valueOf(String.java:4465)
	at claims@1.0-SNAPSHOT/claims.models.Policy.toString(Policy.java:166)
	at java.base/java.lang.String.valueOf(String.java:4465)
	at java.base/java.lang.StringBuilder.append(StringBuilder.java:173)
	at javafx.base@21.0.2/javafx.beans.property.IntegerPropertyBase.toString(IntegerPropertyBase.java:228)
	at java.base/java.lang.String.valueOf(String.java:4465)
	at claims@1.0-SNAPSHOT/claims.models.Policy.toString(Policy.java:166)
	at java.base/java.lang.String.valueOf(String.java:4465)
	at java.base/java.lang.StringBuilder.append(StringBuilder.java:173)
	at javafx.base@21.0.2/javafx.beans.property.IntegerPropertyBase.toString(IntegerPropertyBase.java:228)
	at java.base/java.lang.String.valueOf(String.java:4465)
	at claims@1.0-SNAPSHOT/claims.models.Policy.toString(Policy.java:166)
	at java.base/java.lang.String.valueOf(String.java:4465)
	at java.base/java.lang.StringBuilder.append(StringBuilder.java:173)
	at javafx.base@21.0.2/javafx.beans.property.IntegerPropertyBase.toString(IntegerPropertyBase.java:228)
	at java.base/java.lang.String.valueOf(String.java:4465)
	at claims@1.0-SNAPSHOT/claims.models.Policy.toString(Policy.java:166)
	at java.base/java.lang.String.valueOf(String.java:4465)
	at java.base/java.lang.StringBuilder.append(StringBuilder.java:173)
	at javafx.base@21.0.2/javafx.beans.property.IntegerPropertyBase.toString(IntegerPropertyBase.java:228)
	at java.base/java.lang.String.valueOf(String.java:4465)
	at claims@1.0-SNAPSHOT/claims.models.Policy.toString(Policy.java:166)
	at java.base/java.lang.String.valueOf(String.java:4465)
	at java.base/java.lang.StringBuilder.append(StringBuilder.java:173)
	at javafx.base@21.0.2/javafx.beans.property.IntegerPropertyBase.toString(IntegerPropertyBase.java:228)
	at java.base/java.lang.String.valueOf(String.java:4465)
	at claims@1.0-SNAPSHOT/claims.models.Policy.toString(Policy.java:166)
	at java.base/java.lang.String.valueOf(String.java:4465)
	at java.base/java.lang.StringBuilder.append(StringBuilder.java:173)
	at javafx.base@21.0.2/javafx.beans.property.IntegerPropertyBase.toString(IntegerPropertyBase.java:228)
	at java.base/java.lang.String.valueOf(String.java:4465)
	at claims@1.0-SNAPSHOT/claims.models.Policy.toString(Policy.java:166)
	at java.base/java.lang.String.valueOf(String.java:4465)
	at java.base/java.lang.StringBuilder.append(StringBuilder.java:173)
	at javafx.base@21.0.2/javafx.beans.property.IntegerPropertyBase.toString(IntegerPropertyBase.java:228)
	at java.base/java.lang.String.valueOf(String.java:4465)
	at claims@1.0-SNAPSHOT/claims.models.Policy.toString(Policy.java:166)
	at java.base/java.lang.String.valueOf(String.java:4465)
	at java.base/java.lang.StringBuilder.append(StringBuilder.java:173)
	at javafx.base@21.0.2/javafx.beans.property.IntegerPropertyBase.toString(IntegerPropertyBase.java:228)
	at java.base/java.lang.String.valueOf(String.java:4465)
	at claims@1.0-SNAPSHOT/claims.models.Policy.toString(Policy.java:166)
	at java.base/java.lang.String.valueOf(String.java:4465)
	at java.base/java.lang.StringBuilder.append(StringBuilder.java:173)
	at javafx.base@21.0.2/javafx.beans.property.IntegerPropertyBase.toString(IntegerPropertyBase.java:228)
	at java.base/java.lang.String.valueOf(String.java:4465)
	at claims@1.0-SNAPSHOT/claims.models.Policy.toString(Policy.java:166)
	at java.base/java.lang.String.valueOf(String.java:4465)
	at java.base/java.lang.StringBuilder.append(StringBuilder.java:173)
	at javafx.base@21.0.2/javafx.beans.property.IntegerPropertyBase.toString(IntegerPropertyBase.java:228)
	at java.base/java.lang.String.valueOf(String.java:4465)
	at claims@1.0-SNAPSHOT/claims.models.Policy.toString(Policy.java:166)
	at java.base/java.lang.String.valueOf(String.java:4465)
	at java.base/java.lang.StringBuilder.append(StringBuilder.java:173)
	at javafx.base@21.0.2/javafx.beans.property.IntegerPropertyBase.toString(IntegerPropertyBase.java:228)
	at java.base/java.lang.String.valueOf(String.java:4465)
	at claims@1.0-SNAPSHOT/claims.models.Policy.toString(Policy.java:166)
	at java.base/java.lang.String.valueOf(String.java:4465)
	at java.base/java.lang.StringBuilder.append(StringBuilder.java:173)
	at javafx.base@21.0.2/javafx.beans.property.IntegerPropertyBase.toString(IntegerPropertyBase.java:228)
	at java.base/java.lang.String.valueOf(String.java:4465)
	at claims@1.0-SNAPSHOT/claims.models.Policy.toString(Policy.java:166)
	at java.base/java.lang.String.valueOf(String.java:4465)
	at java.base/java.lang.StringBuilder.append(StringBuilder.java:173)
	at javafx.base@21.0.2/javafx.beans.property.IntegerPropertyBase.toString(IntegerPropertyBase.java:228)
	at java.base/java.lang.String.valueOf(String.java:4465)
	at claims@1.0-SNAPSHOT/claims.models.Policy.toString(Policy.java:166)
	at java.base/java.lang.String.valueOf(String.java:4465)
	at java.base/java.lang.StringBuilder.append(StringBuilder.java:173)
	at javafx.base@21.0.2/javafx.beans.property.IntegerPropertyBase.toString(IntegerPropertyBase.java:228)
	at java.base/java.lang.String.valueOf(String.java:4465)
	at claims@1.0-SNAPSHOT/claims.models.Policy.toString(Policy.java:166)
	at java.base/java.lang.String.valueOf(String.java:4465)
	at java.base/java.lang.StringBuilder.append(StringBuilder.java:173)
	at javafx.base@21.0.2/javafx.beans.property.IntegerPropertyBase.toString(IntegerPropertyBase.java:228)
	at java.base/java.lang.String.valueOf(String.java:4465)
	at claims@1.0-SNAPSHOT/claims.models.Policy.toString(Policy.java:166)
	at java.base/java.lang.String.valueOf(String.java:4465)
	at java.base/java.lang.StringBuilder.append(StringBuilder.java:173)
	at javafx.base@21.0.2/javafx.beans.property.IntegerPropertyBase.toString(IntegerPropertyBase.java:228)
	at java.base/java.lang.String.valueOf(String.java:4465)
	at claims@1.0-SNAPSHOT/claims.models.Policy.toString(Policy.java:166)
	at java.base/java.lang.String.valueOf(String.java:4465)
	at java.base/java.lang.StringBuilder.append(StringBuilder.java:173)
	at javafx.base@21.0.2/javafx.beans.property.IntegerPropertyBase.toString(IntegerPropertyBase.java:228)
	at java.base/java.lang.String.valueOf(String.java:4465)
	at claims@1.0-SNAPSHOT/claims.models.Policy.toString(Policy.java:166)
	at java.base/java.lang.String.valueOf(String.java:4465)
	at java.base/java.lang.StringBuilder.append(StringBuilder.java:173)
	at javafx.base@21.0.2/javafx.beans.property.IntegerPropertyBase.toString(IntegerPropertyBase.java:228)
	at java.base/java.lang.String.valueOf(String.java:4465)
	at claims@1.0-SNAPSHOT/claims.models.Policy.toString(Policy.java:166)
	at java.base/java.lang.String.valueOf(String.java:4465)
	at java.base/java.lang.StringBuilder.append(StringBuilder.java:173)
	at javafx.base@21.0.2/javafx.beans.property.IntegerPropertyBase.toString(IntegerPropertyBase.java:228)
	at java.base/java.lang.String.valueOf(String.java:4465)
	at claims@1.0-SNAPSHOT/claims.models.Policy.toString(Policy.java:166)
	at java.base/java.lang.String.valueOf(String.java:4465)
	at java.base/java.lang.StringBuilder.append(StringBuilder.java:173)
	at javafx.base@21.0.2/javafx.beans.property.IntegerPropertyBase.toString(IntegerPropertyBase.java:228)
	at java.base/java.lang.String.valueOf(String.java:4465)
	at claims@1.0-SNAPSHOT/claims.models.Policy.toString(Policy.java:166)
	at java.base/java.lang.String.valueOf(String.java:4465)
	at java.base/java.lang.StringBuilder.append(StringBuilder.java:173)
	at javafx.base@21.0.2/javafx.beans.property.IntegerPropertyBase.toString(IntegerPropertyBase.java:228)
	at java.base/java.lang.String.valueOf(String.java:4465)
	at claims@1.0-SNAPSHOT/claims.models.Policy.toString(Policy.java:166)
	at java.base/java.lang.String.valueOf(String.java:4465)
	at java.base/java.lang.StringBuilder.append(StringBuilder.java:173)
	at javafx.base@21.0.2/javafx.beans.property.IntegerPropertyBase.toString(IntegerPropertyBase.java:228)
	at java.base/java.lang.String.valueOf(String.java:4465)
	at claims@1.0-SNAPSHOT/claims.models.Policy.toString(Policy.java:166)
	at java.base/java.lang.String.valueOf(String.java:4465)
	at java.base/java.lang.StringBuilder.append(StringBuilder.java:173)
	at javafx.base@21.0.2/javafx.beans.property.IntegerPropertyBase.toString(IntegerPropertyBase.java:228)
	at java.base/java.lang.String.valueOf(String.java:4465)
	at claims@1.0-SNAPSHOT/claims.models.Policy.toString(Policy.java:166)
	at java.base/java.lang.String.valueOf(String.java:4465)
	at java.base/java.lang.StringBuilder.append(StringBuilder.java:173)
	at javafx.base@21.0.2/javafx.beans.property.IntegerPropertyBase.toString(IntegerPropertyBase.java:228)
	at java.base/java.lang.String.valueOf(String.java:4465)
	at claims@1.0-SNAPSHOT/claims.models.Policy.toString(Policy.java:166)
	at java.base/java.lang.String.valueOf(String.java:4465)
	at java.base/java.lang.StringBuilder.append(StringBuilder.java:173)
	at javafx.base@21.0.2/javafx.beans.property.IntegerPropertyBase.toString(IntegerPropertyBase.java:228)
	at java.base/java.lang.String.valueOf(String.java:4465)
	at claims@1.0-SNAPSHOT/claims.models.Policy.toString(Policy.java:166)
	at java.base/java.lang.String.valueOf(String.java:4465)
	at java.base/java.lang.StringBuilder.append(StringBuilder.java:173)
	at javafx.base@21.0.2/javafx.beans.property.IntegerPropertyBase.toString(IntegerPropertyBase.java:228)
	at java.base/java.lang.String.valueOf(String.java:4465)
	at claims@1.0-SNAPSHOT/claims.models.Policy.toString(Policy.java:166)
	at java.base/java.lang.String.valueOf(String.java:4465)
	at java.base/java.lang.StringBuilder.append(StringBuilder.java:173)
	at javafx.base@21.0.2/javafx.beans.property.IntegerPropertyBase.toString(IntegerPropertyBase.java:228)
	at java.base/java.lang.String.valueOf(String.java:4465)
	at claims@1.0-SNAPSHOT/claims.models.Policy.toString(Policy.java:166)
	at java.base/java.lang.String.valueOf(String.java:4465)
	at java.base/java.lang.StringBuilder.append(StringBuilder.java:173)
	at javafx.base@21.0.2/javafx.beans.property.IntegerPropertyBase.toString(IntegerPropertyBase.java:228)
	at java.base/java.lang.String.valueOf(String.java:4465)
	at claims@1.0-SNAPSHOT/claims.models.Policy.toString(Policy.java:166)
	at java.base/java.lang.String.valueOf(String.java:4465)
	at java.base/java.lang.StringBuilder.append(StringBuilder.java:173)
	at javafx.base@21.0.2/javafx.beans.property.IntegerPropertyBase.toString(IntegerPropertyBase.java:228)
	at java.base/java.lang.String.valueOf(String.java:4465)
	at claims@1.0-SNAPSHOT/claims.models.Policy.toString(Policy.java:166)
	at java.base/java.lang.String.valueOf(String.java:4465)
	at java.base/java.lang.StringBuilder.append(StringBuilder.java:173)
	at javafx.base@21.0.2/javafx.beans.property.IntegerPropertyBase.toString(IntegerPropertyBase.java:228)
	at java.base/java.lang.String.valueOf(String.java:4465)
	at claims@1.0-SNAPSHOT/claims.models.Policy.toString(Policy.java:166)
	at java.base/java.lang.String.valueOf(String.java:4465)
	at java.base/java.lang.StringBuilder.append(StringBuilder.java:173)
	at javafx.base@21.0.2/javafx.beans.property.IntegerPropertyBase.toString(IntegerPropertyBase.java:228)
	at java.base/java.lang.String.valueOf(String.java:4465)
	at claims@1.0-SNAPSHOT/claims.models.Policy.toString(Policy.java:166)
	at java.base/java.lang.String.valueOf(String.java:4465)
	at java.base/java.lang.StringBuilder.append(StringBuilder.java:173)
	at javafx.base@21.0.2/javafx.beans.property.IntegerPropertyBase.toString(IntegerPropertyBase.java:228)
	at java.base/java.lang.String.valueOf(String.java:4465)
	at claims@1.0-SNAPSHOT/claims.models.Policy.toString(Policy.java:166)
	at java.base/java.lang.String.valueOf(String.java:4465)
	at java.base/java.lang.StringBuilder.append(StringBuilder.java:173)
	at javafx.base@21.0.2/javafx.beans.property.IntegerPropertyBase.toString(IntegerPropertyBase.java:228)
	at java.base/java.lang.String.valueOf(String.java:4465)
	at claims@1.0-SNAPSHOT/claims.models.Policy.toString(Policy.java:166)
	at java.base/java.lang.String.valueOf(String.java:4465)
	at java.base/java.lang.StringBuilder.append(StringBuilder.java:173)
	at javafx.base@21.0.2/javafx.beans.property.IntegerPropertyBase.toString(IntegerPropertyBase.java:228)
	at java.base/java.lang.String.valueOf(String.java:4465)
	at claims@1.0-SNAPSHOT/claims.models.Policy.toString(Policy.java:166)
	at java.base/java.lang.String.valueOf(String.java:4465)
	at java.base/java.lang.StringBuilder.append(StringBuilder.java:173)
	at javafx.base@21.0.2/javafx.beans.property.IntegerPropertyBase.toString(IntegerPropertyBase.java:228)
	at java.base/java.lang.String.valueOf(String.java:4465)
	at claims@1.0-SNAPSHOT/claims.models.Policy.toString(Policy.java:166)
	at java.base/java.lang.String.valueOf(String.java:4465)
	at java.base/java.lang.StringBuilder.append(StringBuilder.java:173)
	at javafx.base@21.0.2/javafx.beans.property.IntegerPropertyBase.toString(IntegerPropertyBase.java:228)
	at java.base/java.lang.String.valueOf(String.java:4465)
	at claims@1.0-SNAPSHOT/claims.models.Policy.toString(Policy.java:166)
	at java.base/java.lang.String.valueOf(String.java:4465)
	at java.base/java.lang.StringBuilder.append(StringBuilder.java:173)
	at javafx.base@21.0.2/javafx.beans.property.IntegerPropertyBase.toString(IntegerPropertyBase.java:228)
	at java.base/java.lang.String.valueOf(String.java:4465)
	at claims@1.0-SNAPSHOT/claims.models.Policy.toString(Policy.java:166)
	at java.base/java.lang.String.valueOf(String.java:4465)
	at java.base/java.lang.StringBuilder.append(StringBuilder.java:173)
	at javafx.base@21.0.2/javafx.beans.property.IntegerPropertyBase.toString(IntegerPropertyBase.java:228)
	at java.base/java.lang.String.valueOf(String.java:4465)
	at claims@1.0-SNAPSHOT/claims.models.Policy.toString(Policy.java:166)
	at java.base/java.lang.String.valueOf(String.java:4465)
	at java.base/java.lang.StringBuilder.append(StringBuilder.java:173)
	at javafx.base@21.0.2/javafx.beans.property.IntegerPropertyBase.toString(IntegerPropertyBase.java:228)
	at java.base/java.lang.String.valueOf(String.java:4465)
	at claims@1.0-SNAPSHOT/claims.models.Policy.toString(Policy.java:166)
	at java.base/java.lang.String.valueOf(String.java:4465)
	at java.base/java.lang.StringBuilder.append(StringBuilder.java:173)
	at javafx.base@21.0.2/javafx.beans.property.IntegerPropertyBase.toString(IntegerPropertyBase.java:228)
	at java.base/java.lang.String.valueOf(String.java:4465)
	at claims@1.0-SNAPSHOT/claims.models.Policy.toString(Policy.java:166)
	at java.base/java.lang.String.valueOf(String.java:4465)
	at java.base/java.lang.StringBuilder.append(StringBuilder.java:173)
	at javafx.base@21.0.2/javafx.beans.property.IntegerPropertyBase.toString(IntegerPropertyBase.java:228)
	at java.base/java.lang.String.valueOf(String.java:4465)
	at claims@1.0-SNAPSHOT/claims.models.Policy.toString(Policy.java:166)
	at java.base/java.lang.String.valueOf(String.java:4465)
	at java.base/java.lang.StringBuilder.append(StringBuilder.java:173)
	at javafx.base@21.0.2/javafx.beans.property.IntegerPropertyBase.toString(IntegerPropertyBase.java:228)
	at java.base/java.lang.String.valueOf(String.java:4465)
	at claims@1.0-SNAPSHOT/claims.models.Policy.toString(Policy.java:166)
	at java.base/java.lang.String.valueOf(String.java:4465)
	at java.base/java.lang.StringBuilder.append(StringBuilder.java:173)
	at javafx.base@21.0.2/javafx.beans.property.IntegerPropertyBase.toString(IntegerPropertyBase.java:228)
	at java.base/java.lang.String.valueOf(String.java:4465)
	at claims@1.0-SNAPSHOT/claims.models.Policy.toString(Policy.java:166)
	at java.base/java.lang.String.valueOf(String.java:4465)
	at java.base/java.lang.StringBuilder.append(StringBuilder.java:173)
	at javafx.base@21.0.2/javafx.beans.property.IntegerPropertyBase.toString(IntegerPropertyBase.java:228)
	at java.base/java.lang.String.valueOf(String.java:4465)
	at claims@1.0-SNAPSHOT/claims.models.Policy.toString(Policy.java:166)
	at java.base/java.lang.String.valueOf(String.java:4465)
	at java.base/java.lang.StringBuilder.append(StringBuilder.java:173)
	at javafx.base@21.0.2/javafx.beans.property.IntegerPropertyBase.toString(IntegerPropertyBase.java:228)
	at java.base/java.lang.String.valueOf(String.java:4465)
	at claims@1.0-SNAPSHOT/claims.models.Policy.toString(Policy.java:166)
	at java.base/java.lang.String.valueOf(String.java:4465)
	at java.base/java.lang.StringBuilder.append(StringBuilder.java:173)
	at javafx.base@21.0.2/javafx.beans.property.IntegerPropertyBase.toString(IntegerPropertyBase.java:228)
	at java.base/java.lang.String.valueOf(String.java:4465)
	at claims@1.0-SNAPSHOT/claims.models.Policy.toString(Policy.java:166)
	at java.base/java.lang.String.valueOf(String.java:4465)
	at java.base/java.lang.StringBuilder.append(StringBuilder.java:173)
	at javafx.base@21.0.2/javafx.beans.property.IntegerPropertyBase.toString(IntegerPropertyBase.java:228)
	at java.base/java.lang.String.valueOf(String.java:4465)
	at claims@1.0-SNAPSHOT/claims.models.Policy.toString(Policy.java:166)
	at java.base/java.lang.String.valueOf(String.java:4465)
	at java.base/java.lang.StringBuilder.append(StringBuilder.java:173)
	at javafx.base@21.0.2/javafx.beans.property.IntegerPropertyBase.toString(IntegerPropertyBase.java:228)
	at java.base/java.lang.String.valueOf(String.java:4465)
	at claims@1.0-SNAPSHOT/claims.models.Policy.toString(Policy.java:166)
	at java.base/java.lang.String.valueOf(String.java:4465)
	at java.base/java.lang.StringBuilder.append(StringBuilder.java:173)
	at javafx.base@21.0.2/javafx.beans.property.IntegerPropertyBase.toString(IntegerPropertyBase.java:228)
	at java.base/java.lang.String.valueOf(String.java:4465)
	at claims@1.0-SNAPSHOT/claims.models.Policy.toString(Policy.java:166)
	at java.base/java.lang.String.valueOf(String.java:4465)
	at java.base/java.lang.StringBuilder.append(StringBuilder.java:173)
	at javafx.base@21.0.2/javafx.beans.property.IntegerPropertyBase.toString(IntegerPropertyBase.java:228)
	at java.base/java.lang.String.valueOf(String.java:4465)
	at claims@1.0-SNAPSHOT/claims.models.Policy.toString(Policy.java:166)
	at java.base/java.lang.String.valueOf(String.java:4465)
	at java.base/java.lang.StringBuilder.append(StringBuilder.java:173)
	at javafx.base@21.0.2/javafx.beans.property.IntegerPropertyBase.toString(IntegerPropertyBase.java:228)
	at java.base/java.lang.String.valueOf(String.java:4465)
	at claims@1.0-SNAPSHOT/claims.models.Policy.toString(Policy.java:166)
	at java.base/java.lang.String.valueOf(String.java:4465)
	at java.base/java.lang.StringBuilder.append(StringBuilder.java:173)
	at javafx.base@21.0.2/javafx.beans.property.IntegerPropertyBase.toString(IntegerPropertyBase.java:228)
	at java.base/java.lang.String.valueOf(String.java:4465)
	at claims@1.0-SNAPSHOT/claims.models.Policy.toString(Policy.java:166)
	at java.base/java.lang.String.valueOf(String.java:4465)
	at java.base/java.lang.StringBuilder.append(StringBuilder.java:173)
	at javafx.base@21.0.2/javafx.beans.property.IntegerPropertyBase.toString(IntegerPropertyBase.java:228)
	at java.base/java.lang.String.valueOf(String.java:4465)
	at claims@1.0-SNAPSHOT/claims.models.Policy.toString(Policy.java:166)
	at java.base/java.lang.String.valueOf(String.java:4465)
	at java.base/java.lang.StringBuilder.append(StringBuilder.java:173)
	at javafx.base@21.0.2/javafx.beans.property.IntegerPropertyBase.toString(IntegerPropertyBase.java:228)
	at java.base/java.lang.String.valueOf(String.java:4465)
	at claims@1.0-SNAPSHOT/claims.models.Policy.toString(Policy.java:166)
	at java.base/java.lang.String.valueOf(String.java:4465)
	at java.base/java.lang.StringBuilder.append(StringBuilder.java:173)
	at javafx.base@21.0.2/javafx.beans.property.IntegerPropertyBase.toString(IntegerPropertyBase.java:228)
	at java.base/java.lang.String.valueOf(String.java:4465)
	at claims@1.0-SNAPSHOT/claims.models.Policy.toString(Policy.java:166)
	at java.base/java.lang.String.valueOf(String.java:4465)
	at java.base/java.lang.StringBuilder.append(StringBuilder.java:173)
	at javafx.base@21.0.2/javafx.beans.property.IntegerPropertyBase.toString(IntegerPropertyBase.java:228)
	at java.base/java.lang.String.valueOf(String.java:4465)
	at claims@1.0-SNAPSHOT/claims.models.Policy.toString(Policy.java:166)
	at java.base/java.lang.String.valueOf(String.java:4465)
	at java.base/java.lang.StringBuilder.append(StringBuilder.java:173)
	at javafx.base@21.0.2/javafx.beans.property.IntegerPropertyBase.toString(IntegerPropertyBase.java:228)
	at java.base/java.lang.String.valueOf(String.java:4465)
	at claims@1.0-SNAPSHOT/claims.models.Policy.toString(Policy.java:166)
	at java.base/java.lang.String.valueOf(String.java:4465)
	at java.base/java.lang.StringBuilder.append(StringBuilder.java:173)
	at javafx.base@21.0.2/javafx.beans.property.IntegerPropertyBase.toString(IntegerPropertyBase.java:228)
	at java.base/java.lang.String.valueOf(String.java:4465)
	at claims@1.0-SNAPSHOT/claims.models.Policy.toString(Policy.java:166)
	at java.base/java.lang.String.valueOf(String.java:4465)
	at java.base/java.lang.StringBuilder.append(StringBuilder.java:173)
	at javafx.base@21.0.2/javafx.beans.property.IntegerPropertyBase.toString(IntegerPropertyBase.java:228)
	at java.base/java.lang.String.valueOf(String.java:4465)
	at claims@1.0-SNAPSHOT/claims.models.Policy.toString(Policy.java:166)
	at java.base/java.lang.String.valueOf(String.java:4465)
	at java.base/java.lang.StringBuilder.append(StringBuilder.java:173)
	at javafx.base@21.0.2/javafx.beans.property.IntegerPropertyBase.toString(IntegerPropertyBase.java:228)
	at java.base/java.lang.String.valueOf(String.java:4465)
	at claims@1.0-SNAPSHOT/claims.models.Policy.toString(Policy.java:166)
	at java.base/java.lang.String.valueOf(String.java:4465)
	at java.base/java.lang.StringBuilder.append(StringBuilder.java:173)
	at javafx.base@21.0.2/javafx.beans.property.IntegerPropertyBase.toString(IntegerPropertyBase.java:228)
	at java.base/java.lang.String.valueOf(String.java:4465)
	at claims@1.0-SNAPSHOT/claims.models.Policy.toString(Policy.java:166)
	at java.base/java.lang.String.valueOf(String.java:4465)
	at java.base/java.lang.StringBuilder.append(StringBuilder.java:173)
	at javafx.base@21.0.2/javafx.beans.property.IntegerPropertyBase.toString(IntegerPropertyBase.java:228)
	at java.base/java.lang.String.valueOf(String.java:4465)
	at claims@1.0-SNAPSHOT/claims.models.Policy.toString(Policy.java:166)
	at java.base/java.lang.String.valueOf(String.java:4465)
	at java.base/java.lang.StringBuilder.append(StringBuilder.java:173)
	at javafx.base@21.0.2/javafx.beans.property.IntegerPropertyBase.toString(IntegerPropertyBase.java:228)
	at java.base/java.lang.String.valueOf(String.java:4465)
	at claims@1.0-SNAPSHOT/claims.models.Policy.toString(Policy.java:166)
	at java.base/java.lang.String.valueOf(String.java:4465)
	at java.base/java.lang.StringBuilder.append(StringBuilder.java:173)
	at javafx.base@21.0.2/javafx.beans.property.IntegerPropertyBase.toString(IntegerPropertyBase.java:228)
	at java.base/java.lang.String.valueOf(String.java:4465)
	at claims@1.0-SNAPSHOT/claims.models.Policy.toString(Policy.java:166)
	at java.base/java.lang.String.valueOf(String.java:4465)
	at java.base/java.lang.StringBuilder.append(StringBuilder.java:173)
	at javafx.base@21.0.2/javafx.beans.property.IntegerPropertyBase.toString(IntegerPropertyBase.java:228)
	at java.base/java.lang.String.valueOf(String.java:4465)
	at claims@1.0-SNAPSHOT/claims.models.Policy.toString(Policy.java:166)
	at java.base/java.lang.String.valueOf(String.java:4465)
	at java.base/java.lang.StringBuilder.append(StringBuilder.java:173)
	at javafx.base@21.0.2/javafx.beans.property.IntegerPropertyBase.toString(IntegerPropertyBase.java:228)
	at java.base/java.lang.String.valueOf(String.java:4465)
	at claims@1.0-SNAPSHOT/claims.models.Policy.toString(Policy.java:166)
	at java.base/java.lang.String.valueOf(String.java:4465)
	at java.base/java.lang.StringBuilder.append(StringBuilder.java:173)
	at javafx.base@21.0.2/javafx.beans.property.IntegerPropertyBase.toString(IntegerPropertyBase.java:228)
	at java.base/java.lang.String.valueOf(String.java:4465)
	at claims@1.0-SNAPSHOT/claims.models.Policy.toString(Policy.java:166)
	at java.base/java.lang.String.valueOf(String.java:4465)
	at java.base/java.lang.StringBuilder.append(StringBuilder.java:173)
	at javafx.base@21.0.2/javafx.beans.property.IntegerPropertyBase.toString(IntegerPropertyBase.java:228)
	at java.base/java.lang.String.valueOf(String.java:4465)
	at claims@1.0-SNAPSHOT/claims.models.Policy.toString(Policy.java:166)
	at java.base/java.lang.String.valueOf(String.java:4465)
	at java.base/java.lang.StringBuilder.append(StringBuilder.java:173)
	at javafx.base@21.0.2/javafx.beans.property.IntegerPropertyBase.toString(IntegerPropertyBase.java:228)
	at java.base/java.lang.String.valueOf(String.java:4465)
	at claims@1.0-SNAPSHOT/claims.models.Policy.toString(Policy.java:166)
	at java.base/java.lang.String.valueOf(String.java:4465)
	at java.base/java.lang.StringBuilder.append(StringBuilder.java:173)
	at javafx.base@21.0.2/javafx.beans.property.IntegerPropertyBase.toString(IntegerPropertyBase.java:228)
	at java.base/java.lang.String.valueOf(String.java:4465)
	at claims@1.0-SNAPSHOT/claims.models.Policy.toString(Policy.java:166)
	at java.base/java.lang.String.valueOf(String.java:4465)
	at java.base/java.lang.StringBuilder.append(StringBuilder.java:173)
	at javafx.base@21.0.2/javafx.beans.property.IntegerPropertyBase.toString(IntegerPropertyBase.java:228)
	at java.base/java.lang.String.valueOf(String.java:4465)
	at claims@1.0-SNAPSHOT/claims.models.Policy.toString(Policy.java:166)
	at java.base/java.lang.String.valueOf(String.java:4465)
	at java.base/java.lang.StringBuilder.append(StringBuilder.java:173)
	at javafx.base@21.0.2/javafx.beans.property.IntegerPropertyBase.toString(IntegerPropertyBase.java:228)
	at java.base/java.lang.String.valueOf(String.java:4465)
	at claims@1.0-SNAPSHOT/claims.models.Policy.toString(Policy.java:166)
	at java.base/java.lang.String.valueOf(String.java:4465)
	at java.base/java.lang.StringBuilder.append(StringBuilder.java:173)
	at javafx.base@21.0.2/javafx.beans.property.IntegerPropertyBase.toString(IntegerPropertyBase.java:228)
	at java.base/java.lang.String.valueOf(String.java:4465)
	at claims@1.0-SNAPSHOT/claims.models.Policy.toString(Policy.java:166)
	at java.base/java.lang.String.valueOf(String.java:4465)
	at java.base/java.lang.StringBuilder.append(StringBuilder.java:173)
	at javafx.base@21.0.2/javafx.beans.property.IntegerPropertyBase.toString(IntegerPropertyBase.java:228)
	at java.base/java.lang.String.valueOf(String.java:4465)
	at claims@1.0-SNAPSHOT/claims.models.Policy.toString(Policy.java:166)
	at java.base/java.lang.String.valueOf(String.java:4465)
	at java.base/java.lang.StringBuilder.append(StringBuilder.java:173)
	at javafx.base@21.0.2/javafx.beans.property.IntegerPropertyBase.toString(IntegerPropertyBase.java:228)
	at java.base/java.lang.String.valueOf(String.java:4465)
	at claims@1.0-SNAPSHOT/claims.models.Policy.toString(Policy.java:166)
	at java.base/java.lang.String.valueOf(String.java:4465)
	at java.base/java.lang.StringBuilder.append(StringBuilder.java:173)
	at javafx.base@21.0.2/javafx.beans.property.IntegerPropertyBase.toString(IntegerPropertyBase.java:228)
	at java.base/java.lang.String.valueOf(String.java:4465)
	at claims@1.0-SNAPSHOT/claims.models.Policy.toString(Policy.java:166)
	at java.base/java.lang.String.valueOf(String.java:4465)
	at java.base/java.lang.StringBuilder.append(StringBuilder.java:173)
	at javafx.base@21.0.2/javafx.beans.property.IntegerPropertyBase.toString(IntegerPropertyBase.java:228)
	at java.base/java.lang.String.valueOf(String.java:4465)
	at claims@1.0-SNAPSHOT/claims.models.Policy.toString(Policy.java:166)
	at java.base/java.lang.String.valueOf(String.java:4465)
	at java.base/java.lang.StringBuilder.append(StringBuilder.java:173)
	at javafx.base@21.0.2/javafx.beans.property.IntegerPropertyBase.toString(IntegerPropertyBase.java:228)
	at java.base/java.lang.String.valueOf(String.java:4465)
	at claims@1.0-SNAPSHOT/claims.models.Policy.toString(Policy.java:166)
	at java.base/java.lang.String.valueOf(String.java:4465)
	at java.base/java.lang.StringBuilder.append(StringBuilder.java:173)
	at javafx.base@21.0.2/javafx.beans.property.IntegerPropertyBase.toString(IntegerPropertyBase.java:228)
	at java.base/java.lang.String.valueOf(String.java:4465)
	at claims@1.0-SNAPSHOT/claims.models.Policy.toString(Policy.java:166)
	at java.base/java.lang.String.valueOf(String.java:4465)
	at java.base/java.lang.StringBuilder.append(StringBuilder.java:173)
	at javafx.base@21.0.2/javafx.beans.property.IntegerPropertyBase.toString(IntegerPropertyBase.java:228)
	at java.base/java.lang.String.valueOf(String.java:4465)
	at claims@1.0-SNAPSHOT/claims.models.Policy.toString(Policy.java:166)
	at java.base/java.lang.String.valueOf(String.java:4465)
	at java.base/java.lang.StringBuilder.append(StringBuilder.java:173)
	at javafx.base@21.0.2/javafx.beans.property.IntegerPropertyBase.toString(IntegerPropertyBase.java:228)
	at java.base/java.lang.String.valueOf(String.java:4465)
	at claims@1.0-SNAPSHOT/claims.models.Policy.toString(Policy.java:166)
	at java.base/java.lang.String.valueOf(String.java:4465)
	at java.base/java.lang.StringBuilder.append(StringBuilder.java:173)
	at javafx.base@21.0.2/javafx.beans.property.IntegerPropertyBase.toString(IntegerPropertyBase.java:228)
	at java.base/java.lang.String.valueOf(String.java:4465)
	at claims@1.0-SNAPSHOT/claims.models.Policy.toString(Policy.java:166)
	at java.base/java.lang.String.valueOf(String.java:4465)
	at java.base/java.lang.StringBuilder.append(StringBuilder.java:173)
	at javafx.base@21.0.2/javafx.beans.property.IntegerPropertyBase.toString(IntegerPropertyBase.java:228)
	at java.base/java.lang.String.valueOf(String.java:4465)
	at claims@1.0-SNAPSHOT/claims.models.Policy.toString(Policy.java:166)
	at java.base/java.lang.String.valueOf(String.java:4465)
	at java.base/java.lang.StringBuilder.append(StringBuilder.java:173)
	at javafx.base@21.0.2/javafx.beans.property.IntegerPropertyBase.toString(IntegerPropertyBase.java:228)
	at java.base/java.lang.String.valueOf(String.java:4465)
	at claims@1.0-SNAPSHOT/claims.models.Policy.toString(Policy.java:166)
	at java.base/java.lang.String.valueOf(String.java:4465)
	at java.base/java.lang.StringBuilder.append(StringBuilder.java:173)
	at javafx.base@21.0.2/javafx.beans.property.IntegerPropertyBase.toString(IntegerPropertyBase.java:228)
	at java.base/java.lang.String.valueOf(String.java:4465)
	at claims@1.0-SNAPSHOT/claims.models.Policy.toString(Policy.java:166)
	at java.base/java.lang.String.valueOf(String.java:4465)
	at java.base/java.lang.StringBuilder.append(StringBuilder.java:173)
	at javafx.base@21.0.2/javafx.beans.property.IntegerPropertyBase.toString(IntegerPropertyBase.java:228)
	at java.base/java.lang.String.valueOf(String.java:4465)
	at claims@1.0-SNAPSHOT/claims.models.Policy.toString(Policy.java:166)
	at java.base/java.lang.String.valueOf(String.java:4465)
	at java.base/java.lang.StringBuilder.append(StringBuilder.java:173)
	at javafx.base@21.0.2/javafx.beans.property.IntegerPropertyBase.toString(IntegerPropertyBase.java:228)
	at java.base/java.lang.String.valueOf(String.java:4465)
	at claims@1.0-SNAPSHOT/claims.models.Policy.toString(Policy.java:166)
	at java.base/java.lang.String.valueOf(String.java:4465)
	at java.base/java.lang.StringBuilder.append(StringBuilder.java:173)
	at javafx.base@21.0.2/javafx.beans.property.IntegerPropertyBase.toString(IntegerPropertyBase.java:228)
	at java.base/java.lang.String.valueOf(String.java:4465)
	at claims@1.0-SNAPSHOT/claims.models.Policy.toString(Policy.java:166)
	at java.base/java.lang.String.valueOf(String.java:4465)
	at java.base/java.lang.StringBuilder.append(StringBuilder.java:173)
	at javafx.base@21.0.2/javafx.beans.property.IntegerPropertyBase.toString(IntegerPropertyBase.java:228)
	at java.base/java.lang.String.valueOf(String.java:4465)
	at claims@1.0-SNAPSHOT/claims.models.Policy.toString(Policy.java:166)
	at java.base/java.lang.String.valueOf(String.java:4465)
	at java.base/java.lang.StringBuilder.append(StringBuilder.java:173)
	at javafx.base@21.0.2/javafx.beans.property.IntegerPropertyBase.toString(IntegerPropertyBase.java:228)
	at java.base/java.lang.String.valueOf(String.java:4465)
	at claims@1.0-SNAPSHOT/claims.models.Policy.toString(Policy.java:166)
	at java.base/java.lang.String.valueOf(String.java:4465)
	at java.base/java.lang.StringBuilder.append(StringBuilder.java:173)
	at javafx.base@21.0.2/javafx.beans.property.IntegerPropertyBase.toString(IntegerPropertyBase.java:228)
	at java.base/java.lang.String.valueOf(String.java:4465)
	at claims@1.0-SNAPSHOT/claims.models.Policy.toString(Policy.java:166)
	at java.base/java.lang.String.valueOf(String.java:4465)
	at java.base/java.lang.StringBuilder.append(StringBuilder.java:173)
	at javafx.base@21.0.2/javafx.beans.property.IntegerPropertyBase.toString(IntegerPropertyBase.java:228)
	at java.base/java.lang.String.valueOf(String.java:4465)
	at claims@1.0-SNAPSHOT/claims.models.Policy.toString(Policy.java:166)
	at java.base/java.lang.String.valueOf(String.java:4465)
	at java.base/java.lang.StringBuilder.append(StringBuilder.java:173)
	at javafx.base@21.0.2/javafx.beans.property.IntegerPropertyBase.toString(IntegerPropertyBase.java:228)
	at java.base/java.lang.String.valueOf(String.java:4465)
	at claims@1.0-SNAPSHOT/claims.models.Policy.toString(Policy.java:166)
	at java.base/java.lang.String.valueOf(String.java:4465)
	at java.base/java.lang.StringBuilder.append(StringBuilder.java:173)
	at javafx.base@21.0.2/javafx.beans.property.IntegerPropertyBase.toString(IntegerPropertyBase.java:228)
	at java.base/java.lang.String.valueOf(String.java:4465)
	at claims@1.0-SNAPSHOT/claims.models.Policy.toString(Policy.java:166)
	at java.base/java.lang.String.valueOf(String.java:4465)
	at java.base/java.lang.StringBuilder.append(StringBuilder.java:173)
	at javafx.base@21.0.2/javafx.beans.property.IntegerPropertyBase.toString(IntegerPropertyBase.java:228)
	at java.base/java.lang.String.valueOf(String.java:4465)
	at claims@1.0-SNAPSHOT/claims.models.Policy.toString(Policy.java:166)
	at java.base/java.lang.String.valueOf(String.java:4465)
	at java.base/java.lang.StringBuilder.append(StringBuilder.java:173)
	at javafx.base@21.0.2/javafx.beans.property.IntegerPropertyBase.toString(IntegerPropertyBase.java:228)
	at java.base/java.lang.String.valueOf(String.java:4465)
	at claims@1.0-SNAPSHOT/claims.models.Policy.toString(Policy.java:166)
	at java.base/java.lang.String.valueOf(String.java:4465)
	at java.base/java.lang.StringBuilder.append(StringBuilder.java:173)
	at javafx.base@21.0.2/javafx.beans.property.IntegerPropertyBase.toString(IntegerPropertyBase.java:228)
	at java.base/java.lang.String.valueOf(String.java:4465)
	at claims@1.0-SNAPSHOT/claims.models.Policy.toString(Policy.java:166)
	at java.base/java.lang.String.valueOf(String.java:4465)
	at java.base/java.lang.StringBuilder.append(StringBuilder.java:173)
	at javafx.base@21.0.2/javafx.beans.property.IntegerPropertyBase.toString(IntegerPropertyBase.java:228)
	at java.base/java.lang.String.valueOf(String.java:4465)
	at claims@1.0-SNAPSHOT/claims.models.Policy.toString(Policy.java:166)
	at java.base/java.lang.String.valueOf(String.java:4465)
	at java.base/java.lang.StringBuilder.append(StringBuilder.java:173)
	at javafx.base@21.0.2/javafx.beans.property.IntegerPropertyBase.toString(IntegerPropertyBase.java:228)
	at java.base/java.lang.String.valueOf(String.java:4465)
	at claims@1.0-SNAPSHOT/claims.models.Policy.toString(Policy.java:166)
	at java.base/java.lang.String.valueOf(String.java:4465)
	at java.base/java.lang.StringBuilder.append(StringBuilder.java:173)
	at javafx.base@21.0.2/javafx.beans.property.IntegerPropertyBase.toString(IntegerPropertyBase.java:228)
	at java.base/java.lang.String.valueOf(String.java:4465)
	at claims@1.0-SNAPSHOT/claims.models.Policy.toString(Policy.java:166)
	at java.base/java.lang.String.valueOf(String.java:4465)
	at java.base/java.lang.StringBuilder.append(StringBuilder.java:173)
	at javafx.base@21.0.2/javafx.beans.property.IntegerPropertyBase.toString(IntegerPropertyBase.java:228)
	at java.base/java.lang.String.valueOf(String.java:4465)
	at claims@1.0-SNAPSHOT/claims.models.Policy.toString(Policy.java:166)
	at java.base/java.lang.String.valueOf(String.java:4465)
	at java.base/java.lang.StringBuilder.append(StringBuilder.java:173)
	at javafx.base@21.0.2/javafx.beans.property.IntegerPropertyBase.toString(IntegerPropertyBase.java:228)
	at java.base/java.lang.String.valueOf(String.java:4465)
	at claims@1.0-SNAPSHOT/claims.models.Policy.toString(Policy.java:166)
	at java.base/java.lang.String.valueOf(String.java:4465)
	at java.base/java.lang.StringBuilder.append(StringBuilder.java:173)
	at javafx.base@21.0.2/javafx.beans.property.IntegerPropertyBase.toString(IntegerPropertyBase.java:228)
	at java.base/java.lang.String.valueOf(String.java:4465)
	at claims@1.0-SNAPSHOT/claims.models.Policy.toString(Policy.java:166)
	at java.base/java.lang.String.valueOf(String.java:4465)
	at java.base/java.lang.StringBuilder.append(StringBuilder.java:173)
	at javafx.base@21.0.2/javafx.beans.property.IntegerPropertyBase.toString(IntegerPropertyBase.java:228)
	at java.base/java.lang.String.valueOf(String.java:4465)
	at claims@1.0-SNAPSHOT/claims.models.Policy.toString(Policy.java:166)
	at java.base/java.lang.String.valueOf(String.java:4465)
	at java.base/java.lang.StringBuilder.append(StringBuilder.java:173)
	at javafx.base@21.0.2/javafx.beans.property.IntegerPropertyBase.toString(IntegerPropertyBase.java:228)
	at java.base/java.lang.String.valueOf(String.java:4465)
	at claims@1.0-SNAPSHOT/claims.models.Policy.toString(Policy.java:166)
	at java.base/java.lang.String.valueOf(String.java:4465)
	at java.base/java.lang.StringBuilder.append(StringBuilder.java:173)
	at javafx.base@21.0.2/javafx.beans.property.IntegerPropertyBase.toString(IntegerPropertyBase.java:228)
	at java.base/java.lang.String.valueOf(String.java:4465)
	at claims@1.0-SNAPSHOT/claims.models.Policy.toString(Policy.java:166)
	at java.base/java.lang.String.valueOf(String.java:4465)
	at java.base/java.lang.StringBuilder.append(StringBuilder.java:173)
	at javafx.base@21.0.2/javafx.beans.property.IntegerPropertyBase.toString(IntegerPropertyBase.java:228)
	at java.base/java.lang.String.valueOf(String.java:4465)
	at claims@1.0-SNAPSHOT/claims.models.Policy.toString(Policy.java:166)
	at java.base/java.lang.String.valueOf(String.java:4465)
	at java.base/java.lang.StringBuilder.append(StringBuilder.java:173)
	at javafx.base@21.0.2/javafx.beans.property.IntegerPropertyBase.toString(IntegerPropertyBase.java:228)
	at java.base/java.lang.String.valueOf(String.java:4465)
	at claims@1.0-SNAPSHOT/claims.models.Policy.toString(Policy.java:166)
	at java.base/java.lang.String.valueOf(String.java:4465)
	at java.base/java.lang.StringBuilder.append(StringBuilder.java:173)
	at javafx.base@21.0.2/javafx.beans.property.IntegerPropertyBase.toString(IntegerPropertyBase.java:228)

tests.PolicyTest.test2 -- Time elapsed: 0.004 s <<< ERROR!
java.lang.StackOverflowError
	at java.base/java.lang.String.valueOf(String.java:4465)
	at claims@1.0-SNAPSHOT/claims.models.Policy.toString(Policy.java:166)
	at java.base/java.lang.String.valueOf(String.java:4465)
	at java.base/java.lang.StringBuilder.append(StringBuilder.java:173)
	at javafx.base@21.0.2/javafx.beans.property.IntegerPropertyBase.toString(IntegerPropertyBase.java:228)
	at java.base/java.lang.String.valueOf(String.java:4465)
	at claims@1.0-SNAPSHOT/claims.models.Policy.toString(Policy.java:166)
	at java.base/java.lang.String.valueOf(String.java:4465)
	at java.base/java.lang.StringBuilder.append(StringBuilder.java:173)
	at javafx.base@21.0.2/javafx.beans.property.IntegerPropertyBase.toString(IntegerPropertyBase.java:228)
	at java.base/java.lang.String.valueOf(String.java:4465)
	at claims@1.0-SNAPSHOT/claims.models.Policy.toString(Policy.java:166)
	at java.base/java.lang.String.valueOf(String.java:4465)
	at java.base/java.lang.StringBuilder.append(StringBuilder.java:173)
	at javafx.base@21.0.2/javafx.beans.property.IntegerPropertyBase.toString(IntegerPropertyBase.java:228)
	at java.base/java.lang.String.valueOf(String.java:4465)
	at claims@1.0-SNAPSHOT/claims.models.Policy.toString(Policy.java:166)
	at java.base/java.lang.String.valueOf(String.java:4465)
	at java.base/java.lang.StringBuilder.append(StringBuilder.java:173)
	at javafx.base@21.0.2/javafx.beans.property.IntegerPropertyBase.toString(IntegerPropertyBase.java:228)
	at java.base/java.lang.String.valueOf(String.java:4465)
	at claims@1.0-SNAPSHOT/claims.models.Policy.toString(Policy.java:166)
	at java.base/java.lang.String.valueOf(String.java:4465)
	at java.base/java.lang.StringBuilder.append(StringBuilder.java:173)
	at javafx.base@21.0.2/javafx.beans.property.IntegerPropertyBase.toString(IntegerPropertyBase.java:228)
	at java.base/java.lang.String.valueOf(String.java:4465)
	at claims@1.0-SNAPSHOT/claims.models.Policy.toString(Policy.java:166)
	at java.base/java.lang.String.valueOf(String.java:4465)
	at java.base/java.lang.StringBuilder.append(StringBuilder.java:173)
	at javafx.base@21.0.2/javafx.beans.property.IntegerPropertyBase.toString(IntegerPropertyBase.java:228)
	at java.base/java.lang.String.valueOf(String.java:4465)
	at claims@1.0-SNAPSHOT/claims.models.Policy.toString(Policy.java:166)
	at java.base/java.lang.String.valueOf(String.java:4465)
	at java.base/java.lang.StringBuilder.append(StringBuilder.java:173)
	at javafx.base@21.0.2/javafx.beans.property.IntegerPropertyBase.toString(IntegerPropertyBase.java:228)
	at java.base/java.lang.String.valueOf(String.java:4465)
	at claims@1.0-SNAPSHOT/claims.models.Policy.toString(Policy.java:166)
	at java.base/java.lang.String.valueOf(String.java:4465)
	at java.base/java.lang.StringBuilder.append(StringBuilder.java:173)
	at javafx.base@21.0.2/javafx.beans.property.IntegerPropertyBase.toString(IntegerPropertyBase.java:228)
	at java.base/java.lang.String.valueOf(String.java:4465)
	at claims@1.0-SNAPSHOT/claims.models.Policy.toString(Policy.java:166)
	at java.base/java.lang.String.valueOf(String.java:4465)
	at java.base/java.lang.StringBuilder.append(StringBuilder.java:173)
	at javafx.base@21.0.2/javafx.beans.property.IntegerPropertyBase.toString(IntegerPropertyBase.java:228)
	at java.base/java.lang.String.valueOf(String.java:4465)
	at claims@1.0-SNAPSHOT/claims.models.Policy.toString(Policy.java:166)
	at java.base/java.lang.String.valueOf(String.java:4465)
	at java.base/java.lang.StringBuilder.append(StringBuilder.java:173)
	at javafx.base@21.0.2/javafx.beans.property.IntegerPropertyBase.toString(IntegerPropertyBase.java:228)
	at java.base/java.lang.String.valueOf(String.java:4465)
	at claims@1.0-SNAPSHOT/claims.models.Policy.toString(Policy.java:166)
	at java.base/java.lang.String.valueOf(String.java:4465)
	at java.base/java.lang.StringBuilder.append(StringBuilder.java:173)
	at javafx.base@21.0.2/javafx.beans.property.IntegerPropertyBase.toString(IntegerPropertyBase.java:228)
	at java.base/java.lang.String.valueOf(String.java:4465)
	at claims@1.0-SNAPSHOT/claims.models.Policy.toString(Policy.java:166)
	at java.base/java.lang.String.valueOf(String.java:4465)
	at java.base/java.lang.StringBuilder.append(StringBuilder.java:173)
	at javafx.base@21.0.2/javafx.beans.property.IntegerPropertyBase.toString(IntegerPropertyBase.java:228)
	at java.base/java.lang.String.valueOf(String.java:4465)
	at claims@1.0-SNAPSHOT/claims.models.Policy.toString(Policy.java:166)
	at java.base/java.lang.String.valueOf(String.java:4465)
	at java.base/java.lang.StringBuilder.append(StringBuilder.java:173)
	at javafx.base@21.0.2/javafx.beans.property.IntegerPropertyBase.toString(IntegerPropertyBase.java:228)
	at java.base/java.lang.String.valueOf(String.java:4465)
	at claims@1.0-SNAPSHOT/claims.models.Policy.toString(Policy.java:166)
	at java.base/java.lang.String.valueOf(String.java:4465)
	at java.base/java.lang.StringBuilder.append(StringBuilder.java:173)
	at javafx.base@21.0.2/javafx.beans.property.IntegerPropertyBase.toString(IntegerPropertyBase.java:228)
	at java.base/java.lang.String.valueOf(String.java:4465)
	at claims@1.0-SNAPSHOT/claims.models.Policy.toString(Policy.java:166)
	at java.base/java.lang.String.valueOf(String.java:4465)
	at java.base/java.lang.StringBuilder.append(StringBuilder.java:173)
	at javafx.base@21.0.2/javafx.beans.property.IntegerPropertyBase.toString(IntegerPropertyBase.java:228)
	at java.base/java.lang.String.valueOf(String.java:4465)
	at claims@1.0-SNAPSHOT/claims.models.Policy.toString(Policy.java:166)
	at java.base/java.lang.String.valueOf(String.java:4465)
	at java.base/java.lang.StringBuilder.append(StringBuilder.java:173)
	at javafx.base@21.0.2/javafx.beans.property.IntegerPropertyBase.toString(IntegerPropertyBase.java:228)
	at java.base/java.lang.String.valueOf(String.java:4465)
	at claims@1.0-SNAPSHOT/claims.models.Policy.toString(Policy.java:166)
	at java.base/java.lang.String.valueOf(String.java:4465)
	at java.base/java.lang.StringBuilder.append(StringBuilder.java:173)
	at javafx.base@21.0.2/javafx.beans.property.IntegerPropertyBase.toString(IntegerPropertyBase.java:228)
	at java.base/java.lang.String.valueOf(String.java:4465)
[...]
	at java.base/java.lang.String.valueOf(String.java:4465)
	at java.base/java.lang.StringBuilder.append(StringBuilder.java:173)
	at javafx.base@21.0.2/javafx.beans.property.IntegerPropertyBase.toString(IntegerPropertyBase.java:228)
	at java.base/java.lang.String.valueOf(String.java:4465)
	at claims@1.0-SNAPSHOT/claims.models.Policy.toString(Policy.java:166)
	at java.base/java.lang.String.valueOf(String.java:4465)
	at java.base/java.lang.StringBuilder.append(StringBuilder.java:173)
	at javafx.base@21.0.2/javafx.beans.property.IntegerPropertyBase.toString(IntegerPropertyBase.java:228)
	at java.base/java.lang.String.valueOf(String.java:4465)
	at claims@1.0-SNAPSHOT/claims.models.Policy.toString(Policy.java:166)
	at java.base/java.lang.String.valueOf(String.java:4465)
	at java.base/java.lang.StringBuilder.append(StringBuilder.java:173)
	at javafx.base@21.0.2/javafx.beans.property.IntegerPropertyBase.toString(IntegerPropertyBase.java:228)
	at java.base/java.lang.String.valueOf(String.java:4465)
	at claims@1.0-SNAPSHOT/claims.models.Policy.toString(Policy.java:166)
	at java.base/java.lang.String.valueOf(String.java:4465)
	at java.base/java.lang.StringBuilder.append(StringBuilder.java:173)
	at javafx.base@21.0.2/javafx.beans.property.IntegerPropertyBase.toString(IntegerPropertyBase.java:228)
	at java.base/java.lang.String.valueOf(String.java:4465)
	at claims@1.0-SNAPSHOT/claims.models.Policy.toString(Policy.java:166)
	at java.base/java.lang.String.valueOf(String.java:4465)
	at java.base/java.lang.StringBuilder.append(StringBuilder.java:173)
	at javafx.base@21.0.2/javafx.beans.property.IntegerPropertyBase.toString(IntegerPropertyBase.java:228)
	at java.base/java.lang.String.valueOf(String.java:4465)
	at claims@1.0-SNAPSHOT/claims.models.Policy.toString(Policy.java:166)
	at java.base/java.lang.String.valueOf(String.java:4465)
	at java.base/java.lang.StringBuilder.append(StringBuilder.java:173)
	at javafx.base@21.0.2/javafx.beans.property.IntegerPropertyBase.toString(IntegerPropertyBase.java:228)
	at java.base/java.lang.String.valueOf(String.java:4465)
	at claims@1.0-SNAPSHOT/claims.models.Policy.toString(Policy.java:166)
	at java.base/java.lang.String.valueOf(String.java:4465)
	at java.base/java.lang.StringBuilder.append(StringBuilder.java:173)
	at javafx.base@21.0.2/javafx.beans.property.IntegerPropertyBase.toString(IntegerPropertyBase.java:228)
	at java.base/java.lang.String.valueOf(String.java:4465)
	at claims@1.0-SNAPSHOT/claims.models.Policy.toString(Policy.java:166)
	at java.base/java.lang.String.valueOf(String.java:4465)
	at java.base/java.lang.StringBuilder.append(StringBuilder.java:173)
	at javafx.base@21.0.2/javafx.beans.property.IntegerPropertyBase.toString(IntegerPropertyBase.java:228)
	at java.base/java.lang.String.valueOf(String.java:4465)
	at claims@1.0-SNAPSHOT/claims.models.Policy.toString(Policy.java:166)
	at java.base/java.lang.String.valueOf(String.java:4465)
	at java.base/java.lang.StringBuilder.append(StringBuilder.java:173)
	at javafx.base@21.0.2/javafx.beans.property.IntegerPropertyBase.toString(IntegerPropertyBase.java:228)
	at java.base/java.lang.String.valueOf(String.java:4465)
	at claims@1.0-SNAPSHOT/claims.models.Policy.toString(Policy.java:166)
	at java.base/java.lang.String.valueOf(String.java:4465)
	at java.base/java.lang.StringBuilder.append(StringBuilder.java:173)
	at javafx.base@21.0.2/javafx.beans.property.IntegerPropertyBase.toString(IntegerPropertyBase.java:228)
	at java.base/java.lang.String.valueOf(String.java:4465)
	at claims@1.0-SNAPSHOT/claims.models.Policy.toString(Policy.java:166)
	at java.base/java.lang.String.valueOf(String.java:4465)
	at java.base/java.lang.StringBuilder.append(StringBuilder.java:173)
	at javafx.base@21.0.2/javafx.beans.property.IntegerPropertyBase.toString(IntegerPropertyBase.java:228)
	at java.base/java.lang.String.valueOf(String.java:4465)
	at claims@1.0-SNAPSHOT/claims.models.Policy.toString(Policy.java:166)
	at java.base/java.lang.String.valueOf(String.java:4465)
	at java.base/java.lang.StringBuilder.append(StringBuilder.java:173)
	at javafx.base@21.0.2/javafx.beans.property.IntegerPropertyBase.toString(IntegerPropertyBase.java:228)
	at java.base/java.lang.String.valueOf(String.java:4465)
	at claims@1.0-SNAPSHOT/claims.models.Policy.toString(Policy.java:166)
	at java.base/java.lang.String.valueOf(String.java:4465)
	at java.base/java.lang.StringBuilder.append(StringBuilder.java:173)
	at javafx.base@21.0.2/javafx.beans.property.IntegerPropertyBase.toString(IntegerPropertyBase.java:228)
	at java.base/java.lang.String.valueOf(String.java:4465)
	at claims@1.0-SNAPSHOT/claims.models.Policy.toString(Policy.java:166)
	at java.base/java.lang.String.valueOf(String.java:4465)
	at java.base/java.lang.StringBuilder.append(StringBuilder.java:173)
	at javafx.base@21.0.2/javafx.beans.property.IntegerPropertyBase.toString(IntegerPropertyBase.java:228)
	at java.base/java.lang.String.valueOf(String.java:4465)
	at claims@1.0-SNAPSHOT/claims.models.Policy.toString(Policy.java:166)
	at java.base/java.lang.String.valueOf(String.java:4465)
	at java.base/java.lang.StringBuilder.append(StringBuilder.java:173)
	at javafx.base@21.0.2/javafx.beans.property.IntegerPropertyBase.toString(IntegerPropertyBase.java:228)
	at java.base/java.lang.String.valueOf(String.java:4465)
	at claims@1.0-SNAPSHOT/claims.models.Policy.toString(Policy.java:166)
	at java.base/java.lang.String.valueOf(String.java:4465)
	at java.base/java.lang.StringBuilder.append(StringBuilder.java:173)
	at javafx.base@21.0.2/javafx.beans.property.IntegerPropertyBase.toString(IntegerPropertyBase.java:228)
	at java.base/java.lang.String.valueOf(String.java:4465)
	at claims@1.0-SNAPSHOT/claims.models.Policy.toString(Policy.java:166)
	at java.base/java.lang.String.valueOf(String.java:4465)
	at java.base/java.lang.StringBuilder.append(StringBuilder.java:173)
	at javafx.base@21.0.2/javafx.beans.property.IntegerPropertyBase.toString(IntegerPropertyBase.java:228)
	at java.base/java.lang.String.valueOf(String.java:4465)
	at claims@1.0-SNAPSHOT/claims.models.Policy.toString(Policy.java:166)
	at java.base/java.lang.String.valueOf(String.java:4465)
	at java.base/java.lang.StringBuilder.append(StringBuilder.java:173)
	at javafx.base@21.0.2/javafx.beans.property.IntegerPropertyBase.toString(IntegerPropertyBase.java:228)
	at java.base/java.lang.String.valueOf(String.java:4465)
	at claims@1.0-SNAPSHOT/claims.models.Policy.toString(Policy.java:166)
	at java.base/java.lang.String.valueOf(String.java:4465)
	at java.base/java.lang.StringBuilder.append(StringBuilder.java:173)
	at javafx.base@21.0.2/javafx.beans.property.IntegerPropertyBase.toString(IntegerPropertyBase.java:228)
	at java.base/java.lang.String.valueOf(String.java:4465)
	at claims@1.0-SNAPSHOT/claims.models.Policy.toString(Policy.java:166)
	at java.base/java.lang.String.valueOf(String.java:4465)
	at java.base/java.lang.StringBuilder.append(StringBuilder.java:173)
	at javafx.base@21.0.2/javafx.beans.property.IntegerPropertyBase.toString(IntegerPropertyBase.java:228)
	at java.base/java.lang.String.valueOf(String.java:4465)
	at claims@1.0-SNAPSHOT/claims.models.Policy.toString(Policy.java:166)
	at java.base/java.lang.String.valueOf(String.java:4465)
	at java.base/java.lang.StringBuilder.append(StringBuilder.java:173)
	at javafx.base@21.0.2/javafx.beans.property.IntegerPropertyBase.toString(IntegerPropertyBase.java:228)
	at java.base/java.lang.String.valueOf(String.java:4465)
	at claims@1.0-SNAPSHOT/claims.models.Policy.toString(Policy.java:166)
	at java.base/java.lang.String.valueOf(String.java:4465)
	at java.base/java.lang.StringBuilder.append(StringBuilder.java:173)
	at javafx.base@21.0.2/javafx.beans.property.IntegerPropertyBase.toString(IntegerPropertyBase.java:228)
	at java.base/java.lang.String.valueOf(String.java:4465)
	at claims@1.0-SNAPSHOT/claims.models.Policy.toString(Policy.java:166)
	at java.base/java.lang.String.valueOf(String.java:4465)
	at java.base/java.lang.StringBuilder.append(StringBuilder.java:173)
	at javafx.base@21.0.2/javafx.beans.property.IntegerPropertyBase.toString(IntegerPropertyBase.java:228)
	at java.base/java.lang.String.valueOf(String.java:4465)
	at claims@1.0-SNAPSHOT/claims.models.Policy.toString(Policy.java:166)
	at java.base/java.lang.String.valueOf(String.java:4465)
	at java.base/java.lang.StringBuilder.append(StringBuilder.java:173)
	at javafx.base@21.0.2/javafx.beans.property.IntegerPropertyBase.toString(IntegerPropertyBase.java:228)
	at java.base/java.lang.String.valueOf(String.java:4465)
	at claims@1.0-SNAPSHOT/claims.models.Policy.toString(Policy.java:166)
	at java.base/java.lang.String.valueOf(String.java:4465)
	at java.base/java.lang.StringBuilder.append(StringBuilder.java:173)
	at javafx.base@21.0.2/javafx.beans.property.IntegerPropertyBase.toString(IntegerPropertyBase.java:228)
	at java.base/java.lang.String.valueOf(String.java:4465)
	at claims@1.0-SNAPSHOT/claims.models.Policy.toString(Policy.java:166)
	at java.base/java.lang.String.valueOf(String.java:4465)
	at java.base/java.lang.StringBuilder.append(StringBuilder.java:173)
	at javafx.base@21.0.2/javafx.beans.property.IntegerPropertyBase.toString(IntegerPropertyBase.java:228)
	at java.base/java.lang.String.valueOf(String.java:4465)
	at claims@1.0-SNAPSHOT/claims.models.Policy.toString(Policy.java:166)
	at java.base/java.lang.String.valueOf(String.java:4465)
	at java.base/java.lang.StringBuilder.append(StringBuilder.java:173)
	at javafx.base@21.0.2/javafx.beans.property.IntegerPropertyBase.toString(IntegerPropertyBase.java:228)
	at java.base/java.lang.String.valueOf(String.java:4465)
	at claims@1.0-SNAPSHOT/claims.models.Policy.toString(Policy.java:166)
	at java.base/java.lang.String.valueOf(String.java:4465)
	at java.base/java.lang.StringBuilder.append(StringBuilder.java:173)
	at javafx.base@21.0.2/javafx.beans.property.IntegerPropertyBase.toString(IntegerPropertyBase.java:228)
	at java.base/java.lang.String.valueOf(String.java:4465)
	at claims@1.0-SNAPSHOT/claims.models.Policy.toString(Policy.java:166)
	at java.base/java.lang.String.valueOf(String.java:4465)
	at java.base/java.lang.StringBuilder.append(StringBuilder.java:173)
	at javafx.base@21.0.2/javafx.beans.property.IntegerPropertyBase.toString(IntegerPropertyBase.java:228)
	at java.base/java.lang.String.valueOf(String.java:4465)
	at claims@1.0-SNAPSHOT/claims.models.Policy.toString(Policy.java:166)
	at java.base/java.lang.String.valueOf(String.java:4465)
	at java.base/java.lang.StringBuilder.append(StringBuilder.java:173)
	at javafx.base@21.0.2/javafx.beans.property.IntegerPropertyBase.toString(IntegerPropertyBase.java:228)
	at java.base/java.lang.String.valueOf(String.java:4465)
	at claims@1.0-SNAPSHOT/claims.models.Policy.toString(Policy.java:166)
	at java.base/java.lang.String.valueOf(String.java:4465)
	at java.base/java.lang.StringBuilder.append(StringBuilder.java:173)
	at javafx.base@21.0.2/javafx.beans.property.IntegerPropertyBase.toString(IntegerPropertyBase.java:228)
	at java.base/java.lang.String.valueOf(String.java:4465)
	at claims@1.0-SNAPSHOT/claims.models.Policy.toString(Policy.java:166)
	at java.base/java.lang.String.valueOf(String.java:4465)
	at java.base/java.lang.StringBuilder.append(StringBuilder.java:173)
	at javafx.base@21.0.2/javafx.beans.property.IntegerPropertyBase.toString(IntegerPropertyBase.java:228)
	at java.base/java.lang.String.valueOf(String.java:4465)
	at claims@1.0-SNAPSHOT/claims.models.Policy.toString(Policy.java:166)
	at java.base/java.lang.String.valueOf(String.java:4465)
	at java.base/java.lang.StringBuilder.append(StringBuilder.java:173)
	at javafx.base@21.0.2/javafx.beans.property.IntegerPropertyBase.toString(IntegerPropertyBase.java:228)
	at java.base/java.lang.String.valueOf(String.java:4465)
	at claims@1.0-SNAPSHOT/claims.models.Policy.toString(Policy.java:166)
	at java.base/java.lang.String.valueOf(String.java:4465)
	at java.base/java.lang.StringBuilder.append(StringBuilder.java:173)
	at javafx.base@21.0.2/javafx.beans.property.IntegerPropertyBase.toString(IntegerPropertyBase.java:228)
	at java.base/java.lang.String.valueOf(String.java:4465)
	at claims@1.0-SNAPSHOT/claims.models.Policy.toString(Policy.java:166)
	at java.base/java.lang.String.valueOf(String.java:4465)
	at java.base/java.lang.StringBuilder.append(StringBuilder.java:173)
	at javafx.base@21.0.2/javafx.beans.property.IntegerPropertyBase.toString(IntegerPropertyBase.java:228)
	at java.base/java.lang.String.valueOf(String.java:4465)
	at claims@1.0-SNAPSHOT/claims.models.Policy.toString(Policy.java:166)
	at java.base/java.lang.String.valueOf(String.java:4465)
	at java.base/java.lang.StringBuilder.append(StringBuilder.java:173)
	at javafx.base@21.0.2/javafx.beans.property.IntegerPropertyBase.toString(IntegerPropertyBase.java:228)
	at java.base/java.lang.String.valueOf(String.java:4465)
	at claims@1.0-SNAPSHOT/claims.models.Policy.toString(Policy.java:166)
	at java.base/java.lang.String.valueOf(String.java:4465)
	at java.base/java.lang.StringBuilder.append(StringBuilder.java:173)
	at javafx.base@21.0.2/javafx.beans.property.IntegerPropertyBase.toString(IntegerPropertyBase.java:228)
	at java.base/java.lang.String.valueOf(String.java:4465)
	at claims@1.0-SNAPSHOT/claims.models.Policy.toString(Policy.java:166)
	at java.base/java.lang.String.valueOf(String.java:4465)
	at java.base/java.lang.StringBuilder.append(StringBuilder.java:173)
	at javafx.base@21.0.2/javafx.beans.property.IntegerPropertyBase.toString(IntegerPropertyBase.java:228)
	at java.base/java.lang.String.valueOf(String.java:4465)
	at claims@1.0-SNAPSHOT/claims.models.Policy.toString(Policy.java:166)
	at java.base/java.lang.String.valueOf(String.java:4465)
	at java.base/java.lang.StringBuilder.append(StringBuilder.java:173)
	at javafx.base@21.0.2/javafx.beans.property.IntegerPropertyBase.toString(IntegerPropertyBase.java:228)
	at java.base/java.lang.String.valueOf(String.java:4465)
	at claims@1.0-SNAPSHOT/claims.models.Policy.toString(Policy.java:166)
	at java.base/java.lang.String.valueOf(String.java:4465)
	at java.base/java.lang.StringBuilder.append(StringBuilder.java:173)
	at javafx.base@21.0.2/javafx.beans.property.IntegerPropertyBase.toString(IntegerPropertyBase.java:228)
	at java.base/java.lang.String.valueOf(String.java:4465)
	at claims@1.0-SNAPSHOT/claims.models.Policy.toString(Policy.java:166)
	at java.base/java.lang.String.valueOf(String.java:4465)
	at java.base/java.lang.StringBuilder.append(StringBuilder.java:173)
	at javafx.base@21.0.2/javafx.beans.property.IntegerPropertyBase.toString(IntegerPropertyBase.java:228)
	at java.base/java.lang.String.valueOf(String.java:4465)
	at claims@1.0-SNAPSHOT/claims.models.Policy.toString(Policy.java:166)
	at java.base/java.lang.String.valueOf(String.java:4465)
	at java.base/java.lang.StringBuilder.append(StringBuilder.java:173)
	at javafx.base@21.0.2/javafx.beans.property.IntegerPropertyBase.toString(IntegerPropertyBase.java:228)
	at java.base/java.lang.String.valueOf(String.java:4465)
	at claims@1.0-SNAPSHOT/claims.models.Policy.toString(Policy.java:166)
	at java.base/java.lang.String.valueOf(String.java:4465)
	at java.base/java.lang.StringBuilder.append(StringBuilder.java:173)
	at javafx.base@21.0.2/javafx.beans.property.IntegerPropertyBase.toString(IntegerPropertyBase.java:228)
	at java.base/java.lang.String.valueOf(String.java:4465)
	at claims@1.0-SNAPSHOT/claims.models.Policy.toString(Policy.java:166)
	at java.base/java.lang.String.valueOf(String.java:4465)
	at java.base/java.lang.StringBuilder.append(StringBuilder.java:173)
	at javafx.base@21.0.2/javafx.beans.property.IntegerPropertyBase.toString(IntegerPropertyBase.java:228)
	at java.base/java.lang.String.valueOf(String.java:4465)
	at claims@1.0-SNAPSHOT/claims.models.Policy.toString(Policy.java:166)
	at java.base/java.lang.String.valueOf(String.java:4465)
	at java.base/java.lang.StringBuilder.append(StringBuilder.java:173)
	at javafx.base@21.0.2/javafx.beans.property.IntegerPropertyBase.toString(IntegerPropertyBase.java:228)
	at java.base/java.lang.String.valueOf(String.java:4465)
	at claims@1.0-SNAPSHOT/claims.models.Policy.toString(Policy.java:166)
	at java.base/java.lang.String.valueOf(String.java:4465)
	at java.base/java.lang.StringBuilder.append(StringBuilder.java:173)
	at javafx.base@21.0.2/javafx.beans.property.IntegerPropertyBase.toString(IntegerPropertyBase.java:228)
	at java.base/java.lang.String.valueOf(String.java:4465)
	at claims@1.0-SNAPSHOT/claims.models.Policy.toString(Policy.java:166)
	at java.base/java.lang.String.valueOf(String.java:4465)
	at java.base/java.lang.StringBuilder.append(StringBuilder.java:173)
	at javafx.base@21.0.2/javafx.beans.property.IntegerPropertyBase.toString(IntegerPropertyBase.java:228)
	at java.base/java.lang.String.valueOf(String.java:4465)
	at claims@1.0-SNAPSHOT/claims.models.Policy.toString(Policy.java:166)
	at java.base/java.lang.String.valueOf(String.java:4465)
	at java.base/java.lang.StringBuilder.append(StringBuilder.java:173)
	at javafx.base@21.0.2/javafx.beans.property.IntegerPropertyBase.toString(IntegerPropertyBase.java:228)
	at java.base/java.lang.String.valueOf(String.java:4465)
	at claims@1.0-SNAPSHOT/claims.models.Policy.toString(Policy.java:166)
	at java.base/java.lang.String.valueOf(String.java:4465)
	at java.base/java.lang.StringBuilder.append(StringBuilder.java:173)
	at javafx.base@21.0.2/javafx.beans.property.IntegerPropertyBase.toString(IntegerPropertyBase.java:228)
	at java.base/java.lang.String.valueOf(String.java:4465)
	at claims@1.0-SNAPSHOT/claims.models.Policy.toString(Policy.java:166)
	at java.base/java.lang.String.valueOf(String.java:4465)
	at java.base/java.lang.StringBuilder.append(StringBuilder.java:173)
	at javafx.base@21.0.2/javafx.beans.property.IntegerPropertyBase.toString(IntegerPropertyBase.java:228)
	at java.base/java.lang.String.valueOf(String.java:4465)
	at claims@1.0-SNAPSHOT/claims.models.Policy.toString(Policy.java:166)
	at java.base/java.lang.String.valueOf(String.java:4465)
	at java.base/java.lang.StringBuilder.append(StringBuilder.java:173)
	at javafx.base@21.0.2/javafx.beans.property.IntegerPropertyBase.toString(IntegerPropertyBase.java:228)
	at java.base/java.lang.String.valueOf(String.java:4465)
	at claims@1.0-SNAPSHOT/claims.models.Policy.toString(Policy.java:166)
	at java.base/java.lang.String.valueOf(String.java:4465)
	at java.base/java.lang.StringBuilder.append(StringBuilder.java:173)
	at javafx.base@21.0.2/javafx.beans.property.IntegerPropertyBase.toString(IntegerPropertyBase.java:228)
	at java.base/java.lang.String.valueOf(String.java:4465)
	at claims@1.0-SNAPSHOT/claims.models.Policy.toString(Policy.java:166)
	at java.base/java.lang.String.valueOf(String.java:4465)
	at java.base/java.lang.StringBuilder.append(StringBuilder.java:173)
	at javafx.base@21.0.2/javafx.beans.property.IntegerPropertyBase.toString(IntegerPropertyBase.java:228)
	at java.base/java.lang.String.valueOf(String.java:4465)
	at claims@1.0-SNAPSHOT/claims.models.Policy.toString(Policy.java:166)
	at java.base/java.lang.String.valueOf(String.java:4465)
	at java.base/java.lang.StringBuilder.append(StringBuilder.java:173)
	at javafx.base@21.0.2/javafx.beans.property.IntegerPropertyBase.toString(IntegerPropertyBase.java:228)
	at java.base/java.lang.String.valueOf(String.java:4465)
	at claims@1.0-SNAPSHOT/claims.models.Policy.toString(Policy.java:166)
	at java.base/java.lang.String.valueOf(String.java:4465)
	at java.base/java.lang.StringBuilder.append(StringBuilder.java:173)
	at javafx.base@21.0.2/javafx.beans.property.IntegerPropertyBase.toString(IntegerPropertyBase.java:228)
	at java.base/java.lang.String.valueOf(String.java:4465)
	at claims@1.0-SNAPSHOT/claims.models.Policy.toString(Policy.java:166)
	at java.base/java.lang.String.valueOf(String.java:4465)
	at java.base/java.lang.StringBuilder.append(StringBuilder.java:173)
	at javafx.base@21.0.2/javafx.beans.property.IntegerPropertyBase.toString(IntegerPropertyBase.java:228)
	at java.base/java.lang.String.valueOf(String.java:4465)

