-------------------------------------------------------------------------------
Test set: tests.CustomerTest
-------------------------------------------------------------------------------
Tests run: 9, Failures: 0, Errors: 8, Skipped: 0, Time elapsed: 0.057 s <<< FAILURE! -- in tests.CustomerTest
tests.CustomerTest.testToString -- Time elapsed: 0.004 s <<< ERROR!
java.lang.StackOverflowError
	at claims@1.0-SNAPSHOT/claims.models.Customer.toString(Customer.java:125)
	at java.base/java.lang.String.valueOf(String.java:4465)
	at java.base/java.lang.StringBuilder.append(StringBuilder.java:173)
	at javafx.base@21.0.2/javafx.beans.property.IntegerPropertyBase.toString(IntegerPropertyBase.java:228)
	at java.base/java.lang.String.valueOf(String.java:4465)
	at claims@1.0-SNAPSHOT/claims.models.Customer.toString(Customer.java:131)
	at java.base/java.lang.String.valueOf(String.java:4465)
	at java.base/java.lang.StringBuilder.append(StringBuilder.java:173)
	at javafx.base@21.0.2/javafx.beans.property.IntegerPropertyBase.toString(IntegerPropertyBase.java:228)
	at java.base/java.lang.String.valueOf(String.java:4465)
	at claims@1.0-SNAPSHOT/claims.models.Customer.toString(Customer.java:131)
	at java.base/java.lang.String.valueOf(String.java:4465)
	at java.base/java.lang.StringBuilder.append(StringBuilder.java:173)
	at javafx.base@21.0.2/javafx.beans.property.IntegerPropertyBase.toString(IntegerPropertyBase.java:228)
	at java.base/java.lang.String.valueOf(String.java:4465)
	at claims@1.0-SNAPSHOT/claims.models.Customer.toString(Customer.java:131)
	at java.base/java.lang.String.valueOf(String.java:4465)
	at java.base/java.lang.StringBuilder.append(StringBuilder.java:173)
	at javafx.base@21.0.2/javafx.beans.property.IntegerPropertyBase.toString(IntegerPropertyBase.java:228)
	at java.base/java.lang.String.valueOf(String.java:4465)
	at claims@1.0-SNAPSHOT/claims.models.Customer.toString(Customer.java:131)
	at java.base/java.lang.String.valueOf(String.java:4465)
	at java.base/java.lang.StringBuilder.append(StringBuilder.java:173)
	at javafx.base@21.0.2/javafx.beans.property.IntegerPropertyBase.toString(IntegerPropertyBase.java:228)
	at java.base/java.lang.String.valueOf(String.java:4465)
	at claims@1.0-SNAPSHOT/claims.models.Customer.toString(Customer.java:131)
	at java.base/java.lang.String.valueOf(String.java:4465)
	at java.base/java.lang.StringBuilder.append(StringBuilder.java:173)
	at javafx.base@21.0.2/javafx.beans.property.IntegerPropertyBase.toString(IntegerPropertyBase.java:228)
	at java.base/java.lang.String.valueOf(String.java:4465)
	at claims@1.0-SNAPSHOT/claims.models.Customer.toString(Customer.java:131)
	at java.base/java.lang.String.valueOf(String.java:4465)
	at java.base/java.lang.StringBuilder.append(StringBuilder.java:173)
	at javafx.base@21.0.2/javafx.beans.property.IntegerPropertyBase.toString(IntegerPropertyBase.java:228)
	at java.base/java.lang.String.valueOf(String.java:4465)
	at claims@1.0-SNAPSHOT/claims.models.Customer.toString(Customer.java:131)
	at java.base/java.lang.String.valueOf(String.java:4465)
	at java.base/java.lang.StringBuilder.append(StringBuilder.java:173)
	at javafx.base@21.0.2/javafx.beans.property.IntegerPropertyBase.toString(IntegerPropertyBase.java:228)
	at java.base/java.lang.String.valueOf(String.java:4465)
	at claims@1.0-SNAPSHOT/claims.models.Customer.toString(Customer.java:131)
	at java.base/java.lang.String.valueOf(String.java:4465)
	at java.base/java.lang.StringBuilder.append(StringBuilder.java:173)
	at javafx.base@21.0.2/javafx.beans.property.IntegerPropertyBase.toString(IntegerPropertyBase.java:228)
	at java.base/java.lang.String.valueOf(String.java:4465)
	at claims@1.0-SNAPSHOT/claims.models.Customer.toString(Customer.java:131)
	at java.base/java.lang.String.valueOf(String.java:4465)
	at java.base/java.lang.StringBuilder.append(StringBuilder.java:173)
	at javafx.base@21.0.2/javafx.beans.property.IntegerPropertyBase.toString(IntegerPropertyBase.java:228)
	at java.base/java.lang.String.valueOf(String.java:4465)
	at claims@1.0-SNAPSHOT/claims.models.Customer.toString(Customer.java:131)
	at java.base/java.lang.String.valueOf(String.java:4465)
	at java.base/java.lang.StringBuilder.append(StringBuilder.java:173)
	at javafx.base@21.0.2/javafx.beans.property.IntegerPropertyBase.toString(IntegerPropertyBase.java:228)
	at java.base/java.lang.String.valueOf(String.java:4465)
	at claims@1.0-SNAPSHOT/claims.models.Customer.toString(Customer.java:131)
	at java.base/java.lang.String.valueOf(String.java:4465)
	at java.base/java.lang.StringBuilder.append(StringBuilder.java:173)
	at javafx.base@21.0.2/javafx.beans.property.IntegerPropertyBase.toString(IntegerPropertyBase.java:228)
	at java.base/java.lang.String.valueOf(String.java:4465)
	at claims@1.0-SNAPSHOT/claims.models.Customer.toString(Customer.java:131)
	at java.base/java.lang.String.valueOf(String.java:4465)
	at java.base/java.lang.StringBuilder.append(StringBuilder.java:173)
	at javafx.base@21.0.2/javafx.beans.property.IntegerPropertyBase.toString(IntegerPropertyBase.java:228)
	at java.base/java.lang.String.valueOf(String.java:4465)
	at claims@1.0-SNAPSHOT/claims.models.Customer.toString(Customer.java:131)
	at java.base/java.lang.String.valueOf(String.java:4465)
	at java.base/java.lang.StringBuilder.append(StringBuilder.java:173)
	at javafx.base@21.0.2/javafx.beans.property.IntegerPropertyBase.toString(IntegerPropertyBase.java:228)
	at java.base/java.lang.String.valueOf(String.java:4465)
	at claims@1.0-SNAPSHOT/claims.models.Customer.toString(Customer.java:131)
	at java.base/java.lang.String.valueOf(String.java:4465)
	at java.base/java.lang.StringBuilder.append(StringBuilder.java:173)
	at javafx.base@21.0.2/javafx.beans.property.IntegerPropertyBase.toString(IntegerPropertyBase.java:228)
	at java.base/java.lang.String.valueOf(String.java:4465)
	at claims@1.0-SNAPSHOT/claims.models.Customer.toString(Customer.java:131)
	at java.base/java.lang.String.valueOf(String.java:4465)
	at java.base/java.lang.StringBuilder.append(StringBuilder.java:173)
	at javafx.base@21.0.2/javafx.beans.property.IntegerPropertyBase.toString(IntegerPropertyBase.java:228)
	at java.base/java.lang.String.valueOf(String.java:4465)
	at claims@1.0-SNAPSHOT/claims.models.Customer.toString(Customer.java:131)
	at java.base/java.lang.String.valueOf(String.java:4465)
	at java.base/java.lang.StringBuilder.append(StringBuilder.java:173)
	at javafx.base@21.0.2/javafx.beans.property.IntegerPropertyBase.toString(IntegerPropertyBase.java:228)
	at java.base/java.lang.String.valueOf(String.java:4465)
	at claims@1.0-SNAPSHOT/claims.models.Customer.toString(Customer.java:131)
	at java.base/java.lang.String.valueOf(String.java:4465)
	at java.base/java.lang.StringBuilder.append(StringBuilder.java:173)
	at javafx.base@21.0.2/javafx.beans.property.IntegerPropertyBase.toString(IntegerPropertyBase.java:228)
	at java.base/java.lang.String.valueOf(String.java:4465)
	at claims@1.0-SNAPSHOT/claims.models.Customer.toString(Customer.java:131)
	at java.base/java.lang.String.valueOf(String.java:4465)
	at java.base/java.lang.StringBuilder.append(StringBuilder.java:173)
	at javafx.base@21.0.2/javafx.beans.property.IntegerPropertyBase.toString(IntegerPropertyBase.java:228)
	at java.base/java.lang.String.valueOf(String.java:4465)
	at claims@1.0-SNAPSHOT/claims.models.Customer.toString(Customer.java:131)
	at java.base/java.lang.String.valueOf(String.java:4465)
	at java.base/java.lang.StringBuilder.append(StringBuilder.java:173)
	at javafx.base@21.0.2/javafx.beans.property.IntegerPropertyBase.toString(IntegerPropertyBase.java:228)
	at java.base/java.lang.String.valueOf(String.java:4465)
	at claims@1.0-SNAPSHOT/claims.models.Customer.toString(Customer.java:131)
	at java.base/java.lang.String.valueOf(String.java:4465)
	at java.base/java.lang.StringBuilder.append(StringBuilder.java:173)
	at javafx.base@21.0.2/javafx.beans.property.IntegerPropertyBase.toString(IntegerPropertyBase.java:228)
	at java.base/java.lang.String.valueOf(String.java:4465)
	at claims@1.0-SNAPSHOT/claims.models.Customer.toString(Customer.java:131)
	at java.base/java.lang.String.valueOf(String.java:4465)
	at java.base/java.lang.StringBuilder.append(StringBuilder.java:173)
	at javafx.base@21.0.2/javafx.beans.property.IntegerPropertyBase.toString(IntegerPropertyBase.java:228)
	at java.base/java.lang.String.valueOf(String.java:4465)
	at claims@1.0-SNAPSHOT/claims.models.Customer.toString(Customer.java:131)
	at java.base/java.lang.String.valueOf(String.java:4465)
	at java.base/java.lang.StringBuilder.append(StringBuilder.java:173)
	at javafx.base@21.0.2/javafx.beans.property.IntegerPropertyBase.toString(IntegerPropertyBase.java:228)
	at java.base/java.lang.String.valueOf(String.java:4465)
	at claims@1.0-SNAPSHOT/claims.models.Customer.toString(Customer.java:131)
	at java.base/java.lang.String.valueOf(String.java:4465)
	at java.base/java.lang.StringBuilder.append(StringBuilder.java:173)
	at javafx.base@21.0.2/javafx.beans.property.IntegerPropertyBase.toString(IntegerPropertyBase.java:228)
	at java.base/java.lang.String.valueOf(String.java:4465)
	at claims@1.0-SNAPSHOT/claims.models.Customer.toString(Customer.java:131)
	at java.base/java.lang.String.valueOf(String.java:4465)
	at java.base/java.lang.StringBuilder.append(StringBuilder.java:173)
	at javafx.base@21.0.2/javafx.beans.property.IntegerPropertyBase.toString(IntegerPropertyBase.java:228)
	at java.base/java.lang.String.valueOf(String.java:4465)
	at claims@1.0-SNAPSHOT/claims.models.Customer.toString(Customer.java:131)
	at java.base/java.lang.String.valueOf(String.java:4465)
	at java.base/java.lang.StringBuilder.append(StringBuilder.java:173)
	at javafx.base@21.0.2/javafx.beans.property.IntegerPropertyBase.toString(IntegerPropertyBase.java:228)
	at java.base/java.lang.String.valueOf(String.java:4465)
	at claims@1.0-SNAPSHOT/claims.models.Customer.toString(Customer.java:131)
	at java.base/java.lang.String.valueOf(String.java:4465)
	at java.base/java.lang.StringBuilder.append(StringBuilder.java:173)
	at javafx.base@21.0.2/javafx.beans.property.IntegerPropertyBase.toString(IntegerPropertyBase.java:228)
	at java.base/java.lang.String.valueOf(String.java:4465)
	at claims@1.0-SNAPSHOT/claims.models.Customer.toString(Customer.java:131)
	at java.base/java.lang.String.valueOf(String.java:4465)
	at java.base/java.lang.StringBuilder.append(StringBuilder.java:173)
	at javafx.base@21.0.2/javafx.beans.property.IntegerPropertyBase.toString(IntegerPropertyBase.java:228)
	at java.base/java.lang.String.valueOf(String.java:4465)
	at claims@1.0-SNAPSHOT/claims.models.Customer.toString(Customer.java:131)
	at java.base/java.lang.String.valueOf(String.java:4465)
	at java.base/java.lang.StringBuilder.append(StringBuilder.java:173)
	at javafx.base@21.0.2/javafx.beans.property.IntegerPropertyBase.toString(IntegerPropertyBase.java:228)
	at java.base/java.lang.String.valueOf(String.java:4465)
	at claims@1.0-SNAPSHOT/claims.models.Customer.toString(Customer.java:131)
	at java.base/java.lang.String.valueOf(String.java:4465)
	at java.base/java.lang.StringBuilder.append(StringBuilder.java:173)
	at javafx.base@21.0.2/javafx.beans.property.IntegerPropertyBase.toString(IntegerPropertyBase.java:228)
	at java.base/java.lang.String.valueOf(String.java:4465)
	at claims@1.0-SNAPSHOT/claims.models.Customer.toString(Customer.java:131)
	at java.base/java.lang.String.valueOf(String.java:4465)
	at java.base/java.lang.StringBuilder.append(StringBuilder.java:173)
	at javafx.base@21.0.2/javafx.beans.property.IntegerPropertyBase.toString(IntegerPropertyBase.java:228)
	at java.base/java.lang.String.valueOf(String.java:4465)
	at claims@1.0-SNAPSHOT/claims.models.Customer.toString(Customer.java:131)
	at java.base/java.lang.String.valueOf(String.java:4465)
	at java.base/java.lang.StringBuilder.append(StringBuilder.java:173)
	at javafx.base@21.0.2/javafx.beans.property.IntegerPropertyBase.toString(IntegerPropertyBase.java:228)
	at java.base/java.lang.String.valueOf(String.java:4465)
	at claims@1.0-SNAPSHOT/claims.models.Customer.toString(Customer.java:131)
	at java.base/java.lang.String.valueOf(String.java:4465)
	at java.base/java.lang.StringBuilder.append(StringBuilder.java:173)
	at javafx.base@21.0.2/javafx.beans.property.IntegerPropertyBase.toString(IntegerPropertyBase.java:228)
	at java.base/java.lang.String.valueOf(String.java:4465)
	at claims@1.0-SNAPSHOT/claims.models.Customer.toString(Customer.java:131)
	at java.base/java.lang.String.valueOf(String.java:4465)
	at java.base/java.lang.StringBuilder.append(StringBuilder.java:173)
	at javafx.base@21.0.2/javafx.beans.property.IntegerPropertyBase.toString(IntegerPropertyBase.java:228)
	at java.base/java.lang.String.valueOf(String.java:4465)
	at claims@1.0-SNAPSHOT/claims.models.Customer.toString(Customer.java:131)
	at java.base/java.lang.String.valueOf(String.java:4465)
	at java.base/java.lang.StringBuilder.append(StringBuilder.java:173)
	at javafx.base@21.0.2/javafx.beans.property.IntegerPropertyBase.toString(IntegerPropertyBase.java:228)
	at java.base/java.lang.String.valueOf(String.java:4465)
	at claims@1.0-SNAPSHOT/claims.models.Customer.toString(Customer.java:131)
	at java.base/java.lang.String.valueOf(String.java:4465)
	at java.base/java.lang.StringBuilder.append(StringBuilder.java:173)
	at javafx.base@21.0.2/javafx.beans.property.IntegerPropertyBase.toString(IntegerPropertyBase.java:228)
	at java.base/java.lang.String.valueOf(String.java:4465)
	at claims@1.0-SNAPSHOT/claims.models.Customer.toString(Customer.java:131)
	at java.base/java.lang.String.valueOf(String.java:4465)
	at java.base/java.lang.StringBuilder.append(StringBuilder.java:173)
	at javafx.base@21.0.2/javafx.beans.property.IntegerPropertyBase.toString(IntegerPropertyBase.java:228)
	at java.base/java.lang.String.valueOf(String.java:4465)
	at claims@1.0-SNAPSHOT/claims.models.Customer.toString(Customer.java:131)
	at java.base/java.lang.String.valueOf(String.java:4465)
	at java.base/java.lang.StringBuilder.append(StringBuilder.java:173)
	at javafx.base@21.0.2/javafx.beans.property.IntegerPropertyBase.toString(IntegerPropertyBase.java:228)
	at java.base/java.lang.String.valueOf(String.java:4465)
	at claims@1.0-SNAPSHOT/claims.models.Customer.toString(Customer.java:131)
	at java.base/java.lang.String.valueOf(String.java:4465)
	at java.base/java.lang.StringBuilder.append(StringBuilder.java:173)
	at javafx.base@21.0.2/javafx.beans.property.IntegerPropertyBase.toString(IntegerPropertyBase.java:228)
	at java.base/java.lang.String.valueOf(String.java:4465)
	at claims@1.0-SNAPSHOT/claims.models.Customer.toString(Customer.java:131)
	at java.base/java.lang.String.valueOf(String.java:4465)
	at java.base/java.lang.StringBuilder.append(StringBuilder.java:173)
	at javafx.base@21.0.2/javafx.beans.property.IntegerPropertyBase.toString(IntegerPropertyBase.java:228)
	at java.base/java.lang.String.valueOf(String.java:4465)
	at claims@1.0-SNAPSHOT/claims.models.Customer.toString(Customer.java:131)
	at java.base/java.lang.String.valueOf(String.java:4465)
	at java.base/java.lang.StringBuilder.append(StringBuilder.java:173)
	at javafx.base@21.0.2/javafx.beans.property.IntegerPropertyBase.toString(IntegerPropertyBase.java:228)
	at java.base/java.lang.String.valueOf(String.java:4465)
	at claims@1.0-SNAPSHOT/claims.models.Customer.toString(Customer.java:131)
	at java.base/java.lang.String.valueOf(String.java:4465)
	at java.base/java.lang.StringBuilder.append(StringBuilder.java:173)
	at javafx.base@21.0.2/javafx.beans.property.IntegerPropertyBase.toString(IntegerPropertyBase.java:228)
	at java.base/java.lang.String.valueOf(String.java:4465)
	at claims@1.0-SNAPSHOT/claims.models.Customer.toString(Customer.java:131)
	at java.base/java.lang.String.valueOf(String.java:4465)
	at java.base/java.lang.StringBuilder.append(StringBuilder.java:173)
	at javafx.base@21.0.2/javafx.beans.property.IntegerPropertyBase.toString(IntegerPropertyBase.java:228)
	at java.base/java.lang.String.valueOf(String.java:4465)
	at claims@1.0-SNAPSHOT/claims.models.Customer.toString(Customer.java:131)
	at java.base/java.lang.String.valueOf(String.java:4465)
	at java.base/java.lang.StringBuilder.append(StringBuilder.java:173)
	at javafx.base@21.0.2/javafx.beans.property.IntegerPropertyBase.toString(IntegerPropertyBase.java:228)
	at java.base/java.lang.String.valueOf(String.java:4465)
	at claims@1.0-SNAPSHOT/claims.models.Customer.toString(Customer.java:131)
	at java.base/java.lang.String.valueOf(String.java:4465)
	at java.base/java.lang.StringBuilder.append(StringBuilder.java:173)
	at javafx.base@21.0.2/javafx.beans.property.IntegerPropertyBase.toString(IntegerPropertyBase.java:228)
	at java.base/java.lang.String.valueOf(String.java:4465)
	at claims@1.0-SNAPSHOT/claims.models.Customer.toString(Customer.java:131)
	at java.base/java.lang.String.valueOf(String.java:4465)
	at java.base/java.lang.StringBuilder.append(StringBuilder.java:173)
	at javafx.base@21.0.2/javafx.beans.property.IntegerPropertyBase.toString(IntegerPropertyBase.java:228)
	at java.base/java.lang.String.valueOf(String.java:4465)
	at claims@1.0-SNAPSHOT/claims.models.Customer.toString(Customer.java:131)
	at java.base/java.lang.String.valueOf(String.java:4465)
	at java.base/java.lang.StringBuilder.append(StringBuilder.java:173)
	at javafx.base@21.0.2/javafx.beans.property.IntegerPropertyBase.toString(IntegerPropertyBase.java:228)
	at java.base/java.lang.String.valueOf(String.java:4465)
	at claims@1.0-SNAPSHOT/claims.models.Customer.toString(Customer.java:131)
	at java.base/java.lang.String.valueOf(String.java:4465)
	at java.base/java.lang.StringBuilder.append(StringBuilder.java:173)
	at javafx.base@21.0.2/javafx.beans.property.IntegerPropertyBase.toString(IntegerPropertyBase.java:228)
	at java.base/java.lang.String.valueOf(String.java:4465)
	at claims@1.0-SNAPSHOT/claims.models.Customer.toString(Customer.java:131)
	at java.base/java.lang.String.valueOf(String.java:4465)
	at java.base/java.lang.StringBuilder.append(StringBuilder.java:173)
	at javafx.base@21.0.2/javafx.beans.property.IntegerPropertyBase.toString(IntegerPropertyBase.java:228)
	at java.base/java.lang.String.valueOf(String.java:4465)
	at claims@1.0-SNAPSHOT/claims.models.Customer.toString(Customer.java:131)
	at java.base/java.lang.String.valueOf(String.java:4465)
	at java.base/java.lang.StringBuilder.append(StringBuilder.java:173)
	at javafx.base@21.0.2/javafx.beans.property.IntegerPropertyBase.toString(IntegerPropertyBase.java:228)
	at java.base/java.lang.String.valueOf(String.java:4465)
	at claims@1.0-SNAPSHOT/claims.models.Customer.toString(Customer.java:131)
	at java.base/java.lang.String.valueOf(String.java:4465)
	at java.base/java.lang.StringBuilder.append(StringBuilder.java:173)
	at javafx.base@21.0.2/javafx.beans.property.IntegerPropertyBase.toString(IntegerPropertyBase.java:228)
	at java.base/java.lang.String.valueOf(String.java:4465)
	at claims@1.0-SNAPSHOT/claims.models.Customer.toString(Customer.java:131)
	at java.base/java.lang.String.valueOf(String.java:4465)
	at java.base/java.lang.StringBuilder.append(StringBuilder.java:173)
	at javafx.base@21.0.2/javafx.beans.property.IntegerPropertyBase.toString(IntegerPropertyBase.java:228)
	at java.base/java.lang.String.valueOf(String.java:4465)
	at claims@1.0-SNAPSHOT/claims.models.Customer.toString(Customer.java:131)
	at java.base/java.lang.String.valueOf(String.java:4465)
	at java.base/java.lang.StringBuilder.append(StringBuilder.java:173)
	at javafx.base@21.0.2/javafx.beans.property.IntegerPropertyBase.toString(IntegerPropertyBase.java:228)
	at java.base/java.lang.String.valueOf(String.java:4465)
	at claims@1.0-SNAPSHOT/claims.models.Customer.toString(Customer.java:131)
	at java.base/java.lang.String.valueOf(String.java:4465)
	at java.base/java.lang.StringBuilder.append(StringBuilder.java:173)
	at javafx.base@21.0.2/javafx.beans.property.IntegerPropertyBase.toString(IntegerPropertyBase.java:228)
	at java.base/java.lang.String.valueOf(String.java:4465)
	at claims@1.0-SNAPSHOT/claims.models.Customer.toString(Customer.java:131)
	at java.base/java.lang.String.valueOf(String.java:4465)
	at java.base/java.lang.StringBuilder.append(StringBuilder.java:173)
	at javafx.base@21.0.2/javafx.beans.property.IntegerPropertyBase.toString(IntegerPropertyBase.java:228)
	at java.base/java.lang.String.valueOf(String.java:4465)
	at claims@1.0-SNAPSHOT/claims.models.Customer.toString(Customer.java:131)
	at java.base/java.lang.String.valueOf(String.java:4465)
	at java.base/java.lang.StringBuilder.append(StringBuilder.java:173)
	at javafx.base@21.0.2/javafx.beans.property.IntegerPropertyBase.toString(IntegerPropertyBase.java:228)
	at java.base/java.lang.String.valueOf(String.java:4465)
	at claims@1.0-SNAPSHOT/claims.models.Customer.toString(Customer.java:131)
	at java.base/java.lang.String.valueOf(String.java:4465)
	at java.base/java.lang.StringBuilder.append(StringBuilder.java:173)
	at javafx.base@21.0.2/javafx.beans.property.IntegerPropertyBase.toString(IntegerPropertyBase.java:228)
	at java.base/java.lang.String.valueOf(String.java:4465)
	at claims@1.0-SNAPSHOT/claims.models.Customer.toString(Customer.java:131)
	at java.base/java.lang.String.valueOf(String.java:4465)
	at java.base/java.lang.StringBuilder.append(StringBuilder.java:173)
	at javafx.base@21.0.2/javafx.beans.property.IntegerPropertyBase.toString(IntegerPropertyBase.java:228)
	at java.base/java.lang.String.valueOf(String.java:4465)
	at claims@1.0-SNAPSHOT/claims.models.Customer.toString(Customer.java:131)
	at java.base/java.lang.String.valueOf(String.java:4465)
	at java.base/java.lang.StringBuilder.append(StringBuilder.java:173)
	at javafx.base@21.0.2/javafx.beans.property.IntegerPropertyBase.toString(IntegerPropertyBase.java:228)
	at java.base/java.lang.String.valueOf(String.java:4465)
	at claims@1.0-SNAPSHOT/claims.models.Customer.toString(Customer.java:131)
	at java.base/java.lang.String.valueOf(String.java:4465)
	at java.base/java.lang.StringBuilder.append(StringBuilder.java:173)
	at javafx.base@21.0.2/javafx.beans.property.IntegerPropertyBase.toString(IntegerPropertyBase.java:228)
	at java.base/java.lang.String.valueOf(String.java:4465)
	at claims@1.0-SNAPSHOT/claims.models.Customer.toString(Customer.java:131)
	at java.base/java.lang.String.valueOf(String.java:4465)
	at java.base/java.lang.StringBuilder.append(StringBuilder.java:173)
	at javafx.base@21.0.2/javafx.beans.property.IntegerPropertyBase.toString(IntegerPropertyBase.java:228)
	at java.base/java.lang.String.valueOf(String.java:4465)
	at claims@1.0-SNAPSHOT/claims.models.Customer.toString(Customer.java:131)
	at java.base/java.lang.String.valueOf(String.java:4465)
	at java.base/java.lang.StringBuilder.append(StringBuilder.java:173)
	at javafx.base@21.0.2/javafx.beans.property.IntegerPropertyBase.toString(IntegerPropertyBase.java:228)
	at java.base/java.lang.String.valueOf(String.java:4465)
	at claims@1.0-SNAPSHOT/claims.models.Customer.toString(Customer.java:131)
	at java.base/java.lang.String.valueOf(String.java:4465)
	at java.base/java.lang.StringBuilder.append(StringBuilder.java:173)
	at javafx.base@21.0.2/javafx.beans.property.IntegerPropertyBase.toString(IntegerPropertyBase.java:228)
	at java.base/java.lang.String.valueOf(String.java:4465)
	at claims@1.0-SNAPSHOT/claims.models.Customer.toString(Customer.java:131)
	at java.base/java.lang.String.valueOf(String.java:4465)
	at java.base/java.lang.StringBuilder.append(StringBuilder.java:173)
	at javafx.base@21.0.2/javafx.beans.property.IntegerPropertyBase.toString(IntegerPropertyBase.java:228)
	at java.base/java.lang.String.valueOf(String.java:4465)
	at claims@1.0-SNAPSHOT/claims.models.Customer.toString(Customer.java:131)
	at java.base/java.lang.String.valueOf(String.java:4465)
	at java.base/java.lang.StringBuilder.append(StringBuilder.java:173)
	at javafx.base@21.0.2/javafx.beans.property.IntegerPropertyBase.toString(IntegerPropertyBase.java:228)
	at java.base/java.lang.String.valueOf(String.java:4465)
	at claims@1.0-SNAPSHOT/claims.models.Customer.toString(Customer.java:131)
	at java.base/java.lang.String.valueOf(String.java:4465)
	at java.base/java.lang.StringBuilder.append(StringBuilder.java:173)
	at javafx.base@21.0.2/javafx.beans.property.IntegerPropertyBase.toString(IntegerPropertyBase.java:228)
	at java.base/java.lang.String.valueOf(String.java:4465)
	at claims@1.0-SNAPSHOT/claims.models.Customer.toString(Customer.java:131)
	at java.base/java.lang.String.valueOf(String.java:4465)
	at java.base/java.lang.StringBuilder.append(StringBuilder.java:173)
	at javafx.base@21.0.2/javafx.beans.property.IntegerPropertyBase.toString(IntegerPropertyBase.java:228)
	at java.base/java.lang.String.valueOf(String.java:4465)
	at claims@1.0-SNAPSHOT/claims.models.Customer.toString(Customer.java:131)
	at java.base/java.lang.String.valueOf(String.java:4465)
	at java.base/java.lang.StringBuilder.append(StringBuilder.java:173)
	at javafx.base@21.0.2/javafx.beans.property.IntegerPropertyBase.toString(IntegerPropertyBase.java:228)
	at java.base/java.lang.String.valueOf(String.java:4465)
	at claims@1.0-SNAPSHOT/claims.models.Customer.toString(Customer.java:131)
	at java.base/java.lang.String.valueOf(String.java:4465)
	at java.base/java.lang.StringBuilder.append(StringBuilder.java:173)
	at javafx.base@21.0.2/javafx.beans.property.IntegerPropertyBase.toString(IntegerPropertyBase.java:228)
	at java.base/java.lang.String.valueOf(String.java:4465)
	at claims@1.0-SNAPSHOT/claims.models.Customer.toString(Customer.java:131)
	at java.base/java.lang.String.valueOf(String.java:4465)
	at java.base/java.lang.StringBuilder.append(StringBuilder.java:173)
	at javafx.base@21.0.2/javafx.beans.property.IntegerPropertyBase.toString(IntegerPropertyBase.java:228)
	at java.base/java.lang.String.valueOf(String.java:4465)
	at claims@1.0-SNAPSHOT/claims.models.Customer.toString(Customer.java:131)
	at java.base/java.lang.String.valueOf(String.java:4465)
	at java.base/java.lang.StringBuilder.append(StringBuilder.java:173)
	at javafx.base@21.0.2/javafx.beans.property.IntegerPropertyBase.toString(IntegerPropertyBase.java:228)
	at java.base/java.lang.String.valueOf(String.java:4465)
	at claims@1.0-SNAPSHOT/claims.models.Customer.toString(Customer.java:131)
	at java.base/java.lang.String.valueOf(String.java:4465)
	at java.base/java.lang.StringBuilder.append(StringBuilder.java:173)
	at javafx.base@21.0.2/javafx.beans.property.IntegerPropertyBase.toString(IntegerPropertyBase.java:228)
	at java.base/java.lang.String.valueOf(String.java:4465)
	at claims@1.0-SNAPSHOT/claims.models.Customer.toString(Customer.java:131)
	at java.base/java.lang.String.valueOf(String.java:4465)
	at java.base/java.lang.StringBuilder.append(StringBuilder.java:173)
	at javafx.base@21.0.2/javafx.beans.property.IntegerPropertyBase.toString(IntegerPropertyBase.java:228)
	at java.base/java.lang.String.valueOf(String.java:4465)
	at claims@1.0-SNAPSHOT/claims.models.Customer.toString(Customer.java:131)
	at java.base/java.lang.String.valueOf(String.java:4465)
	at java.base/java.lang.StringBuilder.append(StringBuilder.java:173)
	at javafx.base@21.0.2/javafx.beans.property.IntegerPropertyBase.toString(IntegerPropertyBase.java:228)
	at java.base/java.lang.String.valueOf(String.java:4465)
	at claims@1.0-SNAPSHOT/claims.models.Customer.toString(Customer.java:131)
	at java.base/java.lang.String.valueOf(String.java:4465)
	at java.base/java.lang.StringBuilder.append(StringBuilder.java:173)
	at javafx.base@21.0.2/javafx.beans.property.IntegerPropertyBase.toString(IntegerPropertyBase.java:228)
	at java.base/java.lang.String.valueOf(String.java:4465)
	at claims@1.0-SNAPSHOT/claims.models.Customer.toString(Customer.java:131)
	at java.base/java.lang.String.valueOf(String.java:4465)
	at java.base/java.lang.StringBuilder.append(StringBuilder.java:173)
	at javafx.base@21.0.2/javafx.beans.property.IntegerPropertyBase.toString(IntegerPropertyBase.java:228)
	at java.base/java.lang.String.valueOf(String.java:4465)
	at claims@1.0-SNAPSHOT/claims.models.Customer.toString(Customer.java:131)
	at java.base/java.lang.String.valueOf(String.java:4465)
	at java.base/java.lang.StringBuilder.append(StringBuilder.java:173)
	at javafx.base@21.0.2/javafx.beans.property.IntegerPropertyBase.toString(IntegerPropertyBase.java:228)
	at java.base/java.lang.String.valueOf(String.java:4465)
	at claims@1.0-SNAPSHOT/claims.models.Customer.toString(Customer.java:131)
	at java.base/java.lang.String.valueOf(String.java:4465)
	at java.base/java.lang.StringBuilder.append(StringBuilder.java:173)
	at javafx.base@21.0.2/javafx.beans.property.IntegerPropertyBase.toString(IntegerPropertyBase.java:228)
	at java.base/java.lang.String.valueOf(String.java:4465)
	at claims@1.0-SNAPSHOT/claims.models.Customer.toString(Customer.java:131)
	at java.base/java.lang.String.valueOf(String.java:4465)
	at java.base/java.lang.StringBuilder.append(StringBuilder.java:173)
	at javafx.base@21.0.2/javafx.beans.property.IntegerPropertyBase.toString(IntegerPropertyBase.java:228)
	at java.base/java.lang.String.valueOf(String.java:4465)
	at claims@1.0-SNAPSHOT/claims.models.Customer.toString(Customer.java:131)
	at java.base/java.lang.String.valueOf(String.java:4465)
	at java.base/java.lang.StringBuilder.append(StringBuilder.java:173)
	at javafx.base@21.0.2/javafx.beans.property.IntegerPropertyBase.toString(IntegerPropertyBase.java:228)
	at java.base/java.lang.String.valueOf(String.java:4465)
	at claims@1.0-SNAPSHOT/claims.models.Customer.toString(Customer.java:131)
	at java.base/java.lang.String.valueOf(String.java:4465)
	at java.base/java.lang.StringBuilder.append(StringBuilder.java:173)
	at javafx.base@21.0.2/javafx.beans.property.IntegerPropertyBase.toString(IntegerPropertyBase.java:228)
	at java.base/java.lang.String.valueOf(String.java:4465)
	at claims@1.0-SNAPSHOT/claims.models.Customer.toString(Customer.java:131)
	at java.base/java.lang.String.valueOf(String.java:4465)
	at java.base/java.lang.StringBuilder.append(StringBuilder.java:173)
	at javafx.base@21.0.2/javafx.beans.property.IntegerPropertyBase.toString(IntegerPropertyBase.java:228)
	at java.base/java.lang.String.valueOf(String.java:4465)
	at claims@1.0-SNAPSHOT/claims.models.Customer.toString(Customer.java:131)
	at java.base/java.lang.String.valueOf(String.java:4465)
	at java.base/java.lang.StringBuilder.append(StringBuilder.java:173)
	at javafx.base@21.0.2/javafx.beans.property.IntegerPropertyBase.toString(IntegerPropertyBase.java:228)
	at java.base/java.lang.String.valueOf(String.java:4465)
	at claims@1.0-SNAPSHOT/claims.models.Customer.toString(Customer.java:131)
	at java.base/java.lang.String.valueOf(String.java:4465)
	at java.base/java.lang.StringBuilder.append(StringBuilder.java:173)
	at javafx.base@21.0.2/javafx.beans.property.IntegerPropertyBase.toString(IntegerPropertyBase.java:228)
	at java.base/java.lang.String.valueOf(String.java:4465)
	at claims@1.0-SNAPSHOT/claims.models.Customer.toString(Customer.java:131)
	at java.base/java.lang.String.valueOf(String.java:4465)
	at java.base/java.lang.StringBuilder.append(StringBuilder.java:173)
	at javafx.base@21.0.2/javafx.beans.property.IntegerPropertyBase.toString(IntegerPropertyBase.java:228)
	at java.base/java.lang.String.valueOf(String.java:4465)
	at claims@1.0-SNAPSHOT/claims.models.Customer.toString(Customer.java:131)
	at java.base/java.lang.String.valueOf(String.java:4465)
	at java.base/java.lang.StringBuilder.append(StringBuilder.java:173)
	at javafx.base@21.0.2/javafx.beans.property.IntegerPropertyBase.toString(IntegerPropertyBase.java:228)
	at java.base/java.lang.String.valueOf(String.java:4465)
	at claims@1.0-SNAPSHOT/claims.models.Customer.toString(Customer.java:131)
	at java.base/java.lang.String.valueOf(String.java:4465)
	at java.base/java.lang.StringBuilder.append(StringBuilder.java:173)
	at javafx.base@21.0.2/javafx.beans.property.IntegerPropertyBase.toString(IntegerPropertyBase.java:228)
	at java.base/java.lang.String.valueOf(String.java:4465)
	at claims@1.0-SNAPSHOT/claims.models.Customer.toString(Customer.java:131)
	at java.base/java.lang.String.valueOf(String.java:4465)
	at java.base/java.lang.StringBuilder.append(StringBuilder.java:173)
	at javafx.base@21.0.2/javafx.beans.property.IntegerPropertyBase.toString(IntegerPropertyBase.java:228)
	at java.base/java.lang.String.valueOf(String.java:4465)
	at claims@1.0-SNAPSHOT/claims.models.Customer.toString(Customer.java:131)
	at java.base/java.lang.String.valueOf(String.java:4465)
	at java.base/java.lang.StringBuilder.append(StringBuilder.java:173)
	at javafx.base@21.0.2/javafx.beans.property.IntegerPropertyBase.toString(IntegerPropertyBase.java:228)
	at java.base/java.lang.String.valueOf(String.java:4465)
	at claims@1.0-SNAPSHOT/claims.models.Customer.toString(Customer.java:131)
	at java.base/java.lang.String.valueOf(String.java:4465)
	at java.base/java.lang.StringBuilder.append(StringBuilder.java:173)
	at javafx.base@21.0.2/javafx.beans.property.IntegerPropertyBase.toString(IntegerPropertyBase.java:228)
	at java.base/java.lang.String.valueOf(String.java:4465)
	at claims@1.0-SNAPSHOT/claims.models.Customer.toString(Customer.java:131)
	at java.base/java.lang.String.valueOf(String.java:4465)
	at java.base/java.lang.StringBuilder.append(StringBuilder.java:173)
	at javafx.base@21.0.2/javafx.beans.property.IntegerPropertyBase.toString(IntegerPropertyBase.java:228)
	at java.base/java.lang.String.valueOf(String.java:4465)
	at claims@1.0-SNAPSHOT/claims.models.Customer.toString(Customer.java:131)
	at java.base/java.lang.String.valueOf(String.java:4465)
	at java.base/java.lang.StringBuilder.append(StringBuilder.java:173)
	at javafx.base@21.0.2/javafx.beans.property.IntegerPropertyBase.toString(IntegerPropertyBase.java:228)
	at java.base/java.lang.String.valueOf(String.java:4465)
	at claims@1.0-SNAPSHOT/claims.models.Customer.toString(Customer.java:131)
	at java.base/java.lang.String.valueOf(String.java:4465)
	at java.base/java.lang.StringBuilder.append(StringBuilder.java:173)
	at javafx.base@21.0.2/javafx.beans.property.IntegerPropertyBase.toString(IntegerPropertyBase.java:228)
	at java.base/java.lang.String.valueOf(String.java:4465)
	at claims@1.0-SNAPSHOT/claims.models.Customer.toString(Customer.java:131)
	at java.base/java.lang.String.valueOf(String.java:4465)
	at java.base/java.lang.StringBuilder.append(StringBuilder.java:173)
	at javafx.base@21.0.2/javafx.beans.property.IntegerPropertyBase.toString(IntegerPropertyBase.java:228)
	at java.base/java.lang.String.valueOf(String.java:4465)
	at claims@1.0-SNAPSHOT/claims.models.Customer.toString(Customer.java:131)
	at java.base/java.lang.String.valueOf(String.java:4465)
	at java.base/java.lang.StringBuilder.append(StringBuilder.java:173)
	at javafx.base@21.0.2/javafx.beans.property.IntegerPropertyBase.toString(IntegerPropertyBase.java:228)
	at java.base/java.lang.String.valueOf(String.java:4465)
	at claims@1.0-SNAPSHOT/claims.models.Customer.toString(Customer.java:131)
	at java.base/java.lang.String.valueOf(String.java:4465)
	at java.base/java.lang.StringBuilder.append(StringBuilder.java:173)
	at javafx.base@21.0.2/javafx.beans.property.IntegerPropertyBase.toString(IntegerPropertyBase.java:228)
	at java.base/java.lang.String.valueOf(String.java:4465)
	at claims@1.0-SNAPSHOT/claims.models.Customer.toString(Customer.java:131)
	at java.base/java.lang.String.valueOf(String.java:4465)
	at java.base/java.lang.StringBuilder.append(StringBuilder.java:173)
	at javafx.base@21.0.2/javafx.beans.property.IntegerPropertyBase.toString(IntegerPropertyBase.java:228)
	at java.base/java.lang.String.valueOf(String.java:4465)
	at claims@1.0-SNAPSHOT/claims.models.Customer.toString(Customer.java:131)
	at java.base/java.lang.String.valueOf(String.java:4465)
	at java.base/java.lang.StringBuilder.append(StringBuilder.java:173)
	at javafx.base@21.0.2/javafx.beans.property.IntegerPropertyBase.toString(IntegerPropertyBase.java:228)
	at java.base/java.lang.String.valueOf(String.java:4465)
	at claims@1.0-SNAPSHOT/claims.models.Customer.toString(Customer.java:131)
	at java.base/java.lang.String.valueOf(String.java:4465)
	at java.base/java.lang.StringBuilder.append(StringBuilder.java:173)
	at javafx.base@21.0.2/javafx.beans.property.IntegerPropertyBase.toString(IntegerPropertyBase.java:228)
	at java.base/java.lang.String.valueOf(String.java:4465)
	at claims@1.0-SNAPSHOT/claims.models.Customer.toString(Customer.java:131)
	at java.base/java.lang.String.valueOf(String.java:4465)
	at java.base/java.lang.StringBuilder.append(StringBuilder.java:173)
	at javafx.base@21.0.2/javafx.beans.property.IntegerPropertyBase.toString(IntegerPropertyBase.java:228)
	at java.base/java.lang.String.valueOf(String.java:4465)
	at claims@1.0-SNAPSHOT/claims.models.Customer.toString(Customer.java:131)
	at java.base/java.lang.String.valueOf(String.java:4465)
	at java.base/java.lang.StringBuilder.append(StringBuilder.java:173)
	at javafx.base@21.0.2/javafx.beans.property.IntegerPropertyBase.toString(IntegerPropertyBase.java:228)
	at java.base/java.lang.String.valueOf(String.java:4465)
	at claims@1.0-SNAPSHOT/claims.models.Customer.toString(Customer.java:131)
	at java.base/java.lang.String.valueOf(String.java:4465)
	at java.base/java.lang.StringBuilder.append(StringBuilder.java:173)
	at javafx.base@21.0.2/javafx.beans.property.IntegerPropertyBase.toString(IntegerPropertyBase.java:228)
	at java.base/java.lang.String.valueOf(String.java:4465)
	at claims@1.0-SNAPSHOT/claims.models.Customer.toString(Customer.java:131)
	at java.base/java.lang.String.valueOf(String.java:4465)
	at java.base/java.lang.StringBuilder.append(StringBuilder.java:173)
	at javafx.base@21.0.2/javafx.beans.property.IntegerPropertyBase.toString(IntegerPropertyBase.java:228)
	at java.base/java.lang.String.valueOf(String.java:4465)
	at claims@1.0-SNAPSHOT/claims.models.Customer.toString(Customer.java:131)
	at java.base/java.lang.String.valueOf(String.java:4465)
	at java.base/java.lang.StringBuilder.append(StringBuilder.java:173)
	at javafx.base@21.0.2/javafx.beans.property.IntegerPropertyBase.toString(IntegerPropertyBase.java:228)
	at java.base/java.lang.String.valueOf(String.java:4465)
	at claims@1.0-SNAPSHOT/claims.models.Customer.toString(Customer.java:131)
	at java.base/java.lang.String.valueOf(String.java:4465)
	at java.base/java.lang.StringBuilder.append(StringBuilder.java:173)
	at javafx.base@21.0.2/javafx.beans.property.IntegerPropertyBase.toString(IntegerPropertyBase.java:228)
	at java.base/java.lang.String.valueOf(String.java:4465)
	at claims@1.0-SNAPSHOT/claims.models.Customer.toString(Customer.java:131)
	at java.base/java.lang.String.valueOf(String.java:4465)
	at java.base/java.lang.StringBuilder.append(StringBuilder.java:173)
	at javafx.base@21.0.2/javafx.beans.property.IntegerPropertyBase.toString(IntegerPropertyBase.java:228)
	at java.base/java.lang.String.valueOf(String.java:4465)
	at claims@1.0-SNAPSHOT/claims.models.Customer.toString(Customer.java:131)
	at java.base/java.lang.String.valueOf(String.java:4465)
	at java.base/java.lang.StringBuilder.append(StringBuilder.java:173)
	at javafx.base@21.0.2/javafx.beans.property.IntegerPropertyBase.toString(IntegerPropertyBase.java:228)
	at java.base/java.lang.String.valueOf(String.java:4465)
	at claims@1.0-SNAPSHOT/claims.models.Customer.toString(Customer.java:131)
	at java.base/java.lang.String.valueOf(String.java:4465)
	at java.base/java.lang.StringBuilder.append(StringBuilder.java:173)
	at javafx.base@21.0.2/javafx.beans.property.IntegerPropertyBase.toString(IntegerPropertyBase.java:228)
	at java.base/java.lang.String.valueOf(String.java:4465)
	at claims@1.0-SNAPSHOT/claims.models.Customer.toString(Customer.java:131)
	at java.base/java.lang.String.valueOf(String.java:4465)
	at java.base/java.lang.StringBuilder.append(StringBuilder.java:173)
	at javafx.base@21.0.2/javafx.beans.property.IntegerPropertyBase.toString(IntegerPropertyBase.java:228)
	at java.base/java.lang.String.valueOf(String.java:4465)
	at claims@1.0-SNAPSHOT/claims.models.Customer.toString(Customer.java:131)
	at java.base/java.lang.String.valueOf(String.java:4465)
	at java.base/java.lang.StringBuilder.append(StringBuilder.java:173)
	at javafx.base@21.0.2/javafx.beans.property.IntegerPropertyBase.toString(IntegerPropertyBase.java:228)
	at java.base/java.lang.String.valueOf(String.java:4465)
	at claims@1.0-SNAPSHOT/claims.models.Customer.toString(Customer.java:131)
	at java.base/java.lang.String.valueOf(String.java:4465)
	at java.base/java.lang.StringBuilder.append(StringBuilder.java:173)
	at javafx.base@21.0.2/javafx.beans.property.IntegerPropertyBase.toString(IntegerPropertyBase.java:228)
	at java.base/java.lang.String.valueOf(String.java:4465)
	at claims@1.0-SNAPSHOT/claims.models.Customer.toString(Customer.java:131)
	at java.base/java.lang.String.valueOf(String.java:4465)
	at java.base/java.lang.StringBuilder.append(StringBuilder.java:173)
	at javafx.base@21.0.2/javafx.beans.property.IntegerPropertyBase.toString(IntegerPropertyBase.java:228)
	at java.base/java.lang.String.valueOf(String.java:4465)
	at claims@1.0-SNAPSHOT/claims.models.Customer.toString(Customer.java:131)
	at java.base/java.lang.String.valueOf(String.java:4465)
	at java.base/java.lang.StringBuilder.append(StringBuilder.java:173)
	at javafx.base@21.0.2/javafx.beans.property.IntegerPropertyBase.toString(IntegerPropertyBase.java:228)
	at java.base/java.lang.String.valueOf(String.java:4465)
	at claims@1.0-SNAPSHOT/claims.models.Customer.toString(Customer.java:131)
	at java.base/java.lang.String.valueOf(String.java:4465)
	at java.base/java.lang.StringBuilder.append(StringBuilder.java:173)
	at javafx.base@21.0.2/javafx.beans.property.IntegerPropertyBase.toString(IntegerPropertyBase.java:228)
	at java.base/java.lang.String.valueOf(String.java:4465)
	at claims@1.0-SNAPSHOT/claims.models.Customer.toString(Customer.java:131)
	at java.base/java.lang.String.valueOf(String.java:4465)
	at java.base/java.lang.StringBuilder.append(StringBuilder.java:173)
	at javafx.base@21.0.2/javafx.beans.property.IntegerPropertyBase.toString(IntegerPropertyBase.java:228)
	at java.base/java.lang.String.valueOf(String.java:4465)
	at claims@1.0-SNAPSHOT/claims.models.Customer.toString(Customer.java:131)
	at java.base/java.lang.String.valueOf(String.java:4465)
	at java.base/java.lang.StringBuilder.append(StringBuilder.java:173)
	at javafx.base@21.0.2/javafx.beans.property.IntegerPropertyBase.toString(IntegerPropertyBase.java:228)
	at java.base/java.lang.String.valueOf(String.java:4465)
	at claims@1.0-SNAPSHOT/claims.models.Customer.toString(Customer.java:131)
	at java.base/java.lang.String.valueOf(String.java:4465)
	at java.base/java.lang.StringBuilder.append(StringBuilder.java:173)
	at javafx.base@21.0.2/javafx.beans.property.IntegerPropertyBase.toString(IntegerPropertyBase.java:228)
	at java.base/java.lang.String.valueOf(String.java:4465)
	at claims@1.0-SNAPSHOT/claims.models.Customer.toString(Customer.java:131)
	at java.base/java.lang.String.valueOf(String.java:4465)
	at java.base/java.lang.StringBuilder.append(StringBuilder.java:173)
	at javafx.base@21.0.2/javafx.beans.property.IntegerPropertyBase.toString(IntegerPropertyBase.java:228)
	at java.base/java.lang.String.valueOf(String.java:4465)
	at claims@1.0-SNAPSHOT/claims.models.Customer.toString(Customer.java:131)
	at java.base/java.lang.String.valueOf(String.java:4465)
	at java.base/java.lang.StringBuilder.append(StringBuilder.java:173)
	at javafx.base@21.0.2/javafx.beans.property.IntegerPropertyBase.toString(IntegerPropertyBase.java:228)
	at java.base/java.lang.String.valueOf(String.java:4465)
	at claims@1.0-SNAPSHOT/claims.models.Customer.toString(Customer.java:131)
	at java.base/java.lang.String.valueOf(String.java:4465)
	at java.base/java.lang.StringBuilder.append(StringBuilder.java:173)
	at javafx.base@21.0.2/javafx.beans.property.IntegerPropertyBase.toString(IntegerPropertyBase.java:228)
	at java.base/java.lang.String.valueOf(String.java:4465)
	at claims@1.0-SNAPSHOT/claims.models.Customer.toString(Customer.java:131)
	at java.base/java.lang.String.valueOf(String.java:4465)
	at java.base/java.lang.StringBuilder.append(StringBuilder.java:173)
	at javafx.base@21.0.2/javafx.beans.property.IntegerPropertyBase.toString(IntegerPropertyBase.java:228)
	at java.base/java.lang.String.valueOf(String.java:4465)
	at claims@1.0-SNAPSHOT/claims.models.Customer.toString(Customer.java:131)
	at java.base/java.lang.String.valueOf(String.java:4465)
	at java.base/java.lang.StringBuilder.append(StringBuilder.java:173)
	at javafx.base@21.0.2/javafx.beans.property.IntegerPropertyBase.toString(IntegerPropertyBase.java:228)
	at java.base/java.lang.String.valueOf(String.java:4465)
	at claims@1.0-SNAPSHOT/claims.models.Customer.toString(Customer.java:131)
	at java.base/java.lang.String.valueOf(String.java:4465)
	at java.base/java.lang.StringBuilder.append(StringBuilder.java:173)
	at javafx.base@21.0.2/javafx.beans.property.IntegerPropertyBase.toString(IntegerPropertyBase.java:228)
	at java.base/java.lang.String.valueOf(String.java:4465)
	at claims@1.0-SNAPSHOT/claims.models.Customer.toString(Customer.java:131)
	at java.base/java.lang.String.valueOf(String.java:4465)
	at java.base/java.lang.StringBuilder.append(StringBuilder.java:173)
	at javafx.base@21.0.2/javafx.beans.property.IntegerPropertyBase.toString(IntegerPropertyBase.java:228)
	at java.base/java.lang.String.valueOf(String.java:4465)
	at claims@1.0-SNAPSHOT/claims.models.Customer.toString(Customer.java:131)
	at java.base/java.lang.String.valueOf(String.java:4465)
	at java.base/java.lang.StringBuilder.append(StringBuilder.java:173)
	at javafx.base@21.0.2/javafx.beans.property.IntegerPropertyBase.toString(IntegerPropertyBase.java:228)
	at java.base/java.lang.String.valueOf(String.java:4465)
	at claims@1.0-SNAPSHOT/claims.models.Customer.toString(Customer.java:131)
	at java.base/java.lang.String.valueOf(String.java:4465)
	at java.base/java.lang.StringBuilder.append(StringBuilder.java:173)
	at javafx.base@21.0.2/javafx.beans.property.IntegerPropertyBase.toString(IntegerPropertyBase.java:228)
	at java.base/java.lang.String.valueOf(String.java:4465)
	at claims@1.0-SNAPSHOT/claims.models.Customer.toString(Customer.java:131)
	at java.base/java.lang.String.valueOf(String.java:4465)
	at java.base/java.lang.StringBuilder.append(StringBuilder.java:173)
	at javafx.base@21.0.2/javafx.beans.property.IntegerPropertyBase.toString(IntegerPropertyBase.java:228)
	at java.base/java.lang.String.valueOf(String.java:4465)
	at claims@1.0-SNAPSHOT/claims.models.Customer.toString(Customer.java:131)
	at java.base/java.lang.String.valueOf(String.java:4465)
	at java.base/java.lang.StringBuilder.append(StringBuilder.java:173)
	at javafx.base@21.0.2/javafx.beans.property.IntegerPropertyBase.toString(IntegerPropertyBase.java:228)
	at java.base/java.lang.String.valueOf(String.java:4465)
	at claims@1.0-SNAPSHOT/claims.models.Customer.toString(Customer.java:131)
	at java.base/java.lang.String.valueOf(String.java:4465)
	at java.base/java.lang.StringBuilder.append(StringBuilder.java:173)
	at javafx.base@21.0.2/javafx.beans.property.IntegerPropertyBase.toString(IntegerPropertyBase.java:228)
	at java.base/java.lang.String.valueOf(String.java:4465)
	at claims@1.0-SNAPSHOT/claims.models.Customer.toString(Customer.java:131)
	at java.base/java.lang.String.valueOf(String.java:4465)
	at java.base/java.lang.StringBuilder.append(StringBuilder.java:173)
	at javafx.base@21.0.2/javafx.beans.property.IntegerPropertyBase.toString(IntegerPropertyBase.java:228)
	at java.base/java.lang.String.valueOf(String.java:4465)
	at claims@1.0-SNAPSHOT/claims.models.Customer.toString(Customer.java:131)
	at java.base/java.lang.String.valueOf(String.java:4465)
	at java.base/java.lang.StringBuilder.append(StringBuilder.java:173)
	at javafx.base@21.0.2/javafx.beans.property.IntegerPropertyBase.toString(IntegerPropertyBase.java:228)
	at java.base/java.lang.String.valueOf(String.java:4465)
	at claims@1.0-SNAPSHOT/claims.models.Customer.toString(Customer.java:131)
	at java.base/java.lang.String.valueOf(String.java:4465)
	at java.base/java.lang.StringBuilder.append(StringBuilder.java:173)
	at javafx.base@21.0.2/javafx.beans.property.IntegerPropertyBase.toString(IntegerPropertyBase.java:228)
	at java.base/java.lang.String.valueOf(String.java:4465)
	at claims@1.0-SNAPSHOT/claims.models.Customer.toString(Customer.java:131)
	at java.base/java.lang.String.valueOf(String.java:4465)
	at java.base/java.lang.StringBuilder.append(StringBuilder.java:173)
	at javafx.base@21.0.2/javafx.beans.property.IntegerPropertyBase.toString(IntegerPropertyBase.java:228)
	at java.base/java.lang.String.valueOf(String.java:4465)
	at claims@1.0-SNAPSHOT/claims.models.Customer.toString(Customer.java:131)
	at java.base/java.lang.String.valueOf(String.java:4465)
	at java.base/java.lang.StringBuilder.append(StringBuilder.java:173)
	at javafx.base@21.0.2/javafx.beans.property.IntegerPropertyBase.toString(IntegerPropertyBase.java:228)
	at java.base/java.lang.String.valueOf(String.java:4465)
	at claims@1.0-SNAPSHOT/claims.models.Customer.toString(Customer.java:131)
	at java.base/java.lang.String.valueOf(String.java:4465)
	at java.base/java.lang.StringBuilder.append(StringBuilder.java:173)
	at javafx.base@21.0.2/javafx.beans.property.IntegerPropertyBase.toString(IntegerPropertyBase.java:228)
	at java.base/java.lang.String.valueOf(String.java:4465)
	at claims@1.0-SNAPSHOT/claims.models.Customer.toString(Customer.java:131)
	at java.base/java.lang.String.valueOf(String.java:4465)
	at java.base/java.lang.StringBuilder.append(StringBuilder.java:173)
	at javafx.base@21.0.2/javafx.beans.property.IntegerPropertyBase.toString(IntegerPropertyBase.java:228)
	at java.base/java.lang.String.valueOf(String.java:4465)
	at claims@1.0-SNAPSHOT/claims.models.Customer.toString(Customer.java:131)
	at java.base/java.lang.String.valueOf(String.java:4465)
	at java.base/java.lang.StringBuilder.append(StringBuilder.java:173)
	at javafx.base@21.0.2/javafx.beans.property.IntegerPropertyBase.toString(IntegerPropertyBase.java:228)
	at java.base/java.lang.String.valueOf(String.java:4465)
	at claims@1.0-SNAPSHOT/claims.models.Customer.toString(Customer.java:131)
	at java.base/java.lang.String.valueOf(String.java:4465)
	at java.base/java.lang.StringBuilder.append(StringBuilder.java:173)
	at javafx.base@21.0.2/javafx.beans.property.IntegerPropertyBase.toString(IntegerPropertyBase.java:228)
	at java.base/java.lang.String.valueOf(String.java:4465)
	at claims@1.0-SNAPSHOT/claims.models.Customer.toString(Customer.java:131)
	at java.base/java.lang.String.valueOf(String.java:4465)
	at java.base/java.lang.StringBuilder.append(StringBuilder.java:173)
	at javafx.base@21.0.2/javafx.beans.property.IntegerPropertyBase.toString(IntegerPropertyBase.java:228)
	at java.base/java.lang.String.valueOf(String.java:4465)
	at claims@1.0-SNAPSHOT/claims.models.Customer.toString(Customer.java:131)
	at java.base/java.lang.String.valueOf(String.java:4465)
	at java.base/java.lang.StringBuilder.append(StringBuilder.java:173)
	at javafx.base@21.0.2/javafx.beans.property.IntegerPropertyBase.toString(IntegerPropertyBase.java:228)
	at java.base/java.lang.String.valueOf(String.java:4465)
	at claims@1.0-SNAPSHOT/claims.models.Customer.toString(Customer.java:131)
	at java.base/java.lang.String.valueOf(String.java:4465)
	at java.base/java.lang.StringBuilder.append(StringBuilder.java:173)
	at javafx.base@21.0.2/javafx.beans.property.IntegerPropertyBase.toString(IntegerPropertyBase.java:228)
	at java.base/java.lang.String.valueOf(String.java:4465)
	at claims@1.0-SNAPSHOT/claims.models.Customer.toString(Customer.java:131)
	at java.base/java.lang.String.valueOf(String.java:4465)
	at java.base/java.lang.StringBuilder.append(StringBuilder.java:173)
	at javafx.base@21.0.2/javafx.beans.property.IntegerPropertyBase.toString(IntegerPropertyBase.java:228)
	at java.base/java.lang.String.valueOf(String.java:4465)
	at claims@1.0-SNAPSHOT/claims.models.Customer.toString(Customer.java:131)
	at java.base/java.lang.String.valueOf(String.java:4465)
	at java.base/java.lang.StringBuilder.append(StringBuilder.java:173)
	at javafx.base@21.0.2/javafx.beans.property.IntegerPropertyBase.toString(IntegerPropertyBase.java:228)
	at java.base/java.lang.String.valueOf(String.java:4465)
	at claims@1.0-SNAPSHOT/claims.models.Customer.toString(Customer.java:131)
	at java.base/java.lang.String.valueOf(String.java:4465)
	at java.base/java.lang.StringBuilder.append(StringBuilder.java:173)
	at javafx.base@21.0.2/javafx.beans.property.IntegerPropertyBase.toString(IntegerPropertyBase.java:228)
	at java.base/java.lang.String.valueOf(String.java:4465)
	at claims@1.0-SNAPSHOT/claims.models.Customer.toString(Customer.java:131)
	at java.base/java.lang.String.valueOf(String.java:4465)
	at java.base/java.lang.StringBuilder.append(StringBuilder.java:173)
	at javafx.base@21.0.2/javafx.beans.property.IntegerPropertyBase.toString(IntegerPropertyBase.java:228)
	at java.base/java.lang.String.valueOf(String.java:4465)
	at claims@1.0-SNAPSHOT/claims.models.Customer.toString(Customer.java:131)
	at java.base/java.lang.String.valueOf(String.java:4465)
	at java.base/java.lang.StringBuilder.append(StringBuilder.java:173)
	at javafx.base@21.0.2/javafx.beans.property.IntegerPropertyBase.toString(IntegerPropertyBase.java:228)
	at java.base/java.lang.String.valueOf(String.java:4465)
	at claims@1.0-SNAPSHOT/claims.models.Customer.toString(Customer.java:131)
	at java.base/java.lang.String.valueOf(String.java:4465)
	at java.base/java.lang.StringBuilder.append(StringBuilder.java:173)
	at javafx.base@21.0.2/javafx.beans.property.IntegerPropertyBase.toString(IntegerPropertyBase.java:228)
	at java.base/java.lang.String.valueOf(String.java:4465)
	at claims@1.0-SNAPSHOT/claims.models.Customer.toString(Customer.java:131)
	at java.base/java.lang.String.valueOf(String.java:4465)
	at java.base/java.lang.StringBuilder.append(StringBuilder.java:173)
	at javafx.base@21.0.2/javafx.beans.property.IntegerPropertyBase.toString(IntegerPropertyBase.java:228)
	at java.base/java.lang.String.valueOf(String.java:4465)
	at claims@1.0-SNAPSHOT/claims.models.Customer.toString(Customer.java:131)
	at java.base/java.lang.String.valueOf(String.java:4465)
	at java.base/java.lang.StringBuilder.append(StringBuilder.java:173)
	at javafx.base@21.0.2/javafx.beans.property.IntegerPropertyBase.toString(IntegerPropertyBase.java:228)
	at java.base/java.lang.String.valueOf(String.java:4465)
	at claims@1.0-SNAPSHOT/claims.models.Customer.toString(Customer.java:131)
	at java.base/java.lang.String.valueOf(String.java:4465)
	at java.base/java.lang.StringBuilder.append(StringBuilder.java:173)
	at javafx.base@21.0.2/javafx.beans.property.IntegerPropertyBase.toString(IntegerPropertyBase.java:228)
	at java.base/java.lang.String.valueOf(String.java:4465)
	at claims@1.0-SNAPSHOT/claims.models.Customer.toString(Customer.java:131)
	at java.base/java.lang.String.valueOf(String.java:4465)
	at java.base/java.lang.StringBuilder.append(StringBuilder.java:173)
	at javafx.base@21.0.2/javafx.beans.property.IntegerPropertyBase.toString(IntegerPropertyBase.java:228)
	at java.base/java.lang.String.valueOf(String.java:4465)
	at claims@1.0-SNAPSHOT/claims.models.Customer.toString(Customer.java:131)
	at java.base/java.lang.String.valueOf(String.java:4465)
	at java.base/java.lang.StringBuilder.append(StringBuilder.java:173)
	at javafx.base@21.0.2/javafx.beans.property.IntegerPropertyBase.toString(IntegerPropertyBase.java:228)
	at java.base/java.lang.String.valueOf(String.java:4465)
	at claims@1.0-SNAPSHOT/claims.models.Customer.toString(Customer.java:131)
	at java.base/java.lang.String.valueOf(String.java:4465)
	at java.base/java.lang.StringBuilder.append(StringBuilder.java:173)
	at javafx.base@21.0.2/javafx.beans.property.IntegerPropertyBase.toString(IntegerPropertyBase.java:228)
	at java.base/java.lang.String.valueOf(String.java:4465)
	at claims@1.0-SNAPSHOT/claims.models.Customer.toString(Customer.java:131)
	at java.base/java.lang.String.valueOf(String.java:4465)
	at java.base/java.lang.StringBuilder.append(StringBuilder.java:173)
	at javafx.base@21.0.2/javafx.beans.property.IntegerPropertyBase.toString(IntegerPropertyBase.java:228)
	at java.base/java.lang.String.valueOf(String.java:4465)
	at claims@1.0-SNAPSHOT/claims.models.Customer.toString(Customer.java:131)
	at java.base/java.lang.String.valueOf(String.java:4465)
	at java.base/java.lang.StringBuilder.append(StringBuilder.java:173)
	at javafx.base@21.0.2/javafx.beans.property.IntegerPropertyBase.toString(IntegerPropertyBase.java:228)
	at java.base/java.lang.String.valueOf(String.java:4465)
	at claims@1.0-SNAPSHOT/claims.models.Customer.toString(Customer.java:131)
	at java.base/java.lang.String.valueOf(String.java:4465)
	at java.base/java.lang.StringBuilder.append(StringBuilder.java:173)
	at javafx.base@21.0.2/javafx.beans.property.IntegerPropertyBase.toString(IntegerPropertyBase.java:228)
	at java.base/java.lang.String.valueOf(String.java:4465)
	at claims@1.0-SNAPSHOT/claims.models.Customer.toString(Customer.java:131)
	at java.base/java.lang.String.valueOf(String.java:4465)
	at java.base/java.lang.StringBuilder.append(StringBuilder.java:173)
	at javafx.base@21.0.2/javafx.beans.property.IntegerPropertyBase.toString(IntegerPropertyBase.java:228)
	at java.base/java.lang.String.valueOf(String.java:4465)
	at claims@1.0-SNAPSHOT/claims.models.Customer.toString(Customer.java:131)
	at java.base/java.lang.String.valueOf(String.java:4465)
	at java.base/java.lang.StringBuilder.append(StringBuilder.java:173)
	at javafx.base@21.0.2/javafx.beans.property.IntegerPropertyBase.toString(IntegerPropertyBase.java:228)
	at java.base/java.lang.String.valueOf(String.java:4465)
	at claims@1.0-SNAPSHOT/claims.models.Customer.toString(Customer.java:131)
	at java.base/java.lang.String.valueOf(String.java:4465)
	at java.base/java.lang.StringBuilder.append(StringBuilder.java:173)
	at javafx.base@21.0.2/javafx.beans.property.IntegerPropertyBase.toString(IntegerPropertyBase.java:228)
	at java.base/java.lang.String.valueOf(String.java:4465)
	at claims@1.0-SNAPSHOT/claims.models.Customer.toString(Customer.java:131)
	at java.base/java.lang.String.valueOf(String.java:4465)
	at java.base/java.lang.StringBuilder.append(StringBuilder.java:173)
	at javafx.base@21.0.2/javafx.beans.property.IntegerPropertyBase.toString(IntegerPropertyBase.java:228)
	at java.base/java.lang.String.valueOf(String.java:4465)
	at claims@1.0-SNAPSHOT/claims.models.Customer.toString(Customer.java:131)
	at java.base/java.lang.String.valueOf(String.java:4465)
	at java.base/java.lang.StringBuilder.append(StringBuilder.java:173)
	at javafx.base@21.0.2/javafx.beans.property.IntegerPropertyBase.toString(IntegerPropertyBase.java:228)
	at java.base/java.lang.String.valueOf(String.java:4465)
	at claims@1.0-SNAPSHOT/claims.models.Customer.toString(Customer.java:131)
	at java.base/java.lang.String.valueOf(String.java:4465)
	at java.base/java.lang.StringBuilder.append(StringBuilder.java:173)
	at javafx.base@21.0.2/javafx.beans.property.IntegerPropertyBase.toString(IntegerPropertyBase.java:228)
	at java.base/java.lang.String.valueOf(String.java:4465)
	at claims@1.0-SNAPSHOT/claims.models.Customer.toString(Customer.java:131)
	at java.base/java.lang.String.valueOf(String.java:4465)
	at java.base/java.lang.StringBuilder.append(StringBuilder.java:173)
	at javafx.base@21.0.2/javafx.beans.property.IntegerPropertyBase.toString(IntegerPropertyBase.java:228)
	at java.base/java.lang.String.valueOf(String.java:4465)
	at claims@1.0-SNAPSHOT/claims.models.Customer.toString(Customer.java:131)
	at java.base/java.lang.String.valueOf(String.java:4465)
	at java.base/java.lang.StringBuilder.append(StringBuilder.java:173)
	at javafx.base@21.0.2/javafx.beans.property.IntegerPropertyBase.toString(IntegerPropertyBase.java:228)
	at java.base/java.lang.String.valueOf(String.java:4465)
	at claims@1.0-SNAPSHOT/claims.models.Customer.toString(Customer.java:131)
	at java.base/java.lang.String.valueOf(String.java:4465)
	at java.base/java.lang.StringBuilder.append(StringBuilder.java:173)
	at javafx.base@21.0.2/javafx.beans.property.IntegerPropertyBase.toString(IntegerPropertyBase.java:228)
	at java.base/java.lang.String.valueOf(String.java:4465)
	at claims@1.0-SNAPSHOT/claims.models.Customer.toString(Customer.java:131)
	at java.base/java.lang.String.valueOf(String.java:4465)
	at java.base/java.lang.StringBuilder.append(StringBuilder.java:173)
	at javafx.base@21.0.2/javafx.beans.property.IntegerPropertyBase.toString(IntegerPropertyBase.java:228)
	at java.base/java.lang.String.valueOf(String.java:4465)
	at claims@1.0-SNAPSHOT/claims.models.Customer.toString(Customer.java:131)
	at java.base/java.lang.String.valueOf(String.java:4465)
	at java.base/java.lang.StringBuilder.append(StringBuilder.java:173)
	at javafx.base@21.0.2/javafx.beans.property.IntegerPropertyBase.toString(IntegerPropertyBase.java:228)
	at java.base/java.lang.String.valueOf(String.java:4465)
	at claims@1.0-SNAPSHOT/claims.models.Customer.toString(Customer.java:131)
	at java.base/java.lang.String.valueOf(String.java:4465)
	at java.base/java.lang.StringBuilder.append(StringBuilder.java:173)
	at javafx.base@21.0.2/javafx.beans.property.IntegerPropertyBase.toString(IntegerPropertyBase.java:228)
	at java.base/java.lang.String.valueOf(String.java:4465)
	at claims@1.0-SNAPSHOT/claims.models.Customer.toString(Customer.java:131)
	at java.base/java.lang.String.valueOf(String.java:4465)
	at java.base/java.lang.StringBuilder.append(StringBuilder.java:173)
	at javafx.base@21.0.2/javafx.beans.property.IntegerPropertyBase.toString(IntegerPropertyBase.java:228)
	at java.base/java.lang.String.valueOf(String.java:4465)
	at claims@1.0-SNAPSHOT/claims.models.Customer.toString(Customer.java:131)
	at java.base/java.lang.String.valueOf(String.java:4465)
	at java.base/java.lang.StringBuilder.append(StringBuilder.java:173)
	at javafx.base@21.0.2/javafx.beans.property.IntegerPropertyBase.toString(IntegerPropertyBase.java:228)
	at java.base/java.lang.String.valueOf(String.java:4465)
	at claims@1.0-SNAPSHOT/claims.models.Customer.toString(Customer.java:131)
	at java.base/java.lang.String.valueOf(String.java:4465)
	at java.base/java.lang.StringBuilder.append(StringBuilder.java:173)
	at javafx.base@21.0.2/javafx.beans.property.IntegerPropertyBase.toString(IntegerPropertyBase.java:228)
	at java.base/java.lang.String.valueOf(String.java:4465)
	at claims@1.0-SNAPSHOT/claims.models.Customer.toString(Customer.java:131)
	at java.base/java.lang.String.valueOf(String.java:4465)
	at java.base/java.lang.StringBuilder.append(StringBuilder.java:173)
	at javafx.base@21.0.2/javafx.beans.property.IntegerPropertyBase.toString(IntegerPropertyBase.java:228)
	at java.base/java.lang.String.valueOf(String.java:4465)
	at claims@1.0-SNAPSHOT/claims.models.Customer.toString(Customer.java:131)
	at java.base/java.lang.String.valueOf(String.java:4465)
	at java.base/java.lang.StringBuilder.append(StringBuilder.java:173)
	at javafx.base@21.0.2/javafx.beans.property.IntegerPropertyBase.toString(IntegerPropertyBase.java:228)
	at java.base/java.lang.String.valueOf(String.java:4465)
	at claims@1.0-SNAPSHOT/claims.models.Customer.toString(Customer.java:131)
	at java.base/java.lang.String.valueOf(String.java:4465)
	at java.base/java.lang.StringBuilder.append(StringBuilder.java:173)
	at javafx.base@21.0.2/javafx.beans.property.IntegerPropertyBase.toString(IntegerPropertyBase.java:228)
	at java.base/java.lang.String.valueOf(String.java:4465)
	at claims@1.0-SNAPSHOT/claims.models.Customer.toString(Customer.java:131)
	at java.base/java.lang.String.valueOf(String.java:4465)
	at java.base/java.lang.StringBuilder.append(StringBuilder.java:173)
	at javafx.base@21.0.2/javafx.beans.property.IntegerPropertyBase.toString(IntegerPropertyBase.java:228)
	at java.base/java.lang.String.valueOf(String.java:4465)
	at claims@1.0-SNAPSHOT/claims.models.Customer.toString(Customer.java:131)
	at java.base/java.lang.String.valueOf(String.java:4465)
	at java.base/java.lang.StringBuilder.append(StringBuilder.java:173)
	at javafx.base@21.0.2/javafx.beans.property.IntegerPropertyBase.toString(IntegerPropertyBase.java:228)
	at java.base/java.lang.String.valueOf(String.java:4465)
	at claims@1.0-SNAPSHOT/claims.models.Customer.toString(Customer.java:131)
	at java.base/java.lang.String.valueOf(String.java:4465)
	at java.base/java.lang.StringBuilder.append(StringBuilder.java:173)
	at javafx.base@21.0.2/javafx.beans.property.IntegerPropertyBase.toString(IntegerPropertyBase.java:228)
	at java.base/java.lang.String.valueOf(String.java:4465)
	at claims@1.0-SNAPSHOT/claims.models.Customer.toString(Customer.java:131)
	at java.base/java.lang.String.valueOf(String.java:4465)
	at java.base/java.lang.StringBuilder.append(StringBuilder.java:173)
	at javafx.base@21.0.2/javafx.beans.property.IntegerPropertyBase.toString(IntegerPropertyBase.java:228)
	at java.base/java.lang.String.valueOf(String.java:4465)
	at claims@1.0-SNAPSHOT/claims.models.Customer.toString(Customer.java:131)
	at java.base/java.lang.String.valueOf(String.java:4465)
	at java.base/java.lang.StringBuilder.append(StringBuilder.java:173)
	at javafx.base@21.0.2/javafx.beans.property.IntegerPropertyBase.toString(IntegerPropertyBase.java:228)
	at java.base/java.lang.String.valueOf(String.java:4465)
	at claims@1.0-SNAPSHOT/claims.models.Customer.toString(Customer.java:131)
	at java.base/java.lang.String.valueOf(String.java:4465)
	at java.base/java.lang.StringBuilder.append(StringBuilder.java:173)
	at javafx.base@21.0.2/javafx.beans.property.IntegerPropertyBase.toString(IntegerPropertyBase.java:228)
	at java.base/java.lang.String.valueOf(String.java:4465)
	at claims@1.0-SNAPSHOT/claims.models.Customer.toString(Customer.java:131)
	at java.base/java.lang.String.valueOf(String.java:4465)
	at java.base/java.lang.StringBuilder.append(StringBuilder.java:173)
	at javafx.base@21.0.2/javafx.beans.property.IntegerPropertyBase.toString(IntegerPropertyBase.java:228)
	at java.base/java.lang.String.valueOf(String.java:4465)
	at claims@1.0-SNAPSHOT/claims.models.Customer.toString(Customer.java:131)
	at java.base/java.lang.String.valueOf(String.java:4465)
	at java.base/java.lang.StringBuilder.append(StringBuilder.java:173)
	at javafx.base@21.0.2/javafx.beans.property.IntegerPropertyBase.toString(IntegerPropertyBase.java:228)
	at java.base/java.lang.String.valueOf(String.java:4465)
	at claims@1.0-SNAPSHOT/claims.models.Customer.toString(Customer.java:131)
	at java.base/java.lang.String.valueOf(String.java:4465)
	at java.base/java.lang.StringBuilder.append(StringBuilder.java:173)
	at javafx.base@21.0.2/javafx.beans.property.IntegerPropertyBase.toString(IntegerPropertyBase.java:228)
	at java.base/java.lang.String.valueOf(String.java:4465)
	at claims@1.0-SNAPSHOT/claims.models.Customer.toString(Customer.java:131)
	at java.base/java.lang.String.valueOf(String.java:4465)
	at java.base/java.lang.StringBuilder.append(StringBuilder.java:173)
	at javafx.base@21.0.2/javafx.beans.property.IntegerPropertyBase.toString(IntegerPropertyBase.java:228)
	at java.base/java.lang.String.valueOf(String.java:4465)
	at claims@1.0-SNAPSHOT/claims.models.Customer.toString(Customer.java:131)
	at java.base/java.lang.String.valueOf(String.java:4465)
	at java.base/java.lang.StringBuilder.append(StringBuilder.java:173)
	at javafx.base@21.0.2/javafx.beans.property.IntegerPropertyBase.toString(IntegerPropertyBase.java:228)
	at java.base/java.lang.String.valueOf(String.java:4465)
	at claims@1.0-SNAPSHOT/claims.models.Customer.toString(Customer.java:131)
	at java.base/java.lang.String.valueOf(String.java:4465)
	at java.base/java.lang.StringBuilder.append(StringBuilder.java:173)
	at javafx.base@21.0.2/javafx.beans.property.IntegerPropertyBase.toString(IntegerPropertyBase.java:228)
	at java.base/java.lang.String.valueOf(String.java:4465)
	at claims@1.0-SNAPSHOT/claims.models.Customer.toString(Customer.java:131)
	at java.base/java.lang.String.valueOf(String.java:4465)
	at java.base/java.lang.StringBuilder.append(StringBuilder.java:173)
	at javafx.base@21.0.2/javafx.beans.property.IntegerPropertyBase.toString(IntegerPropertyBase.java:228)
	at java.base/java.lang.String.valueOf(String.java:4465)
	at claims@1.0-SNAPSHOT/claims.models.Customer.toString(Customer.java:131)
	at java.base/java.lang.String.valueOf(String.java:4465)
	at java.base/java.lang.StringBuilder.append(StringBuilder.java:173)
	at javafx.base@21.0.2/javafx.beans.property.IntegerPropertyBase.toString(IntegerPropertyBase.java:228)
	at java.base/java.lang.String.valueOf(String.java:4465)
	at claims@1.0-SNAPSHOT/claims.models.Customer.toString(Customer.java:131)
	at java.base/java.lang.String.valueOf(String.java:4465)
	at java.base/java.lang.StringBuilder.append(StringBuilder.java:173)
	at javafx.base@21.0.2/javafx.beans.property.IntegerPropertyBase.toString(IntegerPropertyBase.java:228)
	at java.base/java.lang.String.valueOf(String.java:4465)
	at claims@1.0-SNAPSHOT/claims.models.Customer.toString(Customer.java:131)
	at java.base/java.lang.String.valueOf(String.java:4465)
	at java.base/java.lang.StringBuilder.append(StringBuilder.java:173)
	at javafx.base@21.0.2/javafx.beans.property.IntegerPropertyBase.toString(IntegerPropertyBase.java:228)
	at java.base/java.lang.String.valueOf(String.java:4465)
	at claims@1.0-SNAPSHOT/claims.models.Customer.toString(Customer.java:131)
	at java.base/java.lang.String.valueOf(String.java:4465)
	at java.base/java.lang.StringBuilder.append(StringBuilder.java:173)
	at javafx.base@21.0.2/javafx.beans.property.IntegerPropertyBase.toString(IntegerPropertyBase.java:228)
	at java.base/java.lang.String.valueOf(String.java:4465)
	at claims@1.0-SNAPSHOT/claims.models.Customer.toString(Customer.java:131)
	at java.base/java.lang.String.valueOf(String.java:4465)
	at java.base/java.lang.StringBuilder.append(StringBuilder.java:173)
	at javafx.base@21.0.2/javafx.beans.property.IntegerPropertyBase.toString(IntegerPropertyBase.java:228)
	at java.base/java.lang.String.valueOf(String.java:4465)
	at claims@1.0-SNAPSHOT/claims.models.Customer.toString(Customer.java:131)
	at java.base/java.lang.String.valueOf(String.java:4465)
	at java.base/java.lang.StringBuilder.append(StringBuilder.java:173)
	at javafx.base@21.0.2/javafx.beans.property.IntegerPropertyBase.toString(IntegerPropertyBase.java:228)
	at java.base/java.lang.String.valueOf(String.java:4465)
	at claims@1.0-SNAPSHOT/claims.models.Customer.toString(Customer.java:131)
	at java.base/java.lang.String.valueOf(String.java:4465)
	at java.base/java.lang.StringBuilder.append(StringBuilder.java:173)
	at javafx.base@21.0.2/javafx.beans.property.IntegerPropertyBase.toString(IntegerPropertyBase.java:228)
	at java.base/java.lang.String.valueOf(String.java:4465)
	at claims@1.0-SNAPSHOT/claims.models.Customer.toString(Customer.java:131)
	at java.base/java.lang.String.valueOf(String.java:4465)
	at java.base/java.lang.StringBuilder.append(StringBuilder.java:173)
	at javafx.base@21.0.2/javafx.beans.property.IntegerPropertyBase.toString(IntegerPropertyBase.java:228)
	at java.base/java.lang.String.valueOf(String.java:4465)
	at claims@1.0-SNAPSHOT/claims.models.Customer.toString(Customer.java:131)
	at java.base/java.lang.String.valueOf(String.java:4465)
	at java.base/java.lang.StringBuilder.append(StringBuilder.java:173)
	at javafx.base@21.0.2/javafx.beans.property.IntegerPropertyBase.toString(IntegerPropertyBase.java:228)
	at java.base/java.lang.String.valueOf(String.java:4465)
	at claims@1.0-SNAPSHOT/claims.models.Customer.toString(Customer.java:131)
	at java.base/java.lang.String.valueOf(String.java:4465)
	at java.base/java.lang.StringBuilder.append(StringBuilder.java:173)
	at javafx.base@21.0.2/javafx.beans.property.IntegerPropertyBase.toString(IntegerPropertyBase.java:228)
	at java.base/java.lang.String.valueOf(String.java:4465)
	at claims@1.0-SNAPSHOT/claims.models.Customer.toString(Customer.java:131)
	at java.base/java.lang.String.valueOf(String.java:4465)
	at java.base/java.lang.StringBuilder.append(StringBuilder.java:173)
	at javafx.base@21.0.2/javafx.beans.property.IntegerPropertyBase.toString(IntegerPropertyBase.java:228)
	at java.base/java.lang.String.valueOf(String.java:4465)
	at claims@1.0-SNAPSHOT/claims.models.Customer.toString(Customer.java:131)
	at java.base/java.lang.String.valueOf(String.java:4465)
	at java.base/java.lang.StringBuilder.append(StringBuilder.java:173)
	at javafx.base@21.0.2/javafx.beans.property.IntegerPropertyBase.toString(IntegerPropertyBase.java:228)
	at java.base/java.lang.String.valueOf(String.java:4465)
	at claims@1.0-SNAPSHOT/claims.models.Customer.toString(Customer.java:131)
	at java.base/java.lang.String.valueOf(String.java:4465)
	at java.base/java.lang.StringBuilder.append(StringBuilder.java:173)
	at javafx.base@21.0.2/javafx.beans.property.IntegerPropertyBase.toString(IntegerPropertyBase.java:228)
	at java.base/java.lang.String.valueOf(String.java:4465)
	at claims@1.0-SNAPSHOT/claims.models.Customer.toString(Customer.java:131)
	at java.base/java.lang.String.valueOf(String.java:4465)
	at java.base/java.lang.StringBuilder.append(StringBuilder.java:173)
	at javafx.base@21.0.2/javafx.beans.property.IntegerPropertyBase.toString(IntegerPropertyBase.java:228)
	at java.base/java.lang.String.valueOf(String.java:4465)
	at claims@1.0-SNAPSHOT/claims.models.Customer.toString(Customer.java:131)
	at java.base/java.lang.String.valueOf(String.java:4465)
	at java.base/java.lang.StringBuilder.append(StringBuilder.java:173)
	at javafx.base@21.0.2/javafx.beans.property.IntegerPropertyBase.toString(IntegerPropertyBase.java:228)
	at java.base/java.lang.String.valueOf(String.java:4465)
	at claims@1.0-SNAPSHOT/claims.models.Customer.toString(Customer.java:131)
	at java.base/java.lang.String.valueOf(String.java:4465)
	at java.base/java.lang.StringBuilder.append(StringBuilder.java:173)
	at javafx.base@21.0.2/javafx.beans.property.IntegerPropertyBase.toString(IntegerPropertyBase.java:228)
	at java.base/java.lang.String.valueOf(String.java:4465)
	at claims@1.0-SNAPSHOT/claims.models.Customer.toString(Customer.java:131)
	at java.base/java.lang.String.valueOf(String.java:4465)
	at java.base/java.lang.StringBuilder.append(StringBuilder.java:173)
	at javafx.base@21.0.2/javafx.beans.property.IntegerPropertyBase.toString(IntegerPropertyBase.java:228)
	at java.base/java.lang.String.valueOf(String.java:4465)
	at claims@1.0-SNAPSHOT/claims.models.Customer.toString(Customer.java:131)
	at java.base/java.lang.String.valueOf(String.java:4465)
	at java.base/java.lang.StringBuilder.append(StringBuilder.java:173)
	at javafx.base@21.0.2/javafx.beans.property.IntegerPropertyBase.toString(IntegerPropertyBase.java:228)

tests.CustomerTest.testRemoveVehicle -- Time elapsed: 0 s <<< ERROR!
java.lang.UnsupportedOperationException
	at java.base/java.util.AbstractList.add(AbstractList.java:155)
	at java.base/java.util.AbstractList.add(AbstractList.java:113)
	at javafx.base@21.0.2/javafx.beans.binding.ListExpression.add(ListExpression.java:247)
	at claims@1.0-SNAPSHOT/claims.models.Customer.addVehicle(Customer.java:106)
	at claims@1.0-SNAPSHOT/tests.CustomerTest.testRemoveVehicle(CustomerTest.java:80)
	at java.base/jdk.internal.reflect.DirectMethodHandleAccessor.invoke(DirectMethodHandleAccessor.java:103)
	at java.base/java.lang.reflect.Method.invoke(Method.java:580)
	at org.junit.platform.commons.util.ReflectionUtils.invokeMethod(ReflectionUtils.java:688)
	at org.junit.jupiter.engine.execution.MethodInvocation.proceed(MethodInvocation.java:60)
	at org.junit.jupiter.engine.execution.InvocationInterceptorChain$ValidatingInvocation.proceed(InvocationInterceptorChain.java:131)
	at org.junit.jupiter.engine.extension.TimeoutExtension.intercept(TimeoutExtension.java:149)
	at org.junit.jupiter.engine.extension.TimeoutExtension.interceptTestableMethod(TimeoutExtension.java:140)
	at org.junit.jupiter.engine.extension.TimeoutExtension.interceptTestMethod(TimeoutExtension.java:84)
	at org.junit.jupiter.engine.execution.ExecutableInvoker$ReflectiveInterceptorCall.lambda$ofVoidMethod$0(ExecutableInvoker.java:115)
	at org.junit.jupiter.engine.execution.ExecutableInvoker.lambda$invoke$0(ExecutableInvoker.java:105)
	at org.junit.jupiter.engine.execution.InvocationInterceptorChain$InterceptedInvocation.proceed(InvocationInterceptorChain.java:106)
	at org.junit.jupiter.engine.execution.InvocationInterceptorChain.proceed(InvocationInterceptorChain.java:64)
	at org.junit.jupiter.engine.execution.InvocationInterceptorChain.chainAndInvoke(InvocationInterceptorChain.java:45)
	at org.junit.jupiter.engine.execution.InvocationInterceptorChain.invoke(InvocationInterceptorChain.java:37)
	at org.junit.jupiter.engine.execution.ExecutableInvoker.invoke(ExecutableInvoker.java:104)
	at org.junit.jupiter.engine.execution.ExecutableInvoker.invoke(ExecutableInvoker.java:98)
	at org.junit.jupiter.engine.descriptor.TestMethodTestDescriptor.lambda$invokeTestMethod$6(TestMethodTestDescriptor.java:210)
	at org.junit.platform.engine.support.hierarchical.ThrowableCollector.execute(ThrowableCollector.java:73)
	at org.junit.jupiter.engine.descriptor.TestMethodTestDescriptor.invokeTestMethod(TestMethodTestDescriptor.java:206)
	at org.junit.jupiter.engine.descriptor.TestMethodTestDescriptor.execute(TestMethodTestDescriptor.java:131)
	at org.junit.jupiter.engine.descriptor.TestMethodTestDescriptor.execute(TestMethodTestDescriptor.java:65)
	at org.junit.platform.engine.support.hierarchical.NodeTestTask.lambda$executeRecursively$5(NodeTestTask.java:139)
	at org.junit.platform.engine.support.hierarchical.ThrowableCollector.execute(ThrowableCollector.java:73)
	at org.junit.platform.engine.support.hierarchical.NodeTestTask.lambda$executeRecursively$7(NodeTestTask.java:129)
	at org.junit.platform.engine.support.hierarchical.Node.around(Node.java:137)
	at org.junit.platform.engine.support.hierarchical.NodeTestTask.lambda$executeRecursively$8(NodeTestTask.java:127)
	at org.junit.platform.engine.support.hierarchical.ThrowableCollector.execute(ThrowableCollector.java:73)
	at org.junit.platform.engine.support.hierarchical.NodeTestTask.executeRecursively(NodeTestTask.java:126)
	at org.junit.platform.engine.support.hierarchical.NodeTestTask.execute(NodeTestTask.java:84)
	at java.base/java.util.ArrayList.forEach(ArrayList.java:1596)
	at org.junit.platform.engine.support.hierarchical.SameThreadHierarchicalTestExecutorService.invokeAll(SameThreadHierarchicalTestExecutorService.java:38)
	at org.junit.platform.engine.support.hierarchical.NodeTestTask.lambda$executeRecursively$5(NodeTestTask.java:143)
	at org.junit.platform.engine.support.hierarchical.ThrowableCollector.execute(ThrowableCollector.java:73)
	at org.junit.platform.engine.support.hierarchical.NodeTestTask.lambda$executeRecursively$7(NodeTestTask.java:129)
	at org.junit.platform.engine.support.hierarchical.Node.around(Node.java:137)
	at org.junit.platform.engine.support.hierarchical.NodeTestTask.lambda$executeRecursively$8(NodeTestTask.java:127)
	at org.junit.platform.engine.support.hierarchical.ThrowableCollector.execute(ThrowableCollector.java:73)
	at org.junit.platform.engine.support.hierarchical.NodeTestTask.executeRecursively(NodeTestTask.java:126)
	at org.junit.platform.engine.support.hierarchical.NodeTestTask.execute(NodeTestTask.java:84)
	at java.base/java.util.ArrayList.forEach(ArrayList.java:1596)
	at org.junit.platform.engine.support.hierarchical.SameThreadHierarchicalTestExecutorService.invokeAll(SameThreadHierarchicalTestExecutorService.java:38)
	at org.junit.platform.engine.support.hierarchical.NodeTestTask.lambda$executeRecursively$5(NodeTestTask.java:143)
	at org.junit.platform.engine.support.hierarchical.ThrowableCollector.execute(ThrowableCollector.java:73)
	at org.junit.platform.engine.support.hierarchical.NodeTestTask.lambda$executeRecursively$7(NodeTestTask.java:129)
	at org.junit.platform.engine.support.hierarchical.Node.around(Node.java:137)
	at org.junit.platform.engine.support.hierarchical.NodeTestTask.lambda$executeRecursively$8(NodeTestTask.java:127)
[...]
	at java.base/java.lang.StringBuilder.append(StringBuilder.java:173)
	at javafx.base@21.0.2/javafx.beans.property.IntegerPropertyBase.toString(IntegerPropertyBase.java:228)
	at java.base/java.lang.String.valueOf(String.java:4465)
	at claims@1.0-SNAPSHOT/claims.models.Customer.toString(Customer.java:131)
	at java.base/java.lang.String.valueOf(String.java:4465)
	at java.base/java.lang.StringBuilder.append(StringBuilder.java:173)
	at javafx.base@21.0.2/javafx.beans.property.IntegerPropertyBase.toString(IntegerPropertyBase.java:228)
	at java.base/java.lang.String.valueOf(String.java:4465)
	at claims@1.0-SNAPSHOT/claims.models.Customer.toString(Customer.java:131)
	at java.base/java.lang.String.valueOf(String.java:4465)
	at java.base/java.lang.StringBuilder.append(StringBuilder.java:173)
	at javafx.base@21.0.2/javafx.beans.property.IntegerPropertyBase.toString(IntegerPropertyBase.java:228)
	at java.base/java.lang.String.valueOf(String.java:4465)
	at claims@1.0-SNAPSHOT/claims.models.Customer.toString(Customer.java:131)
	at java.base/java.lang.String.valueOf(String.java:4465)
	at java.base/java.lang.StringBuilder.append(StringBuilder.java:173)
	at javafx.base@21.0.2/javafx.beans.property.IntegerPropertyBase.toString(IntegerPropertyBase.java:228)
	at java.base/java.lang.String.valueOf(String.java:4465)
	at claims@1.0-SNAPSHOT/claims.models.Customer.toString(Customer.java:131)
	at java.base/java.lang.String.valueOf(String.java:4465)
	at java.base/java.lang.StringBuilder.append(StringBuilder.java:173)
	at javafx.base@21.0.2/javafx.beans.property.IntegerPropertyBase.toString(IntegerPropertyBase.java:228)
	at java.base/java.lang.String.valueOf(String.java:4465)
	at claims@1.0-SNAPSHOT/claims.models.Customer.toString(Customer.java:131)
	at java.base/java.lang.String.valueOf(String.java:4465)
	at java.base/java.lang.StringBuilder.append(StringBuilder.java:173)
	at javafx.base@21.0.2/javafx.beans.property.IntegerPropertyBase.toString(IntegerPropertyBase.java:228)
	at java.base/java.lang.String.valueOf(String.java:4465)
	at claims@1.0-SNAPSHOT/claims.models.Customer.toString(Customer.java:131)
	at java.base/java.lang.String.valueOf(String.java:4465)
	at java.base/java.lang.StringBuilder.append(StringBuilder.java:173)
	at javafx.base@21.0.2/javafx.beans.property.IntegerPropertyBase.toString(IntegerPropertyBase.java:228)
	at java.base/java.lang.String.valueOf(String.java:4465)
	at claims@1.0-SNAPSHOT/claims.models.Customer.toString(Customer.java:131)
	at java.base/java.lang.String.valueOf(String.java:4465)
	at java.base/java.lang.StringBuilder.append(StringBuilder.java:173)
	at javafx.base@21.0.2/javafx.beans.property.IntegerPropertyBase.toString(IntegerPropertyBase.java:228)
	at java.base/java.lang.String.valueOf(String.java:4465)
	at claims@1.0-SNAPSHOT/claims.models.Customer.toString(Customer.java:131)
	at java.base/java.lang.String.valueOf(String.java:4465)
	at java.base/java.lang.StringBuilder.append(StringBuilder.java:173)
	at javafx.base@21.0.2/javafx.beans.property.IntegerPropertyBase.toString(IntegerPropertyBase.java:228)
	at java.base/java.lang.String.valueOf(String.java:4465)
	at claims@1.0-SNAPSHOT/claims.models.Customer.toString(Customer.java:131)
	at java.base/java.lang.String.valueOf(String.java:4465)
	at java.base/java.lang.StringBuilder.append(StringBuilder.java:173)
	at javafx.base@21.0.2/javafx.beans.property.IntegerPropertyBase.toString(IntegerPropertyBase.java:228)
	at java.base/java.lang.String.valueOf(String.java:4465)
	at claims@1.0-SNAPSHOT/claims.models.Customer.toString(Customer.java:131)
	at java.base/java.lang.String.valueOf(String.java:4465)
	at java.base/java.lang.StringBuilder.append(StringBuilder.java:173)
	at javafx.base@21.0.2/javafx.beans.property.IntegerPropertyBase.toString(IntegerPropertyBase.java:228)
	at java.base/java.lang.String.valueOf(String.java:4465)
	at claims@1.0-SNAPSHOT/claims.models.Customer.toString(Customer.java:131)
	at java.base/java.lang.String.valueOf(String.java:4465)
	at java.base/java.lang.StringBuilder.append(StringBuilder.java:173)
	at javafx.base@21.0.2/javafx.beans.property.IntegerPropertyBase.toString(IntegerPropertyBase.java:228)
	at java.base/java.lang.String.valueOf(String.java:4465)
	at claims@1.0-SNAPSHOT/claims.models.Customer.toString(Customer.java:131)
	at java.base/java.lang.String.valueOf(String.java:4465)
	at java.base/java.lang.StringBuilder.append(StringBuilder.java:173)
	at javafx.base@21.0.2/javafx.beans.property.IntegerPropertyBase.toString(IntegerPropertyBase.java:228)
	at java.base/java.lang.String.valueOf(String.java:4465)
	at claims@1.0-SNAPSHOT/claims.models.Customer.toString(Customer.java:131)
	at java.base/java.lang.String.valueOf(String.java:4465)
	at java.base/java.lang.StringBuilder.append(StringBuilder.java:173)
	at javafx.base@21.0.2/javafx.beans.property.IntegerPropertyBase.toString(IntegerPropertyBase.java:228)
	at java.base/java.lang.String.valueOf(String.java:4465)
	at claims@1.0-SNAPSHOT/claims.models.Customer.toString(Customer.java:131)
	at java.base/java.lang.String.valueOf(String.java:4465)
	at java.base/java.lang.StringBuilder.append(StringBuilder.java:173)
	at javafx.base@21.0.2/javafx.beans.property.IntegerPropertyBase.toString(IntegerPropertyBase.java:228)
	at java.base/java.lang.String.valueOf(String.java:4465)
	at claims@1.0-SNAPSHOT/claims.models.Customer.toString(Customer.java:131)
	at java.base/java.lang.String.valueOf(String.java:4465)
	at java.base/java.lang.StringBuilder.append(StringBuilder.java:173)
	at javafx.base@21.0.2/javafx.beans.property.IntegerPropertyBase.toString(IntegerPropertyBase.java:228)
	at java.base/java.lang.String.valueOf(String.java:4465)
	at claims@1.0-SNAPSHOT/claims.models.Customer.toString(Customer.java:131)
	at java.base/java.lang.String.valueOf(String.java:4465)
	at java.base/java.lang.StringBuilder.append(StringBuilder.java:173)
	at javafx.base@21.0.2/javafx.beans.property.IntegerPropertyBase.toString(IntegerPropertyBase.java:228)
	at java.base/java.lang.String.valueOf(String.java:4465)
	at claims@1.0-SNAPSHOT/claims.models.Customer.toString(Customer.java:131)
	at java.base/java.lang.String.valueOf(String.java:4465)
	at java.base/java.lang.StringBuilder.append(StringBuilder.java:173)
	at javafx.base@21.0.2/javafx.beans.property.IntegerPropertyBase.toString(IntegerPropertyBase.java:228)
	at java.base/java.lang.String.valueOf(String.java:4465)
	at claims@1.0-SNAPSHOT/claims.models.Customer.toString(Customer.java:131)
	at java.base/java.lang.String.valueOf(String.java:4465)
	at java.base/java.lang.StringBuilder.append(StringBuilder.java:173)
	at javafx.base@21.0.2/javafx.beans.property.IntegerPropertyBase.toString(IntegerPropertyBase.java:228)
	at java.base/java.lang.String.valueOf(String.java:4465)
	at claims@1.0-SNAPSHOT/claims.models.Customer.toString(Customer.java:131)
	at java.base/java.lang.String.valueOf(String.java:4465)
	at java.base/java.lang.StringBuilder.append(StringBuilder.java:173)
	at javafx.base@21.0.2/javafx.beans.property.IntegerPropertyBase.toString(IntegerPropertyBase.java:228)
	at java.base/java.lang.String.valueOf(String.java:4465)
	at claims@1.0-SNAPSHOT/claims.models.Customer.toString(Customer.java:131)
	at java.base/java.lang.String.valueOf(String.java:4465)
	at java.base/java.lang.StringBuilder.append(StringBuilder.java:173)
	at javafx.base@21.0.2/javafx.beans.property.IntegerPropertyBase.toString(IntegerPropertyBase.java:228)
	at java.base/java.lang.String.valueOf(String.java:4465)
	at claims@1.0-SNAPSHOT/claims.models.Customer.toString(Customer.java:131)
	at java.base/java.lang.String.valueOf(String.java:4465)
	at java.base/java.lang.StringBuilder.append(StringBuilder.java:173)
	at javafx.base@21.0.2/javafx.beans.property.IntegerPropertyBase.toString(IntegerPropertyBase.java:228)
	at java.base/java.lang.String.valueOf(String.java:4465)
	at claims@1.0-SNAPSHOT/claims.models.Customer.toString(Customer.java:131)
	at java.base/java.lang.String.valueOf(String.java:4465)
	at java.base/java.lang.StringBuilder.append(StringBuilder.java:173)
	at javafx.base@21.0.2/javafx.beans.property.IntegerPropertyBase.toString(IntegerPropertyBase.java:228)
	at java.base/java.lang.String.valueOf(String.java:4465)
	at claims@1.0-SNAPSHOT/claims.models.Customer.toString(Customer.java:131)
	at java.base/java.lang.String.valueOf(String.java:4465)
	at java.base/java.lang.StringBuilder.append(StringBuilder.java:173)
	at javafx.base@21.0.2/javafx.beans.property.IntegerPropertyBase.toString(IntegerPropertyBase.java:228)
	at java.base/java.lang.String.valueOf(String.java:4465)
	at claims@1.0-SNAPSHOT/claims.models.Customer.toString(Customer.java:131)
	at java.base/java.lang.String.valueOf(String.java:4465)
	at java.base/java.lang.StringBuilder.append(StringBuilder.java:173)
	at javafx.base@21.0.2/javafx.beans.property.IntegerPropertyBase.toString(IntegerPropertyBase.java:228)
	at java.base/java.lang.String.valueOf(String.java:4465)
	at claims@1.0-SNAPSHOT/claims.models.Customer.toString(Customer.java:131)
	at java.base/java.lang.String.valueOf(String.java:4465)
	at java.base/java.lang.StringBuilder.append(StringBuilder.java:173)
	at javafx.base@21.0.2/javafx.beans.property.IntegerPropertyBase.toString(IntegerPropertyBase.java:228)
	at java.base/java.lang.String.valueOf(String.java:4465)
	at claims@1.0-SNAPSHOT/claims.models.Customer.toString(Customer.java:131)
	at java.base/java.lang.String.valueOf(String.java:4465)
	at java.base/java.lang.StringBuilder.append(StringBuilder.java:173)
	at javafx.base@21.0.2/javafx.beans.property.IntegerPropertyBase.toString(IntegerPropertyBase.java:228)
	at java.base/java.lang.String.valueOf(String.java:4465)
	at claims@1.0-SNAPSHOT/claims.models.Customer.toString(Customer.java:131)
	at java.base/java.lang.String.valueOf(String.java:4465)
	at java.base/java.lang.StringBuilder.append(StringBuilder.java:173)
	at javafx.base@21.0.2/javafx.beans.property.IntegerPropertyBase.toString(IntegerPropertyBase.java:228)
	at java.base/java.lang.String.valueOf(String.java:4465)
	at claims@1.0-SNAPSHOT/claims.models.Customer.toString(Customer.java:131)
	at java.base/java.lang.String.valueOf(String.java:4465)
	at java.base/java.lang.StringBuilder.append(StringBuilder.java:173)
	at javafx.base@21.0.2/javafx.beans.property.IntegerPropertyBase.toString(IntegerPropertyBase.java:228)
	at java.base/java.lang.String.valueOf(String.java:4465)
	at claims@1.0-SNAPSHOT/claims.models.Customer.toString(Customer.java:131)
	at java.base/java.lang.String.valueOf(String.java:4465)
	at java.base/java.lang.StringBuilder.append(StringBuilder.java:173)
	at javafx.base@21.0.2/javafx.beans.property.IntegerPropertyBase.toString(IntegerPropertyBase.java:228)
	at java.base/java.lang.String.valueOf(String.java:4465)
	at claims@1.0-SNAPSHOT/claims.models.Customer.toString(Customer.java:131)
	at java.base/java.lang.String.valueOf(String.java:4465)
	at java.base/java.lang.StringBuilder.append(StringBuilder.java:173)
	at javafx.base@21.0.2/javafx.beans.property.IntegerPropertyBase.toString(IntegerPropertyBase.java:228)
	at java.base/java.lang.String.valueOf(String.java:4465)
	at claims@1.0-SNAPSHOT/claims.models.Customer.toString(Customer.java:131)
	at java.base/java.lang.String.valueOf(String.java:4465)
	at java.base/java.lang.StringBuilder.append(StringBuilder.java:173)
	at javafx.base@21.0.2/javafx.beans.property.IntegerPropertyBase.toString(IntegerPropertyBase.java:228)
	at java.base/java.lang.String.valueOf(String.java:4465)
	at claims@1.0-SNAPSHOT/claims.models.Customer.toString(Customer.java:131)
	at java.base/java.lang.String.valueOf(String.java:4465)
	at java.base/java.lang.StringBuilder.append(StringBuilder.java:173)
	at javafx.base@21.0.2/javafx.beans.property.IntegerPropertyBase.toString(IntegerPropertyBase.java:228)
	at java.base/java.lang.String.valueOf(String.java:4465)
	at claims@1.0-SNAPSHOT/claims.models.Customer.toString(Customer.java:131)
	at java.base/java.lang.String.valueOf(String.java:4465)
	at java.base/java.lang.StringBuilder.append(StringBuilder.java:173)
	at javafx.base@21.0.2/javafx.beans.property.IntegerPropertyBase.toString(IntegerPropertyBase.java:228)
	at java.base/java.lang.String.valueOf(String.java:4465)
	at claims@1.0-SNAPSHOT/claims.models.Customer.toString(Customer.java:131)
	at java.base/java.lang.String.valueOf(String.java:4465)
	at java.base/java.lang.StringBuilder.append(StringBuilder.java:173)
	at javafx.base@21.0.2/javafx.beans.property.IntegerPropertyBase.toString(IntegerPropertyBase.java:228)
	at java.base/java.lang.String.valueOf(String.java:4465)
	at claims@1.0-SNAPSHOT/claims.models.Customer.toString(Customer.java:131)
	at java.base/java.lang.String.valueOf(String.java:4465)
	at java.base/java.lang.StringBuilder.append(StringBuilder.java:173)
	at javafx.base@21.0.2/javafx.beans.property.IntegerPropertyBase.toString(IntegerPropertyBase.java:228)
	at java.base/java.lang.String.valueOf(String.java:4465)
	at claims@1.0-SNAPSHOT/claims.models.Customer.toString(Customer.java:131)
	at java.base/java.lang.String.valueOf(String.java:4465)
	at java.base/java.lang.StringBuilder.append(StringBuilder.java:173)
	at javafx.base@21.0.2/javafx.beans.property.IntegerPropertyBase.toString(IntegerPropertyBase.java:228)
	at java.base/java.lang.String.valueOf(String.java:4465)
	at claims@1.0-SNAPSHOT/claims.models.Customer.toString(Customer.java:131)
	at java.base/java.lang.String.valueOf(String.java:4465)
	at java.base/java.lang.StringBuilder.append(StringBuilder.java:173)
	at javafx.base@21.0.2/javafx.beans.property.IntegerPropertyBase.toString(IntegerPropertyBase.java:228)
	at java.base/java.lang.String.valueOf(String.java:4465)
	at claims@1.0-SNAPSHOT/claims.models.Customer.toString(Customer.java:131)
	at java.base/java.lang.String.valueOf(String.java:4465)
	at java.base/java.lang.StringBuilder.append(StringBuilder.java:173)
	at javafx.base@21.0.2/javafx.beans.property.IntegerPropertyBase.toString(IntegerPropertyBase.java:228)
	at java.base/java.lang.String.valueOf(String.java:4465)
	at claims@1.0-SNAPSHOT/claims.models.Customer.toString(Customer.java:131)
	at java.base/java.lang.String.valueOf(String.java:4465)
	at java.base/java.lang.StringBuilder.append(StringBuilder.java:173)
	at javafx.base@21.0.2/javafx.beans.property.IntegerPropertyBase.toString(IntegerPropertyBase.java:228)
	at java.base/java.lang.String.valueOf(String.java:4465)
	at claims@1.0-SNAPSHOT/claims.models.Customer.toString(Customer.java:131)
	at java.base/java.lang.String.valueOf(String.java:4465)
	at java.base/java.lang.StringBuilder.append(StringBuilder.java:173)
	at javafx.base@21.0.2/javafx.beans.property.IntegerPropertyBase.toString(IntegerPropertyBase.java:228)
	at java.base/java.lang.String.valueOf(String.java:4465)
	at claims@1.0-SNAPSHOT/claims.models.Customer.toString(Customer.java:131)
	at java.base/java.lang.String.valueOf(String.java:4465)
	at java.base/java.lang.StringBuilder.append(StringBuilder.java:173)
	at javafx.base@21.0.2/javafx.beans.property.IntegerPropertyBase.toString(IntegerPropertyBase.java:228)
	at java.base/java.lang.String.valueOf(String.java:4465)
	at claims@1.0-SNAPSHOT/claims.models.Customer.toString(Customer.java:131)
	at java.base/java.lang.String.valueOf(String.java:4465)
	at java.base/java.lang.StringBuilder.append(StringBuilder.java:173)
	at javafx.base@21.0.2/javafx.beans.property.IntegerPropertyBase.toString(IntegerPropertyBase.java:228)
	at java.base/java.lang.String.valueOf(String.java:4465)
	at claims@1.0-SNAPSHOT/claims.models.Customer.toString(Customer.java:131)
	at java.base/java.lang.String.valueOf(String.java:4465)
	at java.base/java.lang.StringBuilder.append(StringBuilder.java:173)
	at javafx.base@21.0.2/javafx.beans.property.IntegerPropertyBase.toString(IntegerPropertyBase.java:228)
	at java.base/java.lang.String.valueOf(String.java:4465)
	at claims@1.0-SNAPSHOT/claims.models.Customer.toString(Customer.java:131)
	at java.base/java.lang.String.valueOf(String.java:4465)
	at java.base/java.lang.StringBuilder.append(StringBuilder.java:173)
	at javafx.base@21.0.2/javafx.beans.property.IntegerPropertyBase.toString(IntegerPropertyBase.java:228)
	at java.base/java.lang.String.valueOf(String.java:4465)
	at claims@1.0-SNAPSHOT/claims.models.Customer.toString(Customer.java:131)
	at java.base/java.lang.String.valueOf(String.java:4465)
	at java.base/java.lang.StringBuilder.append(StringBuilder.java:173)
	at javafx.base@21.0.2/javafx.beans.property.IntegerPropertyBase.toString(IntegerPropertyBase.java:228)
	at java.base/java.lang.String.valueOf(String.java:4465)
	at claims@1.0-SNAPSHOT/claims.models.Customer.toString(Customer.java:131)
	at java.base/java.lang.String.valueOf(String.java:4465)
	at java.base/java.lang.StringBuilder.append(StringBuilder.java:173)
	at javafx.base@21.0.2/javafx.beans.property.IntegerPropertyBase.toString(IntegerPropertyBase.java:228)
	at java.base/java.lang.String.valueOf(String.java:4465)
	at claims@1.0-SNAPSHOT/claims.models.Customer.toString(Customer.java:131)
	at java.base/java.lang.String.valueOf(String.java:4465)
	at java.base/java.lang.StringBuilder.append(StringBuilder.java:173)
	at javafx.base@21.0.2/javafx.beans.property.IntegerPropertyBase.toString(IntegerPropertyBase.java:228)
	at java.base/java.lang.String.valueOf(String.java:4465)
	at claims@1.0-SNAPSHOT/claims.models.Customer.toString(Customer.java:131)
	at java.base/java.lang.String.valueOf(String.java:4465)
	at java.base/java.lang.StringBuilder.append(StringBuilder.java:173)
	at javafx.base@21.0.2/javafx.beans.property.IntegerPropertyBase.toString(IntegerPropertyBase.java:228)
	at java.base/java.lang.String.valueOf(String.java:4465)
	at claims@1.0-SNAPSHOT/claims.models.Customer.toString(Customer.java:131)
	at java.base/java.lang.String.valueOf(String.java:4465)
	at java.base/java.lang.StringBuilder.append(StringBuilder.java:173)
	at javafx.base@21.0.2/javafx.beans.property.IntegerPropertyBase.toString(IntegerPropertyBase.java:228)
	at java.base/java.lang.String.valueOf(String.java:4465)
	at claims@1.0-SNAPSHOT/claims.models.Customer.toString(Customer.java:131)
	at java.base/java.lang.String.valueOf(String.java:4465)
	at java.base/java.lang.StringBuilder.append(StringBuilder.java:173)
	at javafx.base@21.0.2/javafx.beans.property.IntegerPropertyBase.toString(IntegerPropertyBase.java:228)
	at java.base/java.lang.String.valueOf(String.java:4465)
	at claims@1.0-SNAPSHOT/claims.models.Customer.toString(Customer.java:131)
	at java.base/java.lang.String.valueOf(String.java:4465)
	at java.base/java.lang.StringBuilder.append(StringBuilder.java:173)
	at javafx.base@21.0.2/javafx.beans.property.IntegerPropertyBase.toString(IntegerPropertyBase.java:228)
	at java.base/java.lang.String.valueOf(String.java:4465)
	at claims@1.0-SNAPSHOT/claims.models.Customer.toString(Customer.java:131)
	at java.base/java.lang.String.valueOf(String.java:4465)
	at java.base/java.lang.StringBuilder.append(StringBuilder.java:173)
	at javafx.base@21.0.2/javafx.beans.property.IntegerPropertyBase.toString(IntegerPropertyBase.java:228)
	at java.base/java.lang.String.valueOf(String.java:4465)
	at claims@1.0-SNAPSHOT/claims.models.Customer.toString(Customer.java:131)
	at java.base/java.lang.String.valueOf(String.java:4465)
	at java.base/java.lang.StringBuilder.append(StringBuilder.java:173)
	at javafx.base@21.0.2/javafx.beans.property.IntegerPropertyBase.toString(IntegerPropertyBase.java:228)
	at java.base/java.lang.String.valueOf(String.java:4465)
	at claims@1.0-SNAPSHOT/claims.models.Customer.toString(Customer.java:131)
	at java.base/java.lang.String.valueOf(String.java:4465)
	at java.base/java.lang.StringBuilder.append(StringBuilder.java:173)
	at javafx.base@21.0.2/javafx.beans.property.IntegerPropertyBase.toString(IntegerPropertyBase.java:228)
	at java.base/java.lang.String.valueOf(String.java:4465)
	at claims@1.0-SNAPSHOT/claims.models.Customer.toString(Customer.java:131)
	at java.base/java.lang.String.valueOf(String.java:4465)
	at java.base/java.lang.StringBuilder.append(StringBuilder.java:173)

