-------------------------------------------------------------------------------
Test set: tests.UserStubDBTest
-------------------------------------------------------------------------------
Tests run: 4, Failures: 0, Errors: 2, Skipped: 0, Time elapsed: 0.013 s <<< FAILURE! -- in tests.UserStubDBTest
tests.UserStubDBTest.testAddCustomerAndRead -- Time elapsed: 0.004 s <<< ERROR!
java.lang.StackOverflowError
	at claims@1.0-SNAPSHOT/claims.models.Customer.toString(Customer.java:125)
	at java.base/java.lang.String.valueOf(String.java:4465)
	at java.base/java.lang.StringBuilder.append(StringBuilder.java:173)
	at javafx.base@21.0.2/javafx.beans.property.IntegerPropertyBase.toString(IntegerPropertyBase.java:228)
	at java.base/java.lang.String.valueOf(String.java:4465)
	at claims@1.0-SNAPSHOT/claims.models.Customer.toString(Customer.java:131)
	at java.base/java.lang.String.valueOf(String.java:4465)
	at java.base/java.lang.StringBuilder.append(StringBuilder.java:173)
	at javafx.base@21.0.2/javafx.beans.property.IntegerPropertyBase.toString(IntegerPropertyBase.java:228)
	at java.base/java.lang.String.valueOf(String.java:4465)
	at claims@1.0-SNAPSHOT/claims.models.Customer.toString(Customer.java:131)
	at java.base/java.lang.String.valueOf(String.java:4465)
	at java.base/java.lang.StringBuilder.append(StringBuilder.java:173)
	at javafx.base@21.0.2/javafx.beans.property.IntegerPropertyBase.toString(IntegerPropertyBase.java:228)
	at java.base/java.lang.String.valueOf(String.java:4465)
	at claims@1.0-SNAPSHOT/claims.models.Customer.toString(Customer.java:131)
	at java.base/java.lang.String.valueOf(String.java:4465)
	at java.base/java.lang.StringBuilder.append(StringBuilder.java:173)
	at javafx.base@21.0.2/javafx.beans.property.IntegerPropertyBase.toString(IntegerPropertyBase.java:228)
	at java.base/java.lang.String.valueOf(String.java:4465)
	at claims@1.0-SNAPSHOT/claims.models.Customer.toString(Customer.java:131)
	at java.base/java.lang.String.valueOf(String.java:4465)
	at java.base/java.lang.StringBuilder.append(StringBuilder.java:173)
	at javafx.base@21.0.2/javafx.beans.property.IntegerPropertyBase.toString(IntegerPropertyBase.java:228)
	at java.base/java.lang.String.valueOf(String.java:4465)
	at claims@1.0-SNAPSHOT/claims.models.Customer.toString(Customer.java:131)
	at java.base/java.lang.String.valueOf(String.java:4465)
	at java.base/java.lang.StringBuilder.append(StringBuilder.java:173)
	at javafx.base@21.0.2/javafx.beans.property.IntegerPropertyBase.toString(IntegerPropertyBase.java:228)
	at java.base/java.lang.String.valueOf(String.java:4465)
	at claims@1.0-SNAPSHOT/claims.models.Customer.toString(Customer.java:131)
	at java.base/java.lang.String.valueOf(String.java:4465)
	at java.base/java.lang.StringBuilder.append(StringBuilder.java:173)
	at javafx.base@21.0.2/javafx.beans.property.IntegerPropertyBase.toString(IntegerPropertyBase.java:228)
	at java.base/java.lang.String.valueOf(String.java:4465)
	at claims@1.0-SNAPSHOT/claims.models.Customer.toString(Customer.java:131)
	at java.base/java.lang.String.valueOf(String.java:4465)
	at java.base/java.lang.StringBuilder.append(StringBuilder.java:173)
	at javafx.base@21.0.2/javafx.beans.property.IntegerPropertyBase.toString(IntegerPropertyBase.java:228)
	at java.base/java.lang.String.valueOf(String.java:4465)
	at claims@1.0-SNAPSHOT/claims.models.Customer.toString(Customer.java:131)
	at java.base/java.lang.String.valueOf(String.java:4465)
	at java.base/java.lang.StringBuilder.append(StringBuilder.java:173)
	at javafx.base@21.0.2/javafx.beans.property.IntegerPropertyBase.toString(IntegerPropertyBase.java:228)
	at java.base/java.lang.String.valueOf(String.java:4465)
	at claims@1.0-SNAPSHOT/claims.models.Customer.toString(Customer.java:131)
	at java.base/java.lang.String.valueOf(String.java:4465)
	at java.base/java.lang.StringBuilder.append(StringBuilder.java:173)
	at javafx.base@21.0.2/javafx.beans.property.IntegerPropertyBase.toString(IntegerPropertyBase.java:228)
	at java.base/java.lang.String.valueOf(String.java:4465)
	at claims@1.0-SNAPSHOT/claims.models.Customer.toString(Customer.java:131)
	at java.base/java.lang.String.valueOf(String.java:4465)
	at java.base/java.lang.StringBuilder.append(StringBuilder.java:173)
	at javafx.base@21.0.2/javafx.beans.property.IntegerPropertyBase.toString(IntegerPropertyBase.java:228)
	at java.base/java.lang.String.valueOf(String.java:4465)
	at claims@1.0-SNAPSHOT/claims.models.Customer.toString(Customer.java:131)
	at java.base/java.lang.String.valueOf(String.java:4465)
	at java.base/java.lang.StringBuilder.append(StringBuilder.java:173)
	at javafx.base@21.0.2/javafx.beans.property.IntegerPropertyBase.toString(IntegerPropertyBase.java:228)
	at java.base/java.lang.String.valueOf(String.java:4465)
	at claims@1.0-SNAPSHOT/claims.models.Customer.toString(Customer.java:131)
	at java.base/java.lang.String.valueOf(String.java:4465)
	at java.base/java.lang.StringBuilder.append(StringBuilder.java:173)
	at javafx.base@21.0.2/javafx.beans.property.IntegerPropertyBase.toString(IntegerPropertyBase.java:228)
	at java.base/java.lang.String.valueOf(String.java:4465)
	at claims@1.0-SNAPSHOT/claims.models.Customer.toString(Customer.java:131)
	at java.base/java.lang.String.valueOf(String.java:4465)
	at java.base/java.lang.StringBuilder.append(StringBuilder.java:173)
	at javafx.base@21.0.2/javafx.beans.property.IntegerPropertyBase.toString(IntegerPropertyBase.java:228)
	at java.base/java.lang.String.valueOf(String.java:4465)
	at claims@1.0-SNAPSHOT/claims.models.Customer.toString(Customer.java:131)
	at java.base/java.lang.String.valueOf(String.java:4465)
	at java.base/java.lang.StringBuilder.append(StringBuilder.java:173)
	at javafx.base@21.0.2/javafx.beans.property.IntegerPropertyBase.toString(IntegerPropertyBase.java:228)
	at java.base/java.lang.String.valueOf(String.java:4465)
	at claims@1.0-SNAPSHOT/claims.models.Customer.toString(Customer.java:131)
	at java.base/java.lang.String.valueOf(String.java:4465)
	at java.base/java.lang.StringBuilder.append(StringBuilder.java:173)
	at javafx.base@21.0.2/javafx.beans.property.IntegerPropertyBase.toString(IntegerPropertyBase.java:228)
	at java.base/java.lang.String.valueOf(String.java:4465)
	at claims@1.0-SNAPSHOT/claims.models.Customer.toString(Customer.java:131)
	at java.base/java.lang.String.valueOf(String.java:4465)
	at java.base/java.lang.StringBuilder.append(StringBuilder.java:173)
	at javafx.base@21.0.2/javafx.beans.property.IntegerPropertyBase.toString(IntegerPropertyBase.java:228)
	at java.base/java.lang.String.valueOf(String.java:4465)
	at claims@1.0-SNAPSHOT/claims.models.Customer.toString(Customer.java:131)
	at java.base/java.lang.String.valueOf(String.java:4465)
	at java.base/java.lang.StringBuilder.append(StringBuilder.java:173)
	at javafx.base@21.0.2/javafx.beans.property.IntegerPropertyBase.toString(IntegerPropertyBase.java:228)
	at java.base/java.lang.String.valueOf(String.java:4465)
	at claims@1.0-SNAPSHOT/claims.models.Customer.toString(Customer.java:131)
	at java.base/java.lang.String.valueOf(String.java:4465)
	at java.base/java.lang.StringBuilder.append(StringBuilder.java:173)
	at javafx.base@21.0.2/javafx.beans.property.IntegerPropertyBase.toString(IntegerPropertyBase.java:228)
	at java.base/java.lang.String.valueOf(String.java:4465)
	at claims@1.0-SNAPSHOT/claims.models.Customer.toString(Customer.java:131)
	at java.base/java.lang.String.valueOf(String.java:4465)
	at java.base/java.lang.StringBuilder.append(StringBuilder.java:173)
	at javafx.base@21.0.2/javafx.beans.property.IntegerPropertyBase.toString(IntegerPropertyBase.java:228)
	at java.base/java.lang.String.valueOf(String.java:4465)
	at claims@1.0-SNAPSHOT/claims.models.Customer.toString(Customer.java:131)
	at java.base/java.lang.String.valueOf(String.java:4465)
	at java.base/java.lang.StringBuilder.append(StringBuilder.java:173)
	at javafx.base@21.0.2/javafx.beans.property.IntegerPropertyBase.toString(IntegerPropertyBase.java:228)
	at java.base/java.lang.String.valueOf(String.java:4465)
	at claims@1.0-SNAPSHOT/claims.models.Customer.toString(Customer.java:131)
	at java.base/java.lang.String.valueOf(String.java:4465)
	at java.base/java.lang.StringBuilder.append(StringBuilder.java:173)
	at javafx.base@21.0.2/javafx.beans.property.IntegerPropertyBase.toString(IntegerPropertyBase.java:228)
	at java.base/java.lang.String.valueOf(String.java:4465)
	at claims@1.0-SNAPSHOT/claims.models.Customer.toString(Customer.java:131)
	at java.base/java.lang.String.valueOf(String.java:4465)
	at java.base/java.lang.StringBuilder.append(StringBuilder.java:173)
	at javafx.base@21.0.2/javafx.beans.property.IntegerPropertyBase.toString(IntegerPropertyBase.java:228)
	at java.base/java.lang.String.valueOf(String.java:4465)
	at claims@1.0-SNAPSHOT/claims.models.Customer.toString(Customer.java:131)
	at java.base/java.lang.String.valueOf(String.java:4465)
	at java.base/java.lang.StringBuilder.append(StringBuilder.java:173)
	at javafx.base@21.0.2/javafx.beans.property.IntegerPropertyBase.toString(IntegerPropertyBase.java:228)
	at java.base/java.lang.String.valueOf(String.java:4465)
	at claims@1.0-SNAPSHOT/claims.models.Customer.toString(Customer.java:131)
	at java.base/java.lang.String.valueOf(String.java:4465)
	at java.base/java.lang.StringBuilder.append(StringBuilder.java:173)
	at javafx.base@21.0.2/javafx.beans.property.IntegerPropertyBase.toString(IntegerPropertyBase.java:228)
	at java.base/java.lang.String.valueOf(String.java:4465)
	at claims@1.0-SNAPSHOT/claims.models.Customer.toString(Customer.java:131)
	at java.base/java.lang.String.valueOf(String.java:4465)
	at java.base/java.lang.StringBuilder.append(StringBuilder.java:173)
	at javafx.base@21.0.2/javafx.beans.property.IntegerPropertyBase.toString(IntegerPropertyBase.java:228)
	at java.base/java.lang.String.valueOf(String.java:4465)
	at claims@1.0-SNAPSHOT/claims.models.Customer.toString(Customer.java:131)
	at java.base/java.lang.String.valueOf(String.java:4465)
	at java.base/java.lang.StringBuilder.append(StringBuilder.java:173)
	at javafx.base@21.0.2/javafx.beans.property.IntegerPropertyBase.toString(IntegerPropertyBase.java:228)
	at java.base/java.lang.String.valueOf(String.java:4465)
	at claims@1.0-SNAPSHOT/claims.models.Customer.toString(Customer.java:131)
	at java.base/java.lang.String.valueOf(String.java:4465)
	at java.base/java.lang.StringBuilder.append(StringBuilder.java:173)
	at javafx.base@21.0.2/javafx.beans.property.IntegerPropertyBase.toString(IntegerPropertyBase.java:228)
	at java.base/java.lang.String.valueOf(String.java:4465)
	at claims@1.0-SNAPSHOT/claims.models.Customer.toString(Customer.java:131)
	at java.base/java.lang.String.valueOf(String.java:4465)
	at java.base/java.lang.StringBuilder.append(StringBuilder.java:173)
	at javafx.base@21.0.2/javafx.beans.property.IntegerPropertyBase.toString(IntegerPropertyBase.java:228)
	at java.base/java.lang.String.valueOf(String.java:4465)
	at claims@1.0-SNAPSHOT/claims.models.Customer.toString(Customer.java:131)
	at java.base/java.lang.String.valueOf(String.java:4465)
	at java.base/java.lang.StringBuilder.append(StringBuilder.java:173)
	at javafx.base@21.0.2/javafx.beans.property.IntegerPropertyBase.toString(IntegerPropertyBase.java:228)
	at java.base/java.lang.String.valueOf(String.java:4465)
	at claims@1.0-SNAPSHOT/claims.models.Customer.toString(Customer.java:131)
	at java.base/java.lang.String.valueOf(String.java:4465)
	at java.base/java.lang.StringBuilder.append(StringBuilder.java:173)
	at javafx.base@21.0.2/javafx.beans.property.IntegerPropertyBase.toString(IntegerPropertyBase.java:228)
	at java.base/java.lang.String.valueOf(String.java:4465)
	at claims@1.0-SNAPSHOT/claims.models.Customer.toString(Customer.java:131)
	at java.base/java.lang.String.valueOf(String.java:4465)
	at java.base/java.lang.StringBuilder.append(StringBuilder.java:173)
	at javafx.base@21.0.2/javafx.beans.property.IntegerPropertyBase.toString(IntegerPropertyBase.java:228)
	at java.base/java.lang.String.valueOf(String.java:4465)
	at claims@1.0-SNAPSHOT/claims.models.Customer.toString(Customer.java:131)
	at java.base/java.lang.String.valueOf(String.java:4465)
	at java.base/java.lang.StringBuilder.append(StringBuilder.java:173)
	at javafx.base@21.0.2/javafx.beans.property.IntegerPropertyBase.toString(IntegerPropertyBase.java:228)
	at java.base/java.lang.String.valueOf(String.java:4465)
	at claims@1.0-SNAPSHOT/claims.models.Customer.toString(Customer.java:131)
	at java.base/java.lang.String.valueOf(String.java:4465)
	at java.base/java.lang.StringBuilder.append(StringBuilder.java:173)
	at javafx.base@21.0.2/javafx.beans.property.IntegerPropertyBase.toString(IntegerPropertyBase.java:228)
	at java.base/java.lang.String.valueOf(String.java:4465)
	at claims@1.0-SNAPSHOT/claims.models.Customer.toString(Customer.java:131)
	at java.base/java.lang.String.valueOf(String.java:4465)
	at java.base/java.lang.StringBuilder.append(StringBuilder.java:173)
	at javafx.base@21.0.2/javafx.beans.property.IntegerPropertyBase.toString(IntegerPropertyBase.java:228)
	at java.base/java.lang.String.valueOf(String.java:4465)
	at claims@1.0-SNAPSHOT/claims.models.Customer.toString(Customer.java:131)
	at java.base/java.lang.String.valueOf(String.java:4465)
	at java.base/java.lang.StringBuilder.append(StringBuilder.java:173)
	at javafx.base@21.0.2/javafx.beans.property.IntegerPropertyBase.toString(IntegerPropertyBase.java:228)
	at java.base/java.lang.String.valueOf(String.java:4465)
	at claims@1.0-SNAPSHOT/claims.models.Customer.toString(Customer.java:131)
	at java.base/java.lang.String.valueOf(String.java:4465)
	at java.base/java.lang.StringBuilder.append(StringBuilder.java:173)
	at javafx.base@21.0.2/javafx.beans.property.IntegerPropertyBase.toString(IntegerPropertyBase.java:228)
	at java.base/java.lang.String.valueOf(String.java:4465)
	at claims@1.0-SNAPSHOT/claims.models.Customer.toString(Customer.java:131)
	at java.base/java.lang.String.valueOf(String.java:4465)
	at java.base/java.lang.StringBuilder.append(StringBuilder.java:173)
	at javafx.base@21.0.2/javafx.beans.property.IntegerPropertyBase.toString(IntegerPropertyBase.java:228)
	at java.base/java.lang.String.valueOf(String.java:4465)
	at claims@1.0-SNAPSHOT/claims.models.Customer.toString(Customer.java:131)
	at java.base/java.lang.String.valueOf(String.java:4465)
	at java.base/java.lang.StringBuilder.append(StringBuilder.java:173)
	at javafx.base@21.0.2/javafx.beans.property.IntegerPropertyBase.toString(IntegerPropertyBase.java:228)
	at java.base/java.lang.String.valueOf(String.java:4465)
	at claims@1.0-SNAPSHOT/claims.models.Customer.toString(Customer.java:131)
	at java.base/java.lang.String.valueOf(String.java:4465)
	at java.base/java.lang.StringBuilder.append(StringBuilder.java:173)
	at javafx.base@21.0.2/javafx.beans.property.IntegerPropertyBase.toString(IntegerPropertyBase.java:228)
	at java.base/java.lang.String.valueOf(String.java:4465)
	at claims@1.0-SNAPSHOT/claims.models.Customer.toString(Customer.java:131)
	at java.base/java.lang.String.valueOf(String.java:4465)
	at java.base/java.lang.StringBuilder.append(StringBuilder.java:173)
	at javafx.base@21.0.2/javafx.beans.property.IntegerPropertyBase.toString(IntegerPropertyBase.java:228)
	at java.base/java.lang.String.valueOf(String.java:4465)
	at claims@1.0-SNAPSHOT/claims.models.Customer.toString(Customer.java:131)
	at java.base/java.lang.String.valueOf(String.java:4465)
	at java.base/java.lang.StringBuilder.append(StringBuilder.java:173)
	at javafx.base@21.0.2/javafx.beans.property.IntegerPropertyBase.toString(IntegerPropertyBase.java:228)
	at java.base/java.lang.String.valueOf(String.java:4465)
	at claims@1.0-SNAPSHOT/claims.models.Customer.toString(Customer.java:131)
	at java.base/java.lang.String.valueOf(String.java:4465)
	at java.base/java.lang.StringBuilder.append(StringBuilder.java:173)
	at javafx.base@21.0.2/javafx.beans.property.IntegerPropertyBase.toString(IntegerPropertyBase.java:228)
	at java.base/java.lang.String.valueOf(String.java:4465)
	at claims@1.0-SNAPSHOT/claims.models.Customer.toString(Customer.java:131)
	at java.base/java.lang.String.valueOf(String.java:4465)
	at java.base/java.lang.StringBuilder.append(StringBuilder.java:173)
	at javafx.base@21.0.2/javafx.beans.property.IntegerPropertyBase.toString(IntegerPropertyBase.java:228)
	at java.base/java.lang.String.valueOf(String.java:4465)
	at claims@1.0-SNAPSHOT/claims.models.Customer.toString(Customer.java:131)
	at java.base/java.lang.String.valueOf(String.java:4465)
	at java.base/java.lang.StringBuilder.append(StringBuilder.java:173)
	at javafx.base@21.0.2/javafx.beans.property.IntegerPropertyBase.toString(IntegerPropertyBase.java:228)
	at java.base/java.lang.String.valueOf(String.java:4465)
	at claims@1.0-SNAPSHOT/claims.models.Customer.toString(Customer.java:131)
	at java.base/java.lang.String.valueOf(String.java:4465)
	at java.base/java.lang.StringBuilder.append(StringBuilder.java:173)
	at javafx.base@21.0.2/javafx.beans.property.IntegerPropertyBase.toString(IntegerPropertyBase.java:228)
	at java.base/java.lang.String.valueOf(String.java:4465)
	at claims@1.0-SNAPSHOT/claims.models.Customer.toString(Customer.java:131)
	at java.base/java.lang.String.valueOf(String.java:4465)
	at java.base/java.lang.StringBuilder.append(StringBuilder.java:173)
	at javafx.base@21.0.2/javafx.beans.property.IntegerPropertyBase.toString(IntegerPropertyBase.java:228)
	at java.base/java.lang.String.valueOf(String.java:4465)
	at claims@1.0-SNAPSHOT/claims.models.Customer.toString(Customer.java:131)
	at java.base/java.lang.String.valueOf(String.java:4465)
	at java.base/java.lang.StringBuilder.append(StringBuilder.java:173)
	at javafx.base@21.0.2/javafx.beans.property.IntegerPropertyBase.toString(IntegerPropertyBase.java:228)
	at java.base/java.lang.String.valueOf(String.java:4465)
	at claims@1.0-SNAPSHOT/claims.models.Customer.toString(Customer.java:131)
	at java.base/java.lang.String.valueOf(String.java:4465)
	at java.base/java.lang.StringBuilder.append(StringBuilder.java:173)
	at javafx.base@21.0.2/javafx.beans.property.IntegerPropertyBase.toString(IntegerPropertyBase.java:228)
	at java.base/java.lang.String.valueOf(String.java:4465)
	at claims@1.0-SNAPSHOT/claims.models.Customer.toString(Customer.java:131)
	at java.base/java.lang.String.valueOf(String.java:4465)
	at java.base/java.lang.StringBuilder.append(StringBuilder.java:173)
	at javafx.base@21.0.2/javafx.beans.property.IntegerPropertyBase.toString(IntegerPropertyBase.java:228)
	at java.base/java.lang.String.valueOf(String.java:4465)
	at claims@1.0-SNAPSHOT/claims.models.Customer.toString(Customer.java:131)
	at java.base/java.lang.String.valueOf(String.java:4465)
	at java.base/java.lang.StringBuilder.append(StringBuilder.java:173)
	at javafx.base@21.0.2/javafx.beans.property.IntegerPropertyBase.toString(IntegerPropertyBase.java:228)
	at java.base/java.lang.String.valueOf(String.java:4465)
	at claims@1.0-SNAPSHOT/claims.models.Customer.toString(Customer.java:131)
	at java.base/java.lang.String.valueOf(String.java:4465)
	at java.base/java.lang.StringBuilder.append(StringBuilder.java:173)
	at javafx.base@21.0.2/javafx.beans.property.IntegerPropertyBase.toString(IntegerPropertyBase.java:228)
	at java.base/java.lang.String.valueOf(String.java:4465)
	at claims@1.0-SNAPSHOT/claims.models.Customer.toString(Customer.java:131)
	at java.base/java.lang.String.valueOf(String.java:4465)
	at java.base/java.lang.StringBuilder.append(StringBuilder.java:173)
	at javafx.base@21.0.2/javafx.beans.property.IntegerPropertyBase.toString(IntegerPropertyBase.java:228)
	at java.base/java.lang.String.valueOf(String.java:4465)
	at claims@1.0-SNAPSHOT/claims.models.Customer.toString(Customer.java:131)
	at java.base/java.lang.String.valueOf(String.java:4465)
	at java.base/java.lang.StringBuilder.append(StringBuilder.java:173)
	at javafx.base@21.0.2/javafx.beans.property.IntegerPropertyBase.toString(IntegerPropertyBase.java:228)
	at java.base/java.lang.String.valueOf(String.java:4465)
	at claims@1.0-SNAPSHOT/claims.models.Customer.toString(Customer.java:131)
	at java.base/java.lang.String.valueOf(String.java:4465)
	at java.base/java.lang.StringBuilder.append(StringBuilder.java:173)
	at javafx.base@21.0.2/javafx.beans.property.IntegerPropertyBase.toString(IntegerPropertyBase.java:228)
	at java.base/java.lang.String.valueOf(String.java:4465)
	at claims@1.0-SNAPSHOT/claims.models.Customer.toString(Customer.java:131)
	at java.base/java.lang.String.valueOf(String.java:4465)
	at java.base/java.lang.StringBuilder.append(StringBuilder.java:173)
	at javafx.base@21.0.2/javafx.beans.property.IntegerPropertyBase.toString(IntegerPropertyBase.java:228)
	at java.base/java.lang.String.valueOf(String.java:4465)
	at claims@1.0-SNAPSHOT/claims.models.Customer.toString(Customer.java:131)
	at java.base/java.lang.String.valueOf(String.java:4465)
	at java.base/java.lang.StringBuilder.append(StringBuilder.java:173)
	at javafx.base@21.0.2/javafx.beans.property.IntegerPropertyBase.toString(IntegerPropertyBase.java:228)
	at java.base/java.lang.String.valueOf(String.java:4465)
	at claims@1.0-SNAPSHOT/claims.models.Customer.toString(Customer.java:131)
	at java.base/java.lang.String.valueOf(String.java:4465)
	at java.base/java.lang.StringBuilder.append(StringBuilder.java:173)
	at javafx.base@21.0.2/javafx.beans.property.IntegerPropertyBase.toString(IntegerPropertyBase.java:228)
	at java.base/java.lang.String.valueOf(String.java:4465)
	at claims@1.0-SNAPSHOT/claims.models.Customer.toString(Customer.java:131)
	at java.base/java.lang.String.valueOf(String.java:4465)
	at java.base/java.lang.StringBuilder.append(StringBuilder.java:173)
	at javafx.base@21.0.2/javafx.beans.property.IntegerPropertyBase.toString(IntegerPropertyBase.java:228)
	at java.base/java.lang.String.valueOf(String.java:4465)
	at claims@1.0-SNAPSHOT/claims.models.Customer.toString(Customer.java:131)
	at java.base/java.lang.String.valueOf(String.java:4465)
	at java.base/java.lang.StringBuilder.append(StringBuilder.java:173)
	at javafx.base@21.0.2/javafx.beans.property.IntegerPropertyBase.toString(IntegerPropertyBase.java:228)
	at java.base/java.lang.String.valueOf(String.java:4465)
	at claims@1.0-SNAPSHOT/claims.models.Customer.toString(Customer.java:131)
	at java.base/java.lang.String.valueOf(String.java:4465)
	at java.base/java.lang.StringBuilder.append(StringBuilder.java:173)
	at javafx.base@21.0.2/javafx.beans.property.IntegerPropertyBase.toString(IntegerPropertyBase.java:228)
	at java.base/java.lang.String.valueOf(String.java:4465)
	at claims@1.0-SNAPSHOT/claims.models.Customer.toString(Customer.java:131)
	at java.base/java.lang.String.valueOf(String.java:4465)
	at java.base/java.lang.StringBuilder.append(StringBuilder.java:173)
	at javafx.base@21.0.2/javafx.beans.property.IntegerPropertyBase.toString(IntegerPropertyBase.java:228)
	at java.base/java.lang.String.valueOf(String.java:4465)
	at claims@1.0-SNAPSHOT/claims.models.Customer.toString(Customer.java:131)
	at java.base/java.lang.String.valueOf(String.java:4465)
	at java.base/java.lang.StringBuilder.append(StringBuilder.java:173)
	at javafx.base@21.0.2/javafx.beans.property.IntegerPropertyBase.toString(IntegerPropertyBase.java:228)
	at java.base/java.lang.String.valueOf(String.java:4465)
	at claims@1.0-SNAPSHOT/claims.models.Customer.toString(Customer.java:131)
	at java.base/java.lang.String.valueOf(String.java:4465)
	at java.base/java.lang.StringBuilder.append(StringBuilder.java:173)
	at javafx.base@21.0.2/javafx.beans.property.IntegerPropertyBase.toString(IntegerPropertyBase.java:228)
	at java.base/java.lang.String.valueOf(String.java:4465)
	at claims@1.0-SNAPSHOT/claims.models.Customer.toString(Customer.java:131)
	at java.base/java.lang.String.valueOf(String.java:4465)
	at java.base/java.lang.StringBuilder.append(StringBuilder.java:173)
	at javafx.base@21.0.2/javafx.beans.property.IntegerPropertyBase.toString(IntegerPropertyBase.java:228)
	at java.base/java.lang.String.valueOf(String.java:4465)
	at claims@1.0-SNAPSHOT/claims.models.Customer.toString(Customer.java:131)
	at java.base/java.lang.String.valueOf(String.java:4465)
	at java.base/java.lang.StringBuilder.append(StringBuilder.java:173)
	at javafx.base@21.0.2/javafx.beans.property.IntegerPropertyBase.toString(IntegerPropertyBase.java:228)
	at java.base/java.lang.String.valueOf(String.java:4465)
	at claims@1.0-SNAPSHOT/claims.models.Customer.toString(Customer.java:131)
	at java.base/java.lang.String.valueOf(String.java:4465)
	at java.base/java.lang.StringBuilder.append(StringBuilder.java:173)
	at javafx.base@21.0.2/javafx.beans.property.IntegerPropertyBase.toString(IntegerPropertyBase.java:228)
	at java.base/java.lang.String.valueOf(String.java:4465)
	at claims@1.0-SNAPSHOT/claims.models.Customer.toString(Customer.java:131)
	at java.base/java.lang.String.valueOf(String.java:4465)
	at java.base/java.lang.StringBuilder.append(StringBuilder.java:173)
	at javafx.base@21.0.2/javafx.beans.property.IntegerPropertyBase.toString(IntegerPropertyBase.java:228)
	at java.base/java.lang.String.valueOf(String.java:4465)
	at claims@1.0-SNAPSHOT/claims.models.Customer.toString(Customer.java:131)
	at java.base/java.lang.String.valueOf(String.java:4465)
	at java.base/java.lang.StringBuilder.append(StringBuilder.java:173)
	at javafx.base@21.0.2/javafx.beans.property.IntegerPropertyBase.toString(IntegerPropertyBase.java:228)
	at java.base/java.lang.String.valueOf(String.java:4465)
	at claims@1.0-SNAPSHOT/claims.models.Customer.toString(Customer.java:131)
	at java.base/java.lang.String.valueOf(String.java:4465)
	at java.base/java.lang.StringBuilder.append(StringBuilder.java:173)
	at javafx.base@21.0.2/javafx.beans.property.IntegerPropertyBase.toString(IntegerPropertyBase.java:228)
	at java.base/java.lang.String.valueOf(String.java:4465)
	at claims@1.0-SNAPSHOT/claims.models.Customer.toString(Customer.java:131)
	at java.base/java.lang.String.valueOf(String.java:4465)
	at java.base/java.lang.StringBuilder.append(StringBuilder.java:173)
	at javafx.base@21.0.2/javafx.beans.property.IntegerPropertyBase.toString(IntegerPropertyBase.java:228)
	at java.base/java.lang.String.valueOf(String.java:4465)
	at claims@1.0-SNAPSHOT/claims.models.Customer.toString(Customer.java:131)
	at java.base/java.lang.String.valueOf(String.java:4465)
	at java.base/java.lang.StringBuilder.append(StringBuilder.java:173)
	at javafx.base@21.0.2/javafx.beans.property.IntegerPropertyBase.toString(IntegerPropertyBase.java:228)
	at java.base/java.lang.String.valueOf(String.java:4465)
	at claims@1.0-SNAPSHOT/claims.models.Customer.toString(Customer.java:131)
	at java.base/java.lang.String.valueOf(String.java:4465)
	at java.base/java.lang.StringBuilder.append(StringBuilder.java:173)
	at javafx.base@21.0.2/javafx.beans.property.IntegerPropertyBase.toString(IntegerPropertyBase.java:228)
	at java.base/java.lang.String.valueOf(String.java:4465)
	at claims@1.0-SNAPSHOT/claims.models.Customer.toString(Customer.java:131)
	at java.base/java.lang.String.valueOf(String.java:4465)
	at java.base/java.lang.StringBuilder.append(StringBuilder.java:173)
	at javafx.base@21.0.2/javafx.beans.property.IntegerPropertyBase.toString(IntegerPropertyBase.java:228)
	at java.base/java.lang.String.valueOf(String.java:4465)
	at claims@1.0-SNAPSHOT/claims.models.Customer.toString(Customer.java:131)
	at java.base/java.lang.String.valueOf(String.java:4465)
	at java.base/java.lang.StringBuilder.append(StringBuilder.java:173)
	at javafx.base@21.0.2/javafx.beans.property.IntegerPropertyBase.toString(IntegerPropertyBase.java:228)
	at java.base/java.lang.String.valueOf(String.java:4465)
	at claims@1.0-SNAPSHOT/claims.models.Customer.toString(Customer.java:131)
	at java.base/java.lang.String.valueOf(String.java:4465)
	at java.base/java.lang.StringBuilder.append(StringBuilder.java:173)
	at javafx.base@21.0.2/javafx.beans.property.IntegerPropertyBase.toString(IntegerPropertyBase.java:228)
	at java.base/java.lang.String.valueOf(String.java:4465)
	at claims@1.0-SNAPSHOT/claims.models.Customer.toString(Customer.java:131)
	at java.base/java.lang.String.valueOf(String.java:4465)
	at java.base/java.lang.StringBuilder.append(StringBuilder.java:173)
	at javafx.base@21.0.2/javafx.beans.property.IntegerPropertyBase.toString(IntegerPropertyBase.java:228)
	at java.base/java.lang.String.valueOf(String.java:4465)
	at claims@1.0-SNAPSHOT/claims.models.Customer.toString(Customer.java:131)
	at java.base/java.lang.String.valueOf(String.java:4465)
	at java.base/java.lang.StringBuilder.append(StringBuilder.java:173)
	at javafx.base@21.0.2/javafx.beans.property.IntegerPropertyBase.toString(IntegerPropertyBase.java:228)
	at java.base/java.lang.String.valueOf(String.java:4465)
	at claims@1.0-SNAPSHOT/claims.models.Customer.toString(Customer.java:131)
	at java.base/java.lang.String.valueOf(String.java:4465)
	at java.base/java.lang.StringBuilder.append(StringBuilder.java:173)
	at javafx.base@21.0.2/javafx.beans.property.IntegerPropertyBase.toString(IntegerPropertyBase.java:228)
	at java.base/java.lang.String.valueOf(String.java:4465)
	at claims@1.0-SNAPSHOT/claims.models.Customer.toString(Customer.java:131)
	at java.base/java.lang.String.valueOf(String.java:4465)
	at java.base/java.lang.StringBuilder.append(StringBuilder.java:173)
	at javafx.base@21.0.2/javafx.beans.property.IntegerPropertyBase.toString(IntegerPropertyBase.java:228)
	at java.base/java.lang.String.valueOf(String.java:4465)
	at claims@1.0-SNAPSHOT/claims.models.Customer.toString(Customer.java:131)
	at java.base/java.lang.String.valueOf(String.java:4465)
	at java.base/java.lang.StringBuilder.append(StringBuilder.java:173)
	at javafx.base@21.0.2/javafx.beans.property.IntegerPropertyBase.toString(IntegerPropertyBase.java:228)
	at java.base/java.lang.String.valueOf(String.java:4465)
	at claims@1.0-SNAPSHOT/claims.models.Customer.toString(Customer.java:131)
	at java.base/java.lang.String.valueOf(String.java:4465)
	at java.base/java.lang.StringBuilder.append(StringBuilder.java:173)
	at javafx.base@21.0.2/javafx.beans.property.IntegerPropertyBase.toString(IntegerPropertyBase.java:228)
	at java.base/java.lang.String.valueOf(String.java:4465)
	at claims@1.0-SNAPSHOT/claims.models.Customer.toString(Customer.java:131)
	at java.base/java.lang.String.valueOf(String.java:4465)
	at java.base/java.lang.StringBuilder.append(StringBuilder.java:173)
	at javafx.base@21.0.2/javafx.beans.property.IntegerPropertyBase.toString(IntegerPropertyBase.java:228)
	at java.base/java.lang.String.valueOf(String.java:4465)
	at claims@1.0-SNAPSHOT/claims.models.Customer.toString(Customer.java:131)
	at java.base/java.lang.String.valueOf(String.java:4465)
	at java.base/java.lang.StringBuilder.append(StringBuilder.java:173)
	at javafx.base@21.0.2/javafx.beans.property.IntegerPropertyBase.toString(IntegerPropertyBase.java:228)
	at java.base/java.lang.String.valueOf(String.java:4465)
	at claims@1.0-SNAPSHOT/claims.models.Customer.toString(Customer.java:131)
	at java.base/java.lang.String.valueOf(String.java:4465)
	at java.base/java.lang.StringBuilder.append(StringBuilder.java:173)
	at javafx.base@21.0.2/javafx.beans.property.IntegerPropertyBase.toString(IntegerPropertyBase.java:228)
	at java.base/java.lang.String.valueOf(String.java:4465)
	at claims@1.0-SNAPSHOT/claims.models.Customer.toString(Customer.java:131)
	at java.base/java.lang.String.valueOf(String.java:4465)
	at java.base/java.lang.StringBuilder.append(StringBuilder.java:173)
	at javafx.base@21.0.2/javafx.beans.property.IntegerPropertyBase.toString(IntegerPropertyBase.java:228)
	at java.base/java.lang.String.valueOf(String.java:4465)
	at claims@1.0-SNAPSHOT/claims.models.Customer.toString(Customer.java:131)
	at java.base/java.lang.String.valueOf(String.java:4465)
	at java.base/java.lang.StringBuilder.append(StringBuilder.java:173)
	at javafx.base@21.0.2/javafx.beans.property.IntegerPropertyBase.toString(IntegerPropertyBase.java:228)
	at java.base/java.lang.String.valueOf(String.java:4465)
	at claims@1.0-SNAPSHOT/claims.models.Customer.toString(Customer.java:131)
	at java.base/java.lang.String.valueOf(String.java:4465)
	at java.base/java.lang.StringBuilder.append(StringBuilder.java:173)
	at javafx.base@21.0.2/javafx.beans.property.IntegerPropertyBase.toString(IntegerPropertyBase.java:228)
	at java.base/java.lang.String.valueOf(String.java:4465)
	at claims@1.0-SNAPSHOT/claims.models.Customer.toString(Customer.java:131)
	at java.base/java.lang.String.valueOf(String.java:4465)
	at java.base/java.lang.StringBuilder.append(StringBuilder.java:173)
	at javafx.base@21.0.2/javafx.beans.property.IntegerPropertyBase.toString(IntegerPropertyBase.java:228)
	at java.base/java.lang.String.valueOf(String.java:4465)
	at claims@1.0-SNAPSHOT/claims.models.Customer.toString(Customer.java:131)
	at java.base/java.lang.String.valueOf(String.java:4465)
	at java.base/java.lang.StringBuilder.append(StringBuilder.java:173)
	at javafx.base@21.0.2/javafx.beans.property.IntegerPropertyBase.toString(IntegerPropertyBase.java:228)
	at java.base/java.lang.String.valueOf(String.java:4465)
	at claims@1.0-SNAPSHOT/claims.models.Customer.toString(Customer.java:131)
	at java.base/java.lang.String.valueOf(String.java:4465)
	at java.base/java.lang.StringBuilder.append(StringBuilder.java:173)
	at javafx.base@21.0.2/javafx.beans.property.IntegerPropertyBase.toString(IntegerPropertyBase.java:228)
	at java.base/java.lang.String.valueOf(String.java:4465)
	at claims@1.0-SNAPSHOT/claims.models.Customer.toString(Customer.java:131)
	at java.base/java.lang.String.valueOf(String.java:4465)
	at java.base/java.lang.StringBuilder.append(StringBuilder.java:173)
	at javafx.base@21.0.2/javafx.beans.property.IntegerPropertyBase.toString(IntegerPropertyBase.java:228)
	at java.base/java.lang.String.valueOf(String.java:4465)
	at claims@1.0-SNAPSHOT/claims.models.Customer.toString(Customer.java:131)
	at java.base/java.lang.String.valueOf(String.java:4465)
	at java.base/java.lang.StringBuilder.append(StringBuilder.java:173)
	at javafx.base@21.0.2/javafx.beans.property.IntegerPropertyBase.toString(IntegerPropertyBase.java:228)
	at java.base/java.lang.String.valueOf(String.java:4465)
	at claims@1.0-SNAPSHOT/claims.models.Customer.toString(Customer.java:131)
	at java.base/java.lang.String.valueOf(String.java:4465)
	at java.base/java.lang.StringBuilder.append(StringBuilder.java:173)
	at javafx.base@21.0.2/javafx.beans.property.IntegerPropertyBase.toString(IntegerPropertyBase.java:228)
	at java.base/java.lang.String.valueOf(String.java:4465)
	at claims@1.0-SNAPSHOT/claims.models.Customer.toString(Customer.java:131)
	at java.base/java.lang.String.valueOf(String.java:4465)
	at java.base/java.lang.StringBuilder.append(StringBuilder.java:173)
	at javafx.base@21.0.2/javafx.beans.property.IntegerPropertyBase.toString(IntegerPropertyBase.java:228)
	at java.base/java.lang.String.valueOf(String.java:4465)
	at claims@1.0-SNAPSHOT/claims.models.Customer.toString(Customer.java:131)
	at java.base/java.lang.String.valueOf(String.java:4465)
	at java.base/java.lang.StringBuilder.append(StringBuilder.java:173)
	at javafx.base@21.0.2/javafx.beans.property.IntegerPropertyBase.toString(IntegerPropertyBase.java:228)
	at java.base/java.lang.String.valueOf(String.java:4465)
	at claims@1.0-SNAPSHOT/claims.models.Customer.toString(Customer.java:131)
	at java.base/java.lang.String.valueOf(String.java:4465)
	at java.base/java.lang.StringBuilder.append(StringBuilder.java:173)
	at javafx.base@21.0.2/javafx.beans.property.IntegerPropertyBase.toString(IntegerPropertyBase.java:228)
	at java.base/java.lang.String.valueOf(String.java:4465)
	at claims@1.0-SNAPSHOT/claims.models.Customer.toString(Customer.java:131)
	at java.base/java.lang.String.valueOf(String.java:4465)
	at java.base/java.lang.StringBuilder.append(StringBuilder.java:173)
	at javafx.base@21.0.2/javafx.beans.property.IntegerPropertyBase.toString(IntegerPropertyBase.java:228)
	at java.base/java.lang.String.valueOf(String.java:4465)
	at claims@1.0-SNAPSHOT/claims.models.Customer.toString(Customer.java:131)
	at java.base/java.lang.String.valueOf(String.java:4465)
	at java.base/java.lang.StringBuilder.append(StringBuilder.java:173)
	at javafx.base@21.0.2/javafx.beans.property.IntegerPropertyBase.toString(IntegerPropertyBase.java:228)
	at java.base/java.lang.String.valueOf(String.java:4465)
	at claims@1.0-SNAPSHOT/claims.models.Customer.toString(Customer.java:131)
	at java.base/java.lang.String.valueOf(String.java:4465)
	at java.base/java.lang.StringBuilder.append(StringBuilder.java:173)
	at javafx.base@21.0.2/javafx.beans.property.IntegerPropertyBase.toString(IntegerPropertyBase.java:228)
	at java.base/java.lang.String.valueOf(String.java:4465)
	at claims@1.0-SNAPSHOT/claims.models.Customer.toString(Customer.java:131)
	at java.base/java.lang.String.valueOf(String.java:4465)
	at java.base/java.lang.StringBuilder.append(StringBuilder.java:173)
	at javafx.base@21.0.2/javafx.beans.property.IntegerPropertyBase.toString(IntegerPropertyBase.java:228)
	at java.base/java.lang.String.valueOf(String.java:4465)
	at claims@1.0-SNAPSHOT/claims.models.Customer.toString(Customer.java:131)
	at java.base/java.lang.String.valueOf(String.java:4465)
	at java.base/java.lang.StringBuilder.append(StringBuilder.java:173)
	at javafx.base@21.0.2/javafx.beans.property.IntegerPropertyBase.toString(IntegerPropertyBase.java:228)
	at java.base/java.lang.String.valueOf(String.java:4465)
	at claims@1.0-SNAPSHOT/claims.models.Customer.toString(Customer.java:131)
	at java.base/java.lang.String.valueOf(String.java:4465)
	at java.base/java.lang.StringBuilder.append(StringBuilder.java:173)
	at javafx.base@21.0.2/javafx.beans.property.IntegerPropertyBase.toString(IntegerPropertyBase.java:228)
	at java.base/java.lang.String.valueOf(String.java:4465)
	at claims@1.0-SNAPSHOT/claims.models.Customer.toString(Customer.java:131)
	at java.base/java.lang.String.valueOf(String.java:4465)
	at java.base/java.lang.StringBuilder.append(StringBuilder.java:173)
	at javafx.base@21.0.2/javafx.beans.property.IntegerPropertyBase.toString(IntegerPropertyBase.java:228)
	at java.base/java.lang.String.valueOf(String.java:4465)
	at claims@1.0-SNAPSHOT/claims.models.Customer.toString(Customer.java:131)
	at java.base/java.lang.String.valueOf(String.java:4465)
	at java.base/java.lang.StringBuilder.append(StringBuilder.java:173)
	at javafx.base@21.0.2/javafx.beans.property.IntegerPropertyBase.toString(IntegerPropertyBase.java:228)
	at java.base/java.lang.String.valueOf(String.java:4465)
	at claims@1.0-SNAPSHOT/claims.models.Customer.toString(Customer.java:131)
	at java.base/java.lang.String.valueOf(String.java:4465)
	at java.base/java.lang.StringBuilder.append(StringBuilder.java:173)
	at javafx.base@21.0.2/javafx.beans.property.IntegerPropertyBase.toString(IntegerPropertyBase.java:228)
	at java.base/java.lang.String.valueOf(String.java:4465)
	at claims@1.0-SNAPSHOT/claims.models.Customer.toString(Customer.java:131)
	at java.base/java.lang.String.valueOf(String.java:4465)
	at java.base/java.lang.StringBuilder.append(StringBuilder.java:173)
	at javafx.base@21.0.2/javafx.beans.property.IntegerPropertyBase.toString(IntegerPropertyBase.java:228)
	at java.base/java.lang.String.valueOf(String.java:4465)
	at claims@1.0-SNAPSHOT/claims.models.Customer.toString(Customer.java:131)
	at java.base/java.lang.String.valueOf(String.java:4465)
	at java.base/java.lang.StringBuilder.append(StringBuilder.java:173)
	at javafx.base@21.0.2/javafx.beans.property.IntegerPropertyBase.toString(IntegerPropertyBase.java:228)
	at java.base/java.lang.String.valueOf(String.java:4465)
	at claims@1.0-SNAPSHOT/claims.models.Customer.toString(Customer.java:131)
	at java.base/java.lang.String.valueOf(String.java:4465)
	at java.base/java.lang.StringBuilder.append(StringBuilder.java:173)
	at javafx.base@21.0.2/javafx.beans.property.IntegerPropertyBase.toString(IntegerPropertyBase.java:228)
	at java.base/java.lang.String.valueOf(String.java:4465)
	at claims@1.0-SNAPSHOT/claims.models.Customer.toString(Customer.java:131)
	at java.base/java.lang.String.valueOf(String.java:4465)
	at java.base/java.lang.StringBuilder.append(StringBuilder.java:173)
	at javafx.base@21.0.2/javafx.beans.property.IntegerPropertyBase.toString(IntegerPropertyBase.java:228)
	at java.base/java.lang.String.valueOf(String.java:4465)
	at claims@1.0-SNAPSHOT/claims.models.Customer.toString(Customer.java:131)
	at java.base/java.lang.String.valueOf(String.java:4465)
	at java.base/java.lang.StringBuilder.append(StringBuilder.java:173)
	at javafx.base@21.0.2/javafx.beans.property.IntegerPropertyBase.toString(IntegerPropertyBase.java:228)
	at java.base/java.lang.String.valueOf(String.java:4465)
	at claims@1.0-SNAPSHOT/claims.models.Customer.toString(Customer.java:131)
	at java.base/java.lang.String.valueOf(String.java:4465)
	at java.base/java.lang.StringBuilder.append(StringBuilder.java:173)
	at javafx.base@21.0.2/javafx.beans.property.IntegerPropertyBase.toString(IntegerPropertyBase.java:228)
	at java.base/java.lang.String.valueOf(String.java:4465)
	at claims@1.0-SNAPSHOT/claims.models.Customer.toString(Customer.java:131)
	at java.base/java.lang.String.valueOf(String.java:4465)
	at java.base/java.lang.StringBuilder.append(StringBuilder.java:173)
	at javafx.base@21.0.2/javafx.beans.property.IntegerPropertyBase.toString(IntegerPropertyBase.java:228)
	at java.base/java.lang.String.valueOf(String.java:4465)
	at claims@1.0-SNAPSHOT/claims.models.Customer.toString(Customer.java:131)
	at java.base/java.lang.String.valueOf(String.java:4465)
	at java.base/java.lang.StringBuilder.append(StringBuilder.java:173)
	at javafx.base@21.0.2/javafx.beans.property.IntegerPropertyBase.toString(IntegerPropertyBase.java:228)
	at java.base/java.lang.String.valueOf(String.java:4465)
	at claims@1.0-SNAPSHOT/claims.models.Customer.toString(Customer.java:131)
	at java.base/java.lang.String.valueOf(String.java:4465)
	at java.base/java.lang.StringBuilder.append(StringBuilder.java:173)
	at javafx.base@21.0.2/javafx.beans.property.IntegerPropertyBase.toString(IntegerPropertyBase.java:228)
	at java.base/java.lang.String.valueOf(String.java:4465)
	at claims@1.0-SNAPSHOT/claims.models.Customer.toString(Customer.java:131)
	at java.base/java.lang.String.valueOf(String.java:4465)
	at java.base/java.lang.StringBuilder.append(StringBuilder.java:173)
	at javafx.base@21.0.2/javafx.beans.property.IntegerPropertyBase.toString(IntegerPropertyBase.java:228)
	at java.base/java.lang.String.valueOf(String.java:4465)
	at claims@1.0-SNAPSHOT/claims.models.Customer.toString(Customer.java:131)
	at java.base/java.lang.String.valueOf(String.java:4465)
	at java.base/java.lang.StringBuilder.append(StringBuilder.java:173)
	at javafx.base@21.0.2/javafx.beans.property.IntegerPropertyBase.toString(IntegerPropertyBase.java:228)
	at java.base/java.lang.String.valueOf(String.java:4465)
	at claims@1.0-SNAPSHOT/claims.models.Customer.toString(Customer.java:131)
	at java.base/java.lang.String.valueOf(String.java:4465)
	at java.base/java.lang.StringBuilder.append(StringBuilder.java:173)
	at javafx.base@21.0.2/javafx.beans.property.IntegerPropertyBase.toString(IntegerPropertyBase.java:228)
	at java.base/java.lang.String.valueOf(String.java:4465)
	at claims@1.0-SNAPSHOT/claims.models.Customer.toString(Customer.java:131)
	at java.base/java.lang.String.valueOf(String.java:4465)
	at java.base/java.lang.StringBuilder.append(StringBuilder.java:173)
	at javafx.base@21.0.2/javafx.beans.property.IntegerPropertyBase.toString(IntegerPropertyBase.java:228)
	at java.base/java.lang.String.valueOf(String.java:4465)
	at claims@1.0-SNAPSHOT/claims.models.Customer.toString(Customer.java:131)
	at java.base/java.lang.String.valueOf(String.java:4465)
	at java.base/java.lang.StringBuilder.append(StringBuilder.java:173)
	at javafx.base@21.0.2/javafx.beans.property.IntegerPropertyBase.toString(IntegerPropertyBase.java:228)
	at java.base/java.lang.String.valueOf(String.java:4465)
	at claims@1.0-SNAPSHOT/claims.models.Customer.toString(Customer.java:131)
	at java.base/java.lang.String.valueOf(String.java:4465)
	at java.base/java.lang.StringBuilder.append(StringBuilder.java:173)
	at javafx.base@21.0.2/javafx.beans.property.IntegerPropertyBase.toString(IntegerPropertyBase.java:228)
	at java.base/java.lang.String.valueOf(String.java:4465)
	at claims@1.0-SNAPSHOT/claims.models.Customer.toString(Customer.java:131)
	at java.base/java.lang.String.valueOf(String.java:4465)
	at java.base/java.lang.StringBuilder.append(StringBuilder.java:173)
	at javafx.base@21.0.2/javafx.beans.property.IntegerPropertyBase.toString(IntegerPropertyBase.java:228)
	at java.base/java.lang.String.valueOf(String.java:4465)
	at claims@1.0-SNAPSHOT/claims.models.Customer.toString(Customer.java:131)
	at java.base/java.lang.String.valueOf(String.java:4465)
	at java.base/java.lang.StringBuilder.append(StringBuilder.java:173)
	at javafx.base@21.0.2/javafx.beans.property.IntegerPropertyBase.toString(IntegerPropertyBase.java:228)
	at java.base/java.lang.String.valueOf(String.java:4465)
	at claims@1.0-SNAPSHOT/claims.models.Customer.toString(Customer.java:131)
	at java.base/java.lang.String.valueOf(String.java:4465)
	at java.base/java.lang.StringBuilder.append(StringBuilder.java:173)
	at javafx.base@21.0.2/javafx.beans.property.IntegerPropertyBase.toString(IntegerPropertyBase.java:228)
	at java.base/java.lang.String.valueOf(String.java:4465)
	at claims@1.0-SNAPSHOT/claims.models.Customer.toString(Customer.java:131)
	at java.base/java.lang.String.valueOf(String.java:4465)
	at java.base/java.lang.StringBuilder.append(StringBuilder.java:173)
	at javafx.base@21.0.2/javafx.beans.property.IntegerPropertyBase.toString(IntegerPropertyBase.java:228)
	at java.base/java.lang.String.valueOf(String.java:4465)
	at claims@1.0-SNAPSHOT/claims.models.Customer.toString(Customer.java:131)
	at java.base/java.lang.String.valueOf(String.java:4465)
	at java.base/java.lang.StringBuilder.append(StringBuilder.java:173)
	at javafx.base@21.0.2/javafx.beans.property.IntegerPropertyBase.toString(IntegerPropertyBase.java:228)
	at java.base/java.lang.String.valueOf(String.java:4465)
	at claims@1.0-SNAPSHOT/claims.models.Customer.toString(Customer.java:131)
	at java.base/java.lang.String.valueOf(String.java:4465)
	at java.base/java.lang.StringBuilder.append(StringBuilder.java:173)
	at javafx.base@21.0.2/javafx.beans.property.IntegerPropertyBase.toString(IntegerPropertyBase.java:228)
	at java.base/java.lang.String.valueOf(String.java:4465)
	at claims@1.0-SNAPSHOT/claims.models.Customer.toString(Customer.java:131)
	at java.base/java.lang.String.valueOf(String.java:4465)
	at java.base/java.lang.StringBuilder.append(StringBuilder.java:173)
	at javafx.base@21.0.2/javafx.beans.property.IntegerPropertyBase.toString(IntegerPropertyBase.java:228)
	at java.base/java.lang.String.valueOf(String.java:4465)
	at claims@1.0-SNAPSHOT/claims.models.Customer.toString(Customer.java:131)
	at java.base/java.lang.String.valueOf(String.java:4465)
	at java.base/java.lang.StringBuilder.append(StringBuilder.java:173)
	at javafx.base@21.0.2/javafx.beans.property.IntegerPropertyBase.toString(IntegerPropertyBase.java:228)
	at java.base/java.lang.String.valueOf(String.java:4465)
	at claims@1.0-SNAPSHOT/claims.models.Customer.toString(Customer.java:131)
	at java.base/java.lang.String.valueOf(String.java:4465)
	at java.base/java.lang.StringBuilder.append(StringBuilder.java:173)
	at javafx.base@21.0.2/javafx.beans.property.IntegerPropertyBase.toString(IntegerPropertyBase.java:228)
	at java.base/java.lang.String.valueOf(String.java:4465)
	at claims@1.0-SNAPSHOT/claims.models.Customer.toString(Customer.java:131)
	at java.base/java.lang.String.valueOf(String.java:4465)
	at java.base/java.lang.StringBuilder.append(StringBuilder.java:173)
	at javafx.base@21.0.2/javafx.beans.property.IntegerPropertyBase.toString(IntegerPropertyBase.java:228)
	at java.base/java.lang.String.valueOf(String.java:4465)
	at claims@1.0-SNAPSHOT/claims.models.Customer.toString(Customer.java:131)
	at java.base/java.lang.String.valueOf(String.java:4465)
	at java.base/java.lang.StringBuilder.append(StringBuilder.java:173)
	at javafx.base@21.0.2/javafx.beans.property.IntegerPropertyBase.toString(IntegerPropertyBase.java:228)
	at java.base/java.lang.String.valueOf(String.java:4465)
	at claims@1.0-SNAPSHOT/claims.models.Customer.toString(Customer.java:131)
	at java.base/java.lang.String.valueOf(String.java:4465)
	at java.base/java.lang.StringBuilder.append(StringBuilder.java:173)
	at javafx.base@21.0.2/javafx.beans.property.IntegerPropertyBase.toString(IntegerPropertyBase.java:228)
	at java.base/java.lang.String.valueOf(String.java:4465)
	at claims@1.0-SNAPSHOT/claims.models.Customer.toString(Customer.java:131)
	at java.base/java.lang.String.valueOf(String.java:4465)
	at java.base/java.lang.StringBuilder.append(StringBuilder.java:173)
	at javafx.base@21.0.2/javafx.beans.property.IntegerPropertyBase.toString(IntegerPropertyBase.java:228)
	at java.base/java.lang.String.valueOf(String.java:4465)
	at claims@1.0-SNAPSHOT/claims.models.Customer.toString(Customer.java:131)
	at java.base/java.lang.String.valueOf(String.java:4465)
	at java.base/java.lang.StringBuilder.append(StringBuilder.java:173)
	at javafx.base@21.0.2/javafx.beans.property.IntegerPropertyBase.toString(IntegerPropertyBase.java:228)
	at java.base/java.lang.String.valueOf(String.java:4465)
	at claims@1.0-SNAPSHOT/claims.models.Customer.toString(Customer.java:131)
	at java.base/java.lang.String.valueOf(String.java:4465)
	at java.base/java.lang.StringBuilder.append(StringBuilder.java:173)
	at javafx.base@21.0.2/javafx.beans.property.IntegerPropertyBase.toString(IntegerPropertyBase.java:228)
	at java.base/java.lang.String.valueOf(String.java:4465)
	at claims@1.0-SNAPSHOT/claims.models.Customer.toString(Customer.java:131)
	at java.base/java.lang.String.valueOf(String.java:4465)
	at java.base/java.lang.StringBuilder.append(StringBuilder.java:173)
	at javafx.base@21.0.2/javafx.beans.property.IntegerPropertyBase.toString(IntegerPropertyBase.java:228)
	at java.base/java.lang.String.valueOf(String.java:4465)
	at claims@1.0-SNAPSHOT/claims.models.Customer.toString(Customer.java:131)
	at java.base/java.lang.String.valueOf(String.java:4465)
	at java.base/java.lang.StringBuilder.append(StringBuilder.java:173)
	at javafx.base@21.0.2/javafx.beans.property.IntegerPropertyBase.toString(IntegerPropertyBase.java:228)
	at java.base/java.lang.String.valueOf(String.java:4465)
	at claims@1.0-SNAPSHOT/claims.models.Customer.toString(Customer.java:131)
	at java.base/java.lang.String.valueOf(String.java:4465)
	at java.base/java.lang.StringBuilder.append(StringBuilder.java:173)
	at javafx.base@21.0.2/javafx.beans.property.IntegerPropertyBase.toString(IntegerPropertyBase.java:228)
	at java.base/java.lang.String.valueOf(String.java:4465)
	at claims@1.0-SNAPSHOT/claims.models.Customer.toString(Customer.java:131)
	at java.base/java.lang.String.valueOf(String.java:4465)
	at java.base/java.lang.StringBuilder.append(StringBuilder.java:173)
	at javafx.base@21.0.2/javafx.beans.property.IntegerPropertyBase.toString(IntegerPropertyBase.java:228)
	at java.base/java.lang.String.valueOf(String.java:4465)
	at claims@1.0-SNAPSHOT/claims.models.Customer.toString(Customer.java:131)
	at java.base/java.lang.String.valueOf(String.java:4465)
	at java.base/java.lang.StringBuilder.append(StringBuilder.java:173)
	at javafx.base@21.0.2/javafx.beans.property.IntegerPropertyBase.toString(IntegerPropertyBase.java:228)
	at java.base/java.lang.String.valueOf(String.java:4465)
	at claims@1.0-SNAPSHOT/claims.models.Customer.toString(Customer.java:131)
	at java.base/java.lang.String.valueOf(String.java:4465)
	at java.base/java.lang.StringBuilder.append(StringBuilder.java:173)
	at javafx.base@21.0.2/javafx.beans.property.IntegerPropertyBase.toString(IntegerPropertyBase.java:228)
	at java.base/java.lang.String.valueOf(String.java:4465)
	at claims@1.0-SNAPSHOT/claims.models.Customer.toString(Customer.java:131)
	at java.base/java.lang.String.valueOf(String.java:4465)
	at java.base/java.lang.StringBuilder.append(StringBuilder.java:173)
	at javafx.base@21.0.2/javafx.beans.property.IntegerPropertyBase.toString(IntegerPropertyBase.java:228)
	at java.base/java.lang.String.valueOf(String.java:4465)
	at claims@1.0-SNAPSHOT/claims.models.Customer.toString(Customer.java:131)
	at java.base/java.lang.String.valueOf(String.java:4465)
	at java.base/java.lang.StringBuilder.append(StringBuilder.java:173)
	at javafx.base@21.0.2/javafx.beans.property.IntegerPropertyBase.toString(IntegerPropertyBase.java:228)
	at java.base/java.lang.String.valueOf(String.java:4465)
	at claims@1.0-SNAPSHOT/claims.models.Customer.toString(Customer.java:131)
	at java.base/java.lang.String.valueOf(String.java:4465)
	at java.base/java.lang.StringBuilder.append(StringBuilder.java:173)
	at javafx.base@21.0.2/javafx.beans.property.IntegerPropertyBase.toString(IntegerPropertyBase.java:228)
	at java.base/java.lang.String.valueOf(String.java:4465)
	at claims@1.0-SNAPSHOT/claims.models.Customer.toString(Customer.java:131)
	at java.base/java.lang.String.valueOf(String.java:4465)
	at java.base/java.lang.StringBuilder.append(StringBuilder.java:173)
	at javafx.base@21.0.2/javafx.beans.property.IntegerPropertyBase.toString(IntegerPropertyBase.java:228)
	at java.base/java.lang.String.valueOf(String.java:4465)
	at claims@1.0-SNAPSHOT/claims.models.Customer.toString(Customer.java:131)
	at java.base/java.lang.String.valueOf(String.java:4465)
	at java.base/java.lang.StringBuilder.append(StringBuilder.java:173)
	at javafx.base@21.0.2/javafx.beans.property.IntegerPropertyBase.toString(IntegerPropertyBase.java:228)
	at java.base/java.lang.String.valueOf(String.java:4465)
	at claims@1.0-SNAPSHOT/claims.models.Customer.toString(Customer.java:131)
	at java.base/java.lang.String.valueOf(String.java:4465)
	at java.base/java.lang.StringBuilder.append(StringBuilder.java:173)
	at javafx.base@21.0.2/javafx.beans.property.IntegerPropertyBase.toString(IntegerPropertyBase.java:228)
	at java.base/java.lang.String.valueOf(String.java:4465)
	at claims@1.0-SNAPSHOT/claims.models.Customer.toString(Customer.java:131)
	at java.base/java.lang.String.valueOf(String.java:4465)
	at java.base/java.lang.StringBuilder.append(StringBuilder.java:173)
	at javafx.base@21.0.2/javafx.beans.property.IntegerPropertyBase.toString(IntegerPropertyBase.java:228)
	at java.base/java.lang.String.valueOf(String.java:4465)
	at claims@1.0-SNAPSHOT/claims.models.Customer.toString(Customer.java:131)
	at java.base/java.lang.String.valueOf(String.java:4465)
	at java.base/java.lang.StringBuilder.append(StringBuilder.java:173)
	at javafx.base@21.0.2/javafx.beans.property.IntegerPropertyBase.toString(IntegerPropertyBase.java:228)
	at java.base/java.lang.String.valueOf(String.java:4465)
	at claims@1.0-SNAPSHOT/claims.models.Customer.toString(Customer.java:131)
	at java.base/java.lang.String.valueOf(String.java:4465)
	at java.base/java.lang.StringBuilder.append(StringBuilder.java:173)
	at javafx.base@21.0.2/javafx.beans.property.IntegerPropertyBase.toString(IntegerPropertyBase.java:228)
	at java.base/java.lang.String.valueOf(String.java:4465)
	at claims@1.0-SNAPSHOT/claims.models.Customer.toString(Customer.java:131)
	at java.base/java.lang.String.valueOf(String.java:4465)
	at java.base/java.lang.StringBuilder.append(StringBuilder.java:173)
	at javafx.base@21.0.2/javafx.beans.property.IntegerPropertyBase.toString(IntegerPropertyBase.java:228)
	at java.base/java.lang.String.valueOf(String.java:4465)
	at claims@1.0-SNAPSHOT/claims.models.Customer.toString(Customer.java:131)
	at java.base/java.lang.String.valueOf(String.java:4465)
	at java.base/java.lang.StringBuilder.append(StringBuilder.java:173)
	at javafx.base@21.0.2/javafx.beans.property.IntegerPropertyBase.toString(IntegerPropertyBase.java:228)
	at java.base/java.lang.String.valueOf(String.java:4465)
	at claims@1.0-SNAPSHOT/claims.models.Customer.toString(Customer.java:131)
	at java.base/java.lang.String.valueOf(String.java:4465)
	at java.base/java.lang.StringBuilder.append(StringBuilder.java:173)
	at javafx.base@21.0.2/javafx.beans.property.IntegerPropertyBase.toString(IntegerPropertyBase.java:228)
	at java.base/java.lang.String.valueOf(String.java:4465)
	at claims@1.0-SNAPSHOT/claims.models.Customer.toString(Customer.java:131)
	at java.base/java.lang.String.valueOf(String.java:4465)
	at java.base/java.lang.StringBuilder.append(StringBuilder.java:173)
	at javafx.base@21.0.2/javafx.beans.property.IntegerPropertyBase.toString(IntegerPropertyBase.java:228)
	at java.base/java.lang.String.valueOf(String.java:4465)
	at claims@1.0-SNAPSHOT/claims.models.Customer.toString(Customer.java:131)
	at java.base/java.lang.String.valueOf(String.java:4465)
	at java.base/java.lang.StringBuilder.append(StringBuilder.java:173)
	at javafx.base@21.0.2/javafx.beans.property.IntegerPropertyBase.toString(IntegerPropertyBase.java:228)
	at java.base/java.lang.String.valueOf(String.java:4465)
	at claims@1.0-SNAPSHOT/claims.models.Customer.toString(Customer.java:131)
	at java.base/java.lang.String.valueOf(String.java:4465)
	at java.base/java.lang.StringBuilder.append(StringBuilder.java:173)
	at javafx.base@21.0.2/javafx.beans.property.IntegerPropertyBase.toString(IntegerPropertyBase.java:228)
	at java.base/java.lang.String.valueOf(String.java:4465)
	at claims@1.0-SNAPSHOT/claims.models.Customer.toString(Customer.java:131)
	at java.base/java.lang.String.valueOf(String.java:4465)
	at java.base/java.lang.StringBuilder.append(StringBuilder.java:173)
	at javafx.base@21.0.2/javafx.beans.property.IntegerPropertyBase.toString(IntegerPropertyBase.java:228)
	at java.base/java.lang.String.valueOf(String.java:4465)
	at claims@1.0-SNAPSHOT/claims.models.Customer.toString(Customer.java:131)
	at java.base/java.lang.String.valueOf(String.java:4465)
	at java.base/java.lang.StringBuilder.append(StringBuilder.java:173)
	at javafx.base@21.0.2/javafx.beans.property.IntegerPropertyBase.toString(IntegerPropertyBase.java:228)
	at java.base/java.lang.String.valueOf(String.java:4465)
	at claims@1.0-SNAPSHOT/claims.models.Customer.toString(Customer.java:131)
	at java.base/java.lang.String.valueOf(String.java:4465)
	at java.base/java.lang.StringBuilder.append(StringBuilder.java:173)
	at javafx.base@21.0.2/javafx.beans.property.IntegerPropertyBase.toString(IntegerPropertyBase.java:228)
	at java.base/java.lang.String.valueOf(String.java:4465)
	at claims@1.0-SNAPSHOT/claims.models.Customer.toString(Customer.java:131)
	at java.base/java.lang.String.valueOf(String.java:4465)
	at java.base/java.lang.StringBuilder.append(StringBuilder.java:173)
	at javafx.base@21.0.2/javafx.beans.property.IntegerPropertyBase.toString(IntegerPropertyBase.java:228)
	at java.base/java.lang.String.valueOf(String.java:4465)
	at claims@1.0-SNAPSHOT/claims.models.Customer.toString(Customer.java:131)
	at java.base/java.lang.String.valueOf(String.java:4465)
	at java.base/java.lang.StringBuilder.append(StringBuilder.java:173)
	at javafx.base@21.0.2/javafx.beans.property.IntegerPropertyBase.toString(IntegerPropertyBase.java:228)
	at java.base/java.lang.String.valueOf(String.java:4465)
	at claims@1.0-SNAPSHOT/claims.models.Customer.toString(Customer.java:131)
	at java.base/java.lang.String.valueOf(String.java:4465)
	at java.base/java.lang.StringBuilder.append(StringBuilder.java:173)
	at javafx.base@21.0.2/javafx.beans.property.IntegerPropertyBase.toString(IntegerPropertyBase.java:228)
	at java.base/java.lang.String.valueOf(String.java:4465)
	at claims@1.0-SNAPSHOT/claims.models.Customer.toString(Customer.java:131)
	at java.base/java.lang.String.valueOf(String.java:4465)
	at java.base/java.lang.StringBuilder.append(StringBuilder.java:173)
	at javafx.base@21.0.2/javafx.beans.property.IntegerPropertyBase.toString(IntegerPropertyBase.java:228)
	at java.base/java.lang.String.valueOf(String.java:4465)
	at claims@1.0-SNAPSHOT/claims.models.Customer.toString(Customer.java:131)
	at java.base/java.lang.String.valueOf(String.java:4465)
	at java.base/java.lang.StringBuilder.append(StringBuilder.java:173)
	at javafx.base@21.0.2/javafx.beans.property.IntegerPropertyBase.toString(IntegerPropertyBase.java:228)
	at java.base/java.lang.String.valueOf(String.java:4465)
	at claims@1.0-SNAPSHOT/claims.models.Customer.toString(Customer.java:131)
	at java.base/java.lang.String.valueOf(String.java:4465)
	at java.base/java.lang.StringBuilder.append(StringBuilder.java:173)
	at javafx.base@21.0.2/javafx.beans.property.IntegerPropertyBase.toString(IntegerPropertyBase.java:228)
	at java.base/java.lang.String.valueOf(String.java:4465)
	at claims@1.0-SNAPSHOT/claims.models.Customer.toString(Customer.java:131)
	at java.base/java.lang.String.valueOf(String.java:4465)
	at java.base/java.lang.StringBuilder.append(StringBuilder.java:173)
	at javafx.base@21.0.2/javafx.beans.property.IntegerPropertyBase.toString(IntegerPropertyBase.java:228)
	at java.base/java.lang.String.valueOf(String.java:4465)
	at claims@1.0-SNAPSHOT/claims.models.Customer.toString(Customer.java:131)
	at java.base/java.lang.String.valueOf(String.java:4465)
	at java.base/java.lang.StringBuilder.append(StringBuilder.java:173)
	at javafx.base@21.0.2/javafx.beans.property.IntegerPropertyBase.toString(IntegerPropertyBase.java:228)
	at java.base/java.lang.String.valueOf(String.java:4465)
	at claims@1.0-SNAPSHOT/claims.models.Customer.toString(Customer.java:131)
	at java.base/java.lang.String.valueOf(String.java:4465)
	at java.base/java.lang.StringBuilder.append(StringBuilder.java:173)
	at javafx.base@21.0.2/javafx.beans.property.IntegerPropertyBase.toString(IntegerPropertyBase.java:228)
	at java.base/java.lang.String.valueOf(String.java:4465)
	at claims@1.0-SNAPSHOT/claims.models.Customer.toString(Customer.java:131)
	at java.base/java.lang.String.valueOf(String.java:4465)
	at java.base/java.lang.StringBuilder.append(StringBuilder.java:173)
	at javafx.base@21.0.2/javafx.beans.property.IntegerPropertyBase.toString(IntegerPropertyBase.java:228)
	at java.base/java.lang.String.valueOf(String.java:4465)
	at claims@1.0-SNAPSHOT/claims.models.Customer.toString(Customer.java:131)
	at java.base/java.lang.String.valueOf(String.java:4465)
	at java.base/java.lang.StringBuilder.append(StringBuilder.java:173)
	at javafx.base@21.0.2/javafx.beans.property.IntegerPropertyBase.toString(IntegerPropertyBase.java:228)
	at java.base/java.lang.String.valueOf(String.java:4465)
	at claims@1.0-SNAPSHOT/claims.models.Customer.toString(Customer.java:131)
	at java.base/java.lang.String.valueOf(String.java:4465)
	at java.base/java.lang.StringBuilder.append(StringBuilder.java:173)
	at javafx.base@21.0.2/javafx.beans.property.IntegerPropertyBase.toString(IntegerPropertyBase.java:228)
	at java.base/java.lang.String.valueOf(String.java:4465)
	at claims@1.0-SNAPSHOT/claims.models.Customer.toString(Customer.java:131)
	at java.base/java.lang.String.valueOf(String.java:4465)
	at java.base/java.lang.StringBuilder.append(StringBuilder.java:173)
	at javafx.base@21.0.2/javafx.beans.property.IntegerPropertyBase.toString(IntegerPropertyBase.java:228)
	at java.base/java.lang.String.valueOf(String.java:4465)
	at claims@1.0-SNAPSHOT/claims.models.Customer.toString(Customer.java:131)
	at java.base/java.lang.String.valueOf(String.java:4465)
	at java.base/java.lang.StringBuilder.append(StringBuilder.java:173)
	at javafx.base@21.0.2/javafx.beans.property.IntegerPropertyBase.toString(IntegerPropertyBase.java:228)
	at java.base/java.lang.String.valueOf(String.java:4465)
	at claims@1.0-SNAPSHOT/claims.models.Customer.toString(Customer.java:131)
	at java.base/java.lang.String.valueOf(String.java:4465)
	at java.base/java.lang.StringBuilder.append(StringBuilder.java:173)
	at javafx.base@21.0.2/javafx.beans.property.IntegerPropertyBase.toString(IntegerPropertyBase.java:228)
	at java.base/java.lang.String.valueOf(String.java:4465)
	at claims@1.0-SNAPSHOT/claims.models.Customer.toString(Customer.java:131)
	at java.base/java.lang.String.valueOf(String.java:4465)
	at java.base/java.lang.StringBuilder.append(StringBuilder.java:173)
	at javafx.base@21.0.2/javafx.beans.property.IntegerPropertyBase.toString(IntegerPropertyBase.java:228)
	at java.base/java.lang.String.valueOf(String.java:4465)
	at claims@1.0-SNAPSHOT/claims.models.Customer.toString(Customer.java:131)
	at java.base/java.lang.String.valueOf(String.java:4465)
	at java.base/java.lang.StringBuilder.append(StringBuilder.java:173)
	at javafx.base@21.0.2/javafx.beans.property.IntegerPropertyBase.toString(IntegerPropertyBase.java:228)
	at java.base/java.lang.String.valueOf(String.java:4465)
	at claims@1.0-SNAPSHOT/claims.models.Customer.toString(Customer.java:131)
	at java.base/java.lang.String.valueOf(String.java:4465)
	at java.base/java.lang.StringBuilder.append(StringBuilder.java:173)
	at javafx.base@21.0.2/javafx.beans.property.IntegerPropertyBase.toString(IntegerPropertyBase.java:228)
	at java.base/java.lang.String.valueOf(String.java:4465)
	at claims@1.0-SNAPSHOT/claims.models.Customer.toString(Customer.java:131)
	at java.base/java.lang.String.valueOf(String.java:4465)
	at java.base/java.lang.StringBuilder.append(StringBuilder.java:173)
	at javafx.base@21.0.2/javafx.beans.property.IntegerPropertyBase.toString(IntegerPropertyBase.java:228)
	at java.base/java.lang.String.valueOf(String.java:4465)
	at claims@1.0-SNAPSHOT/claims.models.Customer.toString(Customer.java:131)
	at java.base/java.lang.String.valueOf(String.java:4465)
	at java.base/java.lang.StringBuilder.append(StringBuilder.java:173)
	at javafx.base@21.0.2/javafx.beans.property.IntegerPropertyBase.toString(IntegerPropertyBase.java:228)
	at java.base/java.lang.String.valueOf(String.java:4465)
	at claims@1.0-SNAPSHOT/claims.models.Customer.toString(Customer.java:131)
	at java.base/java.lang.String.valueOf(String.java:4465)
	at java.base/java.lang.StringBuilder.append(StringBuilder.java:173)
	at javafx.base@21.0.2/javafx.beans.property.IntegerPropertyBase.toString(IntegerPropertyBase.java:228)
	at java.base/java.lang.String.valueOf(String.java:4465)
	at claims@1.0-SNAPSHOT/claims.models.Customer.toString(Customer.java:131)
	at java.base/java.lang.String.valueOf(String.java:4465)
	at java.base/java.lang.StringBuilder.append(StringBuilder.java:173)
	at javafx.base@21.0.2/javafx.beans.property.IntegerPropertyBase.toString(IntegerPropertyBase.java:228)
	at java.base/java.lang.String.valueOf(String.java:4465)
	at claims@1.0-SNAPSHOT/claims.models.Customer.toString(Customer.java:131)
	at java.base/java.lang.String.valueOf(String.java:4465)
	at java.base/java.lang.StringBuilder.append(StringBuilder.java:173)
	at javafx.base@21.0.2/javafx.beans.property.IntegerPropertyBase.toString(IntegerPropertyBase.java:228)
	at java.base/java.lang.String.valueOf(String.java:4465)
	at claims@1.0-SNAPSHOT/claims.models.Customer.toString(Customer.java:131)
	at java.base/java.lang.String.valueOf(String.java:4465)
	at java.base/java.lang.StringBuilder.append(StringBuilder.java:173)
	at javafx.base@21.0.2/javafx.beans.property.IntegerPropertyBase.toString(IntegerPropertyBase.java:228)
	at java.base/java.lang.String.valueOf(String.java:4465)
	at claims@1.0-SNAPSHOT/claims.models.Customer.toString(Customer.java:131)
	at java.base/java.lang.String.valueOf(String.java:4465)
	at java.base/java.lang.StringBuilder.append(StringBuilder.java:173)
	at javafx.base@21.0.2/javafx.beans.property.IntegerPropertyBase.toString(IntegerPropertyBase.java:228)
	at java.base/java.lang.String.valueOf(String.java:4465)
	at claims@1.0-SNAPSHOT/claims.models.Customer.toString(Customer.java:131)
	at java.base/java.lang.String.valueOf(String.java:4465)
	at java.base/java.lang.StringBuilder.append(StringBuilder.java:173)
	at javafx.base@21.0.2/javafx.beans.property.IntegerPropertyBase.toString(IntegerPropertyBase.java:228)
	at java.base/java.lang.String.valueOf(String.java:4465)
	at claims@1.0-SNAPSHOT/claims.models.Customer.toString(Customer.java:131)
	at java.base/java.lang.String.valueOf(String.java:4465)
	at java.base/java.lang.StringBuilder.append(StringBuilder.java:173)
	at javafx.base@21.0.2/javafx.beans.property.IntegerPropertyBase.toString(IntegerPropertyBase.java:228)
	at java.base/java.lang.String.valueOf(String.java:4465)
	at claims@1.0-SNAPSHOT/claims.models.Customer.toString(Customer.java:131)
	at java.base/java.lang.String.valueOf(String.java:4465)
	at java.base/java.lang.StringBuilder.append(StringBuilder.java:173)
	at javafx.base@21.0.2/javafx.beans.property.IntegerPropertyBase.toString(IntegerPropertyBase.java:228)
	at java.base/java.lang.String.valueOf(String.java:4465)
	at claims@1.0-SNAPSHOT/claims.models.Customer.toString(Customer.java:131)
	at java.base/java.lang.String.valueOf(String.java:4465)
	at java.base/java.lang.StringBuilder.append(StringBuilder.java:173)
	at javafx.base@21.0.2/javafx.beans.property.IntegerPropertyBase.toString(IntegerPropertyBase.java:228)
	at java.base/java.lang.String.valueOf(String.java:4465)
	at claims@1.0-SNAPSHOT/claims.models.Customer.toString(Customer.java:131)
	at java.base/java.lang.String.valueOf(String.java:4465)
	at java.base/java.lang.StringBuilder.append(StringBuilder.java:173)
	at javafx.base@21.0.2/javafx.beans.property.IntegerPropertyBase.toString(IntegerPropertyBase.java:228)
	at java.base/java.lang.String.valueOf(String.java:4465)
	at claims@1.0-SNAPSHOT/claims.models.Customer.toString(Customer.java:131)
	at java.base/java.lang.String.valueOf(String.java:4465)
	at java.base/java.lang.StringBuilder.append(StringBuilder.java:173)
	at javafx.base@21.0.2/javafx.beans.property.IntegerPropertyBase.toString(IntegerPropertyBase.java:228)
	at java.base/java.lang.String.valueOf(String.java:4465)
	at claims@1.0-SNAPSHOT/claims.models.Customer.toString(Customer.java:131)
	at java.base/java.lang.String.valueOf(String.java:4465)
	at java.base/java.lang.StringBuilder.append(StringBuilder.java:173)
	at javafx.base@21.0.2/javafx.beans.property.IntegerPropertyBase.toString(IntegerPropertyBase.java:228)
	at java.base/java.lang.String.valueOf(String.java:4465)
	at claims@1.0-SNAPSHOT/claims.models.Customer.toString(Customer.java:131)
	at java.base/java.lang.String.valueOf(String.java:4465)
	at java.base/java.lang.StringBuilder.append(StringBuilder.java:173)
	at javafx.base@21.0.2/javafx.beans.property.IntegerPropertyBase.toString(IntegerPropertyBase.java:228)
	at java.base/java.lang.String.valueOf(String.java:4465)
	at claims@1.0-SNAPSHOT/claims.models.Customer.toString(Customer.java:131)
	at java.base/java.lang.String.valueOf(String.java:4465)
	at java.base/java.lang.StringBuilder.append(StringBuilder.java:173)
	at javafx.base@21.0.2/javafx.beans.property.IntegerPropertyBase.toString(IntegerPropertyBase.java:228)
	at java.base/java.lang.String.valueOf(String.java:4465)
	at claims@1.0-SNAPSHOT/claims.models.Customer.toString(Customer.java:131)
	at java.base/java.lang.String.valueOf(String.java:4465)
	at java.base/java.lang.StringBuilder.append(StringBuilder.java:173)
	at javafx.base@21.0.2/javafx.beans.property.IntegerPropertyBase.toString(IntegerPropertyBase.java:228)
	at java.base/java.lang.String.valueOf(String.java:4465)
	at claims@1.0-SNAPSHOT/claims.models.Customer.toString(Customer.java:131)
	at java.base/java.lang.String.valueOf(String.java:4465)
	at java.base/java.lang.StringBuilder.append(StringBuilder.java:173)
	at javafx.base@21.0.2/javafx.beans.property.IntegerPropertyBase.toString(IntegerPropertyBase.java:228)
	at java.base/java.lang.String.valueOf(String.java:4465)
	at claims@1.0-SNAPSHOT/claims.models.Customer.toString(Customer.java:131)
	at java.base/java.lang.String.valueOf(String.java:4465)
	at java.base/java.lang.StringBuilder.append(StringBuilder.java:173)
	at javafx.base@21.0.2/javafx.beans.property.IntegerPropertyBase.toString(IntegerPropertyBase.java:228)
	at java.base/java.lang.String.valueOf(String.java:4465)
	at claims@1.0-SNAPSHOT/claims.models.Customer.toString(Customer.java:131)
	at java.base/java.lang.String.valueOf(String.java:4465)
	at java.base/java.lang.StringBuilder.append(StringBuilder.java:173)
	at javafx.base@21.0.2/javafx.beans.property.IntegerPropertyBase.toString(IntegerPropertyBase.java:228)
	at java.base/java.lang.String.valueOf(String.java:4465)
	at claims@1.0-SNAPSHOT/claims.models.Customer.toString(Customer.java:131)
	at java.base/java.lang.String.valueOf(String.java:4465)
	at java.base/java.lang.StringBuilder.append(StringBuilder.java:173)
	at javafx.base@21.0.2/javafx.beans.property.IntegerPropertyBase.toString(IntegerPropertyBase.java:228)
	at java.base/java.lang.String.valueOf(String.java:4465)
	at claims@1.0-SNAPSHOT/claims.models.Customer.toString(Customer.java:131)
	at java.base/java.lang.String.valueOf(String.java:4465)
	at java.base/java.lang.StringBuilder.append(StringBuilder.java:173)
	at javafx.base@21.0.2/javafx.beans.property.IntegerPropertyBase.toString(IntegerPropertyBase.java:228)
	at java.base/java.lang.String.valueOf(String.java:4465)
	at claims@1.0-SNAPSHOT/claims.models.Customer.toString(Customer.java:131)
	at java.base/java.lang.String.valueOf(String.java:4465)
	at java.base/java.lang.StringBuilder.append(StringBuilder.java:173)
	at javafx.base@21.0.2/javafx.beans.property.IntegerPropertyBase.toString(IntegerPropertyBase.java:228)
	at java.base/java.lang.String.valueOf(String.java:4465)
	at claims@1.0-SNAPSHOT/claims.models.Customer.toString(Customer.java:131)
	at java.base/java.lang.String.valueOf(String.java:4465)
	at java.base/java.lang.StringBuilder.append(StringBuilder.java:173)
	at javafx.base@21.0.2/javafx.beans.property.IntegerPropertyBase.toString(IntegerPropertyBase.java:228)
	at java.base/java.lang.String.valueOf(String.java:4465)
	at claims@1.0-SNAPSHOT/claims.models.Customer.toString(Customer.java:131)
	at java.base/java.lang.String.valueOf(String.java:4465)
	at java.base/java.lang.StringBuilder.append(StringBuilder.java:173)
	at javafx.base@21.0.2/javafx.beans.property.IntegerPropertyBase.toString(IntegerPropertyBase.java:228)
	at java.base/java.lang.String.valueOf(String.java:4465)
	at claims@1.0-SNAPSHOT/claims.models.Customer.toString(Customer.java:131)
	at java.base/java.lang.String.valueOf(String.java:4465)
	at java.base/java.lang.StringBuilder.append(StringBuilder.java:173)
	at javafx.base@21.0.2/javafx.beans.property.IntegerPropertyBase.toString(IntegerPropertyBase.java:228)
	at java.base/java.lang.String.valueOf(String.java:4465)
	at claims@1.0-SNAPSHOT/claims.models.Customer.toString(Customer.java:131)
	at java.base/java.lang.String.valueOf(String.java:4465)
	at java.base/java.lang.StringBuilder.append(StringBuilder.java:173)
	at javafx.base@21.0.2/javafx.beans.property.IntegerPropertyBase.toString(IntegerPropertyBase.java:228)

tests.UserStubDBTest.testAddAdvisorAndRead -- Time elapsed: 0.004 s <<< ERROR!
java.lang.StackOverflowError
	at java.base/java.lang.String.valueOf(String.java:4465)
	at claims@1.0-SNAPSHOT/claims.models.Advisor.toString(Advisor.java:64)
	at java.base/java.lang.String.valueOf(String.java:4465)
	at java.base/java.lang.StringBuilder.append(StringBuilder.java:173)
	at javafx.base@21.0.2/javafx.beans.property.IntegerPropertyBase.toString(IntegerPropertyBase.java:228)
	at java.base/java.lang.String.valueOf(String.java:4465)
	at claims@1.0-SNAPSHOT/claims.models.Advisor.toString(Advisor.java:64)
	at java.base/java.lang.String.valueOf(String.java:4465)
	at java.base/java.lang.StringBuilder.append(StringBuilder.java:173)
	at javafx.base@21.0.2/javafx.beans.property.IntegerPropertyBase.toString(IntegerPropertyBase.java:228)
	at java.base/java.lang.String.valueOf(String.java:4465)
	at claims@1.0-SNAPSHOT/claims.models.Advisor.toString(Advisor.java:64)
	at java.base/java.lang.String.valueOf(String.java:4465)
	at java.base/java.lang.StringBuilder.append(StringBuilder.java:173)
	at javafx.base@21.0.2/javafx.beans.property.IntegerPropertyBase.toString(IntegerPropertyBase.java:228)
	at java.base/java.lang.String.valueOf(String.java:4465)
	at claims@1.0-SNAPSHOT/claims.models.Advisor.toString(Advisor.java:64)
	at java.base/java.lang.String.valueOf(String.java:4465)
	at java.base/java.lang.StringBuilder.append(StringBuilder.java:173)
	at javafx.base@21.0.2/javafx.beans.property.IntegerPropertyBase.toString(IntegerPropertyBase.java:228)
	at java.base/java.lang.String.valueOf(String.java:4465)
	at claims@1.0-SNAPSHOT/claims.models.Advisor.toString(Advisor.java:64)
	at java.base/java.lang.String.valueOf(String.java:4465)
	at java.base/java.lang.StringBuilder.append(StringBuilder.java:173)
	at javafx.base@21.0.2/javafx.beans.property.IntegerPropertyBase.toString(IntegerPropertyBase.java:228)
	at java.base/java.lang.String.valueOf(String.java:4465)
	at claims@1.0-SNAPSHOT/claims.models.Advisor.toString(Advisor.java:64)
	at java.base/java.lang.String.valueOf(String.java:4465)
	at java.base/java.lang.StringBuilder.append(StringBuilder.java:173)
	at javafx.base@21.0.2/javafx.beans.property.IntegerPropertyBase.toString(IntegerPropertyBase.java:228)
	at java.base/java.lang.String.valueOf(String.java:4465)
	at claims@1.0-SNAPSHOT/claims.models.Advisor.toString(Advisor.java:64)
	at java.base/java.lang.String.valueOf(String.java:4465)
	at java.base/java.lang.StringBuilder.append(StringBuilder.java:173)
	at javafx.base@21.0.2/javafx.beans.property.IntegerPropertyBase.toString(IntegerPropertyBase.java:228)
	at java.base/java.lang.String.valueOf(String.java:4465)
	at claims@1.0-SNAPSHOT/claims.models.Advisor.toString(Advisor.java:64)
	at java.base/java.lang.String.valueOf(String.java:4465)
	at java.base/java.lang.StringBuilder.append(StringBuilder.java:173)
	at javafx.base@21.0.2/javafx.beans.property.IntegerPropertyBase.toString(IntegerPropertyBase.java:228)
	at java.base/java.lang.String.valueOf(String.java:4465)
	at claims@1.0-SNAPSHOT/claims.models.Advisor.toString(Advisor.java:64)
	at java.base/java.lang.String.valueOf(String.java:4465)
	at java.base/java.lang.StringBuilder.append(StringBuilder.java:173)
	at javafx.base@21.0.2/javafx.beans.property.IntegerPropertyBase.toString(IntegerPropertyBase.java:228)
	at java.base/java.lang.String.valueOf(String.java:4465)
	at claims@1.0-SNAPSHOT/claims.models.Advisor.toString(Advisor.java:64)
	at java.base/java.lang.String.valueOf(String.java:4465)
	at java.base/java.lang.StringBuilder.append(StringBuilder.java:173)
	at javafx.base@21.0.2/javafx.beans.property.IntegerPropertyBase.toString(IntegerPropertyBase.java:228)
	at java.base/java.lang.String.valueOf(String.java:4465)
	at claims@1.0-SNAPSHOT/claims.models.Advisor.toString(Advisor.java:64)
	at java.base/java.lang.String.valueOf(String.java:4465)
	at java.base/java.lang.StringBuilder.append(StringBuilder.java:173)
	at javafx.base@21.0.2/javafx.beans.property.IntegerPropertyBase.toString(IntegerPropertyBase.java:228)
	at java.base/java.lang.String.valueOf(String.java:4465)
	at claims@1.0-SNAPSHOT/claims.models.Advisor.toString(Advisor.java:64)
	at java.base/java.lang.String.valueOf(String.java:4465)
	at java.base/java.lang.StringBuilder.append(StringBuilder.java:173)
	at javafx.base@21.0.2/javafx.beans.property.IntegerPropertyBase.toString(IntegerPropertyBase.java:228)
	at java.base/java.lang.String.valueOf(String.java:4465)
	at claims@1.0-SNAPSHOT/claims.models.Advisor.toString(Advisor.java:64)
	at java.base/java.lang.String.valueOf(String.java:4465)
	at java.base/java.lang.StringBuilder.append(StringBuilder.java:173)
	at javafx.base@21.0.2/javafx.beans.property.IntegerPropertyBase.toString(IntegerPropertyBase.java:228)
	at java.base/java.lang.String.valueOf(String.java:4465)
	at claims@1.0-SNAPSHOT/claims.models.Advisor.toString(Advisor.java:64)
	at java.base/java.lang.String.valueOf(String.java:4465)
	at java.base/java.lang.StringBuilder.append(StringBuilder.java:173)
	at javafx.base@21.0.2/javafx.beans.property.IntegerPropertyBase.toString(IntegerPropertyBase.java:228)
	at java.base/java.lang.String.valueOf(String.java:4465)
	at claims@1.0-SNAPSHOT/claims.models.Advisor.toString(Advisor.java:64)
	at java.base/java.lang.String.valueOf(String.java:4465)
	at java.base/java.lang.StringBuilder.append(StringBuilder.java:173)
[...]
	at claims@1.0-SNAPSHOT/claims.models.Advisor.toString(Advisor.java:64)
	at java.base/java.lang.String.valueOf(String.java:4465)
	at java.base/java.lang.StringBuilder.append(StringBuilder.java:173)
	at javafx.base@21.0.2/javafx.beans.property.IntegerPropertyBase.toString(IntegerPropertyBase.java:228)
	at java.base/java.lang.String.valueOf(String.java:4465)
	at claims@1.0-SNAPSHOT/claims.models.Advisor.toString(Advisor.java:64)
	at java.base/java.lang.String.valueOf(String.java:4465)
	at java.base/java.lang.StringBuilder.append(StringBuilder.java:173)
	at javafx.base@21.0.2/javafx.beans.property.IntegerPropertyBase.toString(IntegerPropertyBase.java:228)
	at java.base/java.lang.String.valueOf(String.java:4465)
	at claims@1.0-SNAPSHOT/claims.models.Advisor.toString(Advisor.java:64)
	at java.base/java.lang.String.valueOf(String.java:4465)
	at java.base/java.lang.StringBuilder.append(StringBuilder.java:173)
	at javafx.base@21.0.2/javafx.beans.property.IntegerPropertyBase.toString(IntegerPropertyBase.java:228)
	at java.base/java.lang.String.valueOf(String.java:4465)
	at claims@1.0-SNAPSHOT/claims.models.Advisor.toString(Advisor.java:64)
	at java.base/java.lang.String.valueOf(String.java:4465)
	at java.base/java.lang.StringBuilder.append(StringBuilder.java:173)
	at javafx.base@21.0.2/javafx.beans.property.IntegerPropertyBase.toString(IntegerPropertyBase.java:228)
	at java.base/java.lang.String.valueOf(String.java:4465)
	at claims@1.0-SNAPSHOT/claims.models.Advisor.toString(Advisor.java:64)
	at java.base/java.lang.String.valueOf(String.java:4465)
	at java.base/java.lang.StringBuilder.append(StringBuilder.java:173)
	at javafx.base@21.0.2/javafx.beans.property.IntegerPropertyBase.toString(IntegerPropertyBase.java:228)
	at java.base/java.lang.String.valueOf(String.java:4465)
	at claims@1.0-SNAPSHOT/claims.models.Advisor.toString(Advisor.java:64)
	at java.base/java.lang.String.valueOf(String.java:4465)
	at java.base/java.lang.StringBuilder.append(StringBuilder.java:173)
	at javafx.base@21.0.2/javafx.beans.property.IntegerPropertyBase.toString(IntegerPropertyBase.java:228)
	at java.base/java.lang.String.valueOf(String.java:4465)
	at claims@1.0-SNAPSHOT/claims.models.Advisor.toString(Advisor.java:64)
	at java.base/java.lang.String.valueOf(String.java:4465)
	at java.base/java.lang.StringBuilder.append(StringBuilder.java:173)
	at javafx.base@21.0.2/javafx.beans.property.IntegerPropertyBase.toString(IntegerPropertyBase.java:228)
	at java.base/java.lang.String.valueOf(String.java:4465)
	at claims@1.0-SNAPSHOT/claims.models.Advisor.toString(Advisor.java:64)
	at java.base/java.lang.String.valueOf(String.java:4465)
	at java.base/java.lang.StringBuilder.append(StringBuilder.java:173)
	at javafx.base@21.0.2/javafx.beans.property.IntegerPropertyBase.toString(IntegerPropertyBase.java:228)
	at java.base/java.lang.String.valueOf(String.java:4465)
	at claims@1.0-SNAPSHOT/claims.models.Advisor.toString(Advisor.java:64)
	at java.base/java.lang.String.valueOf(String.java:4465)
	at java.base/java.lang.StringBuilder.append(StringBuilder.java:173)
	at javafx.base@21.0.2/javafx.beans.property.IntegerPropertyBase.toString(IntegerPropertyBase.java:228)
	at java.base/java.lang.String.valueOf(String.java:4465)
	at claims@1.0-SNAPSHOT/claims.models.Advisor.toString(Advisor.java:64)
	at java.base/java.lang.String.valueOf(String.java:4465)
	at java.base/java.lang.StringBuilder.append(StringBuilder.java:173)
	at javafx.base@21.0.2/javafx.beans.property.IntegerPropertyBase.toString(IntegerPropertyBase.java:228)
	at java.base/java.lang.String.valueOf(String.java:4465)
	at claims@1.0-SNAPSHOT/claims.models.Advisor.toString(Advisor.java:64)
	at java.base/java.lang.String.valueOf(String.java:4465)
	at java.base/java.lang.StringBuilder.append(StringBuilder.java:173)
	at javafx.base@21.0.2/javafx.beans.property.IntegerPropertyBase.toString(IntegerPropertyBase.java:228)
	at java.base/java.lang.String.valueOf(String.java:4465)
	at claims@1.0-SNAPSHOT/claims.models.Advisor.toString(Advisor.java:64)
	at java.base/java.lang.String.valueOf(String.java:4465)
	at java.base/java.lang.StringBuilder.append(StringBuilder.java:173)
	at javafx.base@21.0.2/javafx.beans.property.IntegerPropertyBase.toString(IntegerPropertyBase.java:228)
	at java.base/java.lang.String.valueOf(String.java:4465)
	at claims@1.0-SNAPSHOT/claims.models.Advisor.toString(Advisor.java:64)
	at java.base/java.lang.String.valueOf(String.java:4465)
	at java.base/java.lang.StringBuilder.append(StringBuilder.java:173)
	at javafx.base@21.0.2/javafx.beans.property.IntegerPropertyBase.toString(IntegerPropertyBase.java:228)
	at java.base/java.lang.String.valueOf(String.java:4465)
	at claims@1.0-SNAPSHOT/claims.models.Advisor.toString(Advisor.java:64)
	at java.base/java.lang.String.valueOf(String.java:4465)
	at java.base/java.lang.StringBuilder.append(StringBuilder.java:173)
	at javafx.base@21.0.2/javafx.beans.property.IntegerPropertyBase.toString(IntegerPropertyBase.java:228)
	at java.base/java.lang.String.valueOf(String.java:4465)
	at claims@1.0-SNAPSHOT/claims.models.Advisor.toString(Advisor.java:64)
	at java.base/java.lang.String.valueOf(String.java:4465)
	at java.base/java.lang.StringBuilder.append(StringBuilder.java:173)
	at javafx.base@21.0.2/javafx.beans.property.IntegerPropertyBase.toString(IntegerPropertyBase.java:228)
	at java.base/java.lang.String.valueOf(String.java:4465)
	at claims@1.0-SNAPSHOT/claims.models.Advisor.toString(Advisor.java:64)
	at java.base/java.lang.String.valueOf(String.java:4465)
	at java.base/java.lang.StringBuilder.append(StringBuilder.java:173)
	at javafx.base@21.0.2/javafx.beans.property.IntegerPropertyBase.toString(IntegerPropertyBase.java:228)
	at java.base/java.lang.String.valueOf(String.java:4465)
	at claims@1.0-SNAPSHOT/claims.models.Advisor.toString(Advisor.java:64)
	at java.base/java.lang.String.valueOf(String.java:4465)
	at java.base/java.lang.StringBuilder.append(StringBuilder.java:173)
	at javafx.base@21.0.2/javafx.beans.property.IntegerPropertyBase.toString(IntegerPropertyBase.java:228)
	at java.base/java.lang.String.valueOf(String.java:4465)
	at claims@1.0-SNAPSHOT/claims.models.Advisor.toString(Advisor.java:64)
	at java.base/java.lang.String.valueOf(String.java:4465)
	at java.base/java.lang.StringBuilder.append(StringBuilder.java:173)
	at javafx.base@21.0.2/javafx.beans.property.IntegerPropertyBase.toString(IntegerPropertyBase.java:228)
	at java.base/java.lang.String.valueOf(String.java:4465)
	at claims@1.0-SNAPSHOT/claims.models.Advisor.toString(Advisor.java:64)
	at java.base/java.lang.String.valueOf(String.java:4465)
	at java.base/java.lang.StringBuilder.append(StringBuilder.java:173)
	at javafx.base@21.0.2/javafx.beans.property.IntegerPropertyBase.toString(IntegerPropertyBase.java:228)
	at java.base/java.lang.String.valueOf(String.java:4465)
	at claims@1.0-SNAPSHOT/claims.models.Advisor.toString(Advisor.java:64)
	at java.base/java.lang.String.valueOf(String.java:4465)
	at java.base/java.lang.StringBuilder.append(StringBuilder.java:173)
	at javafx.base@21.0.2/javafx.beans.property.IntegerPropertyBase.toString(IntegerPropertyBase.java:228)
	at java.base/java.lang.String.valueOf(String.java:4465)
	at claims@1.0-SNAPSHOT/claims.models.Advisor.toString(Advisor.java:64)
	at java.base/java.lang.String.valueOf(String.java:4465)
	at java.base/java.lang.StringBuilder.append(StringBuilder.java:173)
	at javafx.base@21.0.2/javafx.beans.property.IntegerPropertyBase.toString(IntegerPropertyBase.java:228)
	at java.base/java.lang.String.valueOf(String.java:4465)
	at claims@1.0-SNAPSHOT/claims.models.Advisor.toString(Advisor.java:64)
	at java.base/java.lang.String.valueOf(String.java:4465)
	at java.base/java.lang.StringBuilder.append(StringBuilder.java:173)
	at javafx.base@21.0.2/javafx.beans.property.IntegerPropertyBase.toString(IntegerPropertyBase.java:228)
	at java.base/java.lang.String.valueOf(String.java:4465)
	at claims@1.0-SNAPSHOT/claims.models.Advisor.toString(Advisor.java:64)
	at java.base/java.lang.String.valueOf(String.java:4465)
	at java.base/java.lang.StringBuilder.append(StringBuilder.java:173)
	at javafx.base@21.0.2/javafx.beans.property.IntegerPropertyBase.toString(IntegerPropertyBase.java:228)
	at java.base/java.lang.String.valueOf(String.java:4465)
	at claims@1.0-SNAPSHOT/claims.models.Advisor.toString(Advisor.java:64)
	at java.base/java.lang.String.valueOf(String.java:4465)
	at java.base/java.lang.StringBuilder.append(StringBuilder.java:173)
	at javafx.base@21.0.2/javafx.beans.property.IntegerPropertyBase.toString(IntegerPropertyBase.java:228)
	at java.base/java.lang.String.valueOf(String.java:4465)
	at claims@1.0-SNAPSHOT/claims.models.Advisor.toString(Advisor.java:64)
	at java.base/java.lang.String.valueOf(String.java:4465)
	at java.base/java.lang.StringBuilder.append(StringBuilder.java:173)
	at javafx.base@21.0.2/javafx.beans.property.IntegerPropertyBase.toString(IntegerPropertyBase.java:228)
	at java.base/java.lang.String.valueOf(String.java:4465)
	at claims@1.0-SNAPSHOT/claims.models.Advisor.toString(Advisor.java:64)
	at java.base/java.lang.String.valueOf(String.java:4465)
	at java.base/java.lang.StringBuilder.append(StringBuilder.java:173)
	at javafx.base@21.0.2/javafx.beans.property.IntegerPropertyBase.toString(IntegerPropertyBase.java:228)
	at java.base/java.lang.String.valueOf(String.java:4465)
	at claims@1.0-SNAPSHOT/claims.models.Advisor.toString(Advisor.java:64)
	at java.base/java.lang.String.valueOf(String.java:4465)
	at java.base/java.lang.StringBuilder.append(StringBuilder.java:173)
	at javafx.base@21.0.2/javafx.beans.property.IntegerPropertyBase.toString(IntegerPropertyBase.java:228)
	at java.base/java.lang.String.valueOf(String.java:4465)
	at claims@1.0-SNAPSHOT/claims.models.Advisor.toString(Advisor.java:64)
	at java.base/java.lang.String.valueOf(String.java:4465)
	at java.base/java.lang.StringBuilder.append(StringBuilder.java:173)
	at javafx.base@21.0.2/javafx.beans.property.IntegerPropertyBase.toString(IntegerPropertyBase.java:228)
	at java.base/java.lang.String.valueOf(String.java:4465)
	at claims@1.0-SNAPSHOT/claims.models.Advisor.toString(Advisor.java:64)
	at java.base/java.lang.String.valueOf(String.java:4465)
	at java.base/java.lang.StringBuilder.append(StringBuilder.java:173)
	at javafx.base@21.0.2/javafx.beans.property.IntegerPropertyBase.toString(IntegerPropertyBase.java:228)
	at java.base/java.lang.String.valueOf(String.java:4465)
	at claims@1.0-SNAPSHOT/claims.models.Advisor.toString(Advisor.java:64)
	at java.base/java.lang.String.valueOf(String.java:4465)
	at java.base/java.lang.StringBuilder.append(StringBuilder.java:173)
	at javafx.base@21.0.2/javafx.beans.property.IntegerPropertyBase.toString(IntegerPropertyBase.java:228)
	at java.base/java.lang.String.valueOf(String.java:4465)
	at claims@1.0-SNAPSHOT/claims.models.Advisor.toString(Advisor.java:64)
	at java.base/java.lang.String.valueOf(String.java:4465)
	at java.base/java.lang.StringBuilder.append(StringBuilder.java:173)
	at javafx.base@21.0.2/javafx.beans.property.IntegerPropertyBase.toString(IntegerPropertyBase.java:228)
	at java.base/java.lang.String.valueOf(String.java:4465)
	at claims@1.0-SNAPSHOT/claims.models.Advisor.toString(Advisor.java:64)
	at java.base/java.lang.String.valueOf(String.java:4465)
	at java.base/java.lang.StringBuilder.append(StringBuilder.java:173)
	at javafx.base@21.0.2/javafx.beans.property.IntegerPropertyBase.toString(IntegerPropertyBase.java:228)
	at java.base/java.lang.String.valueOf(String.java:4465)
	at claims@1.0-SNAPSHOT/claims.models.Advisor.toString(Advisor.java:64)
	at java.base/java.lang.String.valueOf(String.java:4465)
	at java.base/java.lang.StringBuilder.append(StringBuilder.java:173)
	at javafx.base@21.0.2/javafx.beans.property.IntegerPropertyBase.toString(IntegerPropertyBase.java:228)
	at java.base/java.lang.String.valueOf(String.java:4465)
	at claims@1.0-SNAPSHOT/claims.models.Advisor.toString(Advisor.java:64)
	at java.base/java.lang.String.valueOf(String.java:4465)
	at java.base/java.lang.StringBuilder.append(StringBuilder.java:173)
	at javafx.base@21.0.2/javafx.beans.property.IntegerPropertyBase.toString(IntegerPropertyBase.java:228)
	at java.base/java.lang.String.valueOf(String.java:4465)
	at claims@1.0-SNAPSHOT/claims.models.Advisor.toString(Advisor.java:64)
	at java.base/java.lang.String.valueOf(String.java:4465)
	at java.base/java.lang.StringBuilder.append(StringBuilder.java:173)
	at javafx.base@21.0.2/javafx.beans.property.IntegerPropertyBase.toString(IntegerPropertyBase.java:228)
	at java.base/java.lang.String.valueOf(String.java:4465)
	at claims@1.0-SNAPSHOT/claims.models.Advisor.toString(Advisor.java:64)
	at java.base/java.lang.String.valueOf(String.java:4465)
	at java.base/java.lang.StringBuilder.append(StringBuilder.java:173)
	at javafx.base@21.0.2/javafx.beans.property.IntegerPropertyBase.toString(IntegerPropertyBase.java:228)
	at java.base/java.lang.String.valueOf(String.java:4465)
	at claims@1.0-SNAPSHOT/claims.models.Advisor.toString(Advisor.java:64)
	at java.base/java.lang.String.valueOf(String.java:4465)
	at java.base/java.lang.StringBuilder.append(StringBuilder.java:173)
	at javafx.base@21.0.2/javafx.beans.property.IntegerPropertyBase.toString(IntegerPropertyBase.java:228)
	at java.base/java.lang.String.valueOf(String.java:4465)
	at claims@1.0-SNAPSHOT/claims.models.Advisor.toString(Advisor.java:64)
	at java.base/java.lang.String.valueOf(String.java:4465)
	at java.base/java.lang.StringBuilder.append(StringBuilder.java:173)
	at javafx.base@21.0.2/javafx.beans.property.IntegerPropertyBase.toString(IntegerPropertyBase.java:228)
	at java.base/java.lang.String.valueOf(String.java:4465)
	at claims@1.0-SNAPSHOT/claims.models.Advisor.toString(Advisor.java:64)
	at java.base/java.lang.String.valueOf(String.java:4465)
	at java.base/java.lang.StringBuilder.append(StringBuilder.java:173)
	at javafx.base@21.0.2/javafx.beans.property.IntegerPropertyBase.toString(IntegerPropertyBase.java:228)
	at java.base/java.lang.String.valueOf(String.java:4465)
	at claims@1.0-SNAPSHOT/claims.models.Advisor.toString(Advisor.java:64)
	at java.base/java.lang.String.valueOf(String.java:4465)
	at java.base/java.lang.StringBuilder.append(StringBuilder.java:173)
	at javafx.base@21.0.2/javafx.beans.property.IntegerPropertyBase.toString(IntegerPropertyBase.java:228)
	at java.base/java.lang.String.valueOf(String.java:4465)
	at claims@1.0-SNAPSHOT/claims.models.Advisor.toString(Advisor.java:64)
	at java.base/java.lang.String.valueOf(String.java:4465)
	at java.base/java.lang.StringBuilder.append(StringBuilder.java:173)
	at javafx.base@21.0.2/javafx.beans.property.IntegerPropertyBase.toString(IntegerPropertyBase.java:228)
	at java.base/java.lang.String.valueOf(String.java:4465)
	at claims@1.0-SNAPSHOT/claims.models.Advisor.toString(Advisor.java:64)
	at java.base/java.lang.String.valueOf(String.java:4465)
	at java.base/java.lang.StringBuilder.append(StringBuilder.java:173)
	at javafx.base@21.0.2/javafx.beans.property.IntegerPropertyBase.toString(IntegerPropertyBase.java:228)
	at java.base/java.lang.String.valueOf(String.java:4465)
	at claims@1.0-SNAPSHOT/claims.models.Advisor.toString(Advisor.java:64)
	at java.base/java.lang.String.valueOf(String.java:4465)
	at java.base/java.lang.StringBuilder.append(StringBuilder.java:173)
	at javafx.base@21.0.2/javafx.beans.property.IntegerPropertyBase.toString(IntegerPropertyBase.java:228)
	at java.base/java.lang.String.valueOf(String.java:4465)
	at claims@1.0-SNAPSHOT/claims.models.Advisor.toString(Advisor.java:64)
	at java.base/java.lang.String.valueOf(String.java:4465)
	at java.base/java.lang.StringBuilder.append(StringBuilder.java:173)
	at javafx.base@21.0.2/javafx.beans.property.IntegerPropertyBase.toString(IntegerPropertyBase.java:228)
	at java.base/java.lang.String.valueOf(String.java:4465)
	at claims@1.0-SNAPSHOT/claims.models.Advisor.toString(Advisor.java:64)
	at java.base/java.lang.String.valueOf(String.java:4465)
	at java.base/java.lang.StringBuilder.append(StringBuilder.java:173)
	at javafx.base@21.0.2/javafx.beans.property.IntegerPropertyBase.toString(IntegerPropertyBase.java:228)
	at java.base/java.lang.String.valueOf(String.java:4465)
	at claims@1.0-SNAPSHOT/claims.models.Advisor.toString(Advisor.java:64)
	at java.base/java.lang.String.valueOf(String.java:4465)
	at java.base/java.lang.StringBuilder.append(StringBuilder.java:173)
	at javafx.base@21.0.2/javafx.beans.property.IntegerPropertyBase.toString(IntegerPropertyBase.java:228)
	at java.base/java.lang.String.valueOf(String.java:4465)
	at claims@1.0-SNAPSHOT/claims.models.Advisor.toString(Advisor.java:64)
	at java.base/java.lang.String.valueOf(String.java:4465)
	at java.base/java.lang.StringBuilder.append(StringBuilder.java:173)
	at javafx.base@21.0.2/javafx.beans.property.IntegerPropertyBase.toString(IntegerPropertyBase.java:228)
	at java.base/java.lang.String.valueOf(String.java:4465)
	at claims@1.0-SNAPSHOT/claims.models.Advisor.toString(Advisor.java:64)
	at java.base/java.lang.String.valueOf(String.java:4465)
	at java.base/java.lang.StringBuilder.append(StringBuilder.java:173)
	at javafx.base@21.0.2/javafx.beans.property.IntegerPropertyBase.toString(IntegerPropertyBase.java:228)
	at java.base/java.lang.String.valueOf(String.java:4465)
	at claims@1.0-SNAPSHOT/claims.models.Advisor.toString(Advisor.java:64)
	at java.base/java.lang.String.valueOf(String.java:4465)
	at java.base/java.lang.StringBuilder.append(StringBuilder.java:173)
	at javafx.base@21.0.2/javafx.beans.property.IntegerPropertyBase.toString(IntegerPropertyBase.java:228)
	at java.base/java.lang.String.valueOf(String.java:4465)
	at claims@1.0-SNAPSHOT/claims.models.Advisor.toString(Advisor.java:64)
	at java.base/java.lang.String.valueOf(String.java:4465)
	at java.base/java.lang.StringBuilder.append(StringBuilder.java:173)
	at javafx.base@21.0.2/javafx.beans.property.IntegerPropertyBase.toString(IntegerPropertyBase.java:228)
	at java.base/java.lang.String.valueOf(String.java:4465)
	at claims@1.0-SNAPSHOT/claims.models.Advisor.toString(Advisor.java:64)
	at java.base/java.lang.String.valueOf(String.java:4465)
	at java.base/java.lang.StringBuilder.append(StringBuilder.java:173)
	at javafx.base@21.0.2/javafx.beans.property.IntegerPropertyBase.toString(IntegerPropertyBase.java:228)
	at java.base/java.lang.String.valueOf(String.java:4465)
	at claims@1.0-SNAPSHOT/claims.models.Advisor.toString(Advisor.java:64)
	at java.base/java.lang.String.valueOf(String.java:4465)
	at java.base/java.lang.StringBuilder.append(StringBuilder.java:173)
	at javafx.base@21.0.2/javafx.beans.property.IntegerPropertyBase.toString(IntegerPropertyBase.java:228)
	at java.base/java.lang.String.valueOf(String.java:4465)
	at claims@1.0-SNAPSHOT/claims.models.Advisor.toString(Advisor.java:64)
	at java.base/java.lang.String.valueOf(String.java:4465)
	at java.base/java.lang.StringBuilder.append(StringBuilder.java:173)
	at javafx.base@21.0.2/javafx.beans.property.IntegerPropertyBase.toString(IntegerPropertyBase.java:228)
	at java.base/java.lang.String.valueOf(String.java:4465)
	at claims@1.0-SNAPSHOT/claims.models.Advisor.toString(Advisor.java:64)
	at java.base/java.lang.String.valueOf(String.java:4465)
	at java.base/java.lang.StringBuilder.append(StringBuilder.java:173)
	at javafx.base@21.0.2/javafx.beans.property.IntegerPropertyBase.toString(IntegerPropertyBase.java:228)
	at java.base/java.lang.String.valueOf(String.java:4465)
	at claims@1.0-SNAPSHOT/claims.models.Advisor.toString(Advisor.java:64)
	at java.base/java.lang.String.valueOf(String.java:4465)
	at java.base/java.lang.StringBuilder.append(StringBuilder.java:173)
	at javafx.base@21.0.2/javafx.beans.property.IntegerPropertyBase.toString(IntegerPropertyBase.java:228)
	at java.base/java.lang.String.valueOf(String.java:4465)
	at claims@1.0-SNAPSHOT/claims.models.Advisor.toString(Advisor.java:64)
	at java.base/java.lang.String.valueOf(String.java:4465)
	at java.base/java.lang.StringBuilder.append(StringBuilder.java:173)

