-------------------------------------------------------------------------------
Test set: tests.AdvisorTest
-------------------------------------------------------------------------------
Tests run: 1, Failures: 0, Errors: 1, Skipped: 0, Time elapsed: 0.009 s <<< FAILURE! -- in tests.AdvisorTest
tests.AdvisorTest.testToString -- Time elapsed: 0.004 s <<< ERROR!
java.lang.StackOverflowError
	at claims/claims.models.Advisor.toString(Advisor.java:63)
	at java.base/java.lang.String.valueOf(String.java:4465)
	at java.base/java.lang.StringBuilder.append(StringBuilder.java:173)
	at javafx.base@21.0.2/javafx.beans.property.IntegerPropertyBase.toString(IntegerPropertyBase.java:228)
	at java.base/java.lang.String.valueOf(String.java:4465)
	at claims/claims.models.Advisor.toString(Advisor.java:64)
	at java.base/java.lang.String.valueOf(String.java:4465)
	at java.base/java.lang.StringBuilder.append(StringBuilder.java:173)
	at javafx.base@21.0.2/javafx.beans.property.IntegerPropertyBase.toString(IntegerPropertyBase.java:228)
	at java.base/java.lang.String.valueOf(String.java:4465)
	at claims/claims.models.Advisor.toString(Advisor.java:64)
	at java.base/java.lang.String.valueOf(String.java:4465)
	at java.base/java.lang.StringBuilder.append(StringBuilder.java:173)
	at javafx.base@21.0.2/javafx.beans.property.IntegerPropertyBase.toString(IntegerPropertyBase.java:228)
	at java.base/java.lang.String.valueOf(String.java:4465)
	at claims/claims.models.Advisor.toString(Advisor.java:64)
	at java.base/java.lang.String.valueOf(String.java:4465)
	at java.base/java.lang.StringBuilder.append(StringBuilder.java:173)
	at javafx.base@21.0.2/javafx.beans.property.IntegerPropertyBase.toString(IntegerPropertyBase.java:228)
	at java.base/java.lang.String.valueOf(String.java:4465)
	at claims/claims.models.Advisor.toString(Advisor.java:64)
	at java.base/java.lang.String.valueOf(String.java:4465)
	at java.base/java.lang.StringBuilder.append(StringBuilder.java:173)
	at javafx.base@21.0.2/javafx.beans.property.IntegerPropertyBase.toString(IntegerPropertyBase.java:228)
	at java.base/java.lang.String.valueOf(String.java:4465)
	at claims/claims.models.Advisor.toString(Advisor.java:64)
	at java.base/java.lang.String.valueOf(String.java:4465)
	at java.base/java.lang.StringBuilder.append(StringBuilder.java:173)
	at javafx.base@21.0.2/javafx.beans.property.IntegerPropertyBase.toString(IntegerPropertyBase.java:228)
	at java.base/java.lang.String.valueOf(String.java:4465)
	at claims/claims.models.Advisor.toString(Advisor.java:64)
	at java.base/java.lang.String.valueOf(String.java:4465)
	at java.base/java.lang.StringBuilder.append(StringBuilder.java:173)
	at javafx.base@21.0.2/javafx.beans.property.IntegerPropertyBase.toString(IntegerPropertyBase.java:228)
	at java.base/java.lang.String.valueOf(String.java:4465)
	at claims/claims.models.Advisor.toString(Advisor.java:64)
	at java.base/java.lang.String.valueOf(String.java:4465)
	at java.base/java.lang.StringBuilder.append(StringBuilder.java:173)
	at javafx.base@21.0.2/javafx.beans.property.IntegerPropertyBase.toString(IntegerPropertyBase.java:228)
	at java.base/java.lang.String.valueOf(String.java:4465)
	at claims/claims.models.Advisor.toString(Advisor.java:64)
	at java.base/java.lang.String.valueOf(String.java:4465)
	at java.base/java.lang.StringBuilder.append(StringBuilder.java:173)
	at javafx.base@21.0.2/javafx.beans.property.IntegerPropertyBase.toString(IntegerPropertyBase.java:228)
	at java.base/java.lang.String.valueOf(String.java:4465)
	at claims/claims.models.Advisor.toString(Advisor.java:64)
	at java.base/java.lang.String.valueOf(String.java:4465)
	at java.base/java.lang.StringBuilder.append(StringBuilder.java:173)
	at javafx.base@21.0.2/javafx.beans.property.IntegerPropertyBase.toString(IntegerPropertyBase.java:228)
	at java.base/java.lang.String.valueOf(String.java:4465)
	at claims/claims.models.Advisor.toString(Advisor.java:64)
	at java.base/java.lang.String.valueOf(String.java:4465)
	at java.base/java.lang.StringBuilder.append(StringBuilder.java:173)
	at javafx.base@21.0.2/javafx.beans.property.IntegerPropertyBase.toString(IntegerPropertyBase.java:228)
	at java.base/java.lang.String.valueOf(String.java:4465)
	at claims/claims.models.Advisor.toString(Advisor.java:64)
	at java.base/java.lang.String.valueOf(String.java:4465)
	at java.base/java.lang.StringBuilder.append(StringBuilder.java:173)
	at javafx.base@21.0.2/javafx.beans.property.IntegerPropertyBase.toString(IntegerPropertyBase.java:228)
	at java.base/java.lang.String.valueOf(String.java:4465)
	at claims/claims.models.Advisor.toString(Advisor.java:64)
	at java.base/java.lang.String.valueOf(String.java:4465)
	at java.base/java.lang.StringBuilder.append(StringBuilder.java:173)
	at javafx.base@21.0.2/javafx.beans.property.IntegerPropertyBase.toString(IntegerPropertyBase.java:228)
	at java.base/java.lang.String.valueOf(String.java:4465)
	at claims/claims.models.Advisor.toString(Advisor.java:64)
	at java.base/java.lang.String.valueOf(String.java:4465)
	at java.base/java.lang.StringBuilder.append(StringBuilder.java:173)
	at javafx.base@21.0.2/javafx.beans.property.IntegerPropertyBase.toString(IntegerPropertyBase.java:228)
	at java.base/java.lang.String.valueOf(String.java:4465)
	at claims/claims.models.Advisor.toString(Advisor.java:64)
	at java.base/java.lang.String.valueOf(String.java:4465)
	at java.base/java.lang.StringBuilder.append(StringBuilder.java:173)
	at javafx.base@21.0.2/javafx.beans.property.IntegerPropertyBase.toString(IntegerPropertyBase.java:228)
	at java.base/java.lang.String.valueOf(String.java:4465)
	at claims/claims.models.Advisor.toString(Advisor.java:64)
	at java.base/java.lang.String.valueOf(String.java:4465)
	at java.base/java.lang.StringBuilder.append(StringBuilder.java:173)
	at javafx.base@21.0.2/javafx.beans.property.IntegerPropertyBase.toString(IntegerPropertyBase.java:228)
	at java.base/java.lang.String.valueOf(String.java:4465)
	at claims/claims.models.Advisor.toString(Advisor.java:64)
	at java.base/java.lang.String.valueOf(String.java:4465)
	at java.base/java.lang.StringBuilder.append(StringBuilder.java:173)
	at javafx.base@21.0.2/javafx.beans.property.IntegerPropertyBase.toString(IntegerPropertyBase.java:228)
	at java.base/java.lang.String.valueOf(String.java:4465)
	at claims/claims.models.Advisor.toString(Advisor.java:64)
	at java.base/java.lang.String.valueOf(String.java:4465)
	at java.base/java.lang.StringBuilder.append(StringBuilder.java:173)
	at javafx.base@21.0.2/javafx.beans.property.IntegerPropertyBase.toString(IntegerPropertyBase.java:228)
	at java.base/java.lang.String.valueOf(String.java:4465)
	at claims/claims.models.Advisor.toString(Advisor.java:64)
	at java.base/java.lang.String.valueOf(String.java:4465)
	at java.base/java.lang.StringBuilder.append(StringBuilder.java:173)
	at javafx.base@21.0.2/javafx.beans.property.IntegerPropertyBase.toString(IntegerPropertyBase.java:228)
	at java.base/java.lang.String.valueOf(String.java:4465)
	at claims/claims.models.Advisor.toString(Advisor.java:64)
	at java.base/java.lang.String.valueOf(String.java:4465)
	at java.base/java.lang.StringBuilder.append(StringBuilder.java:173)
	at javafx.base@21.0.2/javafx.beans.property.IntegerPropertyBase.toString(IntegerPropertyBase.java:228)
	at java.base/java.lang.String.valueOf(String.java:4465)
	at claims/claims.models.Advisor.toString(Advisor.java:64)
	at java.base/java.lang.String.valueOf(String.java:4465)
	at java.base/java.lang.StringBuilder.append(StringBuilder.java:173)
	at javafx.base@21.0.2/javafx.beans.property.IntegerPropertyBase.toString(IntegerPropertyBase.java:228)
	at java.base/java.lang.String.valueOf(String.java:4465)
	at claims/claims.models.Advisor.toString(Advisor.java:64)
	at java.base/java.lang.String.valueOf(String.java:4465)
	at java.base/java.lang.StringBuilder.append(StringBuilder.java:173)
	at javafx.base@21.0.2/javafx.beans.property.IntegerPropertyBase.toString(IntegerPropertyBase.java:228)
	at java.base/java.lang.String.valueOf(String.java:4465)
	at claims/claims.models.Advisor.toString(Advisor.java:64)
	at java.base/java.lang.String.valueOf(String.java:4465)
	at java.base/java.lang.StringBuilder.append(StringBuilder.java:173)
	at javafx.base@21.0.2/javafx.beans.property.IntegerPropertyBase.toString(IntegerPropertyBase.java:228)
	at java.base/java.lang.String.valueOf(String.java:4465)
	at claims/claims.models.Advisor.toString(Advisor.java:64)
	at java.base/java.lang.String.valueOf(String.java:4465)
	at java.base/java.lang.StringBuilder.append(StringBuilder.java:173)
	at javafx.base@21.0.2/javafx.beans.property.IntegerPropertyBase.toString(IntegerPropertyBase.java:228)
	at java.base/java.lang.String.valueOf(String.java:4465)
	at claims/claims.models.Advisor.toString(Advisor.java:64)
	at java.base/java.lang.String.valueOf(String.java:4465)
	at java.base/java.lang.StringBuilder.append(StringBuilder.java:173)
	at javafx.base@21.0.2/javafx.beans.property.IntegerPropertyBase.toString(IntegerPropertyBase.java:228)
	at java.base/java.lang.String.valueOf(String.java:4465)
	at claims/claims.models.Advisor.toString(Advisor.java:64)
	at java.base/java.lang.String.valueOf(String.java:4465)
	at java.base/java.lang.StringBuilder.append(StringBuilder.java:173)
	at javafx.base@21.0.2/javafx.beans.property.IntegerPropertyBase.toString(IntegerPropertyBase.java:228)
	at java.base/java.lang.String.valueOf(String.java:4465)
	at claims/claims.models.Advisor.toString(Advisor.java:64)
	at java.base/java.lang.String.valueOf(String.java:4465)
	at java.base/java.lang.StringBuilder.append(StringBuilder.java:173)
	at javafx.base@21.0.2/javafx.beans.property.IntegerPropertyBase.toString(IntegerPropertyBase.java:228)
	at java.base/java.lang.String.valueOf(String.java:4465)
	at claims/claims.models.Advisor.toString(Advisor.java:64)
	at java.base/java.lang.String.valueOf(String.java:4465)
	at java.base/java.lang.StringBuilder.append(StringBuilder.java:173)
	at javafx.base@21.0.2/javafx.beans.property.IntegerPropertyBase.toString(IntegerPropertyBase.java:228)
	at java.base/java.lang.String.valueOf(String.java:4465)
	at claims/claims.models.Advisor.toString(Advisor.java:64)
	at java.base/java.lang.String.valueOf(String.java:4465)
	at java.base/java.lang.StringBuilder.append(StringBuilder.java:173)
	at javafx.base@21.0.2/javafx.beans.property.IntegerPropertyBase.toString(IntegerPropertyBase.java:228)
	at java.base/java.lang.String.valueOf(String.java:4465)
	at claims/claims.models.Advisor.toString(Advisor.java:64)
	at java.base/java.lang.String.valueOf(String.java:4465)
	at java.base/java.lang.StringBuilder.append(StringBuilder.java:173)
	at javafx.base@21.0.2/javafx.beans.property.IntegerPropertyBase.toString(IntegerPropertyBase.java:228)
	at java.base/java.lang.String.valueOf(String.java:4465)
	at claims/claims.models.Advisor.toString(Advisor.java:64)
	at java.base/java.lang.String.valueOf(String.java:4465)
	at java.base/java.lang.StringBuilder.append(StringBuilder.java:173)
	at javafx.base@21.0.2/javafx.beans.property.IntegerPropertyBase.toString(IntegerPropertyBase.java:228)
	at java.base/java.lang.String.valueOf(String.java:4465)
	at claims/claims.models.Advisor.toString(Advisor.java:64)
	at java.base/java.lang.String.valueOf(String.java:4465)
	at java.base/java.lang.StringBuilder.append(StringBuilder.java:173)
	at javafx.base@21.0.2/javafx.beans.property.IntegerPropertyBase.toString(IntegerPropertyBase.java:228)
	at java.base/java.lang.String.valueOf(String.java:4465)
	at claims/claims.models.Advisor.toString(Advisor.java:64)
	at java.base/java.lang.String.valueOf(String.java:4465)
	at java.base/java.lang.StringBuilder.append(StringBuilder.java:173)
	at javafx.base@21.0.2/javafx.beans.property.IntegerPropertyBase.toString(IntegerPropertyBase.java:228)
	at java.base/java.lang.String.valueOf(String.java:4465)
	at claims/claims.models.Advisor.toString(Advisor.java:64)
	at java.base/java.lang.String.valueOf(String.java:4465)
	at java.base/java.lang.StringBuilder.append(StringBuilder.java:173)
	at javafx.base@21.0.2/javafx.beans.property.IntegerPropertyBase.toString(IntegerPropertyBase.java:228)
	at java.base/java.lang.String.valueOf(String.java:4465)
	at claims/claims.models.Advisor.toString(Advisor.java:64)
	at java.base/java.lang.String.valueOf(String.java:4465)
	at java.base/java.lang.StringBuilder.append(StringBuilder.java:173)
	at javafx.base@21.0.2/javafx.beans.property.IntegerPropertyBase.toString(IntegerPropertyBase.java:228)
	at java.base/java.lang.String.valueOf(String.java:4465)
	at claims/claims.models.Advisor.toString(Advisor.java:64)
	at java.base/java.lang.String.valueOf(String.java:4465)
	at java.base/java.lang.StringBuilder.append(StringBuilder.java:173)
	at javafx.base@21.0.2/javafx.beans.property.IntegerPropertyBase.toString(IntegerPropertyBase.java:228)
	at java.base/java.lang.String.valueOf(String.java:4465)
	at claims/claims.models.Advisor.toString(Advisor.java:64)
	at java.base/java.lang.String.valueOf(String.java:4465)
	at java.base/java.lang.StringBuilder.append(StringBuilder.java:173)
	at javafx.base@21.0.2/javafx.beans.property.IntegerPropertyBase.toString(IntegerPropertyBase.java:228)
	at java.base/java.lang.String.valueOf(String.java:4465)
	at claims/claims.models.Advisor.toString(Advisor.java:64)
	at java.base/java.lang.String.valueOf(String.java:4465)
	at java.base/java.lang.StringBuilder.append(StringBuilder.java:173)
	at javafx.base@21.0.2/javafx.beans.property.IntegerPropertyBase.toString(IntegerPropertyBase.java:228)
	at java.base/java.lang.String.valueOf(String.java:4465)
	at claims/claims.models.Advisor.toString(Advisor.java:64)
	at java.base/java.lang.String.valueOf(String.java:4465)
	at java.base/java.lang.StringBuilder.append(StringBuilder.java:173)
	at javafx.base@21.0.2/javafx.beans.property.IntegerPropertyBase.toString(IntegerPropertyBase.java:228)
	at java.base/java.lang.String.valueOf(String.java:4465)
	at claims/claims.models.Advisor.toString(Advisor.java:64)
	at java.base/java.lang.String.valueOf(String.java:4465)
	at java.base/java.lang.StringBuilder.append(StringBuilder.java:173)
	at javafx.base@21.0.2/javafx.beans.property.IntegerPropertyBase.toString(IntegerPropertyBase.java:228)
	at java.base/java.lang.String.valueOf(String.java:4465)
	at claims/claims.models.Advisor.toString(Advisor.java:64)
	at java.base/java.lang.String.valueOf(String.java:4465)
	at java.base/java.lang.StringBuilder.append(StringBuilder.java:173)
	at javafx.base@21.0.2/javafx.beans.property.IntegerPropertyBase.toString(IntegerPropertyBase.java:228)
	at java.base/java.lang.String.valueOf(String.java:4465)
	at claims/claims.models.Advisor.toString(Advisor.java:64)
	at java.base/java.lang.String.valueOf(String.java:4465)
	at java.base/java.lang.StringBuilder.append(StringBuilder.java:173)
	at javafx.base@21.0.2/javafx.beans.property.IntegerPropertyBase.toString(IntegerPropertyBase.java:228)
	at java.base/java.lang.String.valueOf(String.java:4465)
	at claims/claims.models.Advisor.toString(Advisor.java:64)
	at java.base/java.lang.String.valueOf(String.java:4465)
	at java.base/java.lang.StringBuilder.append(StringBuilder.java:173)
	at javafx.base@21.0.2/javafx.beans.property.IntegerPropertyBase.toString(IntegerPropertyBase.java:228)
	at java.base/java.lang.String.valueOf(String.java:4465)
	at claims/claims.models.Advisor.toString(Advisor.java:64)
	at java.base/java.lang.String.valueOf(String.java:4465)
	at java.base/java.lang.StringBuilder.append(StringBuilder.java:173)
	at javafx.base@21.0.2/javafx.beans.property.IntegerPropertyBase.toString(IntegerPropertyBase.java:228)
	at java.base/java.lang.String.valueOf(String.java:4465)
	at claims/claims.models.Advisor.toString(Advisor.java:64)
	at java.base/java.lang.String.valueOf(String.java:4465)
	at java.base/java.lang.StringBuilder.append(StringBuilder.java:173)
	at javafx.base@21.0.2/javafx.beans.property.IntegerPropertyBase.toString(IntegerPropertyBase.java:228)
	at java.base/java.lang.String.valueOf(String.java:4465)
	at claims/claims.models.Advisor.toString(Advisor.java:64)
	at java.base/java.lang.String.valueOf(String.java:4465)
	at java.base/java.lang.StringBuilder.append(StringBuilder.java:173)
	at javafx.base@21.0.2/javafx.beans.property.IntegerPropertyBase.toString(IntegerPropertyBase.java:228)
	at java.base/java.lang.String.valueOf(String.java:4465)
	at claims/claims.models.Advisor.toString(Advisor.java:64)
	at java.base/java.lang.String.valueOf(String.java:4465)
	at java.base/java.lang.StringBuilder.append(StringBuilder.java:173)
	at javafx.base@21.0.2/javafx.beans.property.IntegerPropertyBase.toString(IntegerPropertyBase.java:228)
	at java.base/java.lang.String.valueOf(String.java:4465)
	at claims/claims.models.Advisor.toString(Advisor.java:64)
	at java.base/java.lang.String.valueOf(String.java:4465)
	at java.base/java.lang.StringBuilder.append(StringBuilder.java:173)
	at javafx.base@21.0.2/javafx.beans.property.IntegerPropertyBase.toString(IntegerPropertyBase.java:228)
	at java.base/java.lang.String.valueOf(String.java:4465)
	at claims/claims.models.Advisor.toString(Advisor.java:64)
	at java.base/java.lang.String.valueOf(String.java:4465)
	at java.base/java.lang.StringBuilder.append(StringBuilder.java:173)
	at javafx.base@21.0.2/javafx.beans.property.IntegerPropertyBase.toString(IntegerPropertyBase.java:228)
	at java.base/java.lang.String.valueOf(String.java:4465)
	at claims/claims.models.Advisor.toString(Advisor.java:64)
	at java.base/java.lang.String.valueOf(String.java:4465)
	at java.base/java.lang.StringBuilder.append(StringBuilder.java:173)
	at javafx.base@21.0.2/javafx.beans.property.IntegerPropertyBase.toString(IntegerPropertyBase.java:228)
	at java.base/java.lang.String.valueOf(String.java:4465)
	at claims/claims.models.Advisor.toString(Advisor.java:64)
	at java.base/java.lang.String.valueOf(String.java:4465)
	at java.base/java.lang.StringBuilder.append(StringBuilder.java:173)
	at javafx.base@21.0.2/javafx.beans.property.IntegerPropertyBase.toString(IntegerPropertyBase.java:228)
	at java.base/java.lang.String.valueOf(String.java:4465)
	at claims/claims.models.Advisor.toString(Advisor.java:64)
	at java.base/java.lang.String.valueOf(String.java:4465)
	at java.base/java.lang.StringBuilder.append(StringBuilder.java:173)
	at javafx.base@21.0.2/javafx.beans.property.IntegerPropertyBase.toString(IntegerPropertyBase.java:228)
	at java.base/java.lang.String.valueOf(String.java:4465)
	at claims/claims.models.Advisor.toString(Advisor.java:64)
	at java.base/java.lang.String.valueOf(String.java:4465)
	at java.base/java.lang.StringBuilder.append(StringBuilder.java:173)
	at javafx.base@21.0.2/javafx.beans.property.IntegerPropertyBase.toString(IntegerPropertyBase.java:228)
	at java.base/java.lang.String.valueOf(String.java:4465)
	at claims/claims.models.Advisor.toString(Advisor.java:64)
	at java.base/java.lang.String.valueOf(String.java:4465)
	at java.base/java.lang.StringBuilder.append(StringBuilder.java:173)
	at javafx.base@21.0.2/javafx.beans.property.IntegerPropertyBase.toString(IntegerPropertyBase.java:228)
	at java.base/java.lang.String.valueOf(String.java:4465)
	at claims/claims.models.Advisor.toString(Advisor.java:64)
	at java.base/java.lang.String.valueOf(String.java:4465)
	at java.base/java.lang.StringBuilder.append(StringBuilder.java:173)
	at javafx.base@21.0.2/javafx.beans.property.IntegerPropertyBase.toString(IntegerPropertyBase.java:228)
	at java.base/java.lang.String.valueOf(String.java:4465)
	at claims/claims.models.Advisor.toString(Advisor.java:64)
	at java.base/java.lang.String.valueOf(String.java:4465)
	at java.base/java.lang.StringBuilder.append(StringBuilder.java:173)
	at javafx.base@21.0.2/javafx.beans.property.IntegerPropertyBase.toString(IntegerPropertyBase.java:228)
	at java.base/java.lang.String.valueOf(String.java:4465)
	at claims/claims.models.Advisor.toString(Advisor.java:64)
	at java.base/java.lang.String.valueOf(String.java:4465)
	at java.base/java.lang.StringBuilder.append(StringBuilder.java:173)
	at javafx.base@21.0.2/javafx.beans.property.IntegerPropertyBase.toString(IntegerPropertyBase.java:228)
	at java.base/java.lang.String.valueOf(String.java:4465)
	at claims/claims.models.Advisor.toString(Advisor.java:64)
	at java.base/java.lang.String.valueOf(String.java:4465)
	at java.base/java.lang.StringBuilder.append(StringBuilder.java:173)
	at javafx.base@21.0.2/javafx.beans.property.IntegerPropertyBase.toString(IntegerPropertyBase.java:228)
	at java.base/java.lang.String.valueOf(String.java:4465)
	at claims/claims.models.Advisor.toString(Advisor.java:64)
	at java.base/java.lang.String.valueOf(String.java:4465)
	at java.base/java.lang.StringBuilder.append(StringBuilder.java:173)
	at javafx.base@21.0.2/javafx.beans.property.IntegerPropertyBase.toString(IntegerPropertyBase.java:228)
	at java.base/java.lang.String.valueOf(String.java:4465)
	at claims/claims.models.Advisor.toString(Advisor.java:64)
	at java.base/java.lang.String.valueOf(String.java:4465)
	at java.base/java.lang.StringBuilder.append(StringBuilder.java:173)
	at javafx.base@21.0.2/javafx.beans.property.IntegerPropertyBase.toString(IntegerPropertyBase.java:228)
	at java.base/java.lang.String.valueOf(String.java:4465)
	at claims/claims.models.Advisor.toString(Advisor.java:64)
	at java.base/java.lang.String.valueOf(String.java:4465)
	at java.base/java.lang.StringBuilder.append(StringBuilder.java:173)
	at javafx.base@21.0.2/javafx.beans.property.IntegerPropertyBase.toString(IntegerPropertyBase.java:228)
	at java.base/java.lang.String.valueOf(String.java:4465)
	at claims/claims.models.Advisor.toString(Advisor.java:64)
	at java.base/java.lang.String.valueOf(String.java:4465)
	at java.base/java.lang.StringBuilder.append(StringBuilder.java:173)
	at javafx.base@21.0.2/javafx.beans.property.IntegerPropertyBase.toString(IntegerPropertyBase.java:228)
	at java.base/java.lang.String.valueOf(String.java:4465)
	at claims/claims.models.Advisor.toString(Advisor.java:64)
	at java.base/java.lang.String.valueOf(String.java:4465)
	at java.base/java.lang.StringBuilder.append(StringBuilder.java:173)
	at javafx.base@21.0.2/javafx.beans.property.IntegerPropertyBase.toString(IntegerPropertyBase.java:228)
	at java.base/java.lang.String.valueOf(String.java:4465)
	at claims/claims.models.Advisor.toString(Advisor.java:64)
	at java.base/java.lang.String.valueOf(String.java:4465)
	at java.base/java.lang.StringBuilder.append(StringBuilder.java:173)
	at javafx.base@21.0.2/javafx.beans.property.IntegerPropertyBase.toString(IntegerPropertyBase.java:228)
	at java.base/java.lang.String.valueOf(String.java:4465)
	at claims/claims.models.Advisor.toString(Advisor.java:64)
	at java.base/java.lang.String.valueOf(String.java:4465)
	at java.base/java.lang.StringBuilder.append(StringBuilder.java:173)
	at javafx.base@21.0.2/javafx.beans.property.IntegerPropertyBase.toString(IntegerPropertyBase.java:228)
	at java.base/java.lang.String.valueOf(String.java:4465)
	at claims/claims.models.Advisor.toString(Advisor.java:64)
	at java.base/java.lang.String.valueOf(String.java:4465)
	at java.base/java.lang.StringBuilder.append(StringBuilder.java:173)
	at javafx.base@21.0.2/javafx.beans.property.IntegerPropertyBase.toString(IntegerPropertyBase.java:228)
	at java.base/java.lang.String.valueOf(String.java:4465)
	at claims/claims.models.Advisor.toString(Advisor.java:64)
	at java.base/java.lang.String.valueOf(String.java:4465)
	at java.base/java.lang.StringBuilder.append(StringBuilder.java:173)
	at javafx.base@21.0.2/javafx.beans.property.IntegerPropertyBase.toString(IntegerPropertyBase.java:228)
	at java.base/java.lang.String.valueOf(String.java:4465)
	at claims/claims.models.Advisor.toString(Advisor.java:64)
	at java.base/java.lang.String.valueOf(String.java:4465)
	at java.base/java.lang.StringBuilder.append(StringBuilder.java:173)
	at javafx.base@21.0.2/javafx.beans.property.IntegerPropertyBase.toString(IntegerPropertyBase.java:228)
	at java.base/java.lang.String.valueOf(String.java:4465)
	at claims/claims.models.Advisor.toString(Advisor.java:64)
	at java.base/java.lang.String.valueOf(String.java:4465)
	at java.base/java.lang.StringBuilder.append(StringBuilder.java:173)
	at javafx.base@21.0.2/javafx.beans.property.IntegerPropertyBase.toString(IntegerPropertyBase.java:228)
	at java.base/java.lang.String.valueOf(String.java:4465)
	at claims/claims.models.Advisor.toString(Advisor.java:64)
	at java.base/java.lang.String.valueOf(String.java:4465)
	at java.base/java.lang.StringBuilder.append(StringBuilder.java:173)
	at javafx.base@21.0.2/javafx.beans.property.IntegerPropertyBase.toString(IntegerPropertyBase.java:228)
	at java.base/java.lang.String.valueOf(String.java:4465)
	at claims/claims.models.Advisor.toString(Advisor.java:64)
	at java.base/java.lang.String.valueOf(String.java:4465)
	at java.base/java.lang.StringBuilder.append(StringBuilder.java:173)
	at javafx.base@21.0.2/javafx.beans.property.IntegerPropertyBase.toString(IntegerPropertyBase.java:228)
	at java.base/java.lang.String.valueOf(String.java:4465)
	at claims/claims.models.Advisor.toString(Advisor.java:64)
	at java.base/java.lang.String.valueOf(String.java:4465)
	at java.base/java.lang.StringBuilder.append(StringBuilder.java:173)
	at javafx.base@21.0.2/javafx.beans.property.IntegerPropertyBase.toString(IntegerPropertyBase.java:228)
	at java.base/java.lang.String.valueOf(String.java:4465)
	at claims/claims.models.Advisor.toString(Advisor.java:64)
	at java.base/java.lang.String.valueOf(String.java:4465)
	at java.base/java.lang.StringBuilder.append(StringBuilder.java:173)
	at javafx.base@21.0.2/javafx.beans.property.IntegerPropertyBase.toString(IntegerPropertyBase.java:228)
	at java.base/java.lang.String.valueOf(String.java:4465)
	at claims/claims.models.Advisor.toString(Advisor.java:64)
	at java.base/java.lang.String.valueOf(String.java:4465)
	at java.base/java.lang.StringBuilder.append(StringBuilder.java:173)
	at javafx.base@21.0.2/javafx.beans.property.IntegerPropertyBase.toString(IntegerPropertyBase.java:228)
	at java.base/java.lang.String.valueOf(String.java:4465)
	at claims/claims.models.Advisor.toString(Advisor.java:64)
	at java.base/java.lang.String.valueOf(String.java:4465)
	at java.base/java.lang.StringBuilder.append(StringBuilder.java:173)
	at javafx.base@21.0.2/javafx.beans.property.IntegerPropertyBase.toString(IntegerPropertyBase.java:228)
	at java.base/java.lang.String.valueOf(String.java:4465)
	at claims/claims.models.Advisor.toString(Advisor.java:64)
	at java.base/java.lang.String.valueOf(String.java:4465)
	at java.base/java.lang.StringBuilder.append(StringBuilder.java:173)
	at javafx.base@21.0.2/javafx.beans.property.IntegerPropertyBase.toString(IntegerPropertyBase.java:228)
	at java.base/java.lang.String.valueOf(String.java:4465)
	at claims/claims.models.Advisor.toString(Advisor.java:64)
	at java.base/java.lang.String.valueOf(String.java:4465)
	at java.base/java.lang.StringBuilder.append(StringBuilder.java:173)
	at javafx.base@21.0.2/javafx.beans.property.IntegerPropertyBase.toString(IntegerPropertyBase.java:228)
	at java.base/java.lang.String.valueOf(String.java:4465)
	at claims/claims.models.Advisor.toString(Advisor.java:64)
	at java.base/java.lang.String.valueOf(String.java:4465)
	at java.base/java.lang.StringBuilder.append(StringBuilder.java:173)
	at javafx.base@21.0.2/javafx.beans.property.IntegerPropertyBase.toString(IntegerPropertyBase.java:228)
	at java.base/java.lang.String.valueOf(String.java:4465)
	at claims/claims.models.Advisor.toString(Advisor.java:64)
	at java.base/java.lang.String.valueOf(String.java:4465)
	at java.base/java.lang.StringBuilder.append(StringBuilder.java:173)
	at javafx.base@21.0.2/javafx.beans.property.IntegerPropertyBase.toString(IntegerPropertyBase.java:228)
	at java.base/java.lang.String.valueOf(String.java:4465)
	at claims/claims.models.Advisor.toString(Advisor.java:64)
	at java.base/java.lang.String.valueOf(String.java:4465)
	at java.base/java.lang.StringBuilder.append(StringBuilder.java:173)
	at javafx.base@21.0.2/javafx.beans.property.IntegerPropertyBase.toString(IntegerPropertyBase.java:228)
	at java.base/java.lang.String.valueOf(String.java:4465)
	at claims/claims.models.Advisor.toString(Advisor.java:64)
	at java.base/java.lang.String.valueOf(String.java:4465)
	at java.base/java.lang.StringBuilder.append(StringBuilder.java:173)
	at javafx.base@21.0.2/javafx.beans.property.IntegerPropertyBase.toString(IntegerPropertyBase.java:228)
	at java.base/java.lang.String.valueOf(String.java:4465)
	at claims/claims.models.Advisor.toString(Advisor.java:64)
	at java.base/java.lang.String.valueOf(String.java:4465)
	at java.base/java.lang.StringBuilder.append(StringBuilder.java:173)
	at javafx.base@21.0.2/javafx.beans.property.IntegerPropertyBase.toString(IntegerPropertyBase.java:228)
	at java.base/java.lang.String.valueOf(String.java:4465)
	at claims/claims.models.Advisor.toString(Advisor.java:64)
	at java.base/java.lang.String.valueOf(String.java:4465)
	at java.base/java.lang.StringBuilder.append(StringBuilder.java:173)
	at javafx.base@21.0.2/javafx.beans.property.IntegerPropertyBase.toString(IntegerPropertyBase.java:228)
	at java.base/java.lang.String.valueOf(String.java:4465)
	at claims/claims.models.Advisor.toString(Advisor.java:64)
	at java.base/java.lang.String.valueOf(String.java:4465)
	at java.base/java.lang.StringBuilder.append(StringBuilder.java:173)
	at javafx.base@21.0.2/javafx.beans.property.IntegerPropertyBase.toString(IntegerPropertyBase.java:228)
	at java.base/java.lang.String.valueOf(String.java:4465)
	at claims/claims.models.Advisor.toString(Advisor.java:64)
	at java.base/java.lang.String.valueOf(String.java:4465)
	at java.base/java.lang.StringBuilder.append(StringBuilder.java:173)
	at javafx.base@21.0.2/javafx.beans.property.IntegerPropertyBase.toString(IntegerPropertyBase.java:228)
	at java.base/java.lang.String.valueOf(String.java:4465)
	at claims/claims.models.Advisor.toString(Advisor.java:64)
	at java.base/java.lang.String.valueOf(String.java:4465)
	at java.base/java.lang.StringBuilder.append(StringBuilder.java:173)
	at javafx.base@21.0.2/javafx.beans.property.IntegerPropertyBase.toString(IntegerPropertyBase.java:228)
	at java.base/java.lang.String.valueOf(String.java:4465)
	at claims/claims.models.Advisor.toString(Advisor.java:64)
	at java.base/java.lang.String.valueOf(String.java:4465)
	at java.base/java.lang.StringBuilder.append(StringBuilder.java:173)
	at javafx.base@21.0.2/javafx.beans.property.IntegerPropertyBase.toString(IntegerPropertyBase.java:228)
	at java.base/java.lang.String.valueOf(String.java:4465)
	at claims/claims.models.Advisor.toString(Advisor.java:64)
	at java.base/java.lang.String.valueOf(String.java:4465)
	at java.base/java.lang.StringBuilder.append(StringBuilder.java:173)
	at javafx.base@21.0.2/javafx.beans.property.IntegerPropertyBase.toString(IntegerPropertyBase.java:228)
	at java.base/java.lang.String.valueOf(String.java:4465)
	at claims/claims.models.Advisor.toString(Advisor.java:64)
	at java.base/java.lang.String.valueOf(String.java:4465)
	at java.base/java.lang.StringBuilder.append(StringBuilder.java:173)
	at javafx.base@21.0.2/javafx.beans.property.IntegerPropertyBase.toString(IntegerPropertyBase.java:228)
	at java.base/java.lang.String.valueOf(String.java:4465)
	at claims/claims.models.Advisor.toString(Advisor.java:64)
	at java.base/java.lang.String.valueOf(String.java:4465)
	at java.base/java.lang.StringBuilder.append(StringBuilder.java:173)
	at javafx.base@21.0.2/javafx.beans.property.IntegerPropertyBase.toString(IntegerPropertyBase.java:228)
	at java.base/java.lang.String.valueOf(String.java:4465)
	at claims/claims.models.Advisor.toString(Advisor.java:64)
	at java.base/java.lang.String.valueOf(String.java:4465)
	at java.base/java.lang.StringBuilder.append(StringBuilder.java:173)
	at javafx.base@21.0.2/javafx.beans.property.IntegerPropertyBase.toString(IntegerPropertyBase.java:228)
	at java.base/java.lang.String.valueOf(String.java:4465)
	at claims/claims.models.Advisor.toString(Advisor.java:64)
	at java.base/java.lang.String.valueOf(String.java:4465)
	at java.base/java.lang.StringBuilder.append(StringBuilder.java:173)
	at javafx.base@21.0.2/javafx.beans.property.IntegerPropertyBase.toString(IntegerPropertyBase.java:228)
	at java.base/java.lang.String.valueOf(String.java:4465)
	at claims/claims.models.Advisor.toString(Advisor.java:64)
	at java.base/java.lang.String.valueOf(String.java:4465)
	at java.base/java.lang.StringBuilder.append(StringBuilder.java:173)
	at javafx.base@21.0.2/javafx.beans.property.IntegerPropertyBase.toString(IntegerPropertyBase.java:228)
	at java.base/java.lang.String.valueOf(String.java:4465)
	at claims/claims.models.Advisor.toString(Advisor.java:64)
	at java.base/java.lang.String.valueOf(String.java:4465)
	at java.base/java.lang.StringBuilder.append(StringBuilder.java:173)
	at javafx.base@21.0.2/javafx.beans.property.IntegerPropertyBase.toString(IntegerPropertyBase.java:228)
	at java.base/java.lang.String.valueOf(String.java:4465)
	at claims/claims.models.Advisor.toString(Advisor.java:64)
	at java.base/java.lang.String.valueOf(String.java:4465)
	at java.base/java.lang.StringBuilder.append(StringBuilder.java:173)
	at javafx.base@21.0.2/javafx.beans.property.IntegerPropertyBase.toString(IntegerPropertyBase.java:228)
	at java.base/java.lang.String.valueOf(String.java:4465)
	at claims/claims.models.Advisor.toString(Advisor.java:64)
	at java.base/java.lang.String.valueOf(String.java:4465)
	at java.base/java.lang.StringBuilder.append(StringBuilder.java:173)
	at javafx.base@21.0.2/javafx.beans.property.IntegerPropertyBase.toString(IntegerPropertyBase.java:228)
	at java.base/java.lang.String.valueOf(String.java:4465)
	at claims/claims.models.Advisor.toString(Advisor.java:64)
	at java.base/java.lang.String.valueOf(String.java:4465)
	at java.base/java.lang.StringBuilder.append(StringBuilder.java:173)
	at javafx.base@21.0.2/javafx.beans.property.IntegerPropertyBase.toString(IntegerPropertyBase.java:228)
	at java.base/java.lang.String.valueOf(String.java:4465)
	at claims/claims.models.Advisor.toString(Advisor.java:64)
	at java.base/java.lang.String.valueOf(String.java:4465)
	at java.base/java.lang.StringBuilder.append(StringBuilder.java:173)
	at javafx.base@21.0.2/javafx.beans.property.IntegerPropertyBase.toString(IntegerPropertyBase.java:228)
	at java.base/java.lang.String.valueOf(String.java:4465)
	at claims/claims.models.Advisor.toString(Advisor.java:64)
	at java.base/java.lang.String.valueOf(String.java:4465)
	at java.base/java.lang.StringBuilder.append(StringBuilder.java:173)
	at javafx.base@21.0.2/javafx.beans.property.IntegerPropertyBase.toString(IntegerPropertyBase.java:228)
	at java.base/java.lang.String.valueOf(String.java:4465)
	at claims/claims.models.Advisor.toString(Advisor.java:64)
	at java.base/java.lang.String.valueOf(String.java:4465)
	at java.base/java.lang.StringBuilder.append(StringBuilder.java:173)
	at javafx.base@21.0.2/javafx.beans.property.IntegerPropertyBase.toString(IntegerPropertyBase.java:228)
	at java.base/java.lang.String.valueOf(String.java:4465)
	at claims/claims.models.Advisor.toString(Advisor.java:64)
	at java.base/java.lang.String.valueOf(String.java:4465)
	at java.base/java.lang.StringBuilder.append(StringBuilder.java:173)
	at javafx.base@21.0.2/javafx.beans.property.IntegerPropertyBase.toString(IntegerPropertyBase.java:228)
	at java.base/java.lang.String.valueOf(String.java:4465)
	at claims/claims.models.Advisor.toString(Advisor.java:64)
	at java.base/java.lang.String.valueOf(String.java:4465)
	at java.base/java.lang.StringBuilder.append(StringBuilder.java:173)
	at javafx.base@21.0.2/javafx.beans.property.IntegerPropertyBase.toString(IntegerPropertyBase.java:228)
	at java.base/java.lang.String.valueOf(String.java:4465)
	at claims/claims.models.Advisor.toString(Advisor.java:64)
	at java.base/java.lang.String.valueOf(String.java:4465)
	at java.base/java.lang.StringBuilder.append(StringBuilder.java:173)
	at javafx.base@21.0.2/javafx.beans.property.IntegerPropertyBase.toString(IntegerPropertyBase.java:228)
	at java.base/java.lang.String.valueOf(String.java:4465)
	at claims/claims.models.Advisor.toString(Advisor.java:64)
	at java.base/java.lang.String.valueOf(String.java:4465)
	at java.base/java.lang.StringBuilder.append(StringBuilder.java:173)
	at javafx.base@21.0.2/javafx.beans.property.IntegerPropertyBase.toString(IntegerPropertyBase.java:228)
	at java.base/java.lang.String.valueOf(String.java:4465)
	at claims/claims.models.Advisor.toString(Advisor.java:64)
	at java.base/java.lang.String.valueOf(String.java:4465)
	at java.base/java.lang.StringBuilder.append(StringBuilder.java:173)
	at javafx.base@21.0.2/javafx.beans.property.IntegerPropertyBase.toString(IntegerPropertyBase.java:228)
	at java.base/java.lang.String.valueOf(String.java:4465)
	at claims/claims.models.Advisor.toString(Advisor.java:64)
	at java.base/java.lang.String.valueOf(String.java:4465)
	at java.base/java.lang.StringBuilder.append(StringBuilder.java:173)
	at javafx.base@21.0.2/javafx.beans.property.IntegerPropertyBase.toString(IntegerPropertyBase.java:228)
	at java.base/java.lang.String.valueOf(String.java:4465)
	at claims/claims.models.Advisor.toString(Advisor.java:64)
	at java.base/java.lang.String.valueOf(String.java:4465)
	at java.base/java.lang.StringBuilder.append(StringBuilder.java:173)
	at javafx.base@21.0.2/javafx.beans.property.IntegerPropertyBase.toString(IntegerPropertyBase.java:228)
	at java.base/java.lang.String.valueOf(String.java:4465)
	at claims/claims.models.Advisor.toString(Advisor.java:64)
	at java.base/java.lang.String.valueOf(String.java:4465)
	at java.base/java.lang.StringBuilder.append(StringBuilder.java:173)
	at javafx.base@21.0.2/javafx.beans.property.IntegerPropertyBase.toString(IntegerPropertyBase.java:228)
	at java.base/java.lang.String.valueOf(String.java:4465)
	at claims/claims.models.Advisor.toString(Advisor.java:64)
	at java.base/java.lang.String.valueOf(String.java:4465)
	at java.base/java.lang.StringBuilder.append(StringBuilder.java:173)
	at javafx.base@21.0.2/javafx.beans.property.IntegerPropertyBase.toString(IntegerPropertyBase.java:228)
	at java.base/java.lang.String.valueOf(String.java:4465)
	at claims/claims.models.Advisor.toString(Advisor.java:64)
	at java.base/java.lang.String.valueOf(String.java:4465)
	at java.base/java.lang.StringBuilder.append(StringBuilder.java:173)
	at javafx.base@21.0.2/javafx.beans.property.IntegerPropertyBase.toString(IntegerPropertyBase.java:228)
	at java.base/java.lang.String.valueOf(String.java:4465)
	at claims/claims.models.Advisor.toString(Advisor.java:64)
	at java.base/java.lang.String.valueOf(String.java:4465)
	at java.base/java.lang.StringBuilder.append(StringBuilder.java:173)
	at javafx.base@21.0.2/javafx.beans.property.IntegerPropertyBase.toString(IntegerPropertyBase.java:228)
	at java.base/java.lang.String.valueOf(String.java:4465)
	at claims/claims.models.Advisor.toString(Advisor.java:64)
	at java.base/java.lang.String.valueOf(String.java:4465)
	at java.base/java.lang.StringBuilder.append(StringBuilder.java:173)
	at javafx.base@21.0.2/javafx.beans.property.IntegerPropertyBase.toString(IntegerPropertyBase.java:228)
	at java.base/java.lang.String.valueOf(String.java:4465)
	at claims/claims.models.Advisor.toString(Advisor.java:64)
	at java.base/java.lang.String.valueOf(String.java:4465)
	at java.base/java.lang.StringBuilder.append(StringBuilder.java:173)
	at javafx.base@21.0.2/javafx.beans.property.IntegerPropertyBase.toString(IntegerPropertyBase.java:228)
	at java.base/java.lang.String.valueOf(String.java:4465)
	at claims/claims.models.Advisor.toString(Advisor.java:64)
	at java.base/java.lang.String.valueOf(String.java:4465)
	at java.base/java.lang.StringBuilder.append(StringBuilder.java:173)
	at javafx.base@21.0.2/javafx.beans.property.IntegerPropertyBase.toString(IntegerPropertyBase.java:228)
	at java.base/java.lang.String.valueOf(String.java:4465)
	at claims/claims.models.Advisor.toString(Advisor.java:64)
	at java.base/java.lang.String.valueOf(String.java:4465)
	at java.base/java.lang.StringBuilder.append(StringBuilder.java:173)
	at javafx.base@21.0.2/javafx.beans.property.IntegerPropertyBase.toString(IntegerPropertyBase.java:228)
	at java.base/java.lang.String.valueOf(String.java:4465)
	at claims/claims.models.Advisor.toString(Advisor.java:64)
	at java.base/java.lang.String.valueOf(String.java:4465)
	at java.base/java.lang.StringBuilder.append(StringBuilder.java:173)
	at javafx.base@21.0.2/javafx.beans.property.IntegerPropertyBase.toString(IntegerPropertyBase.java:228)
	at java.base/java.lang.String.valueOf(String.java:4465)
	at claims/claims.models.Advisor.toString(Advisor.java:64)
	at java.base/java.lang.String.valueOf(String.java:4465)
	at java.base/java.lang.StringBuilder.append(StringBuilder.java:173)
	at javafx.base@21.0.2/javafx.beans.property.IntegerPropertyBase.toString(IntegerPropertyBase.java:228)
	at java.base/java.lang.String.valueOf(String.java:4465)
	at claims/claims.models.Advisor.toString(Advisor.java:64)
	at java.base/java.lang.String.valueOf(String.java:4465)
	at java.base/java.lang.StringBuilder.append(StringBuilder.java:173)
	at javafx.base@21.0.2/javafx.beans.property.IntegerPropertyBase.toString(IntegerPropertyBase.java:228)
	at java.base/java.lang.String.valueOf(String.java:4465)
	at claims/claims.models.Advisor.toString(Advisor.java:64)
	at java.base/java.lang.String.valueOf(String.java:4465)
	at java.base/java.lang.StringBuilder.append(StringBuilder.java:173)
	at javafx.base@21.0.2/javafx.beans.property.IntegerPropertyBase.toString(IntegerPropertyBase.java:228)
	at java.base/java.lang.String.valueOf(String.java:4465)
	at claims/claims.models.Advisor.toString(Advisor.java:64)
	at java.base/java.lang.String.valueOf(String.java:4465)
	at java.base/java.lang.StringBuilder.append(StringBuilder.java:173)
	at javafx.base@21.0.2/javafx.beans.property.IntegerPropertyBase.toString(IntegerPropertyBase.java:228)
	at java.base/java.lang.String.valueOf(String.java:4465)
	at claims/claims.models.Advisor.toString(Advisor.java:64)
	at java.base/java.lang.String.valueOf(String.java:4465)
	at java.base/java.lang.StringBuilder.append(StringBuilder.java:173)
	at javafx.base@21.0.2/javafx.beans.property.IntegerPropertyBase.toString(IntegerPropertyBase.java:228)
	at java.base/java.lang.String.valueOf(String.java:4465)
	at claims/claims.models.Advisor.toString(Advisor.java:64)
	at java.base/java.lang.String.valueOf(String.java:4465)
	at java.base/java.lang.StringBuilder.append(StringBuilder.java:173)
	at javafx.base@21.0.2/javafx.beans.property.IntegerPropertyBase.toString(IntegerPropertyBase.java:228)
	at java.base/java.lang.String.valueOf(String.java:4465)
	at claims/claims.models.Advisor.toString(Advisor.java:64)
	at java.base/java.lang.String.valueOf(String.java:4465)
	at java.base/java.lang.StringBuilder.append(StringBuilder.java:173)
	at javafx.base@21.0.2/javafx.beans.property.IntegerPropertyBase.toString(IntegerPropertyBase.java:228)
	at java.base/java.lang.String.valueOf(String.java:4465)
	at claims/claims.models.Advisor.toString(Advisor.java:64)
	at java.base/java.lang.String.valueOf(String.java:4465)
	at java.base/java.lang.StringBuilder.append(StringBuilder.java:173)
	at javafx.base@21.0.2/javafx.beans.property.IntegerPropertyBase.toString(IntegerPropertyBase.java:228)
	at java.base/java.lang.String.valueOf(String.java:4465)
	at claims/claims.models.Advisor.toString(Advisor.java:64)
	at java.base/java.lang.String.valueOf(String.java:4465)
	at java.base/java.lang.StringBuilder.append(StringBuilder.java:173)
	at javafx.base@21.0.2/javafx.beans.property.IntegerPropertyBase.toString(IntegerPropertyBase.java:228)
	at java.base/java.lang.String.valueOf(String.java:4465)
	at claims/claims.models.Advisor.toString(Advisor.java:64)
	at java.base/java.lang.String.valueOf(String.java:4465)
	at java.base/java.lang.StringBuilder.append(StringBuilder.java:173)
	at javafx.base@21.0.2/javafx.beans.property.IntegerPropertyBase.toString(IntegerPropertyBase.java:228)
	at java.base/java.lang.String.valueOf(String.java:4465)
	at claims/claims.models.Advisor.toString(Advisor.java:64)
	at java.base/java.lang.String.valueOf(String.java:4465)
	at java.base/java.lang.StringBuilder.append(StringBuilder.java:173)
	at javafx.base@21.0.2/javafx.beans.property.IntegerPropertyBase.toString(IntegerPropertyBase.java:228)
	at java.base/java.lang.String.valueOf(String.java:4465)
	at claims/claims.models.Advisor.toString(Advisor.java:64)
	at java.base/java.lang.String.valueOf(String.java:4465)
	at java.base/java.lang.StringBuilder.append(StringBuilder.java:173)
	at javafx.base@21.0.2/javafx.beans.property.IntegerPropertyBase.toString(IntegerPropertyBase.java:228)
	at java.base/java.lang.String.valueOf(String.java:4465)
	at claims/claims.models.Advisor.toString(Advisor.java:64)
	at java.base/java.lang.String.valueOf(String.java:4465)
	at java.base/java.lang.StringBuilder.append(StringBuilder.java:173)
	at javafx.base@21.0.2/javafx.beans.property.IntegerPropertyBase.toString(IntegerPropertyBase.java:228)
	at java.base/java.lang.String.valueOf(String.java:4465)
	at claims/claims.models.Advisor.toString(Advisor.java:64)
	at java.base/java.lang.String.valueOf(String.java:4465)
	at java.base/java.lang.StringBuilder.append(StringBuilder.java:173)
	at javafx.base@21.0.2/javafx.beans.property.IntegerPropertyBase.toString(IntegerPropertyBase.java:228)
	at java.base/java.lang.String.valueOf(String.java:4465)
	at claims/claims.models.Advisor.toString(Advisor.java:64)
	at java.base/java.lang.String.valueOf(String.java:4465)
	at java.base/java.lang.StringBuilder.append(StringBuilder.java:173)
	at javafx.base@21.0.2/javafx.beans.property.IntegerPropertyBase.toString(IntegerPropertyBase.java:228)
	at java.base/java.lang.String.valueOf(String.java:4465)
	at claims/claims.models.Advisor.toString(Advisor.java:64)
	at java.base/java.lang.String.valueOf(String.java:4465)
	at java.base/java.lang.StringBuilder.append(StringBuilder.java:173)
	at javafx.base@21.0.2/javafx.beans.property.IntegerPropertyBase.toString(IntegerPropertyBase.java:228)
	at java.base/java.lang.String.valueOf(String.java:4465)
	at claims/claims.models.Advisor.toString(Advisor.java:64)
	at java.base/java.lang.String.valueOf(String.java:4465)
	at java.base/java.lang.StringBuilder.append(StringBuilder.java:173)
	at javafx.base@21.0.2/javafx.beans.property.IntegerPropertyBase.toString(IntegerPropertyBase.java:228)
	at java.base/java.lang.String.valueOf(String.java:4465)
	at claims/claims.models.Advisor.toString(Advisor.java:64)
	at java.base/java.lang.String.valueOf(String.java:4465)
	at java.base/java.lang.StringBuilder.append(StringBuilder.java:173)
	at javafx.base@21.0.2/javafx.beans.property.IntegerPropertyBase.toString(IntegerPropertyBase.java:228)
	at java.base/java.lang.String.valueOf(String.java:4465)
	at claims/claims.models.Advisor.toString(Advisor.java:64)
	at java.base/java.lang.String.valueOf(String.java:4465)
	at java.base/java.lang.StringBuilder.append(StringBuilder.java:173)
	at javafx.base@21.0.2/javafx.beans.property.IntegerPropertyBase.toString(IntegerPropertyBase.java:228)
	at java.base/java.lang.String.valueOf(String.java:4465)
	at claims/claims.models.Advisor.toString(Advisor.java:64)
	at java.base/java.lang.String.valueOf(String.java:4465)
	at java.base/java.lang.StringBuilder.append(StringBuilder.java:173)
	at javafx.base@21.0.2/javafx.beans.property.IntegerPropertyBase.toString(IntegerPropertyBase.java:228)
	at java.base/java.lang.String.valueOf(String.java:4465)
	at claims/claims.models.Advisor.toString(Advisor.java:64)
	at java.base/java.lang.String.valueOf(String.java:4465)
	at java.base/java.lang.StringBuilder.append(StringBuilder.java:173)
	at javafx.base@21.0.2/javafx.beans.property.IntegerPropertyBase.toString(IntegerPropertyBase.java:228)
	at java.base/java.lang.String.valueOf(String.java:4465)
	at claims/claims.models.Advisor.toString(Advisor.java:64)
	at java.base/java.lang.String.valueOf(String.java:4465)
	at java.base/java.lang.StringBuilder.append(StringBuilder.java:173)
	at javafx.base@21.0.2/javafx.beans.property.IntegerPropertyBase.toString(IntegerPropertyBase.java:228)
	at java.base/java.lang.String.valueOf(String.java:4465)
	at claims/claims.models.Advisor.toString(Advisor.java:64)
	at java.base/java.lang.String.valueOf(String.java:4465)
	at java.base/java.lang.StringBuilder.append(StringBuilder.java:173)
	at javafx.base@21.0.2/javafx.beans.property.IntegerPropertyBase.toString(IntegerPropertyBase.java:228)
	at java.base/java.lang.String.valueOf(String.java:4465)
	at claims/claims.models.Advisor.toString(Advisor.java:64)
	at java.base/java.lang.String.valueOf(String.java:4465)
	at java.base/java.lang.StringBuilder.append(StringBuilder.java:173)
	at javafx.base@21.0.2/javafx.beans.property.IntegerPropertyBase.toString(IntegerPropertyBase.java:228)
	at java.base/java.lang.String.valueOf(String.java:4465)
	at claims/claims.models.Advisor.toString(Advisor.java:64)
	at java.base/java.lang.String.valueOf(String.java:4465)
	at java.base/java.lang.StringBuilder.append(StringBuilder.java:173)
	at javafx.base@21.0.2/javafx.beans.property.IntegerPropertyBase.toString(IntegerPropertyBase.java:228)
	at java.base/java.lang.String.valueOf(String.java:4465)
	at claims/claims.models.Advisor.toString(Advisor.java:64)
	at java.base/java.lang.String.valueOf(String.java:4465)
	at java.base/java.lang.StringBuilder.append(StringBuilder.java:173)
	at javafx.base@21.0.2/javafx.beans.property.IntegerPropertyBase.toString(IntegerPropertyBase.java:228)
	at java.base/java.lang.String.valueOf(String.java:4465)
	at claims/claims.models.Advisor.toString(Advisor.java:64)
	at java.base/java.lang.String.valueOf(String.java:4465)
	at java.base/java.lang.StringBuilder.append(StringBuilder.java:173)
	at javafx.base@21.0.2/javafx.beans.property.IntegerPropertyBase.toString(IntegerPropertyBase.java:228)
	at java.base/java.lang.String.valueOf(String.java:4465)
	at claims/claims.models.Advisor.toString(Advisor.java:64)
	at java.base/java.lang.String.valueOf(String.java:4465)
	at java.base/java.lang.StringBuilder.append(StringBuilder.java:173)
	at javafx.base@21.0.2/javafx.beans.property.IntegerPropertyBase.toString(IntegerPropertyBase.java:228)
	at java.base/java.lang.String.valueOf(String.java:4465)
	at claims/claims.models.Advisor.toString(Advisor.java:64)
	at java.base/java.lang.String.valueOf(String.java:4465)
	at java.base/java.lang.StringBuilder.append(StringBuilder.java:173)
	at javafx.base@21.0.2/javafx.beans.property.IntegerPropertyBase.toString(IntegerPropertyBase.java:228)
	at java.base/java.lang.String.valueOf(String.java:4465)
	at claims/claims.models.Advisor.toString(Advisor.java:64)
	at java.base/java.lang.String.valueOf(String.java:4465)
	at java.base/java.lang.StringBuilder.append(StringBuilder.java:173)
	at javafx.base@21.0.2/javafx.beans.property.IntegerPropertyBase.toString(IntegerPropertyBase.java:228)
	at java.base/java.lang.String.valueOf(String.java:4465)
	at claims/claims.models.Advisor.toString(Advisor.java:64)
	at java.base/java.lang.String.valueOf(String.java:4465)
	at java.base/java.lang.StringBuilder.append(StringBuilder.java:173)
	at javafx.base@21.0.2/javafx.beans.property.IntegerPropertyBase.toString(IntegerPropertyBase.java:228)
	at java.base/java.lang.String.valueOf(String.java:4465)
	at claims/claims.models.Advisor.toString(Advisor.java:64)
	at java.base/java.lang.String.valueOf(String.java:4465)
	at java.base/java.lang.StringBuilder.append(StringBuilder.java:173)
	at javafx.base@21.0.2/javafx.beans.property.IntegerPropertyBase.toString(IntegerPropertyBase.java:228)
	at java.base/java.lang.String.valueOf(String.java:4465)
	at claims/claims.models.Advisor.toString(Advisor.java:64)
	at java.base/java.lang.String.valueOf(String.java:4465)
	at java.base/java.lang.StringBuilder.append(StringBuilder.java:173)
	at javafx.base@21.0.2/javafx.beans.property.IntegerPropertyBase.toString(IntegerPropertyBase.java:228)
	at java.base/java.lang.String.valueOf(String.java:4465)
	at claims/claims.models.Advisor.toString(Advisor.java:64)
	at java.base/java.lang.String.valueOf(String.java:4465)
	at java.base/java.lang.StringBuilder.append(StringBuilder.java:173)
	at javafx.base@21.0.2/javafx.beans.property.IntegerPropertyBase.toString(IntegerPropertyBase.java:228)
	at java.base/java.lang.String.valueOf(String.java:4465)
	at claims/claims.models.Advisor.toString(Advisor.java:64)
	at java.base/java.lang.String.valueOf(String.java:4465)
	at java.base/java.lang.StringBuilder.append(StringBuilder.java:173)
	at javafx.base@21.0.2/javafx.beans.property.IntegerPropertyBase.toString(IntegerPropertyBase.java:228)
	at java.base/java.lang.String.valueOf(String.java:4465)
	at claims/claims.models.Advisor.toString(Advisor.java:64)
	at java.base/java.lang.String.valueOf(String.java:4465)
	at java.base/java.lang.StringBuilder.append(StringBuilder.java:173)
	at javafx.base@21.0.2/javafx.beans.property.IntegerPropertyBase.toString(IntegerPropertyBase.java:228)
	at java.base/java.lang.String.valueOf(String.java:4465)
	at claims/claims.models.Advisor.toString(Advisor.java:64)
	at java.base/java.lang.String.valueOf(String.java:4465)
	at java.base/java.lang.StringBuilder.append(StringBuilder.java:173)
	at javafx.base@21.0.2/javafx.beans.property.IntegerPropertyBase.toString(IntegerPropertyBase.java:228)
	at java.base/java.lang.String.valueOf(String.java:4465)
	at claims/claims.models.Advisor.toString(Advisor.java:64)
	at java.base/java.lang.String.valueOf(String.java:4465)
	at java.base/java.lang.StringBuilder.append(StringBuilder.java:173)
	at javafx.base@21.0.2/javafx.beans.property.IntegerPropertyBase.toString(IntegerPropertyBase.java:228)
	at java.base/java.lang.String.valueOf(String.java:4465)
	at claims/claims.models.Advisor.toString(Advisor.java:64)
	at java.base/java.lang.String.valueOf(String.java:4465)
	at java.base/java.lang.StringBuilder.append(StringBuilder.java:173)
	at javafx.base@21.0.2/javafx.beans.property.IntegerPropertyBase.toString(IntegerPropertyBase.java:228)
	at java.base/java.lang.String.valueOf(String.java:4465)
	at claims/claims.models.Advisor.toString(Advisor.java:64)
	at java.base/java.lang.String.valueOf(String.java:4465)
	at java.base/java.lang.StringBuilder.append(StringBuilder.java:173)
	at javafx.base@21.0.2/javafx.beans.property.IntegerPropertyBase.toString(IntegerPropertyBase.java:228)
	at java.base/java.lang.String.valueOf(String.java:4465)
	at claims/claims.models.Advisor.toString(Advisor.java:64)
	at java.base/java.lang.String.valueOf(String.java:4465)
	at java.base/java.lang.StringBuilder.append(StringBuilder.java:173)
	at javafx.base@21.0.2/javafx.beans.property.IntegerPropertyBase.toString(IntegerPropertyBase.java:228)
	at java.base/java.lang.String.valueOf(String.java:4465)
	at claims/claims.models.Advisor.toString(Advisor.java:64)
	at java.base/java.lang.String.valueOf(String.java:4465)
	at java.base/java.lang.StringBuilder.append(StringBuilder.java:173)
	at javafx.base@21.0.2/javafx.beans.property.IntegerPropertyBase.toString(IntegerPropertyBase.java:228)
	at java.base/java.lang.String.valueOf(String.java:4465)
	at claims/claims.models.Advisor.toString(Advisor.java:64)
	at java.base/java.lang.String.valueOf(String.java:4465)
	at java.base/java.lang.StringBuilder.append(StringBuilder.java:173)
	at javafx.base@21.0.2/javafx.beans.property.IntegerPropertyBase.toString(IntegerPropertyBase.java:228)
	at java.base/java.lang.String.valueOf(String.java:4465)
	at claims/claims.models.Advisor.toString(Advisor.java:64)
	at java.base/java.lang.String.valueOf(String.java:4465)
	at java.base/java.lang.StringBuilder.append(StringBuilder.java:173)
	at javafx.base@21.0.2/javafx.beans.property.IntegerPropertyBase.toString(IntegerPropertyBase.java:228)
	at java.base/java.lang.String.valueOf(String.java:4465)
	at claims/claims.models.Advisor.toString(Advisor.java:64)
	at java.base/java.lang.String.valueOf(String.java:4465)
	at java.base/java.lang.StringBuilder.append(StringBuilder.java:173)
	at javafx.base@21.0.2/javafx.beans.property.IntegerPropertyBase.toString(IntegerPropertyBase.java:228)
	at java.base/java.lang.String.valueOf(String.java:4465)
	at claims/claims.models.Advisor.toString(Advisor.java:64)
	at java.base/java.lang.String.valueOf(String.java:4465)
	at java.base/java.lang.StringBuilder.append(StringBuilder.java:173)
	at javafx.base@21.0.2/javafx.beans.property.IntegerPropertyBase.toString(IntegerPropertyBase.java:228)
	at java.base/java.lang.String.valueOf(String.java:4465)
	at claims/claims.models.Advisor.toString(Advisor.java:64)
	at java.base/java.lang.String.valueOf(String.java:4465)
	at java.base/java.lang.StringBuilder.append(StringBuilder.java:173)
	at javafx.base@21.0.2/javafx.beans.property.IntegerPropertyBase.toString(IntegerPropertyBase.java:228)
	at java.base/java.lang.String.valueOf(String.java:4465)
	at claims/claims.models.Advisor.toString(Advisor.java:64)
	at java.base/java.lang.String.valueOf(String.java:4465)
	at java.base/java.lang.StringBuilder.append(StringBuilder.java:173)
	at javafx.base@21.0.2/javafx.beans.property.IntegerPropertyBase.toString(IntegerPropertyBase.java:228)
	at java.base/java.lang.String.valueOf(String.java:4465)
	at claims/claims.models.Advisor.toString(Advisor.java:64)
	at java.base/java.lang.String.valueOf(String.java:4465)
	at java.base/java.lang.StringBuilder.append(StringBuilder.java:173)
	at javafx.base@21.0.2/javafx.beans.property.IntegerPropertyBase.toString(IntegerPropertyBase.java:228)
	at java.base/java.lang.String.valueOf(String.java:4465)
	at claims/claims.models.Advisor.toString(Advisor.java:64)
	at java.base/java.lang.String.valueOf(String.java:4465)
	at java.base/java.lang.StringBuilder.append(StringBuilder.java:173)
	at javafx.base@21.0.2/javafx.beans.property.IntegerPropertyBase.toString(IntegerPropertyBase.java:228)
	at java.base/java.lang.String.valueOf(String.java:4465)
	at claims/claims.models.Advisor.toString(Advisor.java:64)
	at java.base/java.lang.String.valueOf(String.java:4465)
	at java.base/java.lang.StringBuilder.append(StringBuilder.java:173)
	at javafx.base@21.0.2/javafx.beans.property.IntegerPropertyBase.toString(IntegerPropertyBase.java:228)
	at java.base/java.lang.String.valueOf(String.java:4465)
	at claims/claims.models.Advisor.toString(Advisor.java:64)
	at java.base/java.lang.String.valueOf(String.java:4465)
	at java.base/java.lang.StringBuilder.append(StringBuilder.java:173)
	at javafx.base@21.0.2/javafx.beans.property.IntegerPropertyBase.toString(IntegerPropertyBase.java:228)
	at java.base/java.lang.String.valueOf(String.java:4465)
	at claims/claims.models.Advisor.toString(Advisor.java:64)
	at java.base/java.lang.String.valueOf(String.java:4465)
	at java.base/java.lang.StringBuilder.append(StringBuilder.java:173)
	at javafx.base@21.0.2/javafx.beans.property.IntegerPropertyBase.toString(IntegerPropertyBase.java:228)
	at java.base/java.lang.String.valueOf(String.java:4465)
	at claims/claims.models.Advisor.toString(Advisor.java:64)
	at java.base/java.lang.String.valueOf(String.java:4465)
	at java.base/java.lang.StringBuilder.append(StringBuilder.java:173)
	at javafx.base@21.0.2/javafx.beans.property.IntegerPropertyBase.toString(IntegerPropertyBase.java:228)
	at java.base/java.lang.String.valueOf(String.java:4465)
	at claims/claims.models.Advisor.toString(Advisor.java:64)
	at java.base/java.lang.String.valueOf(String.java:4465)
	at java.base/java.lang.StringBuilder.append(StringBuilder.java:173)
	at javafx.base@21.0.2/javafx.beans.property.IntegerPropertyBase.toString(IntegerPropertyBase.java:228)
	at java.base/java.lang.String.valueOf(String.java:4465)
	at claims/claims.models.Advisor.toString(Advisor.java:64)
	at java.base/java.lang.String.valueOf(String.java:4465)
	at java.base/java.lang.StringBuilder.append(StringBuilder.java:173)
	at javafx.base@21.0.2/javafx.beans.property.IntegerPropertyBase.toString(IntegerPropertyBase.java:228)
	at java.base/java.lang.String.valueOf(String.java:4465)
	at claims/claims.models.Advisor.toString(Advisor.java:64)
	at java.base/java.lang.String.valueOf(String.java:4465)
	at java.base/java.lang.StringBuilder.append(StringBuilder.java:173)
	at javafx.base@21.0.2/javafx.beans.property.IntegerPropertyBase.toString(IntegerPropertyBase.java:228)
	at java.base/java.lang.String.valueOf(String.java:4465)
	at claims/claims.models.Advisor.toString(Advisor.java:64)
	at java.base/java.lang.String.valueOf(String.java:4465)
	at java.base/java.lang.StringBuilder.append(StringBuilder.java:173)
	at javafx.base@21.0.2/javafx.beans.property.IntegerPropertyBase.toString(IntegerPropertyBase.java:228)
	at java.base/java.lang.String.valueOf(String.java:4465)
	at claims/claims.models.Advisor.toString(Advisor.java:64)
	at java.base/java.lang.String.valueOf(String.java:4465)
	at java.base/java.lang.StringBuilder.append(StringBuilder.java:173)
	at javafx.base@21.0.2/javafx.beans.property.IntegerPropertyBase.toString(IntegerPropertyBase.java:228)
	at java.base/java.lang.String.valueOf(String.java:4465)
	at claims/claims.models.Advisor.toString(Advisor.java:64)
	at java.base/java.lang.String.valueOf(String.java:4465)
	at java.base/java.lang.StringBuilder.append(StringBuilder.java:173)
	at javafx.base@21.0.2/javafx.beans.property.IntegerPropertyBase.toString(IntegerPropertyBase.java:228)
	at java.base/java.lang.String.valueOf(String.java:4465)
	at claims/claims.models.Advisor.toString(Advisor.java:64)
	at java.base/java.lang.String.valueOf(String.java:4465)
	at java.base/java.lang.StringBuilder.append(StringBuilder.java:173)
	at javafx.base@21.0.2/javafx.beans.property.IntegerPropertyBase.toString(IntegerPropertyBase.java:228)
	at java.base/java.lang.String.valueOf(String.java:4465)
	at claims/claims.models.Advisor.toString(Advisor.java:64)
	at java.base/java.lang.String.valueOf(String.java:4465)
	at java.base/java.lang.StringBuilder.append(StringBuilder.java:173)
	at javafx.base@21.0.2/javafx.beans.property.IntegerPropertyBase.toString(IntegerPropertyBase.java:228)
	at java.base/java.lang.String.valueOf(String.java:4465)
	at claims/claims.models.Advisor.toString(Advisor.java:64)
	at java.base/java.lang.String.valueOf(String.java:4465)
	at java.base/java.lang.StringBuilder.append(StringBuilder.java:173)
	at javafx.base@21.0.2/javafx.beans.property.IntegerPropertyBase.toString(IntegerPropertyBase.java:228)
	at java.base/java.lang.String.valueOf(String.java:4465)
	at claims/claims.models.Advisor.toString(Advisor.java:64)
	at java.base/java.lang.String.valueOf(String.java:4465)
	at java.base/java.lang.StringBuilder.append(StringBuilder.java:173)
	at javafx.base@21.0.2/javafx.beans.property.IntegerPropertyBase.toString(IntegerPropertyBase.java:228)
	at java.base/java.lang.String.valueOf(String.java:4465)
	at claims/claims.models.Advisor.toString(Advisor.java:64)
	at java.base/java.lang.String.valueOf(String.java:4465)
	at java.base/java.lang.StringBuilder.append(StringBuilder.java:173)
	at javafx.base@21.0.2/javafx.beans.property.IntegerPropertyBase.toString(IntegerPropertyBase.java:228)
	at java.base/java.lang.String.valueOf(String.java:4465)
	at claims/claims.models.Advisor.toString(Advisor.java:64)
	at java.base/java.lang.String.valueOf(String.java:4465)
	at java.base/java.lang.StringBuilder.append(StringBuilder.java:173)
	at javafx.base@21.0.2/javafx.beans.property.IntegerPropertyBase.toString(IntegerPropertyBase.java:228)
	at java.base/java.lang.String.valueOf(String.java:4465)
	at claims/claims.models.Advisor.toString(Advisor.java:64)
	at java.base/java.lang.String.valueOf(String.java:4465)
	at java.base/java.lang.StringBuilder.append(StringBuilder.java:173)
	at javafx.base@21.0.2/javafx.beans.property.IntegerPropertyBase.toString(IntegerPropertyBase.java:228)
	at java.base/java.lang.String.valueOf(String.java:4465)
	at claims/claims.models.Advisor.toString(Advisor.java:64)
	at java.base/java.lang.String.valueOf(String.java:4465)
	at java.base/java.lang.StringBuilder.append(StringBuilder.java:173)
	at javafx.base@21.0.2/javafx.beans.property.IntegerPropertyBase.toString(IntegerPropertyBase.java:228)
	at java.base/java.lang.String.valueOf(String.java:4465)
	at claims/claims.models.Advisor.toString(Advisor.java:64)
	at java.base/java.lang.String.valueOf(String.java:4465)
	at java.base/java.lang.StringBuilder.append(StringBuilder.java:173)
	at javafx.base@21.0.2/javafx.beans.property.IntegerPropertyBase.toString(IntegerPropertyBase.java:228)
	at java.base/java.lang.String.valueOf(String.java:4465)
	at claims/claims.models.Advisor.toString(Advisor.java:64)
	at java.base/java.lang.String.valueOf(String.java:4465)
	at java.base/java.lang.StringBuilder.append(StringBuilder.java:173)
	at javafx.base@21.0.2/javafx.beans.property.IntegerPropertyBase.toString(IntegerPropertyBase.java:228)
	at java.base/java.lang.String.valueOf(String.java:4465)
	at claims/claims.models.Advisor.toString(Advisor.java:64)
	at java.base/java.lang.String.valueOf(String.java:4465)
	at java.base/java.lang.StringBuilder.append(StringBuilder.java:173)
	at javafx.base@21.0.2/javafx.beans.property.IntegerPropertyBase.toString(IntegerPropertyBase.java:228)
	at java.base/java.lang.String.valueOf(String.java:4465)
	at claims/claims.models.Advisor.toString(Advisor.java:64)
	at java.base/java.lang.String.valueOf(String.java:4465)
	at java.base/java.lang.StringBuilder.append(StringBuilder.java:173)
	at javafx.base@21.0.2/javafx.beans.property.IntegerPropertyBase.toString(IntegerPropertyBase.java:228)
	at java.base/java.lang.String.valueOf(String.java:4465)
	at claims/claims.models.Advisor.toString(Advisor.java:64)
	at java.base/java.lang.String.valueOf(String.java:4465)
	at java.base/java.lang.StringBuilder.append(StringBuilder.java:173)
	at javafx.base@21.0.2/javafx.beans.property.IntegerPropertyBase.toString(IntegerPropertyBase.java:228)
	at java.base/java.lang.String.valueOf(String.java:4465)
	at claims/claims.models.Advisor.toString(Advisor.java:64)
	at java.base/java.lang.String.valueOf(String.java:4465)
	at java.base/java.lang.StringBuilder.append(StringBuilder.java:173)
	at javafx.base@21.0.2/javafx.beans.property.IntegerPropertyBase.toString(IntegerPropertyBase.java:228)
	at java.base/java.lang.String.valueOf(String.java:4465)
	at claims/claims.models.Advisor.toString(Advisor.java:64)
	at java.base/java.lang.String.valueOf(String.java:4465)
	at java.base/java.lang.StringBuilder.append(StringBuilder.java:173)
	at javafx.base@21.0.2/javafx.beans.property.IntegerPropertyBase.toString(IntegerPropertyBase.java:228)
	at java.base/java.lang.String.valueOf(String.java:4465)
	at claims/claims.models.Advisor.toString(Advisor.java:64)
	at java.base/java.lang.String.valueOf(String.java:4465)
	at java.base/java.lang.StringBuilder.append(StringBuilder.java:173)
	at javafx.base@21.0.2/javafx.beans.property.IntegerPropertyBase.toString(IntegerPropertyBase.java:228)
	at java.base/java.lang.String.valueOf(String.java:4465)
	at claims/claims.models.Advisor.toString(Advisor.java:64)
	at java.base/java.lang.String.valueOf(String.java:4465)
	at java.base/java.lang.StringBuilder.append(StringBuilder.java:173)
	at javafx.base@21.0.2/javafx.beans.property.IntegerPropertyBase.toString(IntegerPropertyBase.java:228)
	at java.base/java.lang.String.valueOf(String.java:4465)
	at claims/claims.models.Advisor.toString(Advisor.java:64)
	at java.base/java.lang.String.valueOf(String.java:4465)
	at java.base/java.lang.StringBuilder.append(StringBuilder.java:173)
	at javafx.base@21.0.2/javafx.beans.property.IntegerPropertyBase.toString(IntegerPropertyBase.java:228)
	at java.base/java.lang.String.valueOf(String.java:4465)
	at claims/claims.models.Advisor.toString(Advisor.java:64)
	at java.base/java.lang.String.valueOf(String.java:4465)
	at java.base/java.lang.StringBuilder.append(StringBuilder.java:173)
	at javafx.base@21.0.2/javafx.beans.property.IntegerPropertyBase.toString(IntegerPropertyBase.java:228)
	at java.base/java.lang.String.valueOf(String.java:4465)
	at claims/claims.models.Advisor.toString(Advisor.java:64)
	at java.base/java.lang.String.valueOf(String.java:4465)
	at java.base/java.lang.StringBuilder.append(StringBuilder.java:173)
	at javafx.base@21.0.2/javafx.beans.property.IntegerPropertyBase.toString(IntegerPropertyBase.java:228)
	at java.base/java.lang.String.valueOf(String.java:4465)
	at claims/claims.models.Advisor.toString(Advisor.java:64)
	at java.base/java.lang.String.valueOf(String.java:4465)
	at java.base/java.lang.StringBuilder.append(StringBuilder.java:173)
	at javafx.base@21.0.2/javafx.beans.property.IntegerPropertyBase.toString(IntegerPropertyBase.java:228)
	at java.base/java.lang.String.valueOf(String.java:4465)
	at claims/claims.models.Advisor.toString(Advisor.java:64)
	at java.base/java.lang.String.valueOf(String.java:4465)
	at java.base/java.lang.StringBuilder.append(StringBuilder.java:173)
	at javafx.base@21.0.2/javafx.beans.property.IntegerPropertyBase.toString(IntegerPropertyBase.java:228)
	at java.base/java.lang.String.valueOf(String.java:4465)
	at claims/claims.models.Advisor.toString(Advisor.java:64)
	at java.base/java.lang.String.valueOf(String.java:4465)
	at java.base/java.lang.StringBuilder.append(StringBuilder.java:173)
	at javafx.base@21.0.2/javafx.beans.property.IntegerPropertyBase.toString(IntegerPropertyBase.java:228)
	at java.base/java.lang.String.valueOf(String.java:4465)
	at claims/claims.models.Advisor.toString(Advisor.java:64)
	at java.base/java.lang.String.valueOf(String.java:4465)
	at java.base/java.lang.StringBuilder.append(StringBuilder.java:173)
	at javafx.base@21.0.2/javafx.beans.property.IntegerPropertyBase.toString(IntegerPropertyBase.java:228)
	at java.base/java.lang.String.valueOf(String.java:4465)
	at claims/claims.models.Advisor.toString(Advisor.java:64)
	at java.base/java.lang.String.valueOf(String.java:4465)
	at java.base/java.lang.StringBuilder.append(StringBuilder.java:173)
	at javafx.base@21.0.2/javafx.beans.property.IntegerPropertyBase.toString(IntegerPropertyBase.java:228)
	at java.base/java.lang.String.valueOf(String.java:4465)
	at claims/claims.models.Advisor.toString(Advisor.java:64)
	at java.base/java.lang.String.valueOf(String.java:4465)
	at java.base/java.lang.StringBuilder.append(StringBuilder.java:173)
	at javafx.base@21.0.2/javafx.beans.property.IntegerPropertyBase.toString(IntegerPropertyBase.java:228)
	at java.base/java.lang.String.valueOf(String.java:4465)
	at claims/claims.models.Advisor.toString(Advisor.java:64)
	at java.base/java.lang.String.valueOf(String.java:4465)
	at java.base/java.lang.StringBuilder.append(StringBuilder.java:173)
	at javafx.base@21.0.2/javafx.beans.property.IntegerPropertyBase.toString(IntegerPropertyBase.java:228)
	at java.base/java.lang.String.valueOf(String.java:4465)
	at claims/claims.models.Advisor.toString(Advisor.java:64)
	at java.base/java.lang.String.valueOf(String.java:4465)
	at java.base/java.lang.StringBuilder.append(StringBuilder.java:173)
	at javafx.base@21.0.2/javafx.beans.property.IntegerPropertyBase.toString(IntegerPropertyBase.java:228)
	at java.base/java.lang.String.valueOf(String.java:4465)
	at claims/claims.models.Advisor.toString(Advisor.java:64)
	at java.base/java.lang.String.valueOf(String.java:4465)
	at java.base/java.lang.StringBuilder.append(StringBuilder.java:173)
	at javafx.base@21.0.2/javafx.beans.property.IntegerPropertyBase.toString(IntegerPropertyBase.java:228)

